--- [WORKER MODE DETECTED] Work dir: ./data/leonardo/2025-12-14_19-04-18-777697 ---
--- [WORKER] Environment loaded. Starting engine. ---
--- [WORKER] Engine running in WORKER mode. ---
--- [WORKER] Working directory is: ./data/leonardo/2025-12-14_19-04-18-777697 ---
--- [WORKER] Allocating nodes provided by SLURM: lrdn[0222,0272,0993,1118,1131,1219,1279,1325,1360,1410,1429,1434,1444,1451,1484,1495,1500,2095,2382,2587] ---
--- [INFO] Partition 0 (Collect=True): 10 nodes. Rule: '100' ---

Running Benchmarks...
 Run 1:
[DEBUG]: Node List is: ['lrdn0222', 'lrdn0993', 'lrdn1131', 'lrdn1279', 'lrdn1360', 'lrdn1429', 'lrdn1444', 'lrdn1484', 'lrdn1500', 'lrdn2382']
[DEBUG]: Detected CRAB_SYSTEM=leonardo. Adding SLURM option: --partition=boost_usr_prod
[DEBUG]: SLURM command is: srun --export=ALL --partition=boost_usr_prod --nodelist lrdn0222,lrdn0993,lrdn1131,lrdn1279,lrdn1360,lrdn1429,lrdn1444,lrdn1484,lrdn1500,lrdn2382 --cpu-bind=socket -n 10 -N 10 /leonardo/home/userexternal/lpiarull/CRAB/benchmarks/blink/bin/agtr_comm_only -msgsize 8 -iter 1000
[DEBUG]: Node List is: ['lrdn0222', 'lrdn0993', 'lrdn1131', 'lrdn1279', 'lrdn1360', 'lrdn1429', 'lrdn1444', 'lrdn1484', 'lrdn1500', 'lrdn2382']
[DEBUG]: Detected CRAB_SYSTEM=leonardo. Adding SLURM option: --partition=boost_usr_prod
[DEBUG]: SLURM command is: srun --export=ALL --partition=boost_usr_prod --nodelist lrdn0222,lrdn0993,lrdn1131,lrdn1279,lrdn1360,lrdn1429,lrdn1444,lrdn1484,lrdn1500,lrdn2382 --cpu-bind=socket -n 10 -N 10 /leonardo/home/userexternal/lpiarull/CRAB/benchmarks/blink/bin/agtr_comm_only -msgsize 64 -iter 1000
[DEBUG]: Node List is: ['lrdn0222', 'lrdn0993', 'lrdn1131', 'lrdn1279', 'lrdn1360', 'lrdn1429', 'lrdn1444', 'lrdn1484', 'lrdn1500', 'lrdn2382']
[DEBUG]: Detected CRAB_SYSTEM=leonardo. Adding SLURM option: --partition=boost_usr_prod
[DEBUG]: SLURM command is: srun --export=ALL --partition=boost_usr_prod --nodelist lrdn0222,lrdn0993,lrdn1131,lrdn1279,lrdn1360,lrdn1429,lrdn1444,lrdn1484,lrdn1500,lrdn2382 --cpu-bind=socket -n 10 -N 10 /leonardo/home/userexternal/lpiarull/CRAB/benchmarks/blink/bin/agtr_comm_only -msgsize 512 -iter 1000
[DEBUG]: Node List is: ['lrdn0222', 'lrdn0993', 'lrdn1131', 'lrdn1279', 'lrdn1360', 'lrdn1429', 'lrdn1444', 'lrdn1484', 'lrdn1500', 'lrdn2382']
[DEBUG]: Detected CRAB_SYSTEM=leonardo. Adding SLURM option: --partition=boost_usr_prod
[DEBUG]: SLURM command is: srun --export=ALL --partition=boost_usr_prod --nodelist lrdn0222,lrdn0993,lrdn1131,lrdn1279,lrdn1360,lrdn1429,lrdn1444,lrdn1484,lrdn1500,lrdn2382 --cpu-bind=socket -n 10 -N 10 /leonardo/home/userexternal/lpiarull/CRAB/benchmarks/blink/bin/agtr_comm_only -msgsize 4096 -iter 1000
[DEBUG]: Node List is: ['lrdn0222', 'lrdn0993', 'lrdn1131', 'lrdn1279', 'lrdn1360', 'lrdn1429', 'lrdn1444', 'lrdn1484', 'lrdn1500', 'lrdn2382']
[DEBUG]: Detected CRAB_SYSTEM=leonardo. Adding SLURM option: --partition=boost_usr_prod
[DEBUG]: SLURM command is: srun --export=ALL --partition=boost_usr_prod --nodelist lrdn0222,lrdn0993,lrdn1131,lrdn1279,lrdn1360,lrdn1429,lrdn1444,lrdn1484,lrdn1500,lrdn2382 --cpu-bind=socket -n 10 -N 10 /leonardo/home/userexternal/lpiarull/CRAB/benchmarks/blink/bin/agtr_comm_only -msgsize 32768 -iter 1000
[DEBUG]: Node List is: ['lrdn0222', 'lrdn0993', 'lrdn1131', 'lrdn1279', 'lrdn1360', 'lrdn1429', 'lrdn1444', 'lrdn1484', 'lrdn1500', 'lrdn2382']
[DEBUG]: Detected CRAB_SYSTEM=leonardo. Adding SLURM option: --partition=boost_usr_prod
[DEBUG]: SLURM command is: srun --export=ALL --partition=boost_usr_prod --nodelist lrdn0222,lrdn0993,lrdn1131,lrdn1279,lrdn1360,lrdn1429,lrdn1444,lrdn1484,lrdn1500,lrdn2382 --cpu-bind=socket -n 10 -N 10 /leonardo/home/userexternal/lpiarull/CRAB/benchmarks/blink/bin/agtr_comm_only -msgsize 262144 -iter 1000
[DEBUG]: Node List is: ['lrdn0222', 'lrdn0993', 'lrdn1131', 'lrdn1279', 'lrdn1360', 'lrdn1429', 'lrdn1444', 'lrdn1484', 'lrdn1500', 'lrdn2382']
[DEBUG]: Detected CRAB_SYSTEM=leonardo. Adding SLURM option: --partition=boost_usr_prod
[DEBUG]: SLURM command is: srun --export=ALL --partition=boost_usr_prod --nodelist lrdn0222,lrdn0993,lrdn1131,lrdn1279,lrdn1360,lrdn1429,lrdn1444,lrdn1484,lrdn1500,lrdn2382 --cpu-bind=socket -n 10 -N 10 /leonardo/home/userexternal/lpiarull/CRAB/benchmarks/blink/bin/agtr_comm_only -msgsize 2097152 -iter 1000
[DEBUG]: Node List is: ['lrdn0222', 'lrdn0993', 'lrdn1131', 'lrdn1279', 'lrdn1360', 'lrdn1429', 'lrdn1444', 'lrdn1484', 'lrdn1500', 'lrdn2382']
[DEBUG]: Detected CRAB_SYSTEM=leonardo. Adding SLURM option: --partition=boost_usr_prod
[DEBUG]: SLURM command is: srun --export=ALL --partition=boost_usr_prod --nodelist lrdn0222,lrdn0993,lrdn1131,lrdn1279,lrdn1360,lrdn1429,lrdn1444,lrdn1484,lrdn1500,lrdn2382 --cpu-bind=socket -n 10 -N 10 /leonardo/home/userexternal/lpiarull/CRAB/benchmarks/blink/bin/agtr_comm_only -msgsize 16777216 -iter 1000
Ran 1005 iterations. Measured 1000 iterations.
Ran 1005 iterations. Measured 1000 iterations.
Ran 1005 iterations. Measured 1000 iterations.
Ran 1005 iterations. Measured 1000 iterations.
Ran 1005 iterations. Measured 1000 iterations.
Ran 1005 iterations. Measured 1000 iterations.
Ran 1005 iterations. Measured 1000 iterations.
Ran 1005 iterations. Measured 1000 iterations.
--- [INFO] Run 1 completata in 13.1782 secondi ---

Logging data...
Dati per App 0 salvati in: ./data/leonardo/2025-12-14_19-04-18-777697/data_app_0.csv
Dati per App 1 salvati in: ./data/leonardo/2025-12-14_19-04-18-777697/data_app_1.csv
Dati per App 2 salvati in: ./data/leonardo/2025-12-14_19-04-18-777697/data_app_2.csv
Dati per App 3 salvati in: ./data/leonardo/2025-12-14_19-04-18-777697/data_app_3.csv
Dati per App 4 salvati in: ./data/leonardo/2025-12-14_19-04-18-777697/data_app_4.csv
Dati per App 5 salvati in: ./data/leonardo/2025-12-14_19-04-18-777697/data_app_5.csv
Dati per App 6 salvati in: ./data/leonardo/2025-12-14_19-04-18-777697/data_app_6.csv
Dati per App 7 salvati in: ./data/leonardo/2025-12-14_19-04-18-777697/data_app_7.csv
--- [WORKER] Engine run finished. ---
