--- [WORKER MODE DETECTED] Work dir: ./data/cresco8/2025-12-15_09-44-45-128841 ---
--- [WORKER] Environment loaded. Starting engine. ---
--- [WORKER] Engine running in WORKER mode. ---
--- [WORKER] Working directory is: ./data/cresco8/2025-12-15_09-44-45-128841 ---
--- [WORKER] Allocating nodes provided by SLURM: cresco8x[290-349] ---
--- [INFO] Partition 0 (Collect=True): 30 nodes. Rule: '100' ---
--- [INFO] Partition 1 (Collect=False): 30 nodes. Rule: '100' ---

Running Benchmarks...
 Run 1:
[DEBUG]: Node List is: ['cresco8x290', 'cresco8x292', 'cresco8x294', 'cresco8x296', 'cresco8x298', 'cresco8x300', 'cresco8x302', 'cresco8x304', 'cresco8x306', 'cresco8x308', 'cresco8x310', 'cresco8x312', 'cresco8x314', 'cresco8x316', 'cresco8x318', 'cresco8x320', 'cresco8x322', 'cresco8x324', 'cresco8x326', 'cresco8x328', 'cresco8x330', 'cresco8x332', 'cresco8x334', 'cresco8x336', 'cresco8x338', 'cresco8x340', 'cresco8x342', 'cresco8x344', 'cresco8x346', 'cresco8x348']
[DEBUG]: SLURM command is: srun --export=ALL  --nodelist cresco8x290,cresco8x292,cresco8x294,cresco8x296,cresco8x298,cresco8x300,cresco8x302,cresco8x304,cresco8x306,cresco8x308,cresco8x310,cresco8x312,cresco8x314,cresco8x316,cresco8x318,cresco8x320,cresco8x322,cresco8x324,cresco8x326,cresco8x328,cresco8x330,cresco8x332,cresco8x334,cresco8x336,cresco8x338,cresco8x340,cresco8x342,cresco8x344,cresco8x346,cresco8x348 --cpu-bind=socket -n 30 -N 30 /afs/enea.it/por/user/piarulli/CRAB/benchmarks/blink/bin/a2a_comm_only -msgsize 8 -iter 1000
[DEBUG]: Node List is: ['cresco8x291', 'cresco8x293', 'cresco8x295', 'cresco8x297', 'cresco8x299', 'cresco8x301', 'cresco8x303', 'cresco8x305', 'cresco8x307', 'cresco8x309', 'cresco8x311', 'cresco8x313', 'cresco8x315', 'cresco8x317', 'cresco8x319', 'cresco8x321', 'cresco8x323', 'cresco8x325', 'cresco8x327', 'cresco8x329', 'cresco8x331', 'cresco8x333', 'cresco8x335', 'cresco8x337', 'cresco8x339', 'cresco8x341', 'cresco8x343', 'cresco8x345', 'cresco8x347', 'cresco8x349']
[DEBUG]: SLURM command is: srun --export=ALL  --nodelist cresco8x291,cresco8x293,cresco8x295,cresco8x297,cresco8x299,cresco8x301,cresco8x303,cresco8x305,cresco8x307,cresco8x309,cresco8x311,cresco8x313,cresco8x315,cresco8x317,cresco8x319,cresco8x321,cresco8x323,cresco8x325,cresco8x327,cresco8x329,cresco8x331,cresco8x333,cresco8x335,cresco8x337,cresco8x339,cresco8x341,cresco8x343,cresco8x345,cresco8x347,cresco8x349 --cpu-bind=socket -n 30 -N 30 /afs/enea.it/por/user/piarulli/CRAB/benchmarks/blink/bin/bursty_noise_incast 0.000001 0.01
[DEBUG]: Node List is: ['cresco8x290', 'cresco8x292', 'cresco8x294', 'cresco8x296', 'cresco8x298', 'cresco8x300', 'cresco8x302', 'cresco8x304', 'cresco8x306', 'cresco8x308', 'cresco8x310', 'cresco8x312', 'cresco8x314', 'cresco8x316', 'cresco8x318', 'cresco8x320', 'cresco8x322', 'cresco8x324', 'cresco8x326', 'cresco8x328', 'cresco8x330', 'cresco8x332', 'cresco8x334', 'cresco8x336', 'cresco8x338', 'cresco8x340', 'cresco8x342', 'cresco8x344', 'cresco8x346', 'cresco8x348']
[DEBUG]: SLURM command is: srun --export=ALL  --nodelist cresco8x290,cresco8x292,cresco8x294,cresco8x296,cresco8x298,cresco8x300,cresco8x302,cresco8x304,cresco8x306,cresco8x308,cresco8x310,cresco8x312,cresco8x314,cresco8x316,cresco8x318,cresco8x320,cresco8x322,cresco8x324,cresco8x326,cresco8x328,cresco8x330,cresco8x332,cresco8x334,cresco8x336,cresco8x338,cresco8x340,cresco8x342,cresco8x344,cresco8x346,cresco8x348 --cpu-bind=socket -n 30 -N 30 /afs/enea.it/por/user/piarulli/CRAB/benchmarks/blink/bin/a2a_comm_only -msgsize 64 -iter 1000
[DEBUG]: Node List is: ['cresco8x290', 'cresco8x292', 'cresco8x294', 'cresco8x296', 'cresco8x298', 'cresco8x300', 'cresco8x302', 'cresco8x304', 'cresco8x306', 'cresco8x308', 'cresco8x310', 'cresco8x312', 'cresco8x314', 'cresco8x316', 'cresco8x318', 'cresco8x320', 'cresco8x322', 'cresco8x324', 'cresco8x326', 'cresco8x328', 'cresco8x330', 'cresco8x332', 'cresco8x334', 'cresco8x336', 'cresco8x338', 'cresco8x340', 'cresco8x342', 'cresco8x344', 'cresco8x346', 'cresco8x348']
[DEBUG]: SLURM command is: srun --export=ALL  --nodelist cresco8x290,cresco8x292,cresco8x294,cresco8x296,cresco8x298,cresco8x300,cresco8x302,cresco8x304,cresco8x306,cresco8x308,cresco8x310,cresco8x312,cresco8x314,cresco8x316,cresco8x318,cresco8x320,cresco8x322,cresco8x324,cresco8x326,cresco8x328,cresco8x330,cresco8x332,cresco8x334,cresco8x336,cresco8x338,cresco8x340,cresco8x342,cresco8x344,cresco8x346,cresco8x348 --cpu-bind=socket -n 30 -N 30 /afs/enea.it/por/user/piarulli/CRAB/benchmarks/blink/bin/a2a_comm_only -msgsize 512 -iter 1000
[DEBUG]: Node List is: ['cresco8x290', 'cresco8x292', 'cresco8x294', 'cresco8x296', 'cresco8x298', 'cresco8x300', 'cresco8x302', 'cresco8x304', 'cresco8x306', 'cresco8x308', 'cresco8x310', 'cresco8x312', 'cresco8x314', 'cresco8x316', 'cresco8x318', 'cresco8x320', 'cresco8x322', 'cresco8x324', 'cresco8x326', 'cresco8x328', 'cresco8x330', 'cresco8x332', 'cresco8x334', 'cresco8x336', 'cresco8x338', 'cresco8x340', 'cresco8x342', 'cresco8x344', 'cresco8x346', 'cresco8x348']
[DEBUG]: SLURM command is: srun --export=ALL  --nodelist cresco8x290,cresco8x292,cresco8x294,cresco8x296,cresco8x298,cresco8x300,cresco8x302,cresco8x304,cresco8x306,cresco8x308,cresco8x310,cresco8x312,cresco8x314,cresco8x316,cresco8x318,cresco8x320,cresco8x322,cresco8x324,cresco8x326,cresco8x328,cresco8x330,cresco8x332,cresco8x334,cresco8x336,cresco8x338,cresco8x340,cresco8x342,cresco8x344,cresco8x346,cresco8x348 --cpu-bind=socket -n 30 -N 30 /afs/enea.it/por/user/piarulli/CRAB/benchmarks/blink/bin/a2a_comm_only -msgsize 4096 -iter 1000
[DEBUG]: Node List is: ['cresco8x290', 'cresco8x292', 'cresco8x294', 'cresco8x296', 'cresco8x298', 'cresco8x300', 'cresco8x302', 'cresco8x304', 'cresco8x306', 'cresco8x308', 'cresco8x310', 'cresco8x312', 'cresco8x314', 'cresco8x316', 'cresco8x318', 'cresco8x320', 'cresco8x322', 'cresco8x324', 'cresco8x326', 'cresco8x328', 'cresco8x330', 'cresco8x332', 'cresco8x334', 'cresco8x336', 'cresco8x338', 'cresco8x340', 'cresco8x342', 'cresco8x344', 'cresco8x346', 'cresco8x348']
[DEBUG]: SLURM command is: srun --export=ALL  --nodelist cresco8x290,cresco8x292,cresco8x294,cresco8x296,cresco8x298,cresco8x300,cresco8x302,cresco8x304,cresco8x306,cresco8x308,cresco8x310,cresco8x312,cresco8x314,cresco8x316,cresco8x318,cresco8x320,cresco8x322,cresco8x324,cresco8x326,cresco8x328,cresco8x330,cresco8x332,cresco8x334,cresco8x336,cresco8x338,cresco8x340,cresco8x342,cresco8x344,cresco8x346,cresco8x348 --cpu-bind=socket -n 30 -N 30 /afs/enea.it/por/user/piarulli/CRAB/benchmarks/blink/bin/a2a_comm_only -msgsize 32768 -iter 1000
[DEBUG]: Node List is: ['cresco8x290', 'cresco8x292', 'cresco8x294', 'cresco8x296', 'cresco8x298', 'cresco8x300', 'cresco8x302', 'cresco8x304', 'cresco8x306', 'cresco8x308', 'cresco8x310', 'cresco8x312', 'cresco8x314', 'cresco8x316', 'cresco8x318', 'cresco8x320', 'cresco8x322', 'cresco8x324', 'cresco8x326', 'cresco8x328', 'cresco8x330', 'cresco8x332', 'cresco8x334', 'cresco8x336', 'cresco8x338', 'cresco8x340', 'cresco8x342', 'cresco8x344', 'cresco8x346', 'cresco8x348']
[DEBUG]: SLURM command is: srun --export=ALL  --nodelist cresco8x290,cresco8x292,cresco8x294,cresco8x296,cresco8x298,cresco8x300,cresco8x302,cresco8x304,cresco8x306,cresco8x308,cresco8x310,cresco8x312,cresco8x314,cresco8x316,cresco8x318,cresco8x320,cresco8x322,cresco8x324,cresco8x326,cresco8x328,cresco8x330,cresco8x332,cresco8x334,cresco8x336,cresco8x338,cresco8x340,cresco8x342,cresco8x344,cresco8x346,cresco8x348 --cpu-bind=socket -n 30 -N 30 /afs/enea.it/por/user/piarulli/CRAB/benchmarks/blink/bin/a2a_comm_only -msgsize 262144 -iter 1000
[DEBUG]: Node List is: ['cresco8x290', 'cresco8x292', 'cresco8x294', 'cresco8x296', 'cresco8x298', 'cresco8x300', 'cresco8x302', 'cresco8x304', 'cresco8x306', 'cresco8x308', 'cresco8x310', 'cresco8x312', 'cresco8x314', 'cresco8x316', 'cresco8x318', 'cresco8x320', 'cresco8x322', 'cresco8x324', 'cresco8x326', 'cresco8x328', 'cresco8x330', 'cresco8x332', 'cresco8x334', 'cresco8x336', 'cresco8x338', 'cresco8x340', 'cresco8x342', 'cresco8x344', 'cresco8x346', 'cresco8x348']
[DEBUG]: SLURM command is: srun --export=ALL  --nodelist cresco8x290,cresco8x292,cresco8x294,cresco8x296,cresco8x298,cresco8x300,cresco8x302,cresco8x304,cresco8x306,cresco8x308,cresco8x310,cresco8x312,cresco8x314,cresco8x316,cresco8x318,cresco8x320,cresco8x322,cresco8x324,cresco8x326,cresco8x328,cresco8x330,cresco8x332,cresco8x334,cresco8x336,cresco8x338,cresco8x340,cresco8x342,cresco8x344,cresco8x346,cresco8x348 --cpu-bind=socket -n 30 -N 30 /afs/enea.it/por/user/piarulli/CRAB/benchmarks/blink/bin/a2a_comm_only -msgsize 2097152 -iter 1000
[DEBUG]: Node List is: ['cresco8x290', 'cresco8x292', 'cresco8x294', 'cresco8x296', 'cresco8x298', 'cresco8x300', 'cresco8x302', 'cresco8x304', 'cresco8x306', 'cresco8x308', 'cresco8x310', 'cresco8x312', 'cresco8x314', 'cresco8x316', 'cresco8x318', 'cresco8x320', 'cresco8x322', 'cresco8x324', 'cresco8x326', 'cresco8x328', 'cresco8x330', 'cresco8x332', 'cresco8x334', 'cresco8x336', 'cresco8x338', 'cresco8x340', 'cresco8x342', 'cresco8x344', 'cresco8x346', 'cresco8x348']
[DEBUG]: SLURM command is: srun --export=ALL  --nodelist cresco8x290,cresco8x292,cresco8x294,cresco8x296,cresco8x298,cresco8x300,cresco8x302,cresco8x304,cresco8x306,cresco8x308,cresco8x310,cresco8x312,cresco8x314,cresco8x316,cresco8x318,cresco8x320,cresco8x322,cresco8x324,cresco8x326,cresco8x328,cresco8x330,cresco8x332,cresco8x334,cresco8x336,cresco8x338,cresco8x340,cresco8x342,cresco8x344,cresco8x346,cresco8x348 --cpu-bind=socket -n 30 -N 30 /afs/enea.it/por/user/piarulli/CRAB/benchmarks/blink/bin/a2a_comm_only -msgsize 16777216 -iter 1000
Ran 1005 iterations. Measured 1000 iterations.
Ran 1005 iterations. Measured 1000 iterations.
Ran 1005 iterations. Measured 1000 iterations.
Ran 1005 iterations. Measured 1000 iterations.
Ran 1005 iterations. Measured 1000 iterations.
Ran 1005 iterations. Measured 1000 iterations.
Ran 1005 iterations. Measured 1000 iterations.
Ran 1005 iterations. Measured 1000 iterations.
--- [WARNING] App 8 ended with return code -9 ---
--- [INFO] Run 1 completata in 39.6736 secondi ---

Logging data...
Dati per App 0 salvati in: ./data/cresco8/2025-12-15_09-44-45-128841/data_app_0.csv
Dati per App 1 salvati in: ./data/cresco8/2025-12-15_09-44-45-128841/data_app_1.csv
Dati per App 2 salvati in: ./data/cresco8/2025-12-15_09-44-45-128841/data_app_2.csv
Dati per App 3 salvati in: ./data/cresco8/2025-12-15_09-44-45-128841/data_app_3.csv
Dati per App 4 salvati in: ./data/cresco8/2025-12-15_09-44-45-128841/data_app_4.csv
Dati per App 5 salvati in: ./data/cresco8/2025-12-15_09-44-45-128841/data_app_5.csv
Dati per App 6 salvati in: ./data/cresco8/2025-12-15_09-44-45-128841/data_app_6.csv
Dati per App 7 salvati in: ./data/cresco8/2025-12-15_09-44-45-128841/data_app_7.csv
--- [WORKER] Engine run finished. ---
