--- [WORKER MODE DETECTED] Work dir: ./data/leonardo/2025-12-15_14-53-20-683610 ---
--- [WORKER] Environment loaded. Starting engine. ---
--- [WORKER] Engine running in WORKER mode. ---
--- [WORKER] Working directory is: ./data/leonardo/2025-12-15_14-53-20-683610 ---
--- [WORKER] Allocating nodes provided by SLURM: lrdn[2189,2230,2244,2369,2377,2387,2422,2506,2534,2537,2568,2854,2879,2890,2906,2911,2947,2990,3016,3036,3055,3114,3120,3125,3130,3142,3156,3160,3176,3188,3198,3255] ---
--- [INFO] Partition 0 (Collect=True): 16 nodes. Rule: '100' ---
--- [INFO] Partition 1 (Collect=False): 16 nodes. Rule: '100' ---

Running Benchmarks...
 Run 1:
[DEBUG]: Node List is: ['lrdn2189', 'lrdn2244', 'lrdn2377', 'lrdn2422', 'lrdn2534', 'lrdn2568', 'lrdn2879', 'lrdn2906', 'lrdn2947', 'lrdn3016', 'lrdn3055', 'lrdn3120', 'lrdn3130', 'lrdn3156', 'lrdn3176', 'lrdn3198']
[DEBUG]: Detected CRAB_SYSTEM=leonardo. Adding SLURM option: --partition=boost_usr_prod
[DEBUG]: SLURM command is: srun --export=ALL --partition=boost_usr_prod --nodelist lrdn2189,lrdn2244,lrdn2377,lrdn2422,lrdn2534,lrdn2568,lrdn2879,lrdn2906,lrdn2947,lrdn3016,lrdn3055,lrdn3120,lrdn3130,lrdn3156,lrdn3176,lrdn3198 --cpu-bind=socket -n 16 -N 16 /leonardo/home/userexternal/lpiarull/CRAB/benchmarks/blink/bin/a2a_comm_only -msgsize 8 -iter 1000
[DEBUG]: Node List is: ['lrdn2230', 'lrdn2369', 'lrdn2387', 'lrdn2506', 'lrdn2537', 'lrdn2854', 'lrdn2890', 'lrdn2911', 'lrdn2990', 'lrdn3036', 'lrdn3114', 'lrdn3125', 'lrdn3142', 'lrdn3160', 'lrdn3188', 'lrdn3255']
[DEBUG]: Detected CRAB_SYSTEM=leonardo. Adding SLURM option: --partition=boost_usr_prod
[DEBUG]: SLURM command is: srun --export=ALL --partition=boost_usr_prod --nodelist lrdn2230,lrdn2369,lrdn2387,lrdn2506,lrdn2537,lrdn2854,lrdn2890,lrdn2911,lrdn2990,lrdn3036,lrdn3114,lrdn3125,lrdn3142,lrdn3160,lrdn3188,lrdn3255 --cpu-bind=socket -n 16 -N 16 /leonardo/home/userexternal/lpiarull/CRAB/benchmarks/blink/bin/bursty_noise_incast 0.000001 0.01
[DEBUG]: Node List is: ['lrdn2189', 'lrdn2244', 'lrdn2377', 'lrdn2422', 'lrdn2534', 'lrdn2568', 'lrdn2879', 'lrdn2906', 'lrdn2947', 'lrdn3016', 'lrdn3055', 'lrdn3120', 'lrdn3130', 'lrdn3156', 'lrdn3176', 'lrdn3198']
[DEBUG]: Detected CRAB_SYSTEM=leonardo. Adding SLURM option: --partition=boost_usr_prod
[DEBUG]: SLURM command is: srun --export=ALL --partition=boost_usr_prod --nodelist lrdn2189,lrdn2244,lrdn2377,lrdn2422,lrdn2534,lrdn2568,lrdn2879,lrdn2906,lrdn2947,lrdn3016,lrdn3055,lrdn3120,lrdn3130,lrdn3156,lrdn3176,lrdn3198 --cpu-bind=socket -n 16 -N 16 /leonardo/home/userexternal/lpiarull/CRAB/benchmarks/blink/bin/a2a_comm_only -msgsize 64 -iter 1000
[DEBUG]: Node List is: ['lrdn2189', 'lrdn2244', 'lrdn2377', 'lrdn2422', 'lrdn2534', 'lrdn2568', 'lrdn2879', 'lrdn2906', 'lrdn2947', 'lrdn3016', 'lrdn3055', 'lrdn3120', 'lrdn3130', 'lrdn3156', 'lrdn3176', 'lrdn3198']
[DEBUG]: Detected CRAB_SYSTEM=leonardo. Adding SLURM option: --partition=boost_usr_prod
[DEBUG]: SLURM command is: srun --export=ALL --partition=boost_usr_prod --nodelist lrdn2189,lrdn2244,lrdn2377,lrdn2422,lrdn2534,lrdn2568,lrdn2879,lrdn2906,lrdn2947,lrdn3016,lrdn3055,lrdn3120,lrdn3130,lrdn3156,lrdn3176,lrdn3198 --cpu-bind=socket -n 16 -N 16 /leonardo/home/userexternal/lpiarull/CRAB/benchmarks/blink/bin/a2a_comm_only -msgsize 512 -iter 1000
[DEBUG]: Node List is: ['lrdn2189', 'lrdn2244', 'lrdn2377', 'lrdn2422', 'lrdn2534', 'lrdn2568', 'lrdn2879', 'lrdn2906', 'lrdn2947', 'lrdn3016', 'lrdn3055', 'lrdn3120', 'lrdn3130', 'lrdn3156', 'lrdn3176', 'lrdn3198']
[DEBUG]: Detected CRAB_SYSTEM=leonardo. Adding SLURM option: --partition=boost_usr_prod
[DEBUG]: SLURM command is: srun --export=ALL --partition=boost_usr_prod --nodelist lrdn2189,lrdn2244,lrdn2377,lrdn2422,lrdn2534,lrdn2568,lrdn2879,lrdn2906,lrdn2947,lrdn3016,lrdn3055,lrdn3120,lrdn3130,lrdn3156,lrdn3176,lrdn3198 --cpu-bind=socket -n 16 -N 16 /leonardo/home/userexternal/lpiarull/CRAB/benchmarks/blink/bin/a2a_comm_only -msgsize 4096 -iter 1000
[DEBUG]: Node List is: ['lrdn2189', 'lrdn2244', 'lrdn2377', 'lrdn2422', 'lrdn2534', 'lrdn2568', 'lrdn2879', 'lrdn2906', 'lrdn2947', 'lrdn3016', 'lrdn3055', 'lrdn3120', 'lrdn3130', 'lrdn3156', 'lrdn3176', 'lrdn3198']
[DEBUG]: Detected CRAB_SYSTEM=leonardo. Adding SLURM option: --partition=boost_usr_prod
[DEBUG]: SLURM command is: srun --export=ALL --partition=boost_usr_prod --nodelist lrdn2189,lrdn2244,lrdn2377,lrdn2422,lrdn2534,lrdn2568,lrdn2879,lrdn2906,lrdn2947,lrdn3016,lrdn3055,lrdn3120,lrdn3130,lrdn3156,lrdn3176,lrdn3198 --cpu-bind=socket -n 16 -N 16 /leonardo/home/userexternal/lpiarull/CRAB/benchmarks/blink/bin/a2a_comm_only -msgsize 32768 -iter 1000
[DEBUG]: Node List is: ['lrdn2189', 'lrdn2244', 'lrdn2377', 'lrdn2422', 'lrdn2534', 'lrdn2568', 'lrdn2879', 'lrdn2906', 'lrdn2947', 'lrdn3016', 'lrdn3055', 'lrdn3120', 'lrdn3130', 'lrdn3156', 'lrdn3176', 'lrdn3198']
[DEBUG]: Detected CRAB_SYSTEM=leonardo. Adding SLURM option: --partition=boost_usr_prod
[DEBUG]: SLURM command is: srun --export=ALL --partition=boost_usr_prod --nodelist lrdn2189,lrdn2244,lrdn2377,lrdn2422,lrdn2534,lrdn2568,lrdn2879,lrdn2906,lrdn2947,lrdn3016,lrdn3055,lrdn3120,lrdn3130,lrdn3156,lrdn3176,lrdn3198 --cpu-bind=socket -n 16 -N 16 /leonardo/home/userexternal/lpiarull/CRAB/benchmarks/blink/bin/a2a_comm_only -msgsize 262144 -iter 1000
[DEBUG]: Node List is: ['lrdn2189', 'lrdn2244', 'lrdn2377', 'lrdn2422', 'lrdn2534', 'lrdn2568', 'lrdn2879', 'lrdn2906', 'lrdn2947', 'lrdn3016', 'lrdn3055', 'lrdn3120', 'lrdn3130', 'lrdn3156', 'lrdn3176', 'lrdn3198']
[DEBUG]: Detected CRAB_SYSTEM=leonardo. Adding SLURM option: --partition=boost_usr_prod
[DEBUG]: SLURM command is: srun --export=ALL --partition=boost_usr_prod --nodelist lrdn2189,lrdn2244,lrdn2377,lrdn2422,lrdn2534,lrdn2568,lrdn2879,lrdn2906,lrdn2947,lrdn3016,lrdn3055,lrdn3120,lrdn3130,lrdn3156,lrdn3176,lrdn3198 --cpu-bind=socket -n 16 -N 16 /leonardo/home/userexternal/lpiarull/CRAB/benchmarks/blink/bin/a2a_comm_only -msgsize 2097152 -iter 1000
[DEBUG]: Node List is: ['lrdn2189', 'lrdn2244', 'lrdn2377', 'lrdn2422', 'lrdn2534', 'lrdn2568', 'lrdn2879', 'lrdn2906', 'lrdn2947', 'lrdn3016', 'lrdn3055', 'lrdn3120', 'lrdn3130', 'lrdn3156', 'lrdn3176', 'lrdn3198']
[DEBUG]: Detected CRAB_SYSTEM=leonardo. Adding SLURM option: --partition=boost_usr_prod
[DEBUG]: SLURM command is: srun --export=ALL --partition=boost_usr_prod --nodelist lrdn2189,lrdn2244,lrdn2377,lrdn2422,lrdn2534,lrdn2568,lrdn2879,lrdn2906,lrdn2947,lrdn3016,lrdn3055,lrdn3120,lrdn3130,lrdn3156,lrdn3176,lrdn3198 --cpu-bind=socket -n 16 -N 16 /leonardo/home/userexternal/lpiarull/CRAB/benchmarks/blink/bin/a2a_comm_only -msgsize 16777216 -iter 1000
Ran 1005 iterations. Measured 1000 iterations.
Ran 1005 iterations. Measured 1000 iterations.
Ran 1005 iterations. Measured 1000 iterations.
Ran 1005 iterations. Measured 1000 iterations.
Ran 1005 iterations. Measured 1000 iterations.
Ran 1005 iterations. Measured 1000 iterations.
Ran 1005 iterations. Measured 1000 iterations.
Ran 1005 iterations. Measured 1000 iterations.
--- [WARNING] App 8 ended with return code -9 ---
--- [INFO] Run 1 completata in 33.7945 secondi ---

Logging data...
Dati per App 0 salvati in: ./data/leonardo/2025-12-15_14-53-20-683610/data_app_0.csv
Dati per App 1 salvati in: ./data/leonardo/2025-12-15_14-53-20-683610/data_app_1.csv
Dati per App 2 salvati in: ./data/leonardo/2025-12-15_14-53-20-683610/data_app_2.csv
Dati per App 3 salvati in: ./data/leonardo/2025-12-15_14-53-20-683610/data_app_3.csv
Dati per App 4 salvati in: ./data/leonardo/2025-12-15_14-53-20-683610/data_app_4.csv
Dati per App 5 salvati in: ./data/leonardo/2025-12-15_14-53-20-683610/data_app_5.csv
Dati per App 6 salvati in: ./data/leonardo/2025-12-15_14-53-20-683610/data_app_6.csv
Dati per App 7 salvati in: ./data/leonardo/2025-12-15_14-53-20-683610/data_app_7.csv
--- [WORKER] Engine run finished. ---
