--- [WORKER MODE DETECTED] Work dir: ./data/leonardo/2025-12-15_14-52-20-509645 ---
--- [WORKER] Environment loaded. Starting engine. ---
--- [WORKER] Engine running in WORKER mode. ---
--- [WORKER] Working directory is: ./data/leonardo/2025-12-15_14-52-20-509645 ---
--- [WORKER] Allocating nodes provided by SLURM: lrdn[0001,0017,0024,0032,0045,0064,0069,0081,0093,0100,0112,0121,0131,0136,0154,0159,0165,0206,0235,0253,0448,0472,0479,0501,0529,0570,0599,0607,0657,0678,0702,0714] ---
--- [INFO] Partition 0 (Collect=True): 16 nodes. Rule: '100' ---
--- [INFO] Partition 1 (Collect=False): 16 nodes. Rule: '100' ---

Running Benchmarks...
 Run 1:
[DEBUG]: Node List is: ['lrdn0001', 'lrdn0024', 'lrdn0045', 'lrdn0069', 'lrdn0093', 'lrdn0112', 'lrdn0131', 'lrdn0154', 'lrdn0165', 'lrdn0235', 'lrdn0448', 'lrdn0479', 'lrdn0529', 'lrdn0599', 'lrdn0657', 'lrdn0702']
[DEBUG]: Detected CRAB_SYSTEM=leonardo. Adding SLURM option: --partition=boost_usr_prod
[DEBUG]: SLURM command is: srun --export=ALL --partition=boost_usr_prod --nodelist lrdn0001,lrdn0024,lrdn0045,lrdn0069,lrdn0093,lrdn0112,lrdn0131,lrdn0154,lrdn0165,lrdn0235,lrdn0448,lrdn0479,lrdn0529,lrdn0599,lrdn0657,lrdn0702 --cpu-bind=socket -n 16 -N 16 /leonardo/home/userexternal/lpiarull/CRAB/benchmarks/blink/bin/agtr_comm_only -msgsize 8 -iter 1000
[DEBUG]: Node List is: ['lrdn0017', 'lrdn0032', 'lrdn0064', 'lrdn0081', 'lrdn0100', 'lrdn0121', 'lrdn0136', 'lrdn0159', 'lrdn0206', 'lrdn0253', 'lrdn0472', 'lrdn0501', 'lrdn0570', 'lrdn0607', 'lrdn0678', 'lrdn0714']
[DEBUG]: Detected CRAB_SYSTEM=leonardo. Adding SLURM option: --partition=boost_usr_prod
[DEBUG]: SLURM command is: srun --export=ALL --partition=boost_usr_prod --nodelist lrdn0017,lrdn0032,lrdn0064,lrdn0081,lrdn0100,lrdn0121,lrdn0136,lrdn0159,lrdn0206,lrdn0253,lrdn0472,lrdn0501,lrdn0570,lrdn0607,lrdn0678,lrdn0714 --cpu-bind=socket -n 16 -N 16 /leonardo/home/userexternal/lpiarull/CRAB/benchmarks/blink/bin/bursty_noise_a2a 0.01 0.1
[DEBUG]: Node List is: ['lrdn0001', 'lrdn0024', 'lrdn0045', 'lrdn0069', 'lrdn0093', 'lrdn0112', 'lrdn0131', 'lrdn0154', 'lrdn0165', 'lrdn0235', 'lrdn0448', 'lrdn0479', 'lrdn0529', 'lrdn0599', 'lrdn0657', 'lrdn0702']
[DEBUG]: Detected CRAB_SYSTEM=leonardo. Adding SLURM option: --partition=boost_usr_prod
[DEBUG]: SLURM command is: srun --export=ALL --partition=boost_usr_prod --nodelist lrdn0001,lrdn0024,lrdn0045,lrdn0069,lrdn0093,lrdn0112,lrdn0131,lrdn0154,lrdn0165,lrdn0235,lrdn0448,lrdn0479,lrdn0529,lrdn0599,lrdn0657,lrdn0702 --cpu-bind=socket -n 16 -N 16 /leonardo/home/userexternal/lpiarull/CRAB/benchmarks/blink/bin/agtr_comm_only -msgsize 64 -iter 1000
[DEBUG]: Node List is: ['lrdn0001', 'lrdn0024', 'lrdn0045', 'lrdn0069', 'lrdn0093', 'lrdn0112', 'lrdn0131', 'lrdn0154', 'lrdn0165', 'lrdn0235', 'lrdn0448', 'lrdn0479', 'lrdn0529', 'lrdn0599', 'lrdn0657', 'lrdn0702']
[DEBUG]: Detected CRAB_SYSTEM=leonardo. Adding SLURM option: --partition=boost_usr_prod
[DEBUG]: SLURM command is: srun --export=ALL --partition=boost_usr_prod --nodelist lrdn0001,lrdn0024,lrdn0045,lrdn0069,lrdn0093,lrdn0112,lrdn0131,lrdn0154,lrdn0165,lrdn0235,lrdn0448,lrdn0479,lrdn0529,lrdn0599,lrdn0657,lrdn0702 --cpu-bind=socket -n 16 -N 16 /leonardo/home/userexternal/lpiarull/CRAB/benchmarks/blink/bin/agtr_comm_only -msgsize 512 -iter 1000
[DEBUG]: Node List is: ['lrdn0001', 'lrdn0024', 'lrdn0045', 'lrdn0069', 'lrdn0093', 'lrdn0112', 'lrdn0131', 'lrdn0154', 'lrdn0165', 'lrdn0235', 'lrdn0448', 'lrdn0479', 'lrdn0529', 'lrdn0599', 'lrdn0657', 'lrdn0702']
[DEBUG]: Detected CRAB_SYSTEM=leonardo. Adding SLURM option: --partition=boost_usr_prod
[DEBUG]: SLURM command is: srun --export=ALL --partition=boost_usr_prod --nodelist lrdn0001,lrdn0024,lrdn0045,lrdn0069,lrdn0093,lrdn0112,lrdn0131,lrdn0154,lrdn0165,lrdn0235,lrdn0448,lrdn0479,lrdn0529,lrdn0599,lrdn0657,lrdn0702 --cpu-bind=socket -n 16 -N 16 /leonardo/home/userexternal/lpiarull/CRAB/benchmarks/blink/bin/agtr_comm_only -msgsize 4096 -iter 1000
[DEBUG]: Node List is: ['lrdn0001', 'lrdn0024', 'lrdn0045', 'lrdn0069', 'lrdn0093', 'lrdn0112', 'lrdn0131', 'lrdn0154', 'lrdn0165', 'lrdn0235', 'lrdn0448', 'lrdn0479', 'lrdn0529', 'lrdn0599', 'lrdn0657', 'lrdn0702']
[DEBUG]: Detected CRAB_SYSTEM=leonardo. Adding SLURM option: --partition=boost_usr_prod
[DEBUG]: SLURM command is: srun --export=ALL --partition=boost_usr_prod --nodelist lrdn0001,lrdn0024,lrdn0045,lrdn0069,lrdn0093,lrdn0112,lrdn0131,lrdn0154,lrdn0165,lrdn0235,lrdn0448,lrdn0479,lrdn0529,lrdn0599,lrdn0657,lrdn0702 --cpu-bind=socket -n 16 -N 16 /leonardo/home/userexternal/lpiarull/CRAB/benchmarks/blink/bin/agtr_comm_only -msgsize 32768 -iter 1000
[DEBUG]: Node List is: ['lrdn0001', 'lrdn0024', 'lrdn0045', 'lrdn0069', 'lrdn0093', 'lrdn0112', 'lrdn0131', 'lrdn0154', 'lrdn0165', 'lrdn0235', 'lrdn0448', 'lrdn0479', 'lrdn0529', 'lrdn0599', 'lrdn0657', 'lrdn0702']
[DEBUG]: Detected CRAB_SYSTEM=leonardo. Adding SLURM option: --partition=boost_usr_prod
[DEBUG]: SLURM command is: srun --export=ALL --partition=boost_usr_prod --nodelist lrdn0001,lrdn0024,lrdn0045,lrdn0069,lrdn0093,lrdn0112,lrdn0131,lrdn0154,lrdn0165,lrdn0235,lrdn0448,lrdn0479,lrdn0529,lrdn0599,lrdn0657,lrdn0702 --cpu-bind=socket -n 16 -N 16 /leonardo/home/userexternal/lpiarull/CRAB/benchmarks/blink/bin/agtr_comm_only -msgsize 262144 -iter 1000
[DEBUG]: Node List is: ['lrdn0001', 'lrdn0024', 'lrdn0045', 'lrdn0069', 'lrdn0093', 'lrdn0112', 'lrdn0131', 'lrdn0154', 'lrdn0165', 'lrdn0235', 'lrdn0448', 'lrdn0479', 'lrdn0529', 'lrdn0599', 'lrdn0657', 'lrdn0702']
[DEBUG]: Detected CRAB_SYSTEM=leonardo. Adding SLURM option: --partition=boost_usr_prod
[DEBUG]: SLURM command is: srun --export=ALL --partition=boost_usr_prod --nodelist lrdn0001,lrdn0024,lrdn0045,lrdn0069,lrdn0093,lrdn0112,lrdn0131,lrdn0154,lrdn0165,lrdn0235,lrdn0448,lrdn0479,lrdn0529,lrdn0599,lrdn0657,lrdn0702 --cpu-bind=socket -n 16 -N 16 /leonardo/home/userexternal/lpiarull/CRAB/benchmarks/blink/bin/agtr_comm_only -msgsize 2097152 -iter 1000
[DEBUG]: Node List is: ['lrdn0001', 'lrdn0024', 'lrdn0045', 'lrdn0069', 'lrdn0093', 'lrdn0112', 'lrdn0131', 'lrdn0154', 'lrdn0165', 'lrdn0235', 'lrdn0448', 'lrdn0479', 'lrdn0529', 'lrdn0599', 'lrdn0657', 'lrdn0702']
[DEBUG]: Detected CRAB_SYSTEM=leonardo. Adding SLURM option: --partition=boost_usr_prod
[DEBUG]: SLURM command is: srun --export=ALL --partition=boost_usr_prod --nodelist lrdn0001,lrdn0024,lrdn0045,lrdn0069,lrdn0093,lrdn0112,lrdn0131,lrdn0154,lrdn0165,lrdn0235,lrdn0448,lrdn0479,lrdn0529,lrdn0599,lrdn0657,lrdn0702 --cpu-bind=socket -n 16 -N 16 /leonardo/home/userexternal/lpiarull/CRAB/benchmarks/blink/bin/agtr_comm_only -msgsize 16777216 -iter 1000
Ran 1005 iterations. Measured 1000 iterations.
Ran 1005 iterations. Measured 1000 iterations.
Ran 1005 iterations. Measured 1000 iterations.
Ran 1005 iterations. Measured 1000 iterations.
Ran 1005 iterations. Measured 1000 iterations.
Ran 1005 iterations. Measured 1000 iterations.
Ran 1005 iterations. Measured 1000 iterations.
Ran 1005 iterations. Measured 1000 iterations.
--- [WARNING] App 8 ended with return code -9 ---
--- [INFO] Run 1 completata in 16.4399 secondi ---

Logging data...
Dati per App 0 salvati in: ./data/leonardo/2025-12-15_14-52-20-509645/data_app_0.csv
Dati per App 1 salvati in: ./data/leonardo/2025-12-15_14-52-20-509645/data_app_1.csv
Dati per App 2 salvati in: ./data/leonardo/2025-12-15_14-52-20-509645/data_app_2.csv
Dati per App 3 salvati in: ./data/leonardo/2025-12-15_14-52-20-509645/data_app_3.csv
Dati per App 4 salvati in: ./data/leonardo/2025-12-15_14-52-20-509645/data_app_4.csv
Dati per App 5 salvati in: ./data/leonardo/2025-12-15_14-52-20-509645/data_app_5.csv
Dati per App 6 salvati in: ./data/leonardo/2025-12-15_14-52-20-509645/data_app_6.csv
Dati per App 7 salvati in: ./data/leonardo/2025-12-15_14-52-20-509645/data_app_7.csv
--- [WORKER] Engine run finished. ---
