--- [WORKER MODE DETECTED] Work dir: ./data/lumi/2025-12-18_15-45-03-159530 ---
--- [WORKER] Environment loaded. Starting engine. ---
--- [WORKER] Engine running in WORKER mode. ---
--- [WORKER] Working directory is: ./data/lumi/2025-12-18_15-45-03-159530 ---
--- [WORKER] Allocating nodes provided by SLURM: nid[005229-005240,007610-007661] ---
--- [INFO] Partition 0 (Collect=True): 32 nodes. Rule: '100' ---
--- [INFO] Partition 1 (Collect=False): 32 nodes. Rule: '100' ---

Running Benchmarks...
 Run 1:
[DEBUG]: Node List is: ['nid005229', 'nid005231', 'nid005233', 'nid005235', 'nid005237', 'nid005239', 'nid007610', 'nid007612', 'nid007614', 'nid007616', 'nid007618', 'nid007620', 'nid007622', 'nid007624', 'nid007626', 'nid007628', 'nid007630', 'nid007632', 'nid007634', 'nid007636', 'nid007638', 'nid007640', 'nid007642', 'nid007644', 'nid007646', 'nid007648', 'nid007650', 'nid007652', 'nid007654', 'nid007656', 'nid007658', 'nid007660']
[DEBUG]: SLURM command is: srun --export=ALL  --nodelist nid005229,nid005231,nid005233,nid005235,nid005237,nid005239,nid007610,nid007612,nid007614,nid007616,nid007618,nid007620,nid007622,nid007624,nid007626,nid007628,nid007630,nid007632,nid007634,nid007636,nid007638,nid007640,nid007642,nid007644,nid007646,nid007648,nid007650,nid007652,nid007654,nid007656,nid007658,nid007660 --cpu-bind=socket -n 32 -N 32 /pfs/lustrep4/users/pasqualo/CRAB/benchmarks/blink/bin/a2a_comm_only -msgsize 8 -iter 1000
[DEBUG]: Node List is: ['nid005230', 'nid005232', 'nid005234', 'nid005236', 'nid005238', 'nid005240', 'nid007611', 'nid007613', 'nid007615', 'nid007617', 'nid007619', 'nid007621', 'nid007623', 'nid007625', 'nid007627', 'nid007629', 'nid007631', 'nid007633', 'nid007635', 'nid007637', 'nid007639', 'nid007641', 'nid007643', 'nid007645', 'nid007647', 'nid007649', 'nid007651', 'nid007653', 'nid007655', 'nid007657', 'nid007659', 'nid007661']
[DEBUG]: SLURM command is: srun --export=ALL  --nodelist nid005230,nid005232,nid005234,nid005236,nid005238,nid005240,nid007611,nid007613,nid007615,nid007617,nid007619,nid007621,nid007623,nid007625,nid007627,nid007629,nid007631,nid007633,nid007635,nid007637,nid007639,nid007641,nid007643,nid007645,nid007647,nid007649,nid007651,nid007653,nid007655,nid007657,nid007659,nid007661 --cpu-bind=socket -n 32 -N 32 /pfs/lustrep4/users/pasqualo/CRAB/benchmarks/blink/bin/noise_a2a -msgsize 16777216 -iter 100000
[DEBUG]: Node List is: ['nid005229', 'nid005231', 'nid005233', 'nid005235', 'nid005237', 'nid005239', 'nid007610', 'nid007612', 'nid007614', 'nid007616', 'nid007618', 'nid007620', 'nid007622', 'nid007624', 'nid007626', 'nid007628', 'nid007630', 'nid007632', 'nid007634', 'nid007636', 'nid007638', 'nid007640', 'nid007642', 'nid007644', 'nid007646', 'nid007648', 'nid007650', 'nid007652', 'nid007654', 'nid007656', 'nid007658', 'nid007660']
[DEBUG]: SLURM command is: srun --export=ALL  --nodelist nid005229,nid005231,nid005233,nid005235,nid005237,nid005239,nid007610,nid007612,nid007614,nid007616,nid007618,nid007620,nid007622,nid007624,nid007626,nid007628,nid007630,nid007632,nid007634,nid007636,nid007638,nid007640,nid007642,nid007644,nid007646,nid007648,nid007650,nid007652,nid007654,nid007656,nid007658,nid007660 --cpu-bind=socket -n 32 -N 32 /pfs/lustrep4/users/pasqualo/CRAB/benchmarks/blink/bin/a2a_comm_only -msgsize 64 -iter 1000
[DEBUG]: Node List is: ['nid005229', 'nid005231', 'nid005233', 'nid005235', 'nid005237', 'nid005239', 'nid007610', 'nid007612', 'nid007614', 'nid007616', 'nid007618', 'nid007620', 'nid007622', 'nid007624', 'nid007626', 'nid007628', 'nid007630', 'nid007632', 'nid007634', 'nid007636', 'nid007638', 'nid007640', 'nid007642', 'nid007644', 'nid007646', 'nid007648', 'nid007650', 'nid007652', 'nid007654', 'nid007656', 'nid007658', 'nid007660']
[DEBUG]: SLURM command is: srun --export=ALL  --nodelist nid005229,nid005231,nid005233,nid005235,nid005237,nid005239,nid007610,nid007612,nid007614,nid007616,nid007618,nid007620,nid007622,nid007624,nid007626,nid007628,nid007630,nid007632,nid007634,nid007636,nid007638,nid007640,nid007642,nid007644,nid007646,nid007648,nid007650,nid007652,nid007654,nid007656,nid007658,nid007660 --cpu-bind=socket -n 32 -N 32 /pfs/lustrep4/users/pasqualo/CRAB/benchmarks/blink/bin/a2a_comm_only -msgsize 512 -iter 1000
[DEBUG]: Node List is: ['nid005229', 'nid005231', 'nid005233', 'nid005235', 'nid005237', 'nid005239', 'nid007610', 'nid007612', 'nid007614', 'nid007616', 'nid007618', 'nid007620', 'nid007622', 'nid007624', 'nid007626', 'nid007628', 'nid007630', 'nid007632', 'nid007634', 'nid007636', 'nid007638', 'nid007640', 'nid007642', 'nid007644', 'nid007646', 'nid007648', 'nid007650', 'nid007652', 'nid007654', 'nid007656', 'nid007658', 'nid007660']
[DEBUG]: SLURM command is: srun --export=ALL  --nodelist nid005229,nid005231,nid005233,nid005235,nid005237,nid005239,nid007610,nid007612,nid007614,nid007616,nid007618,nid007620,nid007622,nid007624,nid007626,nid007628,nid007630,nid007632,nid007634,nid007636,nid007638,nid007640,nid007642,nid007644,nid007646,nid007648,nid007650,nid007652,nid007654,nid007656,nid007658,nid007660 --cpu-bind=socket -n 32 -N 32 /pfs/lustrep4/users/pasqualo/CRAB/benchmarks/blink/bin/a2a_comm_only -msgsize 4096 -iter 1000
[DEBUG]: Node List is: ['nid005229', 'nid005231', 'nid005233', 'nid005235', 'nid005237', 'nid005239', 'nid007610', 'nid007612', 'nid007614', 'nid007616', 'nid007618', 'nid007620', 'nid007622', 'nid007624', 'nid007626', 'nid007628', 'nid007630', 'nid007632', 'nid007634', 'nid007636', 'nid007638', 'nid007640', 'nid007642', 'nid007644', 'nid007646', 'nid007648', 'nid007650', 'nid007652', 'nid007654', 'nid007656', 'nid007658', 'nid007660']
[DEBUG]: SLURM command is: srun --export=ALL  --nodelist nid005229,nid005231,nid005233,nid005235,nid005237,nid005239,nid007610,nid007612,nid007614,nid007616,nid007618,nid007620,nid007622,nid007624,nid007626,nid007628,nid007630,nid007632,nid007634,nid007636,nid007638,nid007640,nid007642,nid007644,nid007646,nid007648,nid007650,nid007652,nid007654,nid007656,nid007658,nid007660 --cpu-bind=socket -n 32 -N 32 /pfs/lustrep4/users/pasqualo/CRAB/benchmarks/blink/bin/a2a_comm_only -msgsize 32768 -iter 1000
[DEBUG]: Node List is: ['nid005229', 'nid005231', 'nid005233', 'nid005235', 'nid005237', 'nid005239', 'nid007610', 'nid007612', 'nid007614', 'nid007616', 'nid007618', 'nid007620', 'nid007622', 'nid007624', 'nid007626', 'nid007628', 'nid007630', 'nid007632', 'nid007634', 'nid007636', 'nid007638', 'nid007640', 'nid007642', 'nid007644', 'nid007646', 'nid007648', 'nid007650', 'nid007652', 'nid007654', 'nid007656', 'nid007658', 'nid007660']
[DEBUG]: SLURM command is: srun --export=ALL  --nodelist nid005229,nid005231,nid005233,nid005235,nid005237,nid005239,nid007610,nid007612,nid007614,nid007616,nid007618,nid007620,nid007622,nid007624,nid007626,nid007628,nid007630,nid007632,nid007634,nid007636,nid007638,nid007640,nid007642,nid007644,nid007646,nid007648,nid007650,nid007652,nid007654,nid007656,nid007658,nid007660 --cpu-bind=socket -n 32 -N 32 /pfs/lustrep4/users/pasqualo/CRAB/benchmarks/blink/bin/a2a_comm_only -msgsize 262144 -iter 1000
[DEBUG]: Node List is: ['nid005229', 'nid005231', 'nid005233', 'nid005235', 'nid005237', 'nid005239', 'nid007610', 'nid007612', 'nid007614', 'nid007616', 'nid007618', 'nid007620', 'nid007622', 'nid007624', 'nid007626', 'nid007628', 'nid007630', 'nid007632', 'nid007634', 'nid007636', 'nid007638', 'nid007640', 'nid007642', 'nid007644', 'nid007646', 'nid007648', 'nid007650', 'nid007652', 'nid007654', 'nid007656', 'nid007658', 'nid007660']
[DEBUG]: SLURM command is: srun --export=ALL  --nodelist nid005229,nid005231,nid005233,nid005235,nid005237,nid005239,nid007610,nid007612,nid007614,nid007616,nid007618,nid007620,nid007622,nid007624,nid007626,nid007628,nid007630,nid007632,nid007634,nid007636,nid007638,nid007640,nid007642,nid007644,nid007646,nid007648,nid007650,nid007652,nid007654,nid007656,nid007658,nid007660 --cpu-bind=socket -n 32 -N 32 /pfs/lustrep4/users/pasqualo/CRAB/benchmarks/blink/bin/a2a_comm_only -msgsize 2097152 -iter 1000
[DEBUG]: Node List is: ['nid005229', 'nid005231', 'nid005233', 'nid005235', 'nid005237', 'nid005239', 'nid007610', 'nid007612', 'nid007614', 'nid007616', 'nid007618', 'nid007620', 'nid007622', 'nid007624', 'nid007626', 'nid007628', 'nid007630', 'nid007632', 'nid007634', 'nid007636', 'nid007638', 'nid007640', 'nid007642', 'nid007644', 'nid007646', 'nid007648', 'nid007650', 'nid007652', 'nid007654', 'nid007656', 'nid007658', 'nid007660']
[DEBUG]: SLURM command is: srun --export=ALL  --nodelist nid005229,nid005231,nid005233,nid005235,nid005237,nid005239,nid007610,nid007612,nid007614,nid007616,nid007618,nid007620,nid007622,nid007624,nid007626,nid007628,nid007630,nid007632,nid007634,nid007636,nid007638,nid007640,nid007642,nid007644,nid007646,nid007648,nid007650,nid007652,nid007654,nid007656,nid007658,nid007660 --cpu-bind=socket -n 32 -N 32 /pfs/lustrep4/users/pasqualo/CRAB/benchmarks/blink/bin/a2a_comm_only -msgsize 16777216 -iter 1000
--- [WARNING] App 8 ended with return code -9 ---
--- [INFO] Run 1 completata in 96.0157 secondi ---

Logging data...
Dati per App 0 salvati in: ./data/lumi/2025-12-18_15-45-03-159530/data_app_0.csv
Dati per App 1 salvati in: ./data/lumi/2025-12-18_15-45-03-159530/data_app_1.csv
Dati per App 2 salvati in: ./data/lumi/2025-12-18_15-45-03-159530/data_app_2.csv
Dati per App 3 salvati in: ./data/lumi/2025-12-18_15-45-03-159530/data_app_3.csv
Dati per App 4 salvati in: ./data/lumi/2025-12-18_15-45-03-159530/data_app_4.csv
Dati per App 5 salvati in: ./data/lumi/2025-12-18_15-45-03-159530/data_app_5.csv
Dati per App 6 salvati in: ./data/lumi/2025-12-18_15-45-03-159530/data_app_6.csv
Dati per App 7 salvati in: ./data/lumi/2025-12-18_15-45-03-159530/data_app_7.csv
--- [WORKER] Engine run finished. ---
