--- [WORKER MODE DETECTED] Work dir: ./data/leonardo/2025-12-09_14-22-06-465182 ---
--- [WORKER] Environment loaded. Starting engine. ---
--- [WORKER] Engine running in WORKER mode. ---
--- [WORKER] Working directory is: ./data/leonardo/2025-12-09_14-22-06-465182 ---
--- [WORKER] Allocating nodes provided by SLURM: lrdn[0537,0701,0860,0906,0994,1008,1255,1490] ---
--- [INFO] Partition 0 (Collect=True): 4 nodes. Rule: '100' ---
--- [INFO] Partition 1 (Collect=False): 4 nodes. Rule: '100' ---

Running Benchmarks...
 Run 1:
[DEBUG]: Node List is: ['lrdn0537', 'lrdn0860', 'lrdn0994', 'lrdn1255']
[DEBUG]: Detected CRAB_SYSTEM=leonardo. Adding SLURM option: --partition=boost_usr_prod
[DEBUG]: SLURM command is: srun --export=ALL --partition=boost_usr_prod --nodelist lrdn0537,lrdn0860,lrdn0994,lrdn1255 --cpu-bind=socket -n 4 -N 4 bash -c '
        module purge >&2
        module load openmpi >&2
        module list >&2
        /leonardo/home/userexternal/lpiarull/CRAB/benchmarks/blink/bin/a2a_comm_only -msgsize 8 -iter 1000
        '
[DEBUG]: Node List is: ['lrdn0701', 'lrdn0906', 'lrdn1008', 'lrdn1490']
[DEBUG]: Detected CRAB_SYSTEM=leonardo. Adding SLURM option: --partition=boost_usr_prod
[DEBUG]: SLURM command is: srun --export=ALL --partition=boost_usr_prod --nodelist lrdn0701,lrdn0906,lrdn1008,lrdn1490 --cpu-bind=socket -n 4 -N 4 bash -c '
        module purge >&2
        module load openmpi >&2
        module list >&2
        /leonardo/home/userexternal/lpiarull/CRAB/benchmarks/blink/bin/noise_a2a 
        '
[DEBUG]: Node List is: ['lrdn0537', 'lrdn0860', 'lrdn0994', 'lrdn1255']
[DEBUG]: Detected CRAB_SYSTEM=leonardo. Adding SLURM option: --partition=boost_usr_prod
[DEBUG]: SLURM command is: srun --export=ALL --partition=boost_usr_prod --nodelist lrdn0537,lrdn0860,lrdn0994,lrdn1255 --cpu-bind=socket -n 4 -N 4 bash -c '
        module purge >&2
        module load openmpi >&2
        module list >&2
        /leonardo/home/userexternal/lpiarull/CRAB/benchmarks/blink/bin/a2a_comm_only -msgsize 64 -iter 1000
        '
[DEBUG]: Node List is: ['lrdn0537', 'lrdn0860', 'lrdn0994', 'lrdn1255']
[DEBUG]: Detected CRAB_SYSTEM=leonardo. Adding SLURM option: --partition=boost_usr_prod
[DEBUG]: SLURM command is: srun --export=ALL --partition=boost_usr_prod --nodelist lrdn0537,lrdn0860,lrdn0994,lrdn1255 --cpu-bind=socket -n 4 -N 4 bash -c '
        module purge >&2
        module load openmpi >&2
        module list >&2
        /leonardo/home/userexternal/lpiarull/CRAB/benchmarks/blink/bin/a2a_comm_only -msgsize 512 -iter 1000
        '
[DEBUG]: Node List is: ['lrdn0537', 'lrdn0860', 'lrdn0994', 'lrdn1255']
[DEBUG]: Detected CRAB_SYSTEM=leonardo. Adding SLURM option: --partition=boost_usr_prod
[DEBUG]: SLURM command is: srun --export=ALL --partition=boost_usr_prod --nodelist lrdn0537,lrdn0860,lrdn0994,lrdn1255 --cpu-bind=socket -n 4 -N 4 bash -c '
        module purge >&2
        module load openmpi >&2
        module list >&2
        /leonardo/home/userexternal/lpiarull/CRAB/benchmarks/blink/bin/a2a_comm_only -msgsize 4096 -iter 1000
        '
[DEBUG]: Node List is: ['lrdn0537', 'lrdn0860', 'lrdn0994', 'lrdn1255']
[DEBUG]: Detected CRAB_SYSTEM=leonardo. Adding SLURM option: --partition=boost_usr_prod
[DEBUG]: SLURM command is: srun --export=ALL --partition=boost_usr_prod --nodelist lrdn0537,lrdn0860,lrdn0994,lrdn1255 --cpu-bind=socket -n 4 -N 4 bash -c '
        module purge >&2
        module load openmpi >&2
        module list >&2
        /leonardo/home/userexternal/lpiarull/CRAB/benchmarks/blink/bin/a2a_comm_only -msgsize 32768 -iter 1000
        '
[DEBUG]: Node List is: ['lrdn0537', 'lrdn0860', 'lrdn0994', 'lrdn1255']
[DEBUG]: Detected CRAB_SYSTEM=leonardo. Adding SLURM option: --partition=boost_usr_prod
[DEBUG]: SLURM command is: srun --export=ALL --partition=boost_usr_prod --nodelist lrdn0537,lrdn0860,lrdn0994,lrdn1255 --cpu-bind=socket -n 4 -N 4 bash -c '
        module purge >&2
        module load openmpi >&2
        module list >&2
        /leonardo/home/userexternal/lpiarull/CRAB/benchmarks/blink/bin/a2a_comm_only -msgsize 262144 -iter 1000
        '
[DEBUG]: Node List is: ['lrdn0537', 'lrdn0860', 'lrdn0994', 'lrdn1255']
[DEBUG]: Detected CRAB_SYSTEM=leonardo. Adding SLURM option: --partition=boost_usr_prod
[DEBUG]: SLURM command is: srun --export=ALL --partition=boost_usr_prod --nodelist lrdn0537,lrdn0860,lrdn0994,lrdn1255 --cpu-bind=socket -n 4 -N 4 bash -c '
        module purge >&2
        module load openmpi >&2
        module list >&2
        /leonardo/home/userexternal/lpiarull/CRAB/benchmarks/blink/bin/a2a_comm_only -msgsize 2097152 -iter 1000
        '
[DEBUG]: Node List is: ['lrdn0537', 'lrdn0860', 'lrdn0994', 'lrdn1255']
[DEBUG]: Detected CRAB_SYSTEM=leonardo. Adding SLURM option: --partition=boost_usr_prod
[DEBUG]: SLURM command is: srun --export=ALL --partition=boost_usr_prod --nodelist lrdn0537,lrdn0860,lrdn0994,lrdn1255 --cpu-bind=socket -n 4 -N 4 bash -c '
        module purge >&2
        module load openmpi >&2
        module list >&2
        /leonardo/home/userexternal/lpiarull/CRAB/benchmarks/blink/bin/a2a_comm_only -msgsize 16777216 -iter 1000
        '
[DEBUG]: Node List is: ['lrdn0537', 'lrdn0860', 'lrdn0994', 'lrdn1255']
[DEBUG]: Detected CRAB_SYSTEM=leonardo. Adding SLURM option: --partition=boost_usr_prod
[DEBUG]: SLURM command is: srun --export=ALL --partition=boost_usr_prod --nodelist lrdn0537,lrdn0860,lrdn0994,lrdn1255 --cpu-bind=socket -n 4 -N 4 bash -c '
        module purge >&2
        module load openmpi >&2
        module list >&2
        /leonardo/home/userexternal/lpiarull/CRAB/benchmarks/blink/bin/a2a_comm_only -msgsize 134217728 -iter 1000
        '
Ran 1005 iterations. Measured 1000 iterations.
Ran 1005 iterations. Measured 1000 iterations.
Ran 1005 iterations. Measured 1000 iterations.
Ran 1005 iterations. Measured 1000 iterations.
Ran 1005 iterations. Measured 1000 iterations.
Ran 1005 iterations. Measured 1000 iterations.
Ran 1005 iterations. Measured 1000 iterations.
Ran 1005 iterations. Measured 1000 iterations.
Ran 1005 iterations. Measured 1000 iterations.
--- [INFO] Run 1 completata in 55.8863 secondi ---

Logging data...
Dati per App 0 salvati in: ./data/leonardo/2025-12-09_14-22-06-465182/data_app_0.csv
Dati per App 1 salvati in: ./data/leonardo/2025-12-09_14-22-06-465182/data_app_1.csv
Dati per App 2 salvati in: ./data/leonardo/2025-12-09_14-22-06-465182/data_app_2.csv
Dati per App 3 salvati in: ./data/leonardo/2025-12-09_14-22-06-465182/data_app_3.csv
Dati per App 4 salvati in: ./data/leonardo/2025-12-09_14-22-06-465182/data_app_4.csv
Dati per App 5 salvati in: ./data/leonardo/2025-12-09_14-22-06-465182/data_app_5.csv
Dati per App 6 salvati in: ./data/leonardo/2025-12-09_14-22-06-465182/data_app_6.csv
Dati per App 7 salvati in: ./data/leonardo/2025-12-09_14-22-06-465182/data_app_7.csv
Dati per App 8 salvati in: ./data/leonardo/2025-12-09_14-22-06-465182/data_app_8.csv
--- [WORKER] Engine run finished. ---
