--- [WORKER MODE DETECTED] Work dir: ./data/leonardo/2025-12-15_14-51-24-410182 ---
--- [WORKER] Environment loaded. Starting engine. ---
--- [WORKER] Engine running in WORKER mode. ---
--- [WORKER] Working directory is: ./data/leonardo/2025-12-15_14-51-24-410182 ---
--- [WORKER] Allocating nodes provided by SLURM: lrdn[0093,0100,0121,0129,0136,0166,0249,0284,0287,0303,0328,0342,0357,0382,0390,0406] ---
--- [INFO] Partition 0 (Collect=True): 8 nodes. Rule: '100' ---
--- [INFO] Partition 1 (Collect=False): 8 nodes. Rule: '100' ---

Running Benchmarks...
 Run 1:
[DEBUG]: Node List is: ['lrdn0093', 'lrdn0121', 'lrdn0136', 'lrdn0249', 'lrdn0287', 'lrdn0328', 'lrdn0357', 'lrdn0390']
[DEBUG]: Detected CRAB_SYSTEM=leonardo. Adding SLURM option: --partition=boost_usr_prod
[DEBUG]: SLURM command is: srun --export=ALL --partition=boost_usr_prod --nodelist lrdn0093,lrdn0121,lrdn0136,lrdn0249,lrdn0287,lrdn0328,lrdn0357,lrdn0390 --cpu-bind=socket -n 8 -N 8 /leonardo/home/userexternal/lpiarull/CRAB/benchmarks/blink/bin/agtr_comm_only -msgsize 8 -iter 1000
[DEBUG]: Node List is: ['lrdn0100', 'lrdn0129', 'lrdn0166', 'lrdn0284', 'lrdn0303', 'lrdn0342', 'lrdn0382', 'lrdn0406']
[DEBUG]: Detected CRAB_SYSTEM=leonardo. Adding SLURM option: --partition=boost_usr_prod
[DEBUG]: SLURM command is: srun --export=ALL --partition=boost_usr_prod --nodelist lrdn0100,lrdn0129,lrdn0166,lrdn0284,lrdn0303,lrdn0342,lrdn0382,lrdn0406 --cpu-bind=socket -n 8 -N 8 /leonardo/home/userexternal/lpiarull/CRAB/benchmarks/blink/bin/bursty_noise_incast 0.01 0.001
[DEBUG]: Node List is: ['lrdn0093', 'lrdn0121', 'lrdn0136', 'lrdn0249', 'lrdn0287', 'lrdn0328', 'lrdn0357', 'lrdn0390']
[DEBUG]: Detected CRAB_SYSTEM=leonardo. Adding SLURM option: --partition=boost_usr_prod
[DEBUG]: SLURM command is: srun --export=ALL --partition=boost_usr_prod --nodelist lrdn0093,lrdn0121,lrdn0136,lrdn0249,lrdn0287,lrdn0328,lrdn0357,lrdn0390 --cpu-bind=socket -n 8 -N 8 /leonardo/home/userexternal/lpiarull/CRAB/benchmarks/blink/bin/agtr_comm_only -msgsize 64 -iter 1000
[DEBUG]: Node List is: ['lrdn0093', 'lrdn0121', 'lrdn0136', 'lrdn0249', 'lrdn0287', 'lrdn0328', 'lrdn0357', 'lrdn0390']
[DEBUG]: Detected CRAB_SYSTEM=leonardo. Adding SLURM option: --partition=boost_usr_prod
[DEBUG]: SLURM command is: srun --export=ALL --partition=boost_usr_prod --nodelist lrdn0093,lrdn0121,lrdn0136,lrdn0249,lrdn0287,lrdn0328,lrdn0357,lrdn0390 --cpu-bind=socket -n 8 -N 8 /leonardo/home/userexternal/lpiarull/CRAB/benchmarks/blink/bin/agtr_comm_only -msgsize 512 -iter 1000
[DEBUG]: Node List is: ['lrdn0093', 'lrdn0121', 'lrdn0136', 'lrdn0249', 'lrdn0287', 'lrdn0328', 'lrdn0357', 'lrdn0390']
[DEBUG]: Detected CRAB_SYSTEM=leonardo. Adding SLURM option: --partition=boost_usr_prod
[DEBUG]: SLURM command is: srun --export=ALL --partition=boost_usr_prod --nodelist lrdn0093,lrdn0121,lrdn0136,lrdn0249,lrdn0287,lrdn0328,lrdn0357,lrdn0390 --cpu-bind=socket -n 8 -N 8 /leonardo/home/userexternal/lpiarull/CRAB/benchmarks/blink/bin/agtr_comm_only -msgsize 4096 -iter 1000
[DEBUG]: Node List is: ['lrdn0093', 'lrdn0121', 'lrdn0136', 'lrdn0249', 'lrdn0287', 'lrdn0328', 'lrdn0357', 'lrdn0390']
[DEBUG]: Detected CRAB_SYSTEM=leonardo. Adding SLURM option: --partition=boost_usr_prod
[DEBUG]: SLURM command is: srun --export=ALL --partition=boost_usr_prod --nodelist lrdn0093,lrdn0121,lrdn0136,lrdn0249,lrdn0287,lrdn0328,lrdn0357,lrdn0390 --cpu-bind=socket -n 8 -N 8 /leonardo/home/userexternal/lpiarull/CRAB/benchmarks/blink/bin/agtr_comm_only -msgsize 32768 -iter 1000
[DEBUG]: Node List is: ['lrdn0093', 'lrdn0121', 'lrdn0136', 'lrdn0249', 'lrdn0287', 'lrdn0328', 'lrdn0357', 'lrdn0390']
[DEBUG]: Detected CRAB_SYSTEM=leonardo. Adding SLURM option: --partition=boost_usr_prod
[DEBUG]: SLURM command is: srun --export=ALL --partition=boost_usr_prod --nodelist lrdn0093,lrdn0121,lrdn0136,lrdn0249,lrdn0287,lrdn0328,lrdn0357,lrdn0390 --cpu-bind=socket -n 8 -N 8 /leonardo/home/userexternal/lpiarull/CRAB/benchmarks/blink/bin/agtr_comm_only -msgsize 262144 -iter 1000
[DEBUG]: Node List is: ['lrdn0093', 'lrdn0121', 'lrdn0136', 'lrdn0249', 'lrdn0287', 'lrdn0328', 'lrdn0357', 'lrdn0390']
[DEBUG]: Detected CRAB_SYSTEM=leonardo. Adding SLURM option: --partition=boost_usr_prod
[DEBUG]: SLURM command is: srun --export=ALL --partition=boost_usr_prod --nodelist lrdn0093,lrdn0121,lrdn0136,lrdn0249,lrdn0287,lrdn0328,lrdn0357,lrdn0390 --cpu-bind=socket -n 8 -N 8 /leonardo/home/userexternal/lpiarull/CRAB/benchmarks/blink/bin/agtr_comm_only -msgsize 2097152 -iter 1000
[DEBUG]: Node List is: ['lrdn0093', 'lrdn0121', 'lrdn0136', 'lrdn0249', 'lrdn0287', 'lrdn0328', 'lrdn0357', 'lrdn0390']
[DEBUG]: Detected CRAB_SYSTEM=leonardo. Adding SLURM option: --partition=boost_usr_prod
[DEBUG]: SLURM command is: srun --export=ALL --partition=boost_usr_prod --nodelist lrdn0093,lrdn0121,lrdn0136,lrdn0249,lrdn0287,lrdn0328,lrdn0357,lrdn0390 --cpu-bind=socket -n 8 -N 8 /leonardo/home/userexternal/lpiarull/CRAB/benchmarks/blink/bin/agtr_comm_only -msgsize 16777216 -iter 1000
Ran 1005 iterations. Measured 1000 iterations.
Ran 1005 iterations. Measured 1000 iterations.
Ran 1005 iterations. Measured 1000 iterations.
Ran 1005 iterations. Measured 1000 iterations.
Ran 1005 iterations. Measured 1000 iterations.
Ran 1005 iterations. Measured 1000 iterations.
Ran 1005 iterations. Measured 1000 iterations.
Ran 1005 iterations. Measured 1000 iterations.
--- [WARNING] App 8 ended with return code -9 ---
--- [INFO] Run 1 completata in 16.3209 secondi ---

Logging data...
Dati per App 0 salvati in: ./data/leonardo/2025-12-15_14-51-24-410182/data_app_0.csv
Dati per App 1 salvati in: ./data/leonardo/2025-12-15_14-51-24-410182/data_app_1.csv
Dati per App 2 salvati in: ./data/leonardo/2025-12-15_14-51-24-410182/data_app_2.csv
Dati per App 3 salvati in: ./data/leonardo/2025-12-15_14-51-24-410182/data_app_3.csv
Dati per App 4 salvati in: ./data/leonardo/2025-12-15_14-51-24-410182/data_app_4.csv
Dati per App 5 salvati in: ./data/leonardo/2025-12-15_14-51-24-410182/data_app_5.csv
Dati per App 6 salvati in: ./data/leonardo/2025-12-15_14-51-24-410182/data_app_6.csv
Dati per App 7 salvati in: ./data/leonardo/2025-12-15_14-51-24-410182/data_app_7.csv
--- [WORKER] Engine run finished. ---
