--- [WORKER MODE DETECTED] Work dir: ./data/cresco8/2025-12-16_09-14-11-101525 ---
--- [WORKER] Environment loaded. Starting engine. ---
--- [WORKER] Engine running in WORKER mode. ---
--- [WORKER] Working directory is: ./data/cresco8/2025-12-16_09-14-11-101525 ---
--- [WORKER] Allocating nodes provided by SLURM: cresco8x[088-095] ---
--- [INFO] Partition 0 (Collect=True): 4 nodes. Rule: '100' ---
--- [INFO] Partition 1 (Collect=False): 4 nodes. Rule: '100' ---

Running Benchmarks...
 Run 1:
[DEBUG]: Node List is: ['cresco8x088', 'cresco8x090', 'cresco8x092', 'cresco8x094']
[DEBUG]: SLURM command is: srun --export=ALL  --nodelist cresco8x088,cresco8x090,cresco8x092,cresco8x094 --cpu-bind=socket -n 4 -N 4 /afs/enea.it/por/user/piarulli/CRAB/benchmarks/blink/bin/a2a_comm_only -msgsize 8 -iter 1000
[DEBUG]: Node List is: ['cresco8x089', 'cresco8x091', 'cresco8x093', 'cresco8x095']
[DEBUG]: SLURM command is: srun --export=ALL  --nodelist cresco8x089,cresco8x091,cresco8x093,cresco8x095 --cpu-bind=socket -n 4 -N 4 /afs/enea.it/por/user/piarulli/CRAB/benchmarks/blink/bin/bursty_noise_incast 0.01 0.1
[DEBUG]: Node List is: ['cresco8x088', 'cresco8x090', 'cresco8x092', 'cresco8x094']
[DEBUG]: SLURM command is: srun --export=ALL  --nodelist cresco8x088,cresco8x090,cresco8x092,cresco8x094 --cpu-bind=socket -n 4 -N 4 /afs/enea.it/por/user/piarulli/CRAB/benchmarks/blink/bin/a2a_comm_only -msgsize 64 -iter 1000
[DEBUG]: Node List is: ['cresco8x088', 'cresco8x090', 'cresco8x092', 'cresco8x094']
[DEBUG]: SLURM command is: srun --export=ALL  --nodelist cresco8x088,cresco8x090,cresco8x092,cresco8x094 --cpu-bind=socket -n 4 -N 4 /afs/enea.it/por/user/piarulli/CRAB/benchmarks/blink/bin/a2a_comm_only -msgsize 512 -iter 1000
[DEBUG]: Node List is: ['cresco8x088', 'cresco8x090', 'cresco8x092', 'cresco8x094']
[DEBUG]: SLURM command is: srun --export=ALL  --nodelist cresco8x088,cresco8x090,cresco8x092,cresco8x094 --cpu-bind=socket -n 4 -N 4 /afs/enea.it/por/user/piarulli/CRAB/benchmarks/blink/bin/a2a_comm_only -msgsize 4096 -iter 1000
[DEBUG]: Node List is: ['cresco8x088', 'cresco8x090', 'cresco8x092', 'cresco8x094']
[DEBUG]: SLURM command is: srun --export=ALL  --nodelist cresco8x088,cresco8x090,cresco8x092,cresco8x094 --cpu-bind=socket -n 4 -N 4 /afs/enea.it/por/user/piarulli/CRAB/benchmarks/blink/bin/a2a_comm_only -msgsize 32768 -iter 1000
[DEBUG]: Node List is: ['cresco8x088', 'cresco8x090', 'cresco8x092', 'cresco8x094']
[DEBUG]: SLURM command is: srun --export=ALL  --nodelist cresco8x088,cresco8x090,cresco8x092,cresco8x094 --cpu-bind=socket -n 4 -N 4 /afs/enea.it/por/user/piarulli/CRAB/benchmarks/blink/bin/a2a_comm_only -msgsize 262144 -iter 1000
[DEBUG]: Node List is: ['cresco8x088', 'cresco8x090', 'cresco8x092', 'cresco8x094']
[DEBUG]: SLURM command is: srun --export=ALL  --nodelist cresco8x088,cresco8x090,cresco8x092,cresco8x094 --cpu-bind=socket -n 4 -N 4 /afs/enea.it/por/user/piarulli/CRAB/benchmarks/blink/bin/a2a_comm_only -msgsize 2097152 -iter 1000
[DEBUG]: Node List is: ['cresco8x088', 'cresco8x090', 'cresco8x092', 'cresco8x094']
[DEBUG]: SLURM command is: srun --export=ALL  --nodelist cresco8x088,cresco8x090,cresco8x092,cresco8x094 --cpu-bind=socket -n 4 -N 4 /afs/enea.it/por/user/piarulli/CRAB/benchmarks/blink/bin/a2a_comm_only -msgsize 16777216 -iter 1000
Ran 1005 iterations. Measured 1000 iterations.
Ran 1005 iterations. Measured 1000 iterations.
Ran 1005 iterations. Measured 1000 iterations.
Ran 1005 iterations. Measured 1000 iterations.
Ran 1005 iterations. Measured 1000 iterations.
Ran 1005 iterations. Measured 1000 iterations.
Ran 1005 iterations. Measured 1000 iterations.
Ran 1005 iterations. Measured 1000 iterations.
--- [WARNING] App 8 ended with return code -9 ---
--- [INFO] Run 1 completata in 25.2678 secondi ---

Logging data...
Dati per App 0 salvati in: ./data/cresco8/2025-12-16_09-14-11-101525/data_app_0.csv
Dati per App 1 salvati in: ./data/cresco8/2025-12-16_09-14-11-101525/data_app_1.csv
Dati per App 2 salvati in: ./data/cresco8/2025-12-16_09-14-11-101525/data_app_2.csv
Dati per App 3 salvati in: ./data/cresco8/2025-12-16_09-14-11-101525/data_app_3.csv
Dati per App 4 salvati in: ./data/cresco8/2025-12-16_09-14-11-101525/data_app_4.csv
Dati per App 5 salvati in: ./data/cresco8/2025-12-16_09-14-11-101525/data_app_5.csv
Dati per App 6 salvati in: ./data/cresco8/2025-12-16_09-14-11-101525/data_app_6.csv
Dati per App 7 salvati in: ./data/cresco8/2025-12-16_09-14-11-101525/data_app_7.csv
--- [WORKER] Engine run finished. ---
