--- [WORKER MODE DETECTED] Work dir: ./data/cresco8/2025-12-16_09-13-51-347107 ---
--- [WORKER] Environment loaded. Starting engine. ---
--- [WORKER] Engine running in WORKER mode. ---
--- [WORKER] Working directory is: ./data/cresco8/2025-12-16_09-13-51-347107 ---
--- [WORKER] Allocating nodes provided by SLURM: cresco8x[210-217] ---
--- [INFO] Partition 0 (Collect=True): 4 nodes. Rule: '100' ---
--- [INFO] Partition 1 (Collect=False): 4 nodes. Rule: '100' ---

Running Benchmarks...
 Run 1:
[DEBUG]: Node List is: ['cresco8x210', 'cresco8x212', 'cresco8x214', 'cresco8x216']
[DEBUG]: SLURM command is: srun --export=ALL  --nodelist cresco8x210,cresco8x212,cresco8x214,cresco8x216 --cpu-bind=socket -n 4 -N 4 /afs/enea.it/por/user/piarulli/CRAB/benchmarks/blink/bin/a2a_comm_only -msgsize 8 -iter 1000
[DEBUG]: Node List is: ['cresco8x211', 'cresco8x213', 'cresco8x215', 'cresco8x217']
[DEBUG]: SLURM command is: srun --export=ALL  --nodelist cresco8x211,cresco8x213,cresco8x215,cresco8x217 --cpu-bind=socket -n 4 -N 4 /afs/enea.it/por/user/piarulli/CRAB/benchmarks/blink/bin/noise_a2a -msgsize 16777216 -iter 100000
[DEBUG]: Node List is: ['cresco8x210', 'cresco8x212', 'cresco8x214', 'cresco8x216']
[DEBUG]: SLURM command is: srun --export=ALL  --nodelist cresco8x210,cresco8x212,cresco8x214,cresco8x216 --cpu-bind=socket -n 4 -N 4 /afs/enea.it/por/user/piarulli/CRAB/benchmarks/blink/bin/a2a_comm_only -msgsize 64 -iter 1000
[DEBUG]: Node List is: ['cresco8x210', 'cresco8x212', 'cresco8x214', 'cresco8x216']
[DEBUG]: SLURM command is: srun --export=ALL  --nodelist cresco8x210,cresco8x212,cresco8x214,cresco8x216 --cpu-bind=socket -n 4 -N 4 /afs/enea.it/por/user/piarulli/CRAB/benchmarks/blink/bin/a2a_comm_only -msgsize 512 -iter 1000
[DEBUG]: Node List is: ['cresco8x210', 'cresco8x212', 'cresco8x214', 'cresco8x216']
[DEBUG]: SLURM command is: srun --export=ALL  --nodelist cresco8x210,cresco8x212,cresco8x214,cresco8x216 --cpu-bind=socket -n 4 -N 4 /afs/enea.it/por/user/piarulli/CRAB/benchmarks/blink/bin/a2a_comm_only -msgsize 4096 -iter 1000
[DEBUG]: Node List is: ['cresco8x210', 'cresco8x212', 'cresco8x214', 'cresco8x216']
[DEBUG]: SLURM command is: srun --export=ALL  --nodelist cresco8x210,cresco8x212,cresco8x214,cresco8x216 --cpu-bind=socket -n 4 -N 4 /afs/enea.it/por/user/piarulli/CRAB/benchmarks/blink/bin/a2a_comm_only -msgsize 32768 -iter 1000
[DEBUG]: Node List is: ['cresco8x210', 'cresco8x212', 'cresco8x214', 'cresco8x216']
[DEBUG]: SLURM command is: srun --export=ALL  --nodelist cresco8x210,cresco8x212,cresco8x214,cresco8x216 --cpu-bind=socket -n 4 -N 4 /afs/enea.it/por/user/piarulli/CRAB/benchmarks/blink/bin/a2a_comm_only -msgsize 262144 -iter 1000
[DEBUG]: Node List is: ['cresco8x210', 'cresco8x212', 'cresco8x214', 'cresco8x216']
[DEBUG]: SLURM command is: srun --export=ALL  --nodelist cresco8x210,cresco8x212,cresco8x214,cresco8x216 --cpu-bind=socket -n 4 -N 4 /afs/enea.it/por/user/piarulli/CRAB/benchmarks/blink/bin/a2a_comm_only -msgsize 2097152 -iter 1000
[DEBUG]: Node List is: ['cresco8x210', 'cresco8x212', 'cresco8x214', 'cresco8x216']
[DEBUG]: SLURM command is: srun --export=ALL  --nodelist cresco8x210,cresco8x212,cresco8x214,cresco8x216 --cpu-bind=socket -n 4 -N 4 /afs/enea.it/por/user/piarulli/CRAB/benchmarks/blink/bin/a2a_comm_only -msgsize 16777216 -iter 1000
Ran 1005 iterations. Measured 1000 iterations.
Ran 1005 iterations. Measured 1000 iterations.
Ran 1005 iterations. Measured 1000 iterations.
Ran 1005 iterations. Measured 1000 iterations.
Ran 1005 iterations. Measured 1000 iterations.
Ran 1005 iterations. Measured 1000 iterations.
Ran 1005 iterations. Measured 1000 iterations.
Ran 1005 iterations. Measured 1000 iterations.
--- [WARNING] App 8 ended with return code -9 ---
--- [INFO] Run 1 completata in 10.4156 secondi ---

Logging data...
Dati per App 0 salvati in: ./data/cresco8/2025-12-16_09-13-51-347107/data_app_0.csv
Dati per App 1 salvati in: ./data/cresco8/2025-12-16_09-13-51-347107/data_app_1.csv
Dati per App 2 salvati in: ./data/cresco8/2025-12-16_09-13-51-347107/data_app_2.csv
Dati per App 3 salvati in: ./data/cresco8/2025-12-16_09-13-51-347107/data_app_3.csv
Dati per App 4 salvati in: ./data/cresco8/2025-12-16_09-13-51-347107/data_app_4.csv
Dati per App 5 salvati in: ./data/cresco8/2025-12-16_09-13-51-347107/data_app_5.csv
Dati per App 6 salvati in: ./data/cresco8/2025-12-16_09-13-51-347107/data_app_6.csv
Dati per App 7 salvati in: ./data/cresco8/2025-12-16_09-13-51-347107/data_app_7.csv
--- [WORKER] Engine run finished. ---
