--- [WORKER MODE DETECTED] Work dir: ./data/leonardo/2025-12-14_20-12-26-183718 ---
--- [WORKER] Environment loaded. Starting engine. ---
--- [WORKER] Engine running in WORKER mode. ---
--- [WORKER] Working directory is: ./data/leonardo/2025-12-14_20-12-26-183718 ---
--- [WORKER] Allocating nodes provided by SLURM: lrdn[2244,2347,2412,2456,2478,2501,2517,2523,2552,2569,2572,2630,2636,2651,2656,2674,2679,2695,2707,2715] ---
--- [INFO] Partition 0 (Collect=True): 10 nodes. Rule: '100' ---
--- [INFO] Partition 1 (Collect=False): 10 nodes. Rule: '100' ---

Running Benchmarks...
 Run 1:
[DEBUG]: Node List is: ['lrdn2244', 'lrdn2412', 'lrdn2478', 'lrdn2517', 'lrdn2552', 'lrdn2572', 'lrdn2636', 'lrdn2656', 'lrdn2679', 'lrdn2707']
[DEBUG]: Detected CRAB_SYSTEM=leonardo. Adding SLURM option: --partition=boost_usr_prod
[DEBUG]: SLURM command is: srun --export=ALL --partition=boost_usr_prod --nodelist lrdn2244,lrdn2412,lrdn2478,lrdn2517,lrdn2552,lrdn2572,lrdn2636,lrdn2656,lrdn2679,lrdn2707 --cpu-bind=socket -n 10 -N 10 /leonardo/home/userexternal/lpiarull/CRAB/benchmarks/blink/bin/a2a_comm_only -msgsize 8 -iter 1000
[DEBUG]: Node List is: ['lrdn2347', 'lrdn2456', 'lrdn2501', 'lrdn2523', 'lrdn2569', 'lrdn2630', 'lrdn2651', 'lrdn2674', 'lrdn2695', 'lrdn2715']
[DEBUG]: Detected CRAB_SYSTEM=leonardo. Adding SLURM option: --partition=boost_usr_prod
[DEBUG]: SLURM command is: srun --export=ALL --partition=boost_usr_prod --nodelist lrdn2347,lrdn2456,lrdn2501,lrdn2523,lrdn2569,lrdn2630,lrdn2651,lrdn2674,lrdn2695,lrdn2715 --cpu-bind=socket -n 10 -N 10 /leonardo/home/userexternal/lpiarull/CRAB/benchmarks/blink/bin/bursty_noise_incast 0.000001 0.1
[DEBUG]: Node List is: ['lrdn2244', 'lrdn2412', 'lrdn2478', 'lrdn2517', 'lrdn2552', 'lrdn2572', 'lrdn2636', 'lrdn2656', 'lrdn2679', 'lrdn2707']
[DEBUG]: Detected CRAB_SYSTEM=leonardo. Adding SLURM option: --partition=boost_usr_prod
[DEBUG]: SLURM command is: srun --export=ALL --partition=boost_usr_prod --nodelist lrdn2244,lrdn2412,lrdn2478,lrdn2517,lrdn2552,lrdn2572,lrdn2636,lrdn2656,lrdn2679,lrdn2707 --cpu-bind=socket -n 10 -N 10 /leonardo/home/userexternal/lpiarull/CRAB/benchmarks/blink/bin/a2a_comm_only -msgsize 64 -iter 1000
[DEBUG]: Node List is: ['lrdn2244', 'lrdn2412', 'lrdn2478', 'lrdn2517', 'lrdn2552', 'lrdn2572', 'lrdn2636', 'lrdn2656', 'lrdn2679', 'lrdn2707']
[DEBUG]: Detected CRAB_SYSTEM=leonardo. Adding SLURM option: --partition=boost_usr_prod
[DEBUG]: SLURM command is: srun --export=ALL --partition=boost_usr_prod --nodelist lrdn2244,lrdn2412,lrdn2478,lrdn2517,lrdn2552,lrdn2572,lrdn2636,lrdn2656,lrdn2679,lrdn2707 --cpu-bind=socket -n 10 -N 10 /leonardo/home/userexternal/lpiarull/CRAB/benchmarks/blink/bin/a2a_comm_only -msgsize 512 -iter 1000
[DEBUG]: Node List is: ['lrdn2244', 'lrdn2412', 'lrdn2478', 'lrdn2517', 'lrdn2552', 'lrdn2572', 'lrdn2636', 'lrdn2656', 'lrdn2679', 'lrdn2707']
[DEBUG]: Detected CRAB_SYSTEM=leonardo. Adding SLURM option: --partition=boost_usr_prod
[DEBUG]: SLURM command is: srun --export=ALL --partition=boost_usr_prod --nodelist lrdn2244,lrdn2412,lrdn2478,lrdn2517,lrdn2552,lrdn2572,lrdn2636,lrdn2656,lrdn2679,lrdn2707 --cpu-bind=socket -n 10 -N 10 /leonardo/home/userexternal/lpiarull/CRAB/benchmarks/blink/bin/a2a_comm_only -msgsize 4096 -iter 1000
[DEBUG]: Node List is: ['lrdn2244', 'lrdn2412', 'lrdn2478', 'lrdn2517', 'lrdn2552', 'lrdn2572', 'lrdn2636', 'lrdn2656', 'lrdn2679', 'lrdn2707']
[DEBUG]: Detected CRAB_SYSTEM=leonardo. Adding SLURM option: --partition=boost_usr_prod
[DEBUG]: SLURM command is: srun --export=ALL --partition=boost_usr_prod --nodelist lrdn2244,lrdn2412,lrdn2478,lrdn2517,lrdn2552,lrdn2572,lrdn2636,lrdn2656,lrdn2679,lrdn2707 --cpu-bind=socket -n 10 -N 10 /leonardo/home/userexternal/lpiarull/CRAB/benchmarks/blink/bin/a2a_comm_only -msgsize 32768 -iter 1000
[DEBUG]: Node List is: ['lrdn2244', 'lrdn2412', 'lrdn2478', 'lrdn2517', 'lrdn2552', 'lrdn2572', 'lrdn2636', 'lrdn2656', 'lrdn2679', 'lrdn2707']
[DEBUG]: Detected CRAB_SYSTEM=leonardo. Adding SLURM option: --partition=boost_usr_prod
[DEBUG]: SLURM command is: srun --export=ALL --partition=boost_usr_prod --nodelist lrdn2244,lrdn2412,lrdn2478,lrdn2517,lrdn2552,lrdn2572,lrdn2636,lrdn2656,lrdn2679,lrdn2707 --cpu-bind=socket -n 10 -N 10 /leonardo/home/userexternal/lpiarull/CRAB/benchmarks/blink/bin/a2a_comm_only -msgsize 262144 -iter 1000
[DEBUG]: Node List is: ['lrdn2244', 'lrdn2412', 'lrdn2478', 'lrdn2517', 'lrdn2552', 'lrdn2572', 'lrdn2636', 'lrdn2656', 'lrdn2679', 'lrdn2707']
[DEBUG]: Detected CRAB_SYSTEM=leonardo. Adding SLURM option: --partition=boost_usr_prod
[DEBUG]: SLURM command is: srun --export=ALL --partition=boost_usr_prod --nodelist lrdn2244,lrdn2412,lrdn2478,lrdn2517,lrdn2552,lrdn2572,lrdn2636,lrdn2656,lrdn2679,lrdn2707 --cpu-bind=socket -n 10 -N 10 /leonardo/home/userexternal/lpiarull/CRAB/benchmarks/blink/bin/a2a_comm_only -msgsize 2097152 -iter 1000
[DEBUG]: Node List is: ['lrdn2244', 'lrdn2412', 'lrdn2478', 'lrdn2517', 'lrdn2552', 'lrdn2572', 'lrdn2636', 'lrdn2656', 'lrdn2679', 'lrdn2707']
[DEBUG]: Detected CRAB_SYSTEM=leonardo. Adding SLURM option: --partition=boost_usr_prod
[DEBUG]: SLURM command is: srun --export=ALL --partition=boost_usr_prod --nodelist lrdn2244,lrdn2412,lrdn2478,lrdn2517,lrdn2552,lrdn2572,lrdn2636,lrdn2656,lrdn2679,lrdn2707 --cpu-bind=socket -n 10 -N 10 /leonardo/home/userexternal/lpiarull/CRAB/benchmarks/blink/bin/a2a_comm_only -msgsize 16777216 -iter 1000
Ran 1005 iterations. Measured 1000 iterations.
Ran 1005 iterations. Measured 1000 iterations.
Ran 1005 iterations. Measured 1000 iterations.
Ran 1005 iterations. Measured 1000 iterations.
Ran 1005 iterations. Measured 1000 iterations.
Ran 1005 iterations. Measured 1000 iterations.
Ran 1005 iterations. Measured 1000 iterations.
Ran 1005 iterations. Measured 1000 iterations.
--- [WARNING] App 8 ended with return code -9 ---
--- [INFO] Run 1 completata in 21.5647 secondi ---

Logging data...
Dati per App 0 salvati in: ./data/leonardo/2025-12-14_20-12-26-183718/data_app_0.csv
Dati per App 1 salvati in: ./data/leonardo/2025-12-14_20-12-26-183718/data_app_1.csv
Dati per App 2 salvati in: ./data/leonardo/2025-12-14_20-12-26-183718/data_app_2.csv
Dati per App 3 salvati in: ./data/leonardo/2025-12-14_20-12-26-183718/data_app_3.csv
Dati per App 4 salvati in: ./data/leonardo/2025-12-14_20-12-26-183718/data_app_4.csv
Dati per App 5 salvati in: ./data/leonardo/2025-12-14_20-12-26-183718/data_app_5.csv
Dati per App 6 salvati in: ./data/leonardo/2025-12-14_20-12-26-183718/data_app_6.csv
Dati per App 7 salvati in: ./data/leonardo/2025-12-14_20-12-26-183718/data_app_7.csv
--- [WORKER] Engine run finished. ---
