--- [WORKER MODE DETECTED] Work dir: ./data/leonardo/2025-12-14_19-04-17-167920 ---
--- [WORKER] Environment loaded. Starting engine. ---
--- [WORKER] Engine running in WORKER mode. ---
--- [WORKER] Working directory is: ./data/leonardo/2025-12-14_19-04-17-167920 ---
--- [WORKER] Allocating nodes provided by SLURM: lrdn[0929,0993,1085,1118,1131,1219,1247,1279,1306,1325,1332,1360,1395,1410,1418,1434,1444,1451,1484,1495] ---
--- [INFO] Partition 0 (Collect=True): 10 nodes. Rule: '100' ---
--- [INFO] Partition 1 (Collect=False): 10 nodes. Rule: '100' ---

Running Benchmarks...
 Run 1:
[DEBUG]: Node List is: ['lrdn0929', 'lrdn1085', 'lrdn1131', 'lrdn1247', 'lrdn1306', 'lrdn1332', 'lrdn1395', 'lrdn1418', 'lrdn1444', 'lrdn1484']
[DEBUG]: Detected CRAB_SYSTEM=leonardo. Adding SLURM option: --partition=boost_usr_prod
[DEBUG]: SLURM command is: srun --export=ALL --partition=boost_usr_prod --nodelist lrdn0929,lrdn1085,lrdn1131,lrdn1247,lrdn1306,lrdn1332,lrdn1395,lrdn1418,lrdn1444,lrdn1484 --cpu-bind=socket -n 10 -N 10 /leonardo/home/userexternal/lpiarull/CRAB/benchmarks/blink/bin/a2a_comm_only -msgsize 8 -iter 1000
[DEBUG]: Node List is: ['lrdn0993', 'lrdn1118', 'lrdn1219', 'lrdn1279', 'lrdn1325', 'lrdn1360', 'lrdn1410', 'lrdn1434', 'lrdn1451', 'lrdn1495']
[DEBUG]: Detected CRAB_SYSTEM=leonardo. Adding SLURM option: --partition=boost_usr_prod
[DEBUG]: SLURM command is: srun --export=ALL --partition=boost_usr_prod --nodelist lrdn0993,lrdn1118,lrdn1219,lrdn1279,lrdn1325,lrdn1360,lrdn1410,lrdn1434,lrdn1451,lrdn1495 --cpu-bind=socket -n 10 -N 10 /leonardo/home/userexternal/lpiarull/CRAB/benchmarks/blink/bin/noise_incast
[DEBUG]: Node List is: ['lrdn0929', 'lrdn1085', 'lrdn1131', 'lrdn1247', 'lrdn1306', 'lrdn1332', 'lrdn1395', 'lrdn1418', 'lrdn1444', 'lrdn1484']
[DEBUG]: Detected CRAB_SYSTEM=leonardo. Adding SLURM option: --partition=boost_usr_prod
[DEBUG]: SLURM command is: srun --export=ALL --partition=boost_usr_prod --nodelist lrdn0929,lrdn1085,lrdn1131,lrdn1247,lrdn1306,lrdn1332,lrdn1395,lrdn1418,lrdn1444,lrdn1484 --cpu-bind=socket -n 10 -N 10 /leonardo/home/userexternal/lpiarull/CRAB/benchmarks/blink/bin/a2a_comm_only -msgsize 64 -iter 1000
[DEBUG]: Node List is: ['lrdn0929', 'lrdn1085', 'lrdn1131', 'lrdn1247', 'lrdn1306', 'lrdn1332', 'lrdn1395', 'lrdn1418', 'lrdn1444', 'lrdn1484']
[DEBUG]: Detected CRAB_SYSTEM=leonardo. Adding SLURM option: --partition=boost_usr_prod
[DEBUG]: SLURM command is: srun --export=ALL --partition=boost_usr_prod --nodelist lrdn0929,lrdn1085,lrdn1131,lrdn1247,lrdn1306,lrdn1332,lrdn1395,lrdn1418,lrdn1444,lrdn1484 --cpu-bind=socket -n 10 -N 10 /leonardo/home/userexternal/lpiarull/CRAB/benchmarks/blink/bin/a2a_comm_only -msgsize 512 -iter 1000
[DEBUG]: Node List is: ['lrdn0929', 'lrdn1085', 'lrdn1131', 'lrdn1247', 'lrdn1306', 'lrdn1332', 'lrdn1395', 'lrdn1418', 'lrdn1444', 'lrdn1484']
[DEBUG]: Detected CRAB_SYSTEM=leonardo. Adding SLURM option: --partition=boost_usr_prod
[DEBUG]: SLURM command is: srun --export=ALL --partition=boost_usr_prod --nodelist lrdn0929,lrdn1085,lrdn1131,lrdn1247,lrdn1306,lrdn1332,lrdn1395,lrdn1418,lrdn1444,lrdn1484 --cpu-bind=socket -n 10 -N 10 /leonardo/home/userexternal/lpiarull/CRAB/benchmarks/blink/bin/a2a_comm_only -msgsize 4096 -iter 1000
[DEBUG]: Node List is: ['lrdn0929', 'lrdn1085', 'lrdn1131', 'lrdn1247', 'lrdn1306', 'lrdn1332', 'lrdn1395', 'lrdn1418', 'lrdn1444', 'lrdn1484']
[DEBUG]: Detected CRAB_SYSTEM=leonardo. Adding SLURM option: --partition=boost_usr_prod
[DEBUG]: SLURM command is: srun --export=ALL --partition=boost_usr_prod --nodelist lrdn0929,lrdn1085,lrdn1131,lrdn1247,lrdn1306,lrdn1332,lrdn1395,lrdn1418,lrdn1444,lrdn1484 --cpu-bind=socket -n 10 -N 10 /leonardo/home/userexternal/lpiarull/CRAB/benchmarks/blink/bin/a2a_comm_only -msgsize 32768 -iter 1000
[DEBUG]: Node List is: ['lrdn0929', 'lrdn1085', 'lrdn1131', 'lrdn1247', 'lrdn1306', 'lrdn1332', 'lrdn1395', 'lrdn1418', 'lrdn1444', 'lrdn1484']
[DEBUG]: Detected CRAB_SYSTEM=leonardo. Adding SLURM option: --partition=boost_usr_prod
[DEBUG]: SLURM command is: srun --export=ALL --partition=boost_usr_prod --nodelist lrdn0929,lrdn1085,lrdn1131,lrdn1247,lrdn1306,lrdn1332,lrdn1395,lrdn1418,lrdn1444,lrdn1484 --cpu-bind=socket -n 10 -N 10 /leonardo/home/userexternal/lpiarull/CRAB/benchmarks/blink/bin/a2a_comm_only -msgsize 262144 -iter 1000
[DEBUG]: Node List is: ['lrdn0929', 'lrdn1085', 'lrdn1131', 'lrdn1247', 'lrdn1306', 'lrdn1332', 'lrdn1395', 'lrdn1418', 'lrdn1444', 'lrdn1484']
[DEBUG]: Detected CRAB_SYSTEM=leonardo. Adding SLURM option: --partition=boost_usr_prod
[DEBUG]: SLURM command is: srun --export=ALL --partition=boost_usr_prod --nodelist lrdn0929,lrdn1085,lrdn1131,lrdn1247,lrdn1306,lrdn1332,lrdn1395,lrdn1418,lrdn1444,lrdn1484 --cpu-bind=socket -n 10 -N 10 /leonardo/home/userexternal/lpiarull/CRAB/benchmarks/blink/bin/a2a_comm_only -msgsize 2097152 -iter 1000
[DEBUG]: Node List is: ['lrdn0929', 'lrdn1085', 'lrdn1131', 'lrdn1247', 'lrdn1306', 'lrdn1332', 'lrdn1395', 'lrdn1418', 'lrdn1444', 'lrdn1484']
[DEBUG]: Detected CRAB_SYSTEM=leonardo. Adding SLURM option: --partition=boost_usr_prod
[DEBUG]: SLURM command is: srun --export=ALL --partition=boost_usr_prod --nodelist lrdn0929,lrdn1085,lrdn1131,lrdn1247,lrdn1306,lrdn1332,lrdn1395,lrdn1418,lrdn1444,lrdn1484 --cpu-bind=socket -n 10 -N 10 /leonardo/home/userexternal/lpiarull/CRAB/benchmarks/blink/bin/a2a_comm_only -msgsize 16777216 -iter 1000
Ran 1005 iterations. Measured 1000 iterations.
Ran 1005 iterations. Measured 1000 iterations.
Ran 1005 iterations. Measured 1000 iterations.
Ran 1005 iterations. Measured 1000 iterations.
Ran 1005 iterations. Measured 1000 iterations.
Ran 1005 iterations. Measured 1000 iterations.
Ran 1005 iterations. Measured 1000 iterations.
Ran 1005 iterations. Measured 1000 iterations.
--- [WARNING] App 8 ended with return code -9 ---
--- [INFO] Run 1 completata in 21.2961 secondi ---

Logging data...
Dati per App 0 salvati in: ./data/leonardo/2025-12-14_19-04-17-167920/data_app_0.csv
Dati per App 1 salvati in: ./data/leonardo/2025-12-14_19-04-17-167920/data_app_1.csv
Dati per App 2 salvati in: ./data/leonardo/2025-12-14_19-04-17-167920/data_app_2.csv
Dati per App 3 salvati in: ./data/leonardo/2025-12-14_19-04-17-167920/data_app_3.csv
Dati per App 4 salvati in: ./data/leonardo/2025-12-14_19-04-17-167920/data_app_4.csv
Dati per App 5 salvati in: ./data/leonardo/2025-12-14_19-04-17-167920/data_app_5.csv
Dati per App 6 salvati in: ./data/leonardo/2025-12-14_19-04-17-167920/data_app_6.csv
Dati per App 7 salvati in: ./data/leonardo/2025-12-14_19-04-17-167920/data_app_7.csv
--- [WORKER] Engine run finished. ---
