--- [WORKER MODE DETECTED] Work dir: ./data/leonardo/2025-12-02_14-00-12-766028 ---
--- [WORKER] Environment loaded. Starting engine. ---
--- [WORKER] Engine running in WORKER mode. ---
--- [WORKER] Working directory is: ./data/leonardo/2025-12-02_14-00-12-766028 ---
--- [WORKER] Allocating nodes provided by SLURM: lrdn[3439,3441-3446,3452] ---
--- [INFO] Partition 0 (Collect=True): 4 nodes. Rule: '100' ---
--- [INFO] Partition 1 (Collect=False): 4 nodes. Rule: '100' ---

Running Benchmarks...
 Run 1:
[DEBUG]: Node List is: ['lrdn3439', 'lrdn3442', 'lrdn3444', 'lrdn3446']
[DEBUG]: Detected CRAB_SYSTEM=leonardo. Adding SLURM option: --partition=boost_usr_prod
[DEBUG]: SLURM command is: srun --export=ALL --partition=boost_usr_prod --nodelist lrdn3439,lrdn3442,lrdn3444,lrdn3446 --cpu-bind=socket -n 4 -N 4 bash -c '
        module purge >&2
        module load openmpi >&2
        module list >&2
        /leonardo/home/userexternal/lpiarull/CRAB/benchmarks/blink/bin/a2a_b -msgsize 1024 -iter 10
        '
[DEBUG]: Node List is: ['lrdn3441', 'lrdn3443', 'lrdn3445', 'lrdn3452']
[DEBUG]: Detected CRAB_SYSTEM=leonardo. Adding SLURM option: --partition=boost_usr_prod
[DEBUG]: SLURM command is: srun --export=ALL --partition=boost_usr_prod --nodelist lrdn3441,lrdn3443,lrdn3445,lrdn3452 --cpu-bind=socket -n 4 -N 4 bash -c '
        module purge >&2
        module load openmpi >&2
        module list >&2
        /leonardo/home/userexternal/lpiarull/CRAB/benchmarks/blink/bin/a2a_b -msgsize 268435456 -iter 1000000
        '
[DEBUG]: Node List is: ['lrdn3439', 'lrdn3442', 'lrdn3444', 'lrdn3446']
[DEBUG]: Detected CRAB_SYSTEM=leonardo. Adding SLURM option: --partition=boost_usr_prod
[DEBUG]: SLURM command is: srun --export=ALL --partition=boost_usr_prod --nodelist lrdn3439,lrdn3442,lrdn3444,lrdn3446 --cpu-bind=socket -n 4 -N 4 bash -c '
        module purge >&2
        module load openmpi >&2
        module list >&2
        /leonardo/home/userexternal/lpiarull/CRAB/benchmarks/blink/bin/a2a_b -msgsize 65536 -iter 10
        '
[DEBUG]: Node List is: ['lrdn3439', 'lrdn3442', 'lrdn3444', 'lrdn3446']
[DEBUG]: Detected CRAB_SYSTEM=leonardo. Adding SLURM option: --partition=boost_usr_prod
[DEBUG]: SLURM command is: srun --export=ALL --partition=boost_usr_prod --nodelist lrdn3439,lrdn3442,lrdn3444,lrdn3446 --cpu-bind=socket -n 4 -N 4 bash -c '
        module purge >&2
        module load openmpi >&2
        module list >&2
        /leonardo/home/userexternal/lpiarull/CRAB/benchmarks/blink/bin/a2a_b -msgsize 1048576 -iter 10
        '
[DEBUG]: Node List is: ['lrdn3439', 'lrdn3442', 'lrdn3444', 'lrdn3446']
[DEBUG]: Detected CRAB_SYSTEM=leonardo. Adding SLURM option: --partition=boost_usr_prod
[DEBUG]: SLURM command is: srun --export=ALL --partition=boost_usr_prod --nodelist lrdn3439,lrdn3442,lrdn3444,lrdn3446 --cpu-bind=socket -n 4 -N 4 bash -c '
        module purge >&2
        module load openmpi >&2
        module list >&2
        /leonardo/home/userexternal/lpiarull/CRAB/benchmarks/blink/bin/a2a_b -msgsize 16777216 -iter 10
        '
Ran 15 iterations. Measured 10 iterations.
Ran 15 iterations. Measured 10 iterations.
Ran 15 iterations. Measured 10 iterations.
Ran 15 iterations. Measured 10 iterations.
--- [INFO] Run 1 completata in 10.5025 secondi ---

Logging data...
Dati per App 0 salvati in: ./data/leonardo/2025-12-02_14-00-12-766028/data_app_0.csv
Dati per App 1 salvati in: ./data/leonardo/2025-12-02_14-00-12-766028/data_app_1.csv
Dati per App 2 salvati in: ./data/leonardo/2025-12-02_14-00-12-766028/data_app_2.csv
Dati per App 3 salvati in: ./data/leonardo/2025-12-02_14-00-12-766028/data_app_3.csv
--- [WORKER] Engine run finished. ---
