--- [WORKER MODE DETECTED] Work dir: ./data/leonardo/2025-12-15_14-52-53-167334 ---
--- [WORKER] Environment loaded. Starting engine. ---
--- [WORKER] Engine running in WORKER mode. ---
--- [WORKER] Working directory is: ./data/leonardo/2025-12-15_14-52-53-167334 ---
--- [WORKER] Allocating nodes provided by SLURM: lrdn[0806,0986,1004,1070,1094,1286,1435,2176,2189,2198,2200,2212,2224,2240,2248,2255,2274,2279,2285,2306,2309,2323,2654,2852,2981,2996,3170,3203,3209,3228,3257,3261] ---
--- [INFO] Partition 0 (Collect=True): 16 nodes. Rule: '100' ---
--- [INFO] Partition 1 (Collect=False): 16 nodes. Rule: '100' ---

Running Benchmarks...
 Run 1:
[DEBUG]: Node List is: ['lrdn0806', 'lrdn1004', 'lrdn1094', 'lrdn1435', 'lrdn2189', 'lrdn2200', 'lrdn2224', 'lrdn2248', 'lrdn2274', 'lrdn2285', 'lrdn2309', 'lrdn2654', 'lrdn2981', 'lrdn3170', 'lrdn3209', 'lrdn3257']
[DEBUG]: Detected CRAB_SYSTEM=leonardo. Adding SLURM option: --partition=boost_usr_prod
[DEBUG]: SLURM command is: srun --export=ALL --partition=boost_usr_prod --nodelist lrdn0806,lrdn1004,lrdn1094,lrdn1435,lrdn2189,lrdn2200,lrdn2224,lrdn2248,lrdn2274,lrdn2285,lrdn2309,lrdn2654,lrdn2981,lrdn3170,lrdn3209,lrdn3257 --cpu-bind=socket -n 16 -N 16 /leonardo/home/userexternal/lpiarull/CRAB/benchmarks/blink/bin/a2a_comm_only -msgsize 8 -iter 1000
[DEBUG]: Node List is: ['lrdn0986', 'lrdn1070', 'lrdn1286', 'lrdn2176', 'lrdn2198', 'lrdn2212', 'lrdn2240', 'lrdn2255', 'lrdn2279', 'lrdn2306', 'lrdn2323', 'lrdn2852', 'lrdn2996', 'lrdn3203', 'lrdn3228', 'lrdn3261']
[DEBUG]: Detected CRAB_SYSTEM=leonardo. Adding SLURM option: --partition=boost_usr_prod
[DEBUG]: SLURM command is: srun --export=ALL --partition=boost_usr_prod --nodelist lrdn0986,lrdn1070,lrdn1286,lrdn2176,lrdn2198,lrdn2212,lrdn2240,lrdn2255,lrdn2279,lrdn2306,lrdn2323,lrdn2852,lrdn2996,lrdn3203,lrdn3228,lrdn3261 --cpu-bind=socket -n 16 -N 16 /leonardo/home/userexternal/lpiarull/CRAB/benchmarks/blink/bin/bursty_noise_incast 0.0001 0.01
[DEBUG]: Node List is: ['lrdn0806', 'lrdn1004', 'lrdn1094', 'lrdn1435', 'lrdn2189', 'lrdn2200', 'lrdn2224', 'lrdn2248', 'lrdn2274', 'lrdn2285', 'lrdn2309', 'lrdn2654', 'lrdn2981', 'lrdn3170', 'lrdn3209', 'lrdn3257']
[DEBUG]: Detected CRAB_SYSTEM=leonardo. Adding SLURM option: --partition=boost_usr_prod
[DEBUG]: SLURM command is: srun --export=ALL --partition=boost_usr_prod --nodelist lrdn0806,lrdn1004,lrdn1094,lrdn1435,lrdn2189,lrdn2200,lrdn2224,lrdn2248,lrdn2274,lrdn2285,lrdn2309,lrdn2654,lrdn2981,lrdn3170,lrdn3209,lrdn3257 --cpu-bind=socket -n 16 -N 16 /leonardo/home/userexternal/lpiarull/CRAB/benchmarks/blink/bin/a2a_comm_only -msgsize 64 -iter 1000
[DEBUG]: Node List is: ['lrdn0806', 'lrdn1004', 'lrdn1094', 'lrdn1435', 'lrdn2189', 'lrdn2200', 'lrdn2224', 'lrdn2248', 'lrdn2274', 'lrdn2285', 'lrdn2309', 'lrdn2654', 'lrdn2981', 'lrdn3170', 'lrdn3209', 'lrdn3257']
[DEBUG]: Detected CRAB_SYSTEM=leonardo. Adding SLURM option: --partition=boost_usr_prod
[DEBUG]: SLURM command is: srun --export=ALL --partition=boost_usr_prod --nodelist lrdn0806,lrdn1004,lrdn1094,lrdn1435,lrdn2189,lrdn2200,lrdn2224,lrdn2248,lrdn2274,lrdn2285,lrdn2309,lrdn2654,lrdn2981,lrdn3170,lrdn3209,lrdn3257 --cpu-bind=socket -n 16 -N 16 /leonardo/home/userexternal/lpiarull/CRAB/benchmarks/blink/bin/a2a_comm_only -msgsize 512 -iter 1000
[DEBUG]: Node List is: ['lrdn0806', 'lrdn1004', 'lrdn1094', 'lrdn1435', 'lrdn2189', 'lrdn2200', 'lrdn2224', 'lrdn2248', 'lrdn2274', 'lrdn2285', 'lrdn2309', 'lrdn2654', 'lrdn2981', 'lrdn3170', 'lrdn3209', 'lrdn3257']
[DEBUG]: Detected CRAB_SYSTEM=leonardo. Adding SLURM option: --partition=boost_usr_prod
[DEBUG]: SLURM command is: srun --export=ALL --partition=boost_usr_prod --nodelist lrdn0806,lrdn1004,lrdn1094,lrdn1435,lrdn2189,lrdn2200,lrdn2224,lrdn2248,lrdn2274,lrdn2285,lrdn2309,lrdn2654,lrdn2981,lrdn3170,lrdn3209,lrdn3257 --cpu-bind=socket -n 16 -N 16 /leonardo/home/userexternal/lpiarull/CRAB/benchmarks/blink/bin/a2a_comm_only -msgsize 4096 -iter 1000
[DEBUG]: Node List is: ['lrdn0806', 'lrdn1004', 'lrdn1094', 'lrdn1435', 'lrdn2189', 'lrdn2200', 'lrdn2224', 'lrdn2248', 'lrdn2274', 'lrdn2285', 'lrdn2309', 'lrdn2654', 'lrdn2981', 'lrdn3170', 'lrdn3209', 'lrdn3257']
[DEBUG]: Detected CRAB_SYSTEM=leonardo. Adding SLURM option: --partition=boost_usr_prod
[DEBUG]: SLURM command is: srun --export=ALL --partition=boost_usr_prod --nodelist lrdn0806,lrdn1004,lrdn1094,lrdn1435,lrdn2189,lrdn2200,lrdn2224,lrdn2248,lrdn2274,lrdn2285,lrdn2309,lrdn2654,lrdn2981,lrdn3170,lrdn3209,lrdn3257 --cpu-bind=socket -n 16 -N 16 /leonardo/home/userexternal/lpiarull/CRAB/benchmarks/blink/bin/a2a_comm_only -msgsize 32768 -iter 1000
[DEBUG]: Node List is: ['lrdn0806', 'lrdn1004', 'lrdn1094', 'lrdn1435', 'lrdn2189', 'lrdn2200', 'lrdn2224', 'lrdn2248', 'lrdn2274', 'lrdn2285', 'lrdn2309', 'lrdn2654', 'lrdn2981', 'lrdn3170', 'lrdn3209', 'lrdn3257']
[DEBUG]: Detected CRAB_SYSTEM=leonardo. Adding SLURM option: --partition=boost_usr_prod
[DEBUG]: SLURM command is: srun --export=ALL --partition=boost_usr_prod --nodelist lrdn0806,lrdn1004,lrdn1094,lrdn1435,lrdn2189,lrdn2200,lrdn2224,lrdn2248,lrdn2274,lrdn2285,lrdn2309,lrdn2654,lrdn2981,lrdn3170,lrdn3209,lrdn3257 --cpu-bind=socket -n 16 -N 16 /leonardo/home/userexternal/lpiarull/CRAB/benchmarks/blink/bin/a2a_comm_only -msgsize 262144 -iter 1000
[DEBUG]: Node List is: ['lrdn0806', 'lrdn1004', 'lrdn1094', 'lrdn1435', 'lrdn2189', 'lrdn2200', 'lrdn2224', 'lrdn2248', 'lrdn2274', 'lrdn2285', 'lrdn2309', 'lrdn2654', 'lrdn2981', 'lrdn3170', 'lrdn3209', 'lrdn3257']
[DEBUG]: Detected CRAB_SYSTEM=leonardo. Adding SLURM option: --partition=boost_usr_prod
[DEBUG]: SLURM command is: srun --export=ALL --partition=boost_usr_prod --nodelist lrdn0806,lrdn1004,lrdn1094,lrdn1435,lrdn2189,lrdn2200,lrdn2224,lrdn2248,lrdn2274,lrdn2285,lrdn2309,lrdn2654,lrdn2981,lrdn3170,lrdn3209,lrdn3257 --cpu-bind=socket -n 16 -N 16 /leonardo/home/userexternal/lpiarull/CRAB/benchmarks/blink/bin/a2a_comm_only -msgsize 2097152 -iter 1000
[DEBUG]: Node List is: ['lrdn0806', 'lrdn1004', 'lrdn1094', 'lrdn1435', 'lrdn2189', 'lrdn2200', 'lrdn2224', 'lrdn2248', 'lrdn2274', 'lrdn2285', 'lrdn2309', 'lrdn2654', 'lrdn2981', 'lrdn3170', 'lrdn3209', 'lrdn3257']
[DEBUG]: Detected CRAB_SYSTEM=leonardo. Adding SLURM option: --partition=boost_usr_prod
[DEBUG]: SLURM command is: srun --export=ALL --partition=boost_usr_prod --nodelist lrdn0806,lrdn1004,lrdn1094,lrdn1435,lrdn2189,lrdn2200,lrdn2224,lrdn2248,lrdn2274,lrdn2285,lrdn2309,lrdn2654,lrdn2981,lrdn3170,lrdn3209,lrdn3257 --cpu-bind=socket -n 16 -N 16 /leonardo/home/userexternal/lpiarull/CRAB/benchmarks/blink/bin/a2a_comm_only -msgsize 16777216 -iter 1000
Ran 1005 iterations. Measured 1000 iterations.
Ran 1005 iterations. Measured 1000 iterations.
Ran 1005 iterations. Measured 1000 iterations.
Ran 1005 iterations. Measured 1000 iterations.
Ran 1005 iterations. Measured 1000 iterations.
Ran 1005 iterations. Measured 1000 iterations.
Ran 1005 iterations. Measured 1000 iterations.
Ran 1005 iterations. Measured 1000 iterations.
--- [WARNING] App 8 ended with return code -9 ---
--- [INFO] Run 1 completata in 33.6291 secondi ---

Logging data...
Dati per App 0 salvati in: ./data/leonardo/2025-12-15_14-52-53-167334/data_app_0.csv
Dati per App 1 salvati in: ./data/leonardo/2025-12-15_14-52-53-167334/data_app_1.csv
Dati per App 2 salvati in: ./data/leonardo/2025-12-15_14-52-53-167334/data_app_2.csv
Dati per App 3 salvati in: ./data/leonardo/2025-12-15_14-52-53-167334/data_app_3.csv
Dati per App 4 salvati in: ./data/leonardo/2025-12-15_14-52-53-167334/data_app_4.csv
Dati per App 5 salvati in: ./data/leonardo/2025-12-15_14-52-53-167334/data_app_5.csv
Dati per App 6 salvati in: ./data/leonardo/2025-12-15_14-52-53-167334/data_app_6.csv
Dati per App 7 salvati in: ./data/leonardo/2025-12-15_14-52-53-167334/data_app_7.csv
--- [WORKER] Engine run finished. ---
