--- [WORKER MODE DETECTED] Work dir: ./data/cresco8/2025-12-17_23-54-57-098482 ---
--- [WORKER] Environment loaded. Starting engine. ---
--- [WORKER] Engine running in WORKER mode. ---
--- [WORKER] Working directory is: ./data/cresco8/2025-12-17_23-54-57-098482 ---
--- [WORKER] Allocating nodes provided by SLURM: cresco8x[333-588] ---
--- [INFO] Partition 0 (Collect=True): 128 nodes. Rule: '100' ---
--- [INFO] Partition 1 (Collect=False): 128 nodes. Rule: '100' ---

Running Benchmarks...
 Run 1:
[DEBUG]: Node List is: ['cresco8x333', 'cresco8x335', 'cresco8x337', 'cresco8x339', 'cresco8x341', 'cresco8x343', 'cresco8x345', 'cresco8x347', 'cresco8x349', 'cresco8x351', 'cresco8x353', 'cresco8x355', 'cresco8x357', 'cresco8x359', 'cresco8x361', 'cresco8x363', 'cresco8x365', 'cresco8x367', 'cresco8x369', 'cresco8x371', 'cresco8x373', 'cresco8x375', 'cresco8x377', 'cresco8x379', 'cresco8x381', 'cresco8x383', 'cresco8x385', 'cresco8x387', 'cresco8x389', 'cresco8x391', 'cresco8x393', 'cresco8x395', 'cresco8x397', 'cresco8x399', 'cresco8x401', 'cresco8x403', 'cresco8x405', 'cresco8x407', 'cresco8x409', 'cresco8x411', 'cresco8x413', 'cresco8x415', 'cresco8x417', 'cresco8x419', 'cresco8x421', 'cresco8x423', 'cresco8x425', 'cresco8x427', 'cresco8x429', 'cresco8x431', 'cresco8x433', 'cresco8x435', 'cresco8x437', 'cresco8x439', 'cresco8x441', 'cresco8x443', 'cresco8x445', 'cresco8x447', 'cresco8x449', 'cresco8x451', 'cresco8x453', 'cresco8x455', 'cresco8x457', 'cresco8x459', 'cresco8x461', 'cresco8x463', 'cresco8x465', 'cresco8x467', 'cresco8x469', 'cresco8x471', 'cresco8x473', 'cresco8x475', 'cresco8x477', 'cresco8x479', 'cresco8x481', 'cresco8x483', 'cresco8x485', 'cresco8x487', 'cresco8x489', 'cresco8x491', 'cresco8x493', 'cresco8x495', 'cresco8x497', 'cresco8x499', 'cresco8x501', 'cresco8x503', 'cresco8x505', 'cresco8x507', 'cresco8x509', 'cresco8x511', 'cresco8x513', 'cresco8x515', 'cresco8x517', 'cresco8x519', 'cresco8x521', 'cresco8x523', 'cresco8x525', 'cresco8x527', 'cresco8x529', 'cresco8x531', 'cresco8x533', 'cresco8x535', 'cresco8x537', 'cresco8x539', 'cresco8x541', 'cresco8x543', 'cresco8x545', 'cresco8x547', 'cresco8x549', 'cresco8x551', 'cresco8x553', 'cresco8x555', 'cresco8x557', 'cresco8x559', 'cresco8x561', 'cresco8x563', 'cresco8x565', 'cresco8x567', 'cresco8x569', 'cresco8x571', 'cresco8x573', 'cresco8x575', 'cresco8x577', 'cresco8x579', 'cresco8x581', 'cresco8x583', 'cresco8x585', 'cresco8x587']
[DEBUG]: SLURM command is: srun --export=ALL  --nodelist cresco8x333,cresco8x335,cresco8x337,cresco8x339,cresco8x341,cresco8x343,cresco8x345,cresco8x347,cresco8x349,cresco8x351,cresco8x353,cresco8x355,cresco8x357,cresco8x359,cresco8x361,cresco8x363,cresco8x365,cresco8x367,cresco8x369,cresco8x371,cresco8x373,cresco8x375,cresco8x377,cresco8x379,cresco8x381,cresco8x383,cresco8x385,cresco8x387,cresco8x389,cresco8x391,cresco8x393,cresco8x395,cresco8x397,cresco8x399,cresco8x401,cresco8x403,cresco8x405,cresco8x407,cresco8x409,cresco8x411,cresco8x413,cresco8x415,cresco8x417,cresco8x419,cresco8x421,cresco8x423,cresco8x425,cresco8x427,cresco8x429,cresco8x431,cresco8x433,cresco8x435,cresco8x437,cresco8x439,cresco8x441,cresco8x443,cresco8x445,cresco8x447,cresco8x449,cresco8x451,cresco8x453,cresco8x455,cresco8x457,cresco8x459,cresco8x461,cresco8x463,cresco8x465,cresco8x467,cresco8x469,cresco8x471,cresco8x473,cresco8x475,cresco8x477,cresco8x479,cresco8x481,cresco8x483,cresco8x485,cresco8x487,cresco8x489,cresco8x491,cresco8x493,cresco8x495,cresco8x497,cresco8x499,cresco8x501,cresco8x503,cresco8x505,cresco8x507,cresco8x509,cresco8x511,cresco8x513,cresco8x515,cresco8x517,cresco8x519,cresco8x521,cresco8x523,cresco8x525,cresco8x527,cresco8x529,cresco8x531,cresco8x533,cresco8x535,cresco8x537,cresco8x539,cresco8x541,cresco8x543,cresco8x545,cresco8x547,cresco8x549,cresco8x551,cresco8x553,cresco8x555,cresco8x557,cresco8x559,cresco8x561,cresco8x563,cresco8x565,cresco8x567,cresco8x569,cresco8x571,cresco8x573,cresco8x575,cresco8x577,cresco8x579,cresco8x581,cresco8x583,cresco8x585,cresco8x587 --cpu-bind=socket -n 128 -N 128 /afs/enea.it/fra/user/faltelli/CRAB/benchmarks/blink/bin/a2a_comm_only -msgsize 8 -iter 1000
[DEBUG]: Node List is: ['cresco8x334', 'cresco8x336', 'cresco8x338', 'cresco8x340', 'cresco8x342', 'cresco8x344', 'cresco8x346', 'cresco8x348', 'cresco8x350', 'cresco8x352', 'cresco8x354', 'cresco8x356', 'cresco8x358', 'cresco8x360', 'cresco8x362', 'cresco8x364', 'cresco8x366', 'cresco8x368', 'cresco8x370', 'cresco8x372', 'cresco8x374', 'cresco8x376', 'cresco8x378', 'cresco8x380', 'cresco8x382', 'cresco8x384', 'cresco8x386', 'cresco8x388', 'cresco8x390', 'cresco8x392', 'cresco8x394', 'cresco8x396', 'cresco8x398', 'cresco8x400', 'cresco8x402', 'cresco8x404', 'cresco8x406', 'cresco8x408', 'cresco8x410', 'cresco8x412', 'cresco8x414', 'cresco8x416', 'cresco8x418', 'cresco8x420', 'cresco8x422', 'cresco8x424', 'cresco8x426', 'cresco8x428', 'cresco8x430', 'cresco8x432', 'cresco8x434', 'cresco8x436', 'cresco8x438', 'cresco8x440', 'cresco8x442', 'cresco8x444', 'cresco8x446', 'cresco8x448', 'cresco8x450', 'cresco8x452', 'cresco8x454', 'cresco8x456', 'cresco8x458', 'cresco8x460', 'cresco8x462', 'cresco8x464', 'cresco8x466', 'cresco8x468', 'cresco8x470', 'cresco8x472', 'cresco8x474', 'cresco8x476', 'cresco8x478', 'cresco8x480', 'cresco8x482', 'cresco8x484', 'cresco8x486', 'cresco8x488', 'cresco8x490', 'cresco8x492', 'cresco8x494', 'cresco8x496', 'cresco8x498', 'cresco8x500', 'cresco8x502', 'cresco8x504', 'cresco8x506', 'cresco8x508', 'cresco8x510', 'cresco8x512', 'cresco8x514', 'cresco8x516', 'cresco8x518', 'cresco8x520', 'cresco8x522', 'cresco8x524', 'cresco8x526', 'cresco8x528', 'cresco8x530', 'cresco8x532', 'cresco8x534', 'cresco8x536', 'cresco8x538', 'cresco8x540', 'cresco8x542', 'cresco8x544', 'cresco8x546', 'cresco8x548', 'cresco8x550', 'cresco8x552', 'cresco8x554', 'cresco8x556', 'cresco8x558', 'cresco8x560', 'cresco8x562', 'cresco8x564', 'cresco8x566', 'cresco8x568', 'cresco8x570', 'cresco8x572', 'cresco8x574', 'cresco8x576', 'cresco8x578', 'cresco8x580', 'cresco8x582', 'cresco8x584', 'cresco8x586', 'cresco8x588']
[DEBUG]: SLURM command is: srun --export=ALL  --nodelist cresco8x334,cresco8x336,cresco8x338,cresco8x340,cresco8x342,cresco8x344,cresco8x346,cresco8x348,cresco8x350,cresco8x352,cresco8x354,cresco8x356,cresco8x358,cresco8x360,cresco8x362,cresco8x364,cresco8x366,cresco8x368,cresco8x370,cresco8x372,cresco8x374,cresco8x376,cresco8x378,cresco8x380,cresco8x382,cresco8x384,cresco8x386,cresco8x388,cresco8x390,cresco8x392,cresco8x394,cresco8x396,cresco8x398,cresco8x400,cresco8x402,cresco8x404,cresco8x406,cresco8x408,cresco8x410,cresco8x412,cresco8x414,cresco8x416,cresco8x418,cresco8x420,cresco8x422,cresco8x424,cresco8x426,cresco8x428,cresco8x430,cresco8x432,cresco8x434,cresco8x436,cresco8x438,cresco8x440,cresco8x442,cresco8x444,cresco8x446,cresco8x448,cresco8x450,cresco8x452,cresco8x454,cresco8x456,cresco8x458,cresco8x460,cresco8x462,cresco8x464,cresco8x466,cresco8x468,cresco8x470,cresco8x472,cresco8x474,cresco8x476,cresco8x478,cresco8x480,cresco8x482,cresco8x484,cresco8x486,cresco8x488,cresco8x490,cresco8x492,cresco8x494,cresco8x496,cresco8x498,cresco8x500,cresco8x502,cresco8x504,cresco8x506,cresco8x508,cresco8x510,cresco8x512,cresco8x514,cresco8x516,cresco8x518,cresco8x520,cresco8x522,cresco8x524,cresco8x526,cresco8x528,cresco8x530,cresco8x532,cresco8x534,cresco8x536,cresco8x538,cresco8x540,cresco8x542,cresco8x544,cresco8x546,cresco8x548,cresco8x550,cresco8x552,cresco8x554,cresco8x556,cresco8x558,cresco8x560,cresco8x562,cresco8x564,cresco8x566,cresco8x568,cresco8x570,cresco8x572,cresco8x574,cresco8x576,cresco8x578,cresco8x580,cresco8x582,cresco8x584,cresco8x586,cresco8x588 --cpu-bind=socket -n 128 -N 128 /afs/enea.it/fra/user/faltelli/CRAB/benchmarks/blink/bin/noise_incast -msgsize 16777216 -iter 100000
[DEBUG]: Node List is: ['cresco8x333', 'cresco8x335', 'cresco8x337', 'cresco8x339', 'cresco8x341', 'cresco8x343', 'cresco8x345', 'cresco8x347', 'cresco8x349', 'cresco8x351', 'cresco8x353', 'cresco8x355', 'cresco8x357', 'cresco8x359', 'cresco8x361', 'cresco8x363', 'cresco8x365', 'cresco8x367', 'cresco8x369', 'cresco8x371', 'cresco8x373', 'cresco8x375', 'cresco8x377', 'cresco8x379', 'cresco8x381', 'cresco8x383', 'cresco8x385', 'cresco8x387', 'cresco8x389', 'cresco8x391', 'cresco8x393', 'cresco8x395', 'cresco8x397', 'cresco8x399', 'cresco8x401', 'cresco8x403', 'cresco8x405', 'cresco8x407', 'cresco8x409', 'cresco8x411', 'cresco8x413', 'cresco8x415', 'cresco8x417', 'cresco8x419', 'cresco8x421', 'cresco8x423', 'cresco8x425', 'cresco8x427', 'cresco8x429', 'cresco8x431', 'cresco8x433', 'cresco8x435', 'cresco8x437', 'cresco8x439', 'cresco8x441', 'cresco8x443', 'cresco8x445', 'cresco8x447', 'cresco8x449', 'cresco8x451', 'cresco8x453', 'cresco8x455', 'cresco8x457', 'cresco8x459', 'cresco8x461', 'cresco8x463', 'cresco8x465', 'cresco8x467', 'cresco8x469', 'cresco8x471', 'cresco8x473', 'cresco8x475', 'cresco8x477', 'cresco8x479', 'cresco8x481', 'cresco8x483', 'cresco8x485', 'cresco8x487', 'cresco8x489', 'cresco8x491', 'cresco8x493', 'cresco8x495', 'cresco8x497', 'cresco8x499', 'cresco8x501', 'cresco8x503', 'cresco8x505', 'cresco8x507', 'cresco8x509', 'cresco8x511', 'cresco8x513', 'cresco8x515', 'cresco8x517', 'cresco8x519', 'cresco8x521', 'cresco8x523', 'cresco8x525', 'cresco8x527', 'cresco8x529', 'cresco8x531', 'cresco8x533', 'cresco8x535', 'cresco8x537', 'cresco8x539', 'cresco8x541', 'cresco8x543', 'cresco8x545', 'cresco8x547', 'cresco8x549', 'cresco8x551', 'cresco8x553', 'cresco8x555', 'cresco8x557', 'cresco8x559', 'cresco8x561', 'cresco8x563', 'cresco8x565', 'cresco8x567', 'cresco8x569', 'cresco8x571', 'cresco8x573', 'cresco8x575', 'cresco8x577', 'cresco8x579', 'cresco8x581', 'cresco8x583', 'cresco8x585', 'cresco8x587']
[DEBUG]: SLURM command is: srun --export=ALL  --nodelist cresco8x333,cresco8x335,cresco8x337,cresco8x339,cresco8x341,cresco8x343,cresco8x345,cresco8x347,cresco8x349,cresco8x351,cresco8x353,cresco8x355,cresco8x357,cresco8x359,cresco8x361,cresco8x363,cresco8x365,cresco8x367,cresco8x369,cresco8x371,cresco8x373,cresco8x375,cresco8x377,cresco8x379,cresco8x381,cresco8x383,cresco8x385,cresco8x387,cresco8x389,cresco8x391,cresco8x393,cresco8x395,cresco8x397,cresco8x399,cresco8x401,cresco8x403,cresco8x405,cresco8x407,cresco8x409,cresco8x411,cresco8x413,cresco8x415,cresco8x417,cresco8x419,cresco8x421,cresco8x423,cresco8x425,cresco8x427,cresco8x429,cresco8x431,cresco8x433,cresco8x435,cresco8x437,cresco8x439,cresco8x441,cresco8x443,cresco8x445,cresco8x447,cresco8x449,cresco8x451,cresco8x453,cresco8x455,cresco8x457,cresco8x459,cresco8x461,cresco8x463,cresco8x465,cresco8x467,cresco8x469,cresco8x471,cresco8x473,cresco8x475,cresco8x477,cresco8x479,cresco8x481,cresco8x483,cresco8x485,cresco8x487,cresco8x489,cresco8x491,cresco8x493,cresco8x495,cresco8x497,cresco8x499,cresco8x501,cresco8x503,cresco8x505,cresco8x507,cresco8x509,cresco8x511,cresco8x513,cresco8x515,cresco8x517,cresco8x519,cresco8x521,cresco8x523,cresco8x525,cresco8x527,cresco8x529,cresco8x531,cresco8x533,cresco8x535,cresco8x537,cresco8x539,cresco8x541,cresco8x543,cresco8x545,cresco8x547,cresco8x549,cresco8x551,cresco8x553,cresco8x555,cresco8x557,cresco8x559,cresco8x561,cresco8x563,cresco8x565,cresco8x567,cresco8x569,cresco8x571,cresco8x573,cresco8x575,cresco8x577,cresco8x579,cresco8x581,cresco8x583,cresco8x585,cresco8x587 --cpu-bind=socket -n 128 -N 128 /afs/enea.it/fra/user/faltelli/CRAB/benchmarks/blink/bin/a2a_comm_only -msgsize 64 -iter 1000
[DEBUG]: Node List is: ['cresco8x333', 'cresco8x335', 'cresco8x337', 'cresco8x339', 'cresco8x341', 'cresco8x343', 'cresco8x345', 'cresco8x347', 'cresco8x349', 'cresco8x351', 'cresco8x353', 'cresco8x355', 'cresco8x357', 'cresco8x359', 'cresco8x361', 'cresco8x363', 'cresco8x365', 'cresco8x367', 'cresco8x369', 'cresco8x371', 'cresco8x373', 'cresco8x375', 'cresco8x377', 'cresco8x379', 'cresco8x381', 'cresco8x383', 'cresco8x385', 'cresco8x387', 'cresco8x389', 'cresco8x391', 'cresco8x393', 'cresco8x395', 'cresco8x397', 'cresco8x399', 'cresco8x401', 'cresco8x403', 'cresco8x405', 'cresco8x407', 'cresco8x409', 'cresco8x411', 'cresco8x413', 'cresco8x415', 'cresco8x417', 'cresco8x419', 'cresco8x421', 'cresco8x423', 'cresco8x425', 'cresco8x427', 'cresco8x429', 'cresco8x431', 'cresco8x433', 'cresco8x435', 'cresco8x437', 'cresco8x439', 'cresco8x441', 'cresco8x443', 'cresco8x445', 'cresco8x447', 'cresco8x449', 'cresco8x451', 'cresco8x453', 'cresco8x455', 'cresco8x457', 'cresco8x459', 'cresco8x461', 'cresco8x463', 'cresco8x465', 'cresco8x467', 'cresco8x469', 'cresco8x471', 'cresco8x473', 'cresco8x475', 'cresco8x477', 'cresco8x479', 'cresco8x481', 'cresco8x483', 'cresco8x485', 'cresco8x487', 'cresco8x489', 'cresco8x491', 'cresco8x493', 'cresco8x495', 'cresco8x497', 'cresco8x499', 'cresco8x501', 'cresco8x503', 'cresco8x505', 'cresco8x507', 'cresco8x509', 'cresco8x511', 'cresco8x513', 'cresco8x515', 'cresco8x517', 'cresco8x519', 'cresco8x521', 'cresco8x523', 'cresco8x525', 'cresco8x527', 'cresco8x529', 'cresco8x531', 'cresco8x533', 'cresco8x535', 'cresco8x537', 'cresco8x539', 'cresco8x541', 'cresco8x543', 'cresco8x545', 'cresco8x547', 'cresco8x549', 'cresco8x551', 'cresco8x553', 'cresco8x555', 'cresco8x557', 'cresco8x559', 'cresco8x561', 'cresco8x563', 'cresco8x565', 'cresco8x567', 'cresco8x569', 'cresco8x571', 'cresco8x573', 'cresco8x575', 'cresco8x577', 'cresco8x579', 'cresco8x581', 'cresco8x583', 'cresco8x585', 'cresco8x587']
[DEBUG]: SLURM command is: srun --export=ALL  --nodelist cresco8x333,cresco8x335,cresco8x337,cresco8x339,cresco8x341,cresco8x343,cresco8x345,cresco8x347,cresco8x349,cresco8x351,cresco8x353,cresco8x355,cresco8x357,cresco8x359,cresco8x361,cresco8x363,cresco8x365,cresco8x367,cresco8x369,cresco8x371,cresco8x373,cresco8x375,cresco8x377,cresco8x379,cresco8x381,cresco8x383,cresco8x385,cresco8x387,cresco8x389,cresco8x391,cresco8x393,cresco8x395,cresco8x397,cresco8x399,cresco8x401,cresco8x403,cresco8x405,cresco8x407,cresco8x409,cresco8x411,cresco8x413,cresco8x415,cresco8x417,cresco8x419,cresco8x421,cresco8x423,cresco8x425,cresco8x427,cresco8x429,cresco8x431,cresco8x433,cresco8x435,cresco8x437,cresco8x439,cresco8x441,cresco8x443,cresco8x445,cresco8x447,cresco8x449,cresco8x451,cresco8x453,cresco8x455,cresco8x457,cresco8x459,cresco8x461,cresco8x463,cresco8x465,cresco8x467,cresco8x469,cresco8x471,cresco8x473,cresco8x475,cresco8x477,cresco8x479,cresco8x481,cresco8x483,cresco8x485,cresco8x487,cresco8x489,cresco8x491,cresco8x493,cresco8x495,cresco8x497,cresco8x499,cresco8x501,cresco8x503,cresco8x505,cresco8x507,cresco8x509,cresco8x511,cresco8x513,cresco8x515,cresco8x517,cresco8x519,cresco8x521,cresco8x523,cresco8x525,cresco8x527,cresco8x529,cresco8x531,cresco8x533,cresco8x535,cresco8x537,cresco8x539,cresco8x541,cresco8x543,cresco8x545,cresco8x547,cresco8x549,cresco8x551,cresco8x553,cresco8x555,cresco8x557,cresco8x559,cresco8x561,cresco8x563,cresco8x565,cresco8x567,cresco8x569,cresco8x571,cresco8x573,cresco8x575,cresco8x577,cresco8x579,cresco8x581,cresco8x583,cresco8x585,cresco8x587 --cpu-bind=socket -n 128 -N 128 /afs/enea.it/fra/user/faltelli/CRAB/benchmarks/blink/bin/a2a_comm_only -msgsize 512 -iter 1000
[DEBUG]: Node List is: ['cresco8x333', 'cresco8x335', 'cresco8x337', 'cresco8x339', 'cresco8x341', 'cresco8x343', 'cresco8x345', 'cresco8x347', 'cresco8x349', 'cresco8x351', 'cresco8x353', 'cresco8x355', 'cresco8x357', 'cresco8x359', 'cresco8x361', 'cresco8x363', 'cresco8x365', 'cresco8x367', 'cresco8x369', 'cresco8x371', 'cresco8x373', 'cresco8x375', 'cresco8x377', 'cresco8x379', 'cresco8x381', 'cresco8x383', 'cresco8x385', 'cresco8x387', 'cresco8x389', 'cresco8x391', 'cresco8x393', 'cresco8x395', 'cresco8x397', 'cresco8x399', 'cresco8x401', 'cresco8x403', 'cresco8x405', 'cresco8x407', 'cresco8x409', 'cresco8x411', 'cresco8x413', 'cresco8x415', 'cresco8x417', 'cresco8x419', 'cresco8x421', 'cresco8x423', 'cresco8x425', 'cresco8x427', 'cresco8x429', 'cresco8x431', 'cresco8x433', 'cresco8x435', 'cresco8x437', 'cresco8x439', 'cresco8x441', 'cresco8x443', 'cresco8x445', 'cresco8x447', 'cresco8x449', 'cresco8x451', 'cresco8x453', 'cresco8x455', 'cresco8x457', 'cresco8x459', 'cresco8x461', 'cresco8x463', 'cresco8x465', 'cresco8x467', 'cresco8x469', 'cresco8x471', 'cresco8x473', 'cresco8x475', 'cresco8x477', 'cresco8x479', 'cresco8x481', 'cresco8x483', 'cresco8x485', 'cresco8x487', 'cresco8x489', 'cresco8x491', 'cresco8x493', 'cresco8x495', 'cresco8x497', 'cresco8x499', 'cresco8x501', 'cresco8x503', 'cresco8x505', 'cresco8x507', 'cresco8x509', 'cresco8x511', 'cresco8x513', 'cresco8x515', 'cresco8x517', 'cresco8x519', 'cresco8x521', 'cresco8x523', 'cresco8x525', 'cresco8x527', 'cresco8x529', 'cresco8x531', 'cresco8x533', 'cresco8x535', 'cresco8x537', 'cresco8x539', 'cresco8x541', 'cresco8x543', 'cresco8x545', 'cresco8x547', 'cresco8x549', 'cresco8x551', 'cresco8x553', 'cresco8x555', 'cresco8x557', 'cresco8x559', 'cresco8x561', 'cresco8x563', 'cresco8x565', 'cresco8x567', 'cresco8x569', 'cresco8x571', 'cresco8x573', 'cresco8x575', 'cresco8x577', 'cresco8x579', 'cresco8x581', 'cresco8x583', 'cresco8x585', 'cresco8x587']
[DEBUG]: SLURM command is: srun --export=ALL  --nodelist cresco8x333,cresco8x335,cresco8x337,cresco8x339,cresco8x341,cresco8x343,cresco8x345,cresco8x347,cresco8x349,cresco8x351,cresco8x353,cresco8x355,cresco8x357,cresco8x359,cresco8x361,cresco8x363,cresco8x365,cresco8x367,cresco8x369,cresco8x371,cresco8x373,cresco8x375,cresco8x377,cresco8x379,cresco8x381,cresco8x383,cresco8x385,cresco8x387,cresco8x389,cresco8x391,cresco8x393,cresco8x395,cresco8x397,cresco8x399,cresco8x401,cresco8x403,cresco8x405,cresco8x407,cresco8x409,cresco8x411,cresco8x413,cresco8x415,cresco8x417,cresco8x419,cresco8x421,cresco8x423,cresco8x425,cresco8x427,cresco8x429,cresco8x431,cresco8x433,cresco8x435,cresco8x437,cresco8x439,cresco8x441,cresco8x443,cresco8x445,cresco8x447,cresco8x449,cresco8x451,cresco8x453,cresco8x455,cresco8x457,cresco8x459,cresco8x461,cresco8x463,cresco8x465,cresco8x467,cresco8x469,cresco8x471,cresco8x473,cresco8x475,cresco8x477,cresco8x479,cresco8x481,cresco8x483,cresco8x485,cresco8x487,cresco8x489,cresco8x491,cresco8x493,cresco8x495,cresco8x497,cresco8x499,cresco8x501,cresco8x503,cresco8x505,cresco8x507,cresco8x509,cresco8x511,cresco8x513,cresco8x515,cresco8x517,cresco8x519,cresco8x521,cresco8x523,cresco8x525,cresco8x527,cresco8x529,cresco8x531,cresco8x533,cresco8x535,cresco8x537,cresco8x539,cresco8x541,cresco8x543,cresco8x545,cresco8x547,cresco8x549,cresco8x551,cresco8x553,cresco8x555,cresco8x557,cresco8x559,cresco8x561,cresco8x563,cresco8x565,cresco8x567,cresco8x569,cresco8x571,cresco8x573,cresco8x575,cresco8x577,cresco8x579,cresco8x581,cresco8x583,cresco8x585,cresco8x587 --cpu-bind=socket -n 128 -N 128 /afs/enea.it/fra/user/faltelli/CRAB/benchmarks/blink/bin/a2a_comm_only -msgsize 4096 -iter 1000
[DEBUG]: Node List is: ['cresco8x333', 'cresco8x335', 'cresco8x337', 'cresco8x339', 'cresco8x341', 'cresco8x343', 'cresco8x345', 'cresco8x347', 'cresco8x349', 'cresco8x351', 'cresco8x353', 'cresco8x355', 'cresco8x357', 'cresco8x359', 'cresco8x361', 'cresco8x363', 'cresco8x365', 'cresco8x367', 'cresco8x369', 'cresco8x371', 'cresco8x373', 'cresco8x375', 'cresco8x377', 'cresco8x379', 'cresco8x381', 'cresco8x383', 'cresco8x385', 'cresco8x387', 'cresco8x389', 'cresco8x391', 'cresco8x393', 'cresco8x395', 'cresco8x397', 'cresco8x399', 'cresco8x401', 'cresco8x403', 'cresco8x405', 'cresco8x407', 'cresco8x409', 'cresco8x411', 'cresco8x413', 'cresco8x415', 'cresco8x417', 'cresco8x419', 'cresco8x421', 'cresco8x423', 'cresco8x425', 'cresco8x427', 'cresco8x429', 'cresco8x431', 'cresco8x433', 'cresco8x435', 'cresco8x437', 'cresco8x439', 'cresco8x441', 'cresco8x443', 'cresco8x445', 'cresco8x447', 'cresco8x449', 'cresco8x451', 'cresco8x453', 'cresco8x455', 'cresco8x457', 'cresco8x459', 'cresco8x461', 'cresco8x463', 'cresco8x465', 'cresco8x467', 'cresco8x469', 'cresco8x471', 'cresco8x473', 'cresco8x475', 'cresco8x477', 'cresco8x479', 'cresco8x481', 'cresco8x483', 'cresco8x485', 'cresco8x487', 'cresco8x489', 'cresco8x491', 'cresco8x493', 'cresco8x495', 'cresco8x497', 'cresco8x499', 'cresco8x501', 'cresco8x503', 'cresco8x505', 'cresco8x507', 'cresco8x509', 'cresco8x511', 'cresco8x513', 'cresco8x515', 'cresco8x517', 'cresco8x519', 'cresco8x521', 'cresco8x523', 'cresco8x525', 'cresco8x527', 'cresco8x529', 'cresco8x531', 'cresco8x533', 'cresco8x535', 'cresco8x537', 'cresco8x539', 'cresco8x541', 'cresco8x543', 'cresco8x545', 'cresco8x547', 'cresco8x549', 'cresco8x551', 'cresco8x553', 'cresco8x555', 'cresco8x557', 'cresco8x559', 'cresco8x561', 'cresco8x563', 'cresco8x565', 'cresco8x567', 'cresco8x569', 'cresco8x571', 'cresco8x573', 'cresco8x575', 'cresco8x577', 'cresco8x579', 'cresco8x581', 'cresco8x583', 'cresco8x585', 'cresco8x587']
[DEBUG]: SLURM command is: srun --export=ALL  --nodelist cresco8x333,cresco8x335,cresco8x337,cresco8x339,cresco8x341,cresco8x343,cresco8x345,cresco8x347,cresco8x349,cresco8x351,cresco8x353,cresco8x355,cresco8x357,cresco8x359,cresco8x361,cresco8x363,cresco8x365,cresco8x367,cresco8x369,cresco8x371,cresco8x373,cresco8x375,cresco8x377,cresco8x379,cresco8x381,cresco8x383,cresco8x385,cresco8x387,cresco8x389,cresco8x391,cresco8x393,cresco8x395,cresco8x397,cresco8x399,cresco8x401,cresco8x403,cresco8x405,cresco8x407,cresco8x409,cresco8x411,cresco8x413,cresco8x415,cresco8x417,cresco8x419,cresco8x421,cresco8x423,cresco8x425,cresco8x427,cresco8x429,cresco8x431,cresco8x433,cresco8x435,cresco8x437,cresco8x439,cresco8x441,cresco8x443,cresco8x445,cresco8x447,cresco8x449,cresco8x451,cresco8x453,cresco8x455,cresco8x457,cresco8x459,cresco8x461,cresco8x463,cresco8x465,cresco8x467,cresco8x469,cresco8x471,cresco8x473,cresco8x475,cresco8x477,cresco8x479,cresco8x481,cresco8x483,cresco8x485,cresco8x487,cresco8x489,cresco8x491,cresco8x493,cresco8x495,cresco8x497,cresco8x499,cresco8x501,cresco8x503,cresco8x505,cresco8x507,cresco8x509,cresco8x511,cresco8x513,cresco8x515,cresco8x517,cresco8x519,cresco8x521,cresco8x523,cresco8x525,cresco8x527,cresco8x529,cresco8x531,cresco8x533,cresco8x535,cresco8x537,cresco8x539,cresco8x541,cresco8x543,cresco8x545,cresco8x547,cresco8x549,cresco8x551,cresco8x553,cresco8x555,cresco8x557,cresco8x559,cresco8x561,cresco8x563,cresco8x565,cresco8x567,cresco8x569,cresco8x571,cresco8x573,cresco8x575,cresco8x577,cresco8x579,cresco8x581,cresco8x583,cresco8x585,cresco8x587 --cpu-bind=socket -n 128 -N 128 /afs/enea.it/fra/user/faltelli/CRAB/benchmarks/blink/bin/a2a_comm_only -msgsize 32768 -iter 1000
[DEBUG]: Node List is: ['cresco8x333', 'cresco8x335', 'cresco8x337', 'cresco8x339', 'cresco8x341', 'cresco8x343', 'cresco8x345', 'cresco8x347', 'cresco8x349', 'cresco8x351', 'cresco8x353', 'cresco8x355', 'cresco8x357', 'cresco8x359', 'cresco8x361', 'cresco8x363', 'cresco8x365', 'cresco8x367', 'cresco8x369', 'cresco8x371', 'cresco8x373', 'cresco8x375', 'cresco8x377', 'cresco8x379', 'cresco8x381', 'cresco8x383', 'cresco8x385', 'cresco8x387', 'cresco8x389', 'cresco8x391', 'cresco8x393', 'cresco8x395', 'cresco8x397', 'cresco8x399', 'cresco8x401', 'cresco8x403', 'cresco8x405', 'cresco8x407', 'cresco8x409', 'cresco8x411', 'cresco8x413', 'cresco8x415', 'cresco8x417', 'cresco8x419', 'cresco8x421', 'cresco8x423', 'cresco8x425', 'cresco8x427', 'cresco8x429', 'cresco8x431', 'cresco8x433', 'cresco8x435', 'cresco8x437', 'cresco8x439', 'cresco8x441', 'cresco8x443', 'cresco8x445', 'cresco8x447', 'cresco8x449', 'cresco8x451', 'cresco8x453', 'cresco8x455', 'cresco8x457', 'cresco8x459', 'cresco8x461', 'cresco8x463', 'cresco8x465', 'cresco8x467', 'cresco8x469', 'cresco8x471', 'cresco8x473', 'cresco8x475', 'cresco8x477', 'cresco8x479', 'cresco8x481', 'cresco8x483', 'cresco8x485', 'cresco8x487', 'cresco8x489', 'cresco8x491', 'cresco8x493', 'cresco8x495', 'cresco8x497', 'cresco8x499', 'cresco8x501', 'cresco8x503', 'cresco8x505', 'cresco8x507', 'cresco8x509', 'cresco8x511', 'cresco8x513', 'cresco8x515', 'cresco8x517', 'cresco8x519', 'cresco8x521', 'cresco8x523', 'cresco8x525', 'cresco8x527', 'cresco8x529', 'cresco8x531', 'cresco8x533', 'cresco8x535', 'cresco8x537', 'cresco8x539', 'cresco8x541', 'cresco8x543', 'cresco8x545', 'cresco8x547', 'cresco8x549', 'cresco8x551', 'cresco8x553', 'cresco8x555', 'cresco8x557', 'cresco8x559', 'cresco8x561', 'cresco8x563', 'cresco8x565', 'cresco8x567', 'cresco8x569', 'cresco8x571', 'cresco8x573', 'cresco8x575', 'cresco8x577', 'cresco8x579', 'cresco8x581', 'cresco8x583', 'cresco8x585', 'cresco8x587']
[DEBUG]: SLURM command is: srun --export=ALL  --nodelist cresco8x333,cresco8x335,cresco8x337,cresco8x339,cresco8x341,cresco8x343,cresco8x345,cresco8x347,cresco8x349,cresco8x351,cresco8x353,cresco8x355,cresco8x357,cresco8x359,cresco8x361,cresco8x363,cresco8x365,cresco8x367,cresco8x369,cresco8x371,cresco8x373,cresco8x375,cresco8x377,cresco8x379,cresco8x381,cresco8x383,cresco8x385,cresco8x387,cresco8x389,cresco8x391,cresco8x393,cresco8x395,cresco8x397,cresco8x399,cresco8x401,cresco8x403,cresco8x405,cresco8x407,cresco8x409,cresco8x411,cresco8x413,cresco8x415,cresco8x417,cresco8x419,cresco8x421,cresco8x423,cresco8x425,cresco8x427,cresco8x429,cresco8x431,cresco8x433,cresco8x435,cresco8x437,cresco8x439,cresco8x441,cresco8x443,cresco8x445,cresco8x447,cresco8x449,cresco8x451,cresco8x453,cresco8x455,cresco8x457,cresco8x459,cresco8x461,cresco8x463,cresco8x465,cresco8x467,cresco8x469,cresco8x471,cresco8x473,cresco8x475,cresco8x477,cresco8x479,cresco8x481,cresco8x483,cresco8x485,cresco8x487,cresco8x489,cresco8x491,cresco8x493,cresco8x495,cresco8x497,cresco8x499,cresco8x501,cresco8x503,cresco8x505,cresco8x507,cresco8x509,cresco8x511,cresco8x513,cresco8x515,cresco8x517,cresco8x519,cresco8x521,cresco8x523,cresco8x525,cresco8x527,cresco8x529,cresco8x531,cresco8x533,cresco8x535,cresco8x537,cresco8x539,cresco8x541,cresco8x543,cresco8x545,cresco8x547,cresco8x549,cresco8x551,cresco8x553,cresco8x555,cresco8x557,cresco8x559,cresco8x561,cresco8x563,cresco8x565,cresco8x567,cresco8x569,cresco8x571,cresco8x573,cresco8x575,cresco8x577,cresco8x579,cresco8x581,cresco8x583,cresco8x585,cresco8x587 --cpu-bind=socket -n 128 -N 128 /afs/enea.it/fra/user/faltelli/CRAB/benchmarks/blink/bin/a2a_comm_only -msgsize 262144 -iter 1000
[DEBUG]: Node List is: ['cresco8x333', 'cresco8x335', 'cresco8x337', 'cresco8x339', 'cresco8x341', 'cresco8x343', 'cresco8x345', 'cresco8x347', 'cresco8x349', 'cresco8x351', 'cresco8x353', 'cresco8x355', 'cresco8x357', 'cresco8x359', 'cresco8x361', 'cresco8x363', 'cresco8x365', 'cresco8x367', 'cresco8x369', 'cresco8x371', 'cresco8x373', 'cresco8x375', 'cresco8x377', 'cresco8x379', 'cresco8x381', 'cresco8x383', 'cresco8x385', 'cresco8x387', 'cresco8x389', 'cresco8x391', 'cresco8x393', 'cresco8x395', 'cresco8x397', 'cresco8x399', 'cresco8x401', 'cresco8x403', 'cresco8x405', 'cresco8x407', 'cresco8x409', 'cresco8x411', 'cresco8x413', 'cresco8x415', 'cresco8x417', 'cresco8x419', 'cresco8x421', 'cresco8x423', 'cresco8x425', 'cresco8x427', 'cresco8x429', 'cresco8x431', 'cresco8x433', 'cresco8x435', 'cresco8x437', 'cresco8x439', 'cresco8x441', 'cresco8x443', 'cresco8x445', 'cresco8x447', 'cresco8x449', 'cresco8x451', 'cresco8x453', 'cresco8x455', 'cresco8x457', 'cresco8x459', 'cresco8x461', 'cresco8x463', 'cresco8x465', 'cresco8x467', 'cresco8x469', 'cresco8x471', 'cresco8x473', 'cresco8x475', 'cresco8x477', 'cresco8x479', 'cresco8x481', 'cresco8x483', 'cresco8x485', 'cresco8x487', 'cresco8x489', 'cresco8x491', 'cresco8x493', 'cresco8x495', 'cresco8x497', 'cresco8x499', 'cresco8x501', 'cresco8x503', 'cresco8x505', 'cresco8x507', 'cresco8x509', 'cresco8x511', 'cresco8x513', 'cresco8x515', 'cresco8x517', 'cresco8x519', 'cresco8x521', 'cresco8x523', 'cresco8x525', 'cresco8x527', 'cresco8x529', 'cresco8x531', 'cresco8x533', 'cresco8x535', 'cresco8x537', 'cresco8x539', 'cresco8x541', 'cresco8x543', 'cresco8x545', 'cresco8x547', 'cresco8x549', 'cresco8x551', 'cresco8x553', 'cresco8x555', 'cresco8x557', 'cresco8x559', 'cresco8x561', 'cresco8x563', 'cresco8x565', 'cresco8x567', 'cresco8x569', 'cresco8x571', 'cresco8x573', 'cresco8x575', 'cresco8x577', 'cresco8x579', 'cresco8x581', 'cresco8x583', 'cresco8x585', 'cresco8x587']
[DEBUG]: SLURM command is: srun --export=ALL  --nodelist cresco8x333,cresco8x335,cresco8x337,cresco8x339,cresco8x341,cresco8x343,cresco8x345,cresco8x347,cresco8x349,cresco8x351,cresco8x353,cresco8x355,cresco8x357,cresco8x359,cresco8x361,cresco8x363,cresco8x365,cresco8x367,cresco8x369,cresco8x371,cresco8x373,cresco8x375,cresco8x377,cresco8x379,cresco8x381,cresco8x383,cresco8x385,cresco8x387,cresco8x389,cresco8x391,cresco8x393,cresco8x395,cresco8x397,cresco8x399,cresco8x401,cresco8x403,cresco8x405,cresco8x407,cresco8x409,cresco8x411,cresco8x413,cresco8x415,cresco8x417,cresco8x419,cresco8x421,cresco8x423,cresco8x425,cresco8x427,cresco8x429,cresco8x431,cresco8x433,cresco8x435,cresco8x437,cresco8x439,cresco8x441,cresco8x443,cresco8x445,cresco8x447,cresco8x449,cresco8x451,cresco8x453,cresco8x455,cresco8x457,cresco8x459,cresco8x461,cresco8x463,cresco8x465,cresco8x467,cresco8x469,cresco8x471,cresco8x473,cresco8x475,cresco8x477,cresco8x479,cresco8x481,cresco8x483,cresco8x485,cresco8x487,cresco8x489,cresco8x491,cresco8x493,cresco8x495,cresco8x497,cresco8x499,cresco8x501,cresco8x503,cresco8x505,cresco8x507,cresco8x509,cresco8x511,cresco8x513,cresco8x515,cresco8x517,cresco8x519,cresco8x521,cresco8x523,cresco8x525,cresco8x527,cresco8x529,cresco8x531,cresco8x533,cresco8x535,cresco8x537,cresco8x539,cresco8x541,cresco8x543,cresco8x545,cresco8x547,cresco8x549,cresco8x551,cresco8x553,cresco8x555,cresco8x557,cresco8x559,cresco8x561,cresco8x563,cresco8x565,cresco8x567,cresco8x569,cresco8x571,cresco8x573,cresco8x575,cresco8x577,cresco8x579,cresco8x581,cresco8x583,cresco8x585,cresco8x587 --cpu-bind=socket -n 128 -N 128 /afs/enea.it/fra/user/faltelli/CRAB/benchmarks/blink/bin/a2a_comm_only -msgsize 2097152 -iter 1000
[DEBUG]: Node List is: ['cresco8x333', 'cresco8x335', 'cresco8x337', 'cresco8x339', 'cresco8x341', 'cresco8x343', 'cresco8x345', 'cresco8x347', 'cresco8x349', 'cresco8x351', 'cresco8x353', 'cresco8x355', 'cresco8x357', 'cresco8x359', 'cresco8x361', 'cresco8x363', 'cresco8x365', 'cresco8x367', 'cresco8x369', 'cresco8x371', 'cresco8x373', 'cresco8x375', 'cresco8x377', 'cresco8x379', 'cresco8x381', 'cresco8x383', 'cresco8x385', 'cresco8x387', 'cresco8x389', 'cresco8x391', 'cresco8x393', 'cresco8x395', 'cresco8x397', 'cresco8x399', 'cresco8x401', 'cresco8x403', 'cresco8x405', 'cresco8x407', 'cresco8x409', 'cresco8x411', 'cresco8x413', 'cresco8x415', 'cresco8x417', 'cresco8x419', 'cresco8x421', 'cresco8x423', 'cresco8x425', 'cresco8x427', 'cresco8x429', 'cresco8x431', 'cresco8x433', 'cresco8x435', 'cresco8x437', 'cresco8x439', 'cresco8x441', 'cresco8x443', 'cresco8x445', 'cresco8x447', 'cresco8x449', 'cresco8x451', 'cresco8x453', 'cresco8x455', 'cresco8x457', 'cresco8x459', 'cresco8x461', 'cresco8x463', 'cresco8x465', 'cresco8x467', 'cresco8x469', 'cresco8x471', 'cresco8x473', 'cresco8x475', 'cresco8x477', 'cresco8x479', 'cresco8x481', 'cresco8x483', 'cresco8x485', 'cresco8x487', 'cresco8x489', 'cresco8x491', 'cresco8x493', 'cresco8x495', 'cresco8x497', 'cresco8x499', 'cresco8x501', 'cresco8x503', 'cresco8x505', 'cresco8x507', 'cresco8x509', 'cresco8x511', 'cresco8x513', 'cresco8x515', 'cresco8x517', 'cresco8x519', 'cresco8x521', 'cresco8x523', 'cresco8x525', 'cresco8x527', 'cresco8x529', 'cresco8x531', 'cresco8x533', 'cresco8x535', 'cresco8x537', 'cresco8x539', 'cresco8x541', 'cresco8x543', 'cresco8x545', 'cresco8x547', 'cresco8x549', 'cresco8x551', 'cresco8x553', 'cresco8x555', 'cresco8x557', 'cresco8x559', 'cresco8x561', 'cresco8x563', 'cresco8x565', 'cresco8x567', 'cresco8x569', 'cresco8x571', 'cresco8x573', 'cresco8x575', 'cresco8x577', 'cresco8x579', 'cresco8x581', 'cresco8x583', 'cresco8x585', 'cresco8x587']
[DEBUG]: SLURM command is: srun --export=ALL  --nodelist cresco8x333,cresco8x335,cresco8x337,cresco8x339,cresco8x341,cresco8x343,cresco8x345,cresco8x347,cresco8x349,cresco8x351,cresco8x353,cresco8x355,cresco8x357,cresco8x359,cresco8x361,cresco8x363,cresco8x365,cresco8x367,cresco8x369,cresco8x371,cresco8x373,cresco8x375,cresco8x377,cresco8x379,cresco8x381,cresco8x383,cresco8x385,cresco8x387,cresco8x389,cresco8x391,cresco8x393,cresco8x395,cresco8x397,cresco8x399,cresco8x401,cresco8x403,cresco8x405,cresco8x407,cresco8x409,cresco8x411,cresco8x413,cresco8x415,cresco8x417,cresco8x419,cresco8x421,cresco8x423,cresco8x425,cresco8x427,cresco8x429,cresco8x431,cresco8x433,cresco8x435,cresco8x437,cresco8x439,cresco8x441,cresco8x443,cresco8x445,cresco8x447,cresco8x449,cresco8x451,cresco8x453,cresco8x455,cresco8x457,cresco8x459,cresco8x461,cresco8x463,cresco8x465,cresco8x467,cresco8x469,cresco8x471,cresco8x473,cresco8x475,cresco8x477,cresco8x479,cresco8x481,cresco8x483,cresco8x485,cresco8x487,cresco8x489,cresco8x491,cresco8x493,cresco8x495,cresco8x497,cresco8x499,cresco8x501,cresco8x503,cresco8x505,cresco8x507,cresco8x509,cresco8x511,cresco8x513,cresco8x515,cresco8x517,cresco8x519,cresco8x521,cresco8x523,cresco8x525,cresco8x527,cresco8x529,cresco8x531,cresco8x533,cresco8x535,cresco8x537,cresco8x539,cresco8x541,cresco8x543,cresco8x545,cresco8x547,cresco8x549,cresco8x551,cresco8x553,cresco8x555,cresco8x557,cresco8x559,cresco8x561,cresco8x563,cresco8x565,cresco8x567,cresco8x569,cresco8x571,cresco8x573,cresco8x575,cresco8x577,cresco8x579,cresco8x581,cresco8x583,cresco8x585,cresco8x587 --cpu-bind=socket -n 128 -N 128 /afs/enea.it/fra/user/faltelli/CRAB/benchmarks/blink/bin/a2a_comm_only -msgsize 16777216 -iter 1000
Ran 1005 iterations. Measured 1000 iterations.
Ran 1005 iterations. Measured 1000 iterations.
Ran 1005 iterations. Measured 1000 iterations.
Ran 1005 iterations. Measured 1000 iterations.
Ran 1005 iterations. Measured 1000 iterations.
Ran 1005 iterations. Measured 1000 iterations.
Ran 1005 iterations. Measured 1000 iterations.
--- [WARNING] App 7 ended with return code 255 ---
--- [ERROR] App 7 failed to provide data.
 Error: Failed to allocate send_buf on rank 94
Failed to allocate send_buf on rank 102
Failed to allocate send_buf on rank 109
Failed to allocate send_buf on rank 0
Failed to allocate send_buf on rank 97
Failed to allocate send_buf on rank 124
Failed to allocate send_buf on rank 33
Failed to allocate send_buf on rank 112
Failed to allocate send_buf on rank 10
Failed to allocate send_buf on rank 13
Failed to allocate send_buf on rank 67
Failed to allocate send_buf on rank 82
Failed to allocate send_buf on rank 12
Failed to allocate send_buf on rank 51
Failed to allocate send_buf on rank 3
Failed to allocate send_buf on rank 48
Failed to allocate send_buf on rank 11
Failed to allocate send_buf on rank 62
Failed to allocate send_buf on rank 46
Failed to allocate send_buf on rank 55
Failed to allocate send_buf on rank 6
Failed to allocate send_buf on rank 57
Failed to allocate send_buf on rank 72
Failed to allocate send_buf on rank 105
Failed to allocate send_buf on rank 111
Failed to allocate send_buf on rank 14
Failed to allocate send_buf on rank 77
Failed to allocate send_buf on rank 92
Failed to allocate send_buf on rank 108
Failed to allocate send_buf on rank 59
Failed to allocate send_buf on rank 44
Failed to allocate send_buf on rank 63
Failed to allocate send_buf on rank 36
Failed to allocate send_buf on rank 52
Failed to allocate send_buf on rank 40
Failed to allocate send_buf on rank 88
Failed to allocate send_buf on rank 68
Failed to allocate send_buf on rank 110
Failed to allocate send_buf on rank 35
Failed to allocate send_buf on rank 114
Failed to allocate send_buf on rank 60
Failed to allocate send_buf on rank 99
Failed to allocate send_buf on rank 96
Failed to allocate send_buf on rank 90
Failed to allocate send_buf on rank 100
Failed to allocate send_buf on rank 43
Failed to allocate send_buf on rank 1
Failed to allocate send_buf on rank 118
Failed to allocate send_buf on rank 84
Failed to allocate send_buf on rank 81
Failed to allocate send_buf on rank 71
Failed to allocate send_buf on rank 113
Failed to allocate send_buf on rank 104
Failed to allocate send_buf on rank 101
Failed to allocate send_buf on rank 103
Failed to allocate send_buf on rank 4
Failed to allocate send_buf on rank 49
Failed to allocate send_buf on rank 38
Failed to allocate send_buf on rank 2
Failed to allocate send_buf on rank 45
Failed to allocate send_buf on rank 87
Failed to allocate send_buf on rank 73
Failed to allocate send_buf on rank 58
Failed to allocate send_buf on rank 125
Failed to allocate send_buf on rank 20
Failed to allocate send_buf on rank 17
Failed to allocate send_buf on rank 119
Failed to allocate send_buf on rank 56
Failed to allocate send_buf on rank 18
Failed to allocate send_buf on rank 54
Failed to allocate send_buf on rank 15
Failed to allocate send_buf on rank 93
Failed to allocate send_buf on rank 70
Failed to allocate send_buf on rank 65
Failed to allocate send_buf on rank 98
Failed to allocate send_buf on rank 5
Failed to allocate send_buf on rank 107
Failed to allocate send_buf on rank 26
Failed to allocate send_buf on rank 78
Failed to allocate send_buf on rank 42
Failed to allocate send_buf on rank 120
Failed to allocate send_buf on rank 127
Failed to allocate send_buf on rank 79
Failed to allocate send_buf on rank 75
Failed to allocate send_buf on rank 9
Failed to allocate send_buf on rank 116
Failed to allocate send_buf on rank 50
Failed to allocate send_buf on rank 41
Failed to allocate send_buf on rank 8
Failed to allocate send_buf on rank 76
Failed to allocate send_buf on rank 69
Failed to allocate send_buf on rank 24
Failed to allocate send_buf on rank 117
Failed to allocate send_buf on rank 34
Failed to allocate send_buf on rank 61
Failed to allocate send_buf on rank 37
Failed to allocate send_buf on rank 85
Failed to allocate send_buf on rank 64
Failed to allocate send_buf on rank 23
Failed to allocate send_buf on rank 123
Failed to allocate send_buf on rank 66
Failed to allocate send_buf on rank 91
Failed to allocate send_buf on rank 25
Failed to allocate send_buf on rank 106
Failed to allocate send_buf on rank 47
Failed to allocate send_buf on rank 29
Failed to allocate send_buf on rank 39
Failed to allocate send_buf on rank 30
Failed to allocate send_buf on rank 126
Failed to allocate send_buf on rank 27
Failed to allocate send_buf on rank 16
Failed to allocate send_buf on rank 115
Failed to allocate send_buf on rank 7
Failed to allocate send_buf on rank 22
Failed to allocate send_buf on rank 74
Failed to allocate send_buf on rank 122
Failed to allocate send_buf on rank 53
Failed to allocate send_buf on rank 32
Failed to allocate send_buf on rank 86
Failed to allocate send_buf on rank 28
Failed to allocate send_buf on rank 21
Failed to allocate send_buf on rank 121
Failed to allocate send_buf on rank 89
Failed to allocate send_buf on rank 80
Failed to allocate send_buf on rank 31
Failed to allocate send_buf on rank 19
Failed to allocate send_buf on rank 83
Failed to allocate send_buf on rank 95
srun: error: cresco8x565: task 116: Exited with exit code 255
srun: error: cresco8x427: task 47: Exited with exit code 255
srun: error: cresco8x567: task 117: Exited with exit code 255
srun: error: cresco8x561: task 114: Exited with exit code 255
srun: error: cresco8x541: task 104: Exited with exit code 255
srun: error: cresco8x545: task 106: Exited with exit code 255
srun: error: cresco8x415: task 41: Exited with exit code 255
srun: error: cresco8x585: task 126: Exited with exit code 255
srun: error: cresco8x559: task 113: Exited with exit code 255
srun: error: cresco8x495: task 81: Exited with exit code 255
srun: error: cresco8x431: task 49: Exited with exit code 255
srun: error: cresco8x457: task 62: Exited with exit code 255
srun: error: cresco8x501: task 84: Exited with exit code 255
srun: error: cresco8x527: task 97: Exited with exit code 255
srun: error: cresco8x571: task 119: Exited with exit code 255
srun: error: cresco8x573: task 120: Exited with exit code 255
srun: error: cresco8x437: task 52: Exited with exit code 255
srun: error: cresco8x487: task 77: Exited with exit code 255
srun: error: cresco8x393: task 30: Exited with exit code 255
srun: error: cresco8x581: task 124: Exited with exit code 255
srun: error: cresco8x433: task 50: Exited with exit code 255
srun: error: cresco8x543: task 105: Exited with exit code 255
srun: error: cresco8x341: task 4: Exited with exit code 255
srun: error: cresco8x529: task 98: Exited with exit code 255
srun: error: cresco8x435: task 51: Exited with exit code 255
srun: error: cresco8x521: task 94: Exited with exit code 255
srun: error: cresco8x505: task 86: Exited with exit code 255
srun: error: cresco8x489: task 78: Exited with exit code 255
srun: error: cresco8x563: task 115: Exited with exit code 255
srun: error: cresco8x553: task 110: Exited with exit code 255
srun: error: cresco8x417: task 42: Exited with exit code 255
srun: error: cresco8x539: task 103: Exited with exit code 255
srun: error: cresco8x583: task 125: Exited with exit code 255
srun: error: cresco8x579: task 123: Exited with exit code 255
srun: error: cresco8x443: task 55: Exited with exit code 255
srun: error: cresco8x421: task 44: Exited with exit code 255
srun: error: cresco8x447: task 57: Exited with exit code 255
srun: error: cresco8x569: task 118: Exited with exit code 255
srun: error: cresco8x463: task 65: Exited with exit code 255
srun: error: cresco8x351: task 9: Exited with exit code 255
srun: error: cresco8x503: task 85: Exited with exit code 255
srun: error: cresco8x391: task 29: Exited with exit code 255
srun: error: cresco8x459: task 63: Exited with exit code 255
srun: error: cresco8x425: task 46: Exited with exit code 255
srun: error: cresco8x439: task 53: Exited with exit code 255
srun: error: cresco8x507: task 87: Exited with exit code 255
srun: error: cresco8x455: task 61: Exited with exit code 255
srun: error: cresco8x535: task 101: Exited with exit code 255
srun: error: cresco8x339: task 3: Exited with exit code 255
srun: error: cresco8x335: task 1: Exited with exit code 255
srun: error: cresco8x523: task 95: Exited with exit code 255
srun: error: cresco8x441: task 54: Exited with exit code 255
srun: error: cresco8x587: task 127: Exited with exit code 255
srun: error: cresco8x337: task 2: Exited with exit code 255
srun: error: cresco8x525: task 96: Exited with exit code 255
srun: error: cresco8x461: task 64: Exited with exit code 255
srun: error: cresco8x373: task 20: Exited with exit code 255
srun: error: cresco8x375: task 21: Exited with exit code 255
srun: error: cresco8x413: task 40: Exited with exit code 255
srun: error: cresco8x445: task 56: Exited with exit code 255
srun: error: cresco8x423: task 45: Exited with exit code 255
srun: error: cresco8x533: task 100: Exited with exit code 255
srun: error: cresco8x385: task 26: Exited with exit code 255
srun: error: cresco8x531: task 99: Exited with exit code 255
srun: error: cresco8x497: task 82: Exited with exit code 255
srun: error: cresco8x511: task 89: Exited with exit code 255
srun: error: cresco8x465: task 66: Exited with exit code 255
srun: error: cresco8x365: task 16: Exited with exit code 255
srun: error: cresco8x469: task 68: Exited with exit code 255
srun: error: cresco8x387: task 27: Exited with exit code 255
srun: error: cresco8x449: task 58: Exited with exit code 255
srun: error: cresco8x547: task 107: Exited with exit code 255
srun: error: cresco8x369: task 18: Exited with exit code 255
srun: error: cresco8x509: task 88: Exited with exit code 255
srun: error: cresco8x409: task 38: Exited with exit code 255
srun: error: cresco8x483: task 75: Exited with exit code 255
srun: error: cresco8x467: task 67: Exited with exit code 255
srun: error: cresco8x343: task 5: Exited with exit code 255
srun: error: cresco8x519: task 93: Exited with exit code 255
srun: error: cresco8x551: task 109: Exited with exit code 255
srun: error: cresco8x451: task 59: Exited with exit code 255
srun: error: cresco8x363: task 15: Exited with exit code 255
srun: error: cresco8x371: task 19: Exited with exit code 255
srun: error: cresco8x493: task 80: Exited with exit code 255
srun: error: cresco8x537: task 102: Exited with exit code 255
srun: error: cresco8x347: task 7: Exited with exit code 255
srun: error: cresco8x349: task 8: Exited with exit code 255
srun: error: cresco8x411: task 39: Exited with exit code 255
srun: error: cresco8x419: task 43: Exited with exit code 255
srun: error: cresco8x481: task 74: Exited with exit code 255
srun: error: cresco8x429: task 48: Exited with exit code 255
srun: error: cresco8x491: task 79: Exited with exit code 255
srun: error: cresco8x475: task 71: Exited with exit code 255
srun: error: cresco8x513: task 90: Exited with exit code 255
srun: error: cresco8x389: task 28: Exited with exit code 255
srun: error: cresco8x403: task 35: Exited with exit code 255
srun: error: cresco8x399: task 33: Exited with exit code 255
srun: error: cresco8x377: task 22: Exited with exit code 255
srun: error: cresco8x499: task 83: Exited with exit code 255
srun: error: cresco8x549: task 108: Exited with exit code 255
srun: error: cresco8x485: task 76: Exited with exit code 255
srun: error: cresco8x361: task 14: Exited with exit code 255
srun: error: cresco8x405: task 36: Exited with exit code 255
srun: error: cresco8x575: task 121: Exited with exit code 255
srun: error: cresco8x517: task 92: Exited with exit code 255
srun: error: cresco8x453: task 60: Exited with exit code 255
srun: error: cresco8x395: task 31: Exited with exit code 255
srun: error: cresco8x577: task 122: Exited with exit code 255
srun: error: cresco8x477: task 72: Exited with exit code 255
srun: error: cresco8x515: task 91: Exited with exit code 255
srun: error: cresco8x379: task 23: Exited with exit code 255
srun: error: cresco8x357: task 12: Exited with exit code 255
srun: error: cresco8x473: task 70: Exited with exit code 255
srun: error: cresco8x555: task 111: Exited with exit code 255
srun: error: cresco8x407: task 37: Exited with exit code 255
srun: error: cresco8x381: task 24: Exited with exit code 255
srun: error: cresco8x353: task 10: Exited with exit code 255
srun: error: cresco8x471: task 69: Exited with exit code 255
srun: error: cresco8x479: task 73: Exited with exit code 255
srun: error: cresco8x557: task 112: Exited with exit code 255
srun: error: cresco8x359: task 13: Exited with exit code 255
srun: error: cresco8x383: task 25: Exited with exit code 255
srun: error: cresco8x397: task 32: Exited with exit code 255
srun: error: cresco8x367: task 17: Exited with exit code 255
srun: error: cresco8x345: task 6: Exited with exit code 255
srun: error: cresco8x355: task 11: Exited with exit code 255
srun: error: cresco8x401: task 34: Exited with exit code 255
srun: error: cresco8x333: task 0: Exited with exit code 255
 ---
--- [WARNING] App 8 ended with return code -9 ---
--- [INFO] Run 1 completata in 66.3398 secondi ---

Logging data...
Dati per App 0 salvati in: ./data/cresco8/2025-12-17_23-54-57-098482/data_app_0.csv
Dati per App 1 salvati in: ./data/cresco8/2025-12-17_23-54-57-098482/data_app_1.csv
Dati per App 2 salvati in: ./data/cresco8/2025-12-17_23-54-57-098482/data_app_2.csv
Dati per App 3 salvati in: ./data/cresco8/2025-12-17_23-54-57-098482/data_app_3.csv
Dati per App 4 salvati in: ./data/cresco8/2025-12-17_23-54-57-098482/data_app_4.csv
Dati per App 5 salvati in: ./data/cresco8/2025-12-17_23-54-57-098482/data_app_5.csv
Dati per App 6 salvati in: ./data/cresco8/2025-12-17_23-54-57-098482/data_app_6.csv
Nessun dato da salvare per App 7.
--- [WORKER] Engine run finished. ---
