--- [WORKER MODE DETECTED] Work dir: ./data/cresco8/2025-12-13_11-39-26-717788 ---
--- [WORKER] Environment loaded. Starting engine. ---
--- [WORKER] Engine running in WORKER mode. ---
--- [WORKER] Working directory is: ./data/cresco8/2025-12-13_11-39-26-717788 ---
--- [WORKER] Allocating nodes provided by SLURM: cresco8x[735-744] ---
--- [INFO] Partition 0 (Collect=True): 5 nodes. Rule: '100' ---

Running Benchmarks...
 Run 1:
[DEBUG]: Node List is: ['cresco8x735', 'cresco8x737', 'cresco8x739', 'cresco8x741', 'cresco8x743']
[DEBUG]: SLURM command is: srun --export=ALL  --nodelist cresco8x735,cresco8x737,cresco8x739,cresco8x741,cresco8x743 --cpu-bind=socket -n 5 -N 5 /afs/enea.it/por/user/piarulli/CRAB/benchmarks/blink/bin/a2a_comm_only -msgsize 8 -iter 1000
[DEBUG]: Node List is: ['cresco8x735', 'cresco8x737', 'cresco8x739', 'cresco8x741', 'cresco8x743']
[DEBUG]: SLURM command is: srun --export=ALL  --nodelist cresco8x735,cresco8x737,cresco8x739,cresco8x741,cresco8x743 --cpu-bind=socket -n 5 -N 5 /afs/enea.it/por/user/piarulli/CRAB/benchmarks/blink/bin/a2a_comm_only -msgsize 64 -iter 1000
[DEBUG]: Node List is: ['cresco8x735', 'cresco8x737', 'cresco8x739', 'cresco8x741', 'cresco8x743']
[DEBUG]: SLURM command is: srun --export=ALL  --nodelist cresco8x735,cresco8x737,cresco8x739,cresco8x741,cresco8x743 --cpu-bind=socket -n 5 -N 5 /afs/enea.it/por/user/piarulli/CRAB/benchmarks/blink/bin/a2a_comm_only -msgsize 512 -iter 1000
[DEBUG]: Node List is: ['cresco8x735', 'cresco8x737', 'cresco8x739', 'cresco8x741', 'cresco8x743']
[DEBUG]: SLURM command is: srun --export=ALL  --nodelist cresco8x735,cresco8x737,cresco8x739,cresco8x741,cresco8x743 --cpu-bind=socket -n 5 -N 5 /afs/enea.it/por/user/piarulli/CRAB/benchmarks/blink/bin/a2a_comm_only -msgsize 4096 -iter 1000
[DEBUG]: Node List is: ['cresco8x735', 'cresco8x737', 'cresco8x739', 'cresco8x741', 'cresco8x743']
[DEBUG]: SLURM command is: srun --export=ALL  --nodelist cresco8x735,cresco8x737,cresco8x739,cresco8x741,cresco8x743 --cpu-bind=socket -n 5 -N 5 /afs/enea.it/por/user/piarulli/CRAB/benchmarks/blink/bin/a2a_comm_only -msgsize 32768 -iter 1000
[DEBUG]: Node List is: ['cresco8x735', 'cresco8x737', 'cresco8x739', 'cresco8x741', 'cresco8x743']
[DEBUG]: SLURM command is: srun --export=ALL  --nodelist cresco8x735,cresco8x737,cresco8x739,cresco8x741,cresco8x743 --cpu-bind=socket -n 5 -N 5 /afs/enea.it/por/user/piarulli/CRAB/benchmarks/blink/bin/a2a_comm_only -msgsize 262144 -iter 1000
[DEBUG]: Node List is: ['cresco8x735', 'cresco8x737', 'cresco8x739', 'cresco8x741', 'cresco8x743']
[DEBUG]: SLURM command is: srun --export=ALL  --nodelist cresco8x735,cresco8x737,cresco8x739,cresco8x741,cresco8x743 --cpu-bind=socket -n 5 -N 5 /afs/enea.it/por/user/piarulli/CRAB/benchmarks/blink/bin/a2a_comm_only -msgsize 2097152 -iter 1000
[DEBUG]: Node List is: ['cresco8x735', 'cresco8x737', 'cresco8x739', 'cresco8x741', 'cresco8x743']
[DEBUG]: SLURM command is: srun --export=ALL  --nodelist cresco8x735,cresco8x737,cresco8x739,cresco8x741,cresco8x743 --cpu-bind=socket -n 5 -N 5 /afs/enea.it/por/user/piarulli/CRAB/benchmarks/blink/bin/a2a_comm_only -msgsize 16777216 -iter 1000
Ran 1005 iterations. Measured 1000 iterations.
Ran 1005 iterations. Measured 1000 iterations.
Ran 1005 iterations. Measured 1000 iterations.
Ran 1005 iterations. Measured 1000 iterations.
Ran 1005 iterations. Measured 1000 iterations.
Ran 1005 iterations. Measured 1000 iterations.
Ran 1005 iterations. Measured 1000 iterations.
Ran 1005 iterations. Measured 1000 iterations.
--- [INFO] Run 1 completata in 11.1830 secondi ---

Logging data...
Dati per App 0 salvati in: ./data/cresco8/2025-12-13_11-39-26-717788/data_app_0.csv
Dati per App 1 salvati in: ./data/cresco8/2025-12-13_11-39-26-717788/data_app_1.csv
Dati per App 2 salvati in: ./data/cresco8/2025-12-13_11-39-26-717788/data_app_2.csv
Dati per App 3 salvati in: ./data/cresco8/2025-12-13_11-39-26-717788/data_app_3.csv
Dati per App 4 salvati in: ./data/cresco8/2025-12-13_11-39-26-717788/data_app_4.csv
Dati per App 5 salvati in: ./data/cresco8/2025-12-13_11-39-26-717788/data_app_5.csv
Dati per App 6 salvati in: ./data/cresco8/2025-12-13_11-39-26-717788/data_app_6.csv
Dati per App 7 salvati in: ./data/cresco8/2025-12-13_11-39-26-717788/data_app_7.csv
--- [WORKER] Engine run finished. ---
