--- [WORKER MODE DETECTED] Work dir: ./data/cresco8/2025-12-12_12-07-48-069851 ---
--- [WORKER] Environment loaded. Starting engine. ---
--- [WORKER] Engine running in WORKER mode. ---
--- [WORKER] Working directory is: ./data/cresco8/2025-12-12_12-07-48-069851 ---
--- [WORKER] Allocating nodes provided by SLURM: cresco8x[615-678] ---
--- [INFO] Partition 0 (Collect=True): 32 nodes. Rule: '100' ---
--- [INFO] Partition 1 (Collect=False): 32 nodes. Rule: '100' ---

Running Benchmarks...
 Run 1:
[DEBUG]: Node List is: ['cresco8x615', 'cresco8x617', 'cresco8x619', 'cresco8x621', 'cresco8x623', 'cresco8x625', 'cresco8x627', 'cresco8x629', 'cresco8x631', 'cresco8x633', 'cresco8x635', 'cresco8x637', 'cresco8x639', 'cresco8x641', 'cresco8x643', 'cresco8x645', 'cresco8x647', 'cresco8x649', 'cresco8x651', 'cresco8x653', 'cresco8x655', 'cresco8x657', 'cresco8x659', 'cresco8x661', 'cresco8x663', 'cresco8x665', 'cresco8x667', 'cresco8x669', 'cresco8x671', 'cresco8x673', 'cresco8x675', 'cresco8x677']
[DEBUG]: SLURM command is: srun --export=ALL  --nodelist cresco8x615,cresco8x617,cresco8x619,cresco8x621,cresco8x623,cresco8x625,cresco8x627,cresco8x629,cresco8x631,cresco8x633,cresco8x635,cresco8x637,cresco8x639,cresco8x641,cresco8x643,cresco8x645,cresco8x647,cresco8x649,cresco8x651,cresco8x653,cresco8x655,cresco8x657,cresco8x659,cresco8x661,cresco8x663,cresco8x665,cresco8x667,cresco8x669,cresco8x671,cresco8x673,cresco8x675,cresco8x677 --cpu-bind=socket -n 32 -N 32 /afs/enea.it/por/user/piarulli/CRAB/benchmarks/blink/bin/a2a_comm_only -msgsize 8 -iter 1000
[DEBUG]: Node List is: ['cresco8x616', 'cresco8x618', 'cresco8x620', 'cresco8x622', 'cresco8x624', 'cresco8x626', 'cresco8x628', 'cresco8x630', 'cresco8x632', 'cresco8x634', 'cresco8x636', 'cresco8x638', 'cresco8x640', 'cresco8x642', 'cresco8x644', 'cresco8x646', 'cresco8x648', 'cresco8x650', 'cresco8x652', 'cresco8x654', 'cresco8x656', 'cresco8x658', 'cresco8x660', 'cresco8x662', 'cresco8x664', 'cresco8x666', 'cresco8x668', 'cresco8x670', 'cresco8x672', 'cresco8x674', 'cresco8x676', 'cresco8x678']
[DEBUG]: SLURM command is: srun --export=ALL  --nodelist cresco8x616,cresco8x618,cresco8x620,cresco8x622,cresco8x624,cresco8x626,cresco8x628,cresco8x630,cresco8x632,cresco8x634,cresco8x636,cresco8x638,cresco8x640,cresco8x642,cresco8x644,cresco8x646,cresco8x648,cresco8x650,cresco8x652,cresco8x654,cresco8x656,cresco8x658,cresco8x660,cresco8x662,cresco8x664,cresco8x666,cresco8x668,cresco8x670,cresco8x672,cresco8x674,cresco8x676,cresco8x678 --cpu-bind=socket -n 32 -N 32 /afs/enea.it/por/user/piarulli/CRAB/benchmarks/blink/bin/noise_a2a -msgsize 16777216 -iter 100000
[DEBUG]: Node List is: ['cresco8x615', 'cresco8x617', 'cresco8x619', 'cresco8x621', 'cresco8x623', 'cresco8x625', 'cresco8x627', 'cresco8x629', 'cresco8x631', 'cresco8x633', 'cresco8x635', 'cresco8x637', 'cresco8x639', 'cresco8x641', 'cresco8x643', 'cresco8x645', 'cresco8x647', 'cresco8x649', 'cresco8x651', 'cresco8x653', 'cresco8x655', 'cresco8x657', 'cresco8x659', 'cresco8x661', 'cresco8x663', 'cresco8x665', 'cresco8x667', 'cresco8x669', 'cresco8x671', 'cresco8x673', 'cresco8x675', 'cresco8x677']
[DEBUG]: SLURM command is: srun --export=ALL  --nodelist cresco8x615,cresco8x617,cresco8x619,cresco8x621,cresco8x623,cresco8x625,cresco8x627,cresco8x629,cresco8x631,cresco8x633,cresco8x635,cresco8x637,cresco8x639,cresco8x641,cresco8x643,cresco8x645,cresco8x647,cresco8x649,cresco8x651,cresco8x653,cresco8x655,cresco8x657,cresco8x659,cresco8x661,cresco8x663,cresco8x665,cresco8x667,cresco8x669,cresco8x671,cresco8x673,cresco8x675,cresco8x677 --cpu-bind=socket -n 32 -N 32 /afs/enea.it/por/user/piarulli/CRAB/benchmarks/blink/bin/a2a_comm_only -msgsize 64 -iter 1000
[DEBUG]: Node List is: ['cresco8x615', 'cresco8x617', 'cresco8x619', 'cresco8x621', 'cresco8x623', 'cresco8x625', 'cresco8x627', 'cresco8x629', 'cresco8x631', 'cresco8x633', 'cresco8x635', 'cresco8x637', 'cresco8x639', 'cresco8x641', 'cresco8x643', 'cresco8x645', 'cresco8x647', 'cresco8x649', 'cresco8x651', 'cresco8x653', 'cresco8x655', 'cresco8x657', 'cresco8x659', 'cresco8x661', 'cresco8x663', 'cresco8x665', 'cresco8x667', 'cresco8x669', 'cresco8x671', 'cresco8x673', 'cresco8x675', 'cresco8x677']
[DEBUG]: SLURM command is: srun --export=ALL  --nodelist cresco8x615,cresco8x617,cresco8x619,cresco8x621,cresco8x623,cresco8x625,cresco8x627,cresco8x629,cresco8x631,cresco8x633,cresco8x635,cresco8x637,cresco8x639,cresco8x641,cresco8x643,cresco8x645,cresco8x647,cresco8x649,cresco8x651,cresco8x653,cresco8x655,cresco8x657,cresco8x659,cresco8x661,cresco8x663,cresco8x665,cresco8x667,cresco8x669,cresco8x671,cresco8x673,cresco8x675,cresco8x677 --cpu-bind=socket -n 32 -N 32 /afs/enea.it/por/user/piarulli/CRAB/benchmarks/blink/bin/a2a_comm_only -msgsize 512 -iter 1000
[DEBUG]: Node List is: ['cresco8x615', 'cresco8x617', 'cresco8x619', 'cresco8x621', 'cresco8x623', 'cresco8x625', 'cresco8x627', 'cresco8x629', 'cresco8x631', 'cresco8x633', 'cresco8x635', 'cresco8x637', 'cresco8x639', 'cresco8x641', 'cresco8x643', 'cresco8x645', 'cresco8x647', 'cresco8x649', 'cresco8x651', 'cresco8x653', 'cresco8x655', 'cresco8x657', 'cresco8x659', 'cresco8x661', 'cresco8x663', 'cresco8x665', 'cresco8x667', 'cresco8x669', 'cresco8x671', 'cresco8x673', 'cresco8x675', 'cresco8x677']
[DEBUG]: SLURM command is: srun --export=ALL  --nodelist cresco8x615,cresco8x617,cresco8x619,cresco8x621,cresco8x623,cresco8x625,cresco8x627,cresco8x629,cresco8x631,cresco8x633,cresco8x635,cresco8x637,cresco8x639,cresco8x641,cresco8x643,cresco8x645,cresco8x647,cresco8x649,cresco8x651,cresco8x653,cresco8x655,cresco8x657,cresco8x659,cresco8x661,cresco8x663,cresco8x665,cresco8x667,cresco8x669,cresco8x671,cresco8x673,cresco8x675,cresco8x677 --cpu-bind=socket -n 32 -N 32 /afs/enea.it/por/user/piarulli/CRAB/benchmarks/blink/bin/a2a_comm_only -msgsize 4096 -iter 1000
[DEBUG]: Node List is: ['cresco8x615', 'cresco8x617', 'cresco8x619', 'cresco8x621', 'cresco8x623', 'cresco8x625', 'cresco8x627', 'cresco8x629', 'cresco8x631', 'cresco8x633', 'cresco8x635', 'cresco8x637', 'cresco8x639', 'cresco8x641', 'cresco8x643', 'cresco8x645', 'cresco8x647', 'cresco8x649', 'cresco8x651', 'cresco8x653', 'cresco8x655', 'cresco8x657', 'cresco8x659', 'cresco8x661', 'cresco8x663', 'cresco8x665', 'cresco8x667', 'cresco8x669', 'cresco8x671', 'cresco8x673', 'cresco8x675', 'cresco8x677']
[DEBUG]: SLURM command is: srun --export=ALL  --nodelist cresco8x615,cresco8x617,cresco8x619,cresco8x621,cresco8x623,cresco8x625,cresco8x627,cresco8x629,cresco8x631,cresco8x633,cresco8x635,cresco8x637,cresco8x639,cresco8x641,cresco8x643,cresco8x645,cresco8x647,cresco8x649,cresco8x651,cresco8x653,cresco8x655,cresco8x657,cresco8x659,cresco8x661,cresco8x663,cresco8x665,cresco8x667,cresco8x669,cresco8x671,cresco8x673,cresco8x675,cresco8x677 --cpu-bind=socket -n 32 -N 32 /afs/enea.it/por/user/piarulli/CRAB/benchmarks/blink/bin/a2a_comm_only -msgsize 32768 -iter 1000
[DEBUG]: Node List is: ['cresco8x615', 'cresco8x617', 'cresco8x619', 'cresco8x621', 'cresco8x623', 'cresco8x625', 'cresco8x627', 'cresco8x629', 'cresco8x631', 'cresco8x633', 'cresco8x635', 'cresco8x637', 'cresco8x639', 'cresco8x641', 'cresco8x643', 'cresco8x645', 'cresco8x647', 'cresco8x649', 'cresco8x651', 'cresco8x653', 'cresco8x655', 'cresco8x657', 'cresco8x659', 'cresco8x661', 'cresco8x663', 'cresco8x665', 'cresco8x667', 'cresco8x669', 'cresco8x671', 'cresco8x673', 'cresco8x675', 'cresco8x677']
[DEBUG]: SLURM command is: srun --export=ALL  --nodelist cresco8x615,cresco8x617,cresco8x619,cresco8x621,cresco8x623,cresco8x625,cresco8x627,cresco8x629,cresco8x631,cresco8x633,cresco8x635,cresco8x637,cresco8x639,cresco8x641,cresco8x643,cresco8x645,cresco8x647,cresco8x649,cresco8x651,cresco8x653,cresco8x655,cresco8x657,cresco8x659,cresco8x661,cresco8x663,cresco8x665,cresco8x667,cresco8x669,cresco8x671,cresco8x673,cresco8x675,cresco8x677 --cpu-bind=socket -n 32 -N 32 /afs/enea.it/por/user/piarulli/CRAB/benchmarks/blink/bin/a2a_comm_only -msgsize 262144 -iter 1000
[DEBUG]: Node List is: ['cresco8x615', 'cresco8x617', 'cresco8x619', 'cresco8x621', 'cresco8x623', 'cresco8x625', 'cresco8x627', 'cresco8x629', 'cresco8x631', 'cresco8x633', 'cresco8x635', 'cresco8x637', 'cresco8x639', 'cresco8x641', 'cresco8x643', 'cresco8x645', 'cresco8x647', 'cresco8x649', 'cresco8x651', 'cresco8x653', 'cresco8x655', 'cresco8x657', 'cresco8x659', 'cresco8x661', 'cresco8x663', 'cresco8x665', 'cresco8x667', 'cresco8x669', 'cresco8x671', 'cresco8x673', 'cresco8x675', 'cresco8x677']
[DEBUG]: SLURM command is: srun --export=ALL  --nodelist cresco8x615,cresco8x617,cresco8x619,cresco8x621,cresco8x623,cresco8x625,cresco8x627,cresco8x629,cresco8x631,cresco8x633,cresco8x635,cresco8x637,cresco8x639,cresco8x641,cresco8x643,cresco8x645,cresco8x647,cresco8x649,cresco8x651,cresco8x653,cresco8x655,cresco8x657,cresco8x659,cresco8x661,cresco8x663,cresco8x665,cresco8x667,cresco8x669,cresco8x671,cresco8x673,cresco8x675,cresco8x677 --cpu-bind=socket -n 32 -N 32 /afs/enea.it/por/user/piarulli/CRAB/benchmarks/blink/bin/a2a_comm_only -msgsize 2097152 -iter 1000
[DEBUG]: Node List is: ['cresco8x615', 'cresco8x617', 'cresco8x619', 'cresco8x621', 'cresco8x623', 'cresco8x625', 'cresco8x627', 'cresco8x629', 'cresco8x631', 'cresco8x633', 'cresco8x635', 'cresco8x637', 'cresco8x639', 'cresco8x641', 'cresco8x643', 'cresco8x645', 'cresco8x647', 'cresco8x649', 'cresco8x651', 'cresco8x653', 'cresco8x655', 'cresco8x657', 'cresco8x659', 'cresco8x661', 'cresco8x663', 'cresco8x665', 'cresco8x667', 'cresco8x669', 'cresco8x671', 'cresco8x673', 'cresco8x675', 'cresco8x677']
[DEBUG]: SLURM command is: srun --export=ALL  --nodelist cresco8x615,cresco8x617,cresco8x619,cresco8x621,cresco8x623,cresco8x625,cresco8x627,cresco8x629,cresco8x631,cresco8x633,cresco8x635,cresco8x637,cresco8x639,cresco8x641,cresco8x643,cresco8x645,cresco8x647,cresco8x649,cresco8x651,cresco8x653,cresco8x655,cresco8x657,cresco8x659,cresco8x661,cresco8x663,cresco8x665,cresco8x667,cresco8x669,cresco8x671,cresco8x673,cresco8x675,cresco8x677 --cpu-bind=socket -n 32 -N 32 /afs/enea.it/por/user/piarulli/CRAB/benchmarks/blink/bin/a2a_comm_only -msgsize 16777216 -iter 1000
Ran 1005 iterations. Measured 1000 iterations.
Ran 1005 iterations. Measured 1000 iterations.
Ran 1005 iterations. Measured 1000 iterations.
Ran 1005 iterations. Measured 1000 iterations.
Ran 1005 iterations. Measured 1000 iterations.
Ran 1005 iterations. Measured 1000 iterations.
Ran 1005 iterations. Measured 1000 iterations.
Ran 1005 iterations. Measured 1000 iterations.
--- [WARNING] App 8 ended with return code -9 ---
--- [INFO] Run 1 completata in 40.8470 secondi ---

Logging data...
Dati per App 0 salvati in: ./data/cresco8/2025-12-12_12-07-48-069851/data_app_0.csv
Dati per App 1 salvati in: ./data/cresco8/2025-12-12_12-07-48-069851/data_app_1.csv
Dati per App 2 salvati in: ./data/cresco8/2025-12-12_12-07-48-069851/data_app_2.csv
Dati per App 3 salvati in: ./data/cresco8/2025-12-12_12-07-48-069851/data_app_3.csv
Dati per App 4 salvati in: ./data/cresco8/2025-12-12_12-07-48-069851/data_app_4.csv
Dati per App 5 salvati in: ./data/cresco8/2025-12-12_12-07-48-069851/data_app_5.csv
Dati per App 6 salvati in: ./data/cresco8/2025-12-12_12-07-48-069851/data_app_6.csv
Dati per App 7 salvati in: ./data/cresco8/2025-12-12_12-07-48-069851/data_app_7.csv
--- [WORKER] Engine run finished. ---
