--- [WORKER MODE DETECTED] Work dir: ./data/cresco8/2025-12-12_15-35-30-717984 ---
--- [WORKER] Environment loaded. Starting engine. ---
--- [WORKER] Engine running in WORKER mode. ---
--- [WORKER] Working directory is: ./data/cresco8/2025-12-12_15-35-30-717984 ---
--- [WORKER] Allocating nodes provided by SLURM: cresco8x[407-446] ---
--- [INFO] Partition 0 (Collect=True): 20 nodes. Rule: '100' ---

Running Benchmarks...
 Run 1:
[DEBUG]: Node List is: ['cresco8x407', 'cresco8x409', 'cresco8x411', 'cresco8x413', 'cresco8x415', 'cresco8x417', 'cresco8x419', 'cresco8x421', 'cresco8x423', 'cresco8x425', 'cresco8x427', 'cresco8x429', 'cresco8x431', 'cresco8x433', 'cresco8x435', 'cresco8x437', 'cresco8x439', 'cresco8x441', 'cresco8x443', 'cresco8x445']
[DEBUG]: SLURM command is: srun --export=ALL  --nodelist cresco8x407,cresco8x409,cresco8x411,cresco8x413,cresco8x415,cresco8x417,cresco8x419,cresco8x421,cresco8x423,cresco8x425,cresco8x427,cresco8x429,cresco8x431,cresco8x433,cresco8x435,cresco8x437,cresco8x439,cresco8x441,cresco8x443,cresco8x445 --cpu-bind=socket -n 20 -N 20 /afs/enea.it/por/user/piarulli/CRAB/benchmarks/blink/bin/agtr_comm_only -msgsize 8 -iter 1000
[DEBUG]: Node List is: ['cresco8x407', 'cresco8x409', 'cresco8x411', 'cresco8x413', 'cresco8x415', 'cresco8x417', 'cresco8x419', 'cresco8x421', 'cresco8x423', 'cresco8x425', 'cresco8x427', 'cresco8x429', 'cresco8x431', 'cresco8x433', 'cresco8x435', 'cresco8x437', 'cresco8x439', 'cresco8x441', 'cresco8x443', 'cresco8x445']
[DEBUG]: SLURM command is: srun --export=ALL  --nodelist cresco8x407,cresco8x409,cresco8x411,cresco8x413,cresco8x415,cresco8x417,cresco8x419,cresco8x421,cresco8x423,cresco8x425,cresco8x427,cresco8x429,cresco8x431,cresco8x433,cresco8x435,cresco8x437,cresco8x439,cresco8x441,cresco8x443,cresco8x445 --cpu-bind=socket -n 20 -N 20 /afs/enea.it/por/user/piarulli/CRAB/benchmarks/blink/bin/agtr_comm_only -msgsize 64 -iter 1000
[DEBUG]: Node List is: ['cresco8x407', 'cresco8x409', 'cresco8x411', 'cresco8x413', 'cresco8x415', 'cresco8x417', 'cresco8x419', 'cresco8x421', 'cresco8x423', 'cresco8x425', 'cresco8x427', 'cresco8x429', 'cresco8x431', 'cresco8x433', 'cresco8x435', 'cresco8x437', 'cresco8x439', 'cresco8x441', 'cresco8x443', 'cresco8x445']
[DEBUG]: SLURM command is: srun --export=ALL  --nodelist cresco8x407,cresco8x409,cresco8x411,cresco8x413,cresco8x415,cresco8x417,cresco8x419,cresco8x421,cresco8x423,cresco8x425,cresco8x427,cresco8x429,cresco8x431,cresco8x433,cresco8x435,cresco8x437,cresco8x439,cresco8x441,cresco8x443,cresco8x445 --cpu-bind=socket -n 20 -N 20 /afs/enea.it/por/user/piarulli/CRAB/benchmarks/blink/bin/agtr_comm_only -msgsize 512 -iter 1000
[DEBUG]: Node List is: ['cresco8x407', 'cresco8x409', 'cresco8x411', 'cresco8x413', 'cresco8x415', 'cresco8x417', 'cresco8x419', 'cresco8x421', 'cresco8x423', 'cresco8x425', 'cresco8x427', 'cresco8x429', 'cresco8x431', 'cresco8x433', 'cresco8x435', 'cresco8x437', 'cresco8x439', 'cresco8x441', 'cresco8x443', 'cresco8x445']
[DEBUG]: SLURM command is: srun --export=ALL  --nodelist cresco8x407,cresco8x409,cresco8x411,cresco8x413,cresco8x415,cresco8x417,cresco8x419,cresco8x421,cresco8x423,cresco8x425,cresco8x427,cresco8x429,cresco8x431,cresco8x433,cresco8x435,cresco8x437,cresco8x439,cresco8x441,cresco8x443,cresco8x445 --cpu-bind=socket -n 20 -N 20 /afs/enea.it/por/user/piarulli/CRAB/benchmarks/blink/bin/agtr_comm_only -msgsize 4096 -iter 1000
[DEBUG]: Node List is: ['cresco8x407', 'cresco8x409', 'cresco8x411', 'cresco8x413', 'cresco8x415', 'cresco8x417', 'cresco8x419', 'cresco8x421', 'cresco8x423', 'cresco8x425', 'cresco8x427', 'cresco8x429', 'cresco8x431', 'cresco8x433', 'cresco8x435', 'cresco8x437', 'cresco8x439', 'cresco8x441', 'cresco8x443', 'cresco8x445']
[DEBUG]: SLURM command is: srun --export=ALL  --nodelist cresco8x407,cresco8x409,cresco8x411,cresco8x413,cresco8x415,cresco8x417,cresco8x419,cresco8x421,cresco8x423,cresco8x425,cresco8x427,cresco8x429,cresco8x431,cresco8x433,cresco8x435,cresco8x437,cresco8x439,cresco8x441,cresco8x443,cresco8x445 --cpu-bind=socket -n 20 -N 20 /afs/enea.it/por/user/piarulli/CRAB/benchmarks/blink/bin/agtr_comm_only -msgsize 32768 -iter 1000
[DEBUG]: Node List is: ['cresco8x407', 'cresco8x409', 'cresco8x411', 'cresco8x413', 'cresco8x415', 'cresco8x417', 'cresco8x419', 'cresco8x421', 'cresco8x423', 'cresco8x425', 'cresco8x427', 'cresco8x429', 'cresco8x431', 'cresco8x433', 'cresco8x435', 'cresco8x437', 'cresco8x439', 'cresco8x441', 'cresco8x443', 'cresco8x445']
[DEBUG]: SLURM command is: srun --export=ALL  --nodelist cresco8x407,cresco8x409,cresco8x411,cresco8x413,cresco8x415,cresco8x417,cresco8x419,cresco8x421,cresco8x423,cresco8x425,cresco8x427,cresco8x429,cresco8x431,cresco8x433,cresco8x435,cresco8x437,cresco8x439,cresco8x441,cresco8x443,cresco8x445 --cpu-bind=socket -n 20 -N 20 /afs/enea.it/por/user/piarulli/CRAB/benchmarks/blink/bin/agtr_comm_only -msgsize 262144 -iter 1000
[DEBUG]: Node List is: ['cresco8x407', 'cresco8x409', 'cresco8x411', 'cresco8x413', 'cresco8x415', 'cresco8x417', 'cresco8x419', 'cresco8x421', 'cresco8x423', 'cresco8x425', 'cresco8x427', 'cresco8x429', 'cresco8x431', 'cresco8x433', 'cresco8x435', 'cresco8x437', 'cresco8x439', 'cresco8x441', 'cresco8x443', 'cresco8x445']
[DEBUG]: SLURM command is: srun --export=ALL  --nodelist cresco8x407,cresco8x409,cresco8x411,cresco8x413,cresco8x415,cresco8x417,cresco8x419,cresco8x421,cresco8x423,cresco8x425,cresco8x427,cresco8x429,cresco8x431,cresco8x433,cresco8x435,cresco8x437,cresco8x439,cresco8x441,cresco8x443,cresco8x445 --cpu-bind=socket -n 20 -N 20 /afs/enea.it/por/user/piarulli/CRAB/benchmarks/blink/bin/agtr_comm_only -msgsize 2097152 -iter 1000
[DEBUG]: Node List is: ['cresco8x407', 'cresco8x409', 'cresco8x411', 'cresco8x413', 'cresco8x415', 'cresco8x417', 'cresco8x419', 'cresco8x421', 'cresco8x423', 'cresco8x425', 'cresco8x427', 'cresco8x429', 'cresco8x431', 'cresco8x433', 'cresco8x435', 'cresco8x437', 'cresco8x439', 'cresco8x441', 'cresco8x443', 'cresco8x445']
[DEBUG]: SLURM command is: srun --export=ALL  --nodelist cresco8x407,cresco8x409,cresco8x411,cresco8x413,cresco8x415,cresco8x417,cresco8x419,cresco8x421,cresco8x423,cresco8x425,cresco8x427,cresco8x429,cresco8x431,cresco8x433,cresco8x435,cresco8x437,cresco8x439,cresco8x441,cresco8x443,cresco8x445 --cpu-bind=socket -n 20 -N 20 /afs/enea.it/por/user/piarulli/CRAB/benchmarks/blink/bin/agtr_comm_only -msgsize 16777216 -iter 1000
Ran 1005 iterations. Measured 1000 iterations.
Ran 1005 iterations. Measured 1000 iterations.
Ran 1005 iterations. Measured 1000 iterations.
Ran 1005 iterations. Measured 1000 iterations.
Ran 1005 iterations. Measured 1000 iterations.
Ran 1005 iterations. Measured 1000 iterations.
Ran 1005 iterations. Measured 1000 iterations.
Ran 1005 iterations. Measured 1000 iterations.
--- [INFO] Run 1 completata in 11.5097 secondi ---

Logging data...
Dati per App 0 salvati in: ./data/cresco8/2025-12-12_15-35-30-717984/data_app_0.csv
Dati per App 1 salvati in: ./data/cresco8/2025-12-12_15-35-30-717984/data_app_1.csv
Dati per App 2 salvati in: ./data/cresco8/2025-12-12_15-35-30-717984/data_app_2.csv
Dati per App 3 salvati in: ./data/cresco8/2025-12-12_15-35-30-717984/data_app_3.csv
Dati per App 4 salvati in: ./data/cresco8/2025-12-12_15-35-30-717984/data_app_4.csv
Dati per App 5 salvati in: ./data/cresco8/2025-12-12_15-35-30-717984/data_app_5.csv
Dati per App 6 salvati in: ./data/cresco8/2025-12-12_15-35-30-717984/data_app_6.csv
Dati per App 7 salvati in: ./data/cresco8/2025-12-12_15-35-30-717984/data_app_7.csv
--- [WORKER] Engine run finished. ---
