--- [WORKER MODE DETECTED] Work dir: ./data/leonardo/2025-12-15_14-50-08-727633 ---
--- [WORKER] Environment loaded. Starting engine. ---
--- [WORKER] Engine running in WORKER mode. ---
--- [WORKER] Working directory is: ./data/leonardo/2025-12-15_14-50-08-727633 ---
--- [WORKER] Allocating nodes provided by SLURM: lrdn[0013,0024,0055,0147,0157,0273,0292,0326] ---
--- [INFO] Partition 0 (Collect=True): 4 nodes. Rule: '100' ---
--- [INFO] Partition 1 (Collect=False): 4 nodes. Rule: '100' ---

Running Benchmarks...
 Run 1:
[DEBUG]: Node List is: ['lrdn0013', 'lrdn0055', 'lrdn0157', 'lrdn0292']
[DEBUG]: Detected CRAB_SYSTEM=leonardo. Adding SLURM option: --partition=boost_usr_prod
[DEBUG]: SLURM command is: srun --export=ALL --partition=boost_usr_prod --nodelist lrdn0013,lrdn0055,lrdn0157,lrdn0292 --cpu-bind=socket -n 4 -N 4 /leonardo/home/userexternal/lpiarull/CRAB/benchmarks/blink/bin/a2a_comm_only -msgsize 8 -iter 1000
[DEBUG]: Node List is: ['lrdn0024', 'lrdn0147', 'lrdn0273', 'lrdn0326']
[DEBUG]: Detected CRAB_SYSTEM=leonardo. Adding SLURM option: --partition=boost_usr_prod
[DEBUG]: SLURM command is: srun --export=ALL --partition=boost_usr_prod --nodelist lrdn0024,lrdn0147,lrdn0273,lrdn0326 --cpu-bind=socket -n 4 -N 4 /leonardo/home/userexternal/lpiarull/CRAB/benchmarks/blink/bin/bursty_noise_incast 0.0001 0.1
[DEBUG]: Node List is: ['lrdn0013', 'lrdn0055', 'lrdn0157', 'lrdn0292']
[DEBUG]: Detected CRAB_SYSTEM=leonardo. Adding SLURM option: --partition=boost_usr_prod
[DEBUG]: SLURM command is: srun --export=ALL --partition=boost_usr_prod --nodelist lrdn0013,lrdn0055,lrdn0157,lrdn0292 --cpu-bind=socket -n 4 -N 4 /leonardo/home/userexternal/lpiarull/CRAB/benchmarks/blink/bin/a2a_comm_only -msgsize 64 -iter 1000
[DEBUG]: Node List is: ['lrdn0013', 'lrdn0055', 'lrdn0157', 'lrdn0292']
[DEBUG]: Detected CRAB_SYSTEM=leonardo. Adding SLURM option: --partition=boost_usr_prod
[DEBUG]: SLURM command is: srun --export=ALL --partition=boost_usr_prod --nodelist lrdn0013,lrdn0055,lrdn0157,lrdn0292 --cpu-bind=socket -n 4 -N 4 /leonardo/home/userexternal/lpiarull/CRAB/benchmarks/blink/bin/a2a_comm_only -msgsize 512 -iter 1000
[DEBUG]: Node List is: ['lrdn0013', 'lrdn0055', 'lrdn0157', 'lrdn0292']
[DEBUG]: Detected CRAB_SYSTEM=leonardo. Adding SLURM option: --partition=boost_usr_prod
[DEBUG]: SLURM command is: srun --export=ALL --partition=boost_usr_prod --nodelist lrdn0013,lrdn0055,lrdn0157,lrdn0292 --cpu-bind=socket -n 4 -N 4 /leonardo/home/userexternal/lpiarull/CRAB/benchmarks/blink/bin/a2a_comm_only -msgsize 4096 -iter 1000
[DEBUG]: Node List is: ['lrdn0013', 'lrdn0055', 'lrdn0157', 'lrdn0292']
[DEBUG]: Detected CRAB_SYSTEM=leonardo. Adding SLURM option: --partition=boost_usr_prod
[DEBUG]: SLURM command is: srun --export=ALL --partition=boost_usr_prod --nodelist lrdn0013,lrdn0055,lrdn0157,lrdn0292 --cpu-bind=socket -n 4 -N 4 /leonardo/home/userexternal/lpiarull/CRAB/benchmarks/blink/bin/a2a_comm_only -msgsize 32768 -iter 1000
[DEBUG]: Node List is: ['lrdn0013', 'lrdn0055', 'lrdn0157', 'lrdn0292']
[DEBUG]: Detected CRAB_SYSTEM=leonardo. Adding SLURM option: --partition=boost_usr_prod
[DEBUG]: SLURM command is: srun --export=ALL --partition=boost_usr_prod --nodelist lrdn0013,lrdn0055,lrdn0157,lrdn0292 --cpu-bind=socket -n 4 -N 4 /leonardo/home/userexternal/lpiarull/CRAB/benchmarks/blink/bin/a2a_comm_only -msgsize 262144 -iter 1000
[DEBUG]: Node List is: ['lrdn0013', 'lrdn0055', 'lrdn0157', 'lrdn0292']
[DEBUG]: Detected CRAB_SYSTEM=leonardo. Adding SLURM option: --partition=boost_usr_prod
[DEBUG]: SLURM command is: srun --export=ALL --partition=boost_usr_prod --nodelist lrdn0013,lrdn0055,lrdn0157,lrdn0292 --cpu-bind=socket -n 4 -N 4 /leonardo/home/userexternal/lpiarull/CRAB/benchmarks/blink/bin/a2a_comm_only -msgsize 2097152 -iter 1000
[DEBUG]: Node List is: ['lrdn0013', 'lrdn0055', 'lrdn0157', 'lrdn0292']
[DEBUG]: Detected CRAB_SYSTEM=leonardo. Adding SLURM option: --partition=boost_usr_prod
[DEBUG]: SLURM command is: srun --export=ALL --partition=boost_usr_prod --nodelist lrdn0013,lrdn0055,lrdn0157,lrdn0292 --cpu-bind=socket -n 4 -N 4 /leonardo/home/userexternal/lpiarull/CRAB/benchmarks/blink/bin/a2a_comm_only -msgsize 16777216 -iter 1000
Ran 1005 iterations. Measured 1000 iterations.
Ran 1005 iterations. Measured 1000 iterations.
Ran 1005 iterations. Measured 1000 iterations.
Ran 1005 iterations. Measured 1000 iterations.
Ran 1005 iterations. Measured 1000 iterations.
Ran 1005 iterations. Measured 1000 iterations.
Ran 1005 iterations. Measured 1000 iterations.
Ran 1005 iterations. Measured 1000 iterations.
--- [WARNING] App 8 ended with return code -9 ---
--- [INFO] Run 1 completata in 18.5345 secondi ---

Logging data...
Dati per App 0 salvati in: ./data/leonardo/2025-12-15_14-50-08-727633/data_app_0.csv
Dati per App 1 salvati in: ./data/leonardo/2025-12-15_14-50-08-727633/data_app_1.csv
Dati per App 2 salvati in: ./data/leonardo/2025-12-15_14-50-08-727633/data_app_2.csv
Dati per App 3 salvati in: ./data/leonardo/2025-12-15_14-50-08-727633/data_app_3.csv
Dati per App 4 salvati in: ./data/leonardo/2025-12-15_14-50-08-727633/data_app_4.csv
Dati per App 5 salvati in: ./data/leonardo/2025-12-15_14-50-08-727633/data_app_5.csv
Dati per App 6 salvati in: ./data/leonardo/2025-12-15_14-50-08-727633/data_app_6.csv
Dati per App 7 salvati in: ./data/leonardo/2025-12-15_14-50-08-727633/data_app_7.csv
--- [WORKER] Engine run finished. ---
