--- [WORKER MODE DETECTED] Work dir: ./data/cresco8/2025-12-11_23-12-41-167519 ---
--- [WORKER] Environment loaded. Starting engine. ---
--- [WORKER] Engine running in WORKER mode. ---
--- [WORKER] Working directory is: ./data/cresco8/2025-12-11_23-12-41-167519 ---
--- [WORKER] Allocating nodes provided by SLURM: cresco8x[170-177] ---
--- [INFO] Partition 0 (Collect=True): 4 nodes. Rule: '100' ---
--- [INFO] Partition 1 (Collect=False): 4 nodes. Rule: '100' ---

Running Benchmarks...
 Run 1:
[DEBUG]: Node List is: ['cresco8x170', 'cresco8x172', 'cresco8x174', 'cresco8x176']
[DEBUG]: SLURM command is: srun --export=ALL  --nodelist cresco8x170,cresco8x172,cresco8x174,cresco8x176 --cpu-bind=socket -n 4 -N 4 /afs/enea.it/por/user/piarulli/CRAB/benchmarks/blink/bin/a2a_comm_only -msgsize 8 -iter 1000
[DEBUG]: Node List is: ['cresco8x171', 'cresco8x173', 'cresco8x175', 'cresco8x177']
[DEBUG]: SLURM command is: srun --export=ALL  --nodelist cresco8x171,cresco8x173,cresco8x175,cresco8x177 --cpu-bind=socket -n 4 -N 4 /afs/enea.it/por/user/piarulli/CRAB/benchmarks/blink/bin/noise_incast -msgsize 16777216 -iter 100000
[DEBUG]: Node List is: ['cresco8x170', 'cresco8x172', 'cresco8x174', 'cresco8x176']
[DEBUG]: SLURM command is: srun --export=ALL  --nodelist cresco8x170,cresco8x172,cresco8x174,cresco8x176 --cpu-bind=socket -n 4 -N 4 /afs/enea.it/por/user/piarulli/CRAB/benchmarks/blink/bin/a2a_comm_only -msgsize 64 -iter 1000
[DEBUG]: Node List is: ['cresco8x170', 'cresco8x172', 'cresco8x174', 'cresco8x176']
[DEBUG]: SLURM command is: srun --export=ALL  --nodelist cresco8x170,cresco8x172,cresco8x174,cresco8x176 --cpu-bind=socket -n 4 -N 4 /afs/enea.it/por/user/piarulli/CRAB/benchmarks/blink/bin/a2a_comm_only -msgsize 512 -iter 1000
[DEBUG]: Node List is: ['cresco8x170', 'cresco8x172', 'cresco8x174', 'cresco8x176']
[DEBUG]: SLURM command is: srun --export=ALL  --nodelist cresco8x170,cresco8x172,cresco8x174,cresco8x176 --cpu-bind=socket -n 4 -N 4 /afs/enea.it/por/user/piarulli/CRAB/benchmarks/blink/bin/a2a_comm_only -msgsize 4096 -iter 1000
[DEBUG]: Node List is: ['cresco8x170', 'cresco8x172', 'cresco8x174', 'cresco8x176']
[DEBUG]: SLURM command is: srun --export=ALL  --nodelist cresco8x170,cresco8x172,cresco8x174,cresco8x176 --cpu-bind=socket -n 4 -N 4 /afs/enea.it/por/user/piarulli/CRAB/benchmarks/blink/bin/a2a_comm_only -msgsize 32768 -iter 1000
[DEBUG]: Node List is: ['cresco8x170', 'cresco8x172', 'cresco8x174', 'cresco8x176']
[DEBUG]: SLURM command is: srun --export=ALL  --nodelist cresco8x170,cresco8x172,cresco8x174,cresco8x176 --cpu-bind=socket -n 4 -N 4 /afs/enea.it/por/user/piarulli/CRAB/benchmarks/blink/bin/a2a_comm_only -msgsize 262144 -iter 1000
[DEBUG]: Node List is: ['cresco8x170', 'cresco8x172', 'cresco8x174', 'cresco8x176']
[DEBUG]: SLURM command is: srun --export=ALL  --nodelist cresco8x170,cresco8x172,cresco8x174,cresco8x176 --cpu-bind=socket -n 4 -N 4 /afs/enea.it/por/user/piarulli/CRAB/benchmarks/blink/bin/a2a_comm_only -msgsize 2097152 -iter 1000
[DEBUG]: Node List is: ['cresco8x170', 'cresco8x172', 'cresco8x174', 'cresco8x176']
[DEBUG]: SLURM command is: srun --export=ALL  --nodelist cresco8x170,cresco8x172,cresco8x174,cresco8x176 --cpu-bind=socket -n 4 -N 4 /afs/enea.it/por/user/piarulli/CRAB/benchmarks/blink/bin/a2a_comm_only -msgsize 16777216 -iter 1000
[DEBUG]: Node List is: ['cresco8x170', 'cresco8x172', 'cresco8x174', 'cresco8x176']
[DEBUG]: SLURM command is: srun --export=ALL  --nodelist cresco8x170,cresco8x172,cresco8x174,cresco8x176 --cpu-bind=socket -n 4 -N 4 /afs/enea.it/por/user/piarulli/CRAB/benchmarks/blink/bin/a2a_comm_only -msgsize 134217728 -iter 1000
Ran 1005 iterations. Measured 1000 iterations.
Ran 1005 iterations. Measured 1000 iterations.
Ran 1005 iterations. Measured 1000 iterations.
Ran 1005 iterations. Measured 1000 iterations.
Ran 1005 iterations. Measured 1000 iterations.
Ran 1005 iterations. Measured 1000 iterations.
Ran 1005 iterations. Measured 1000 iterations.
Ran 1005 iterations. Measured 1000 iterations.
Ran 1005 iterations. Measured 1000 iterations.
--- [WARNING] App 9 ended with return code -9 ---
--- [INFO] Run 1 completata in 38.6770 secondi ---

Logging data...
Dati per App 0 salvati in: ./data/cresco8/2025-12-11_23-12-41-167519/data_app_0.csv
Dati per App 1 salvati in: ./data/cresco8/2025-12-11_23-12-41-167519/data_app_1.csv
Dati per App 2 salvati in: ./data/cresco8/2025-12-11_23-12-41-167519/data_app_2.csv
Dati per App 3 salvati in: ./data/cresco8/2025-12-11_23-12-41-167519/data_app_3.csv
Dati per App 4 salvati in: ./data/cresco8/2025-12-11_23-12-41-167519/data_app_4.csv
Dati per App 5 salvati in: ./data/cresco8/2025-12-11_23-12-41-167519/data_app_5.csv
Dati per App 6 salvati in: ./data/cresco8/2025-12-11_23-12-41-167519/data_app_6.csv
Dati per App 7 salvati in: ./data/cresco8/2025-12-11_23-12-41-167519/data_app_7.csv
Dati per App 8 salvati in: ./data/cresco8/2025-12-11_23-12-41-167519/data_app_8.csv
--- [WORKER] Engine run finished. ---
