--- [WORKER MODE DETECTED] Work dir: ./data/cresco8/2025-12-16_09-14-01-953688 ---
--- [WORKER] Environment loaded. Starting engine. ---
--- [WORKER] Engine running in WORKER mode. ---
--- [WORKER] Working directory is: ./data/cresco8/2025-12-16_09-14-01-953688 ---
--- [WORKER] Allocating nodes provided by SLURM: cresco8x[021-052] ---
--- [INFO] Partition 0 (Collect=True): 16 nodes. Rule: '100' ---
--- [INFO] Partition 1 (Collect=False): 16 nodes. Rule: '100' ---

Running Benchmarks...
 Run 1:
[DEBUG]: Node List is: ['cresco8x021', 'cresco8x023', 'cresco8x025', 'cresco8x027', 'cresco8x029', 'cresco8x031', 'cresco8x033', 'cresco8x035', 'cresco8x037', 'cresco8x039', 'cresco8x041', 'cresco8x043', 'cresco8x045', 'cresco8x047', 'cresco8x049', 'cresco8x051']
[DEBUG]: SLURM command is: srun --export=ALL  --nodelist cresco8x021,cresco8x023,cresco8x025,cresco8x027,cresco8x029,cresco8x031,cresco8x033,cresco8x035,cresco8x037,cresco8x039,cresco8x041,cresco8x043,cresco8x045,cresco8x047,cresco8x049,cresco8x051 --cpu-bind=socket -n 16 -N 16 /afs/enea.it/por/user/piarulli/CRAB/benchmarks/blink/bin/agtr_comm_only -msgsize 8 -iter 1000
[DEBUG]: Node List is: ['cresco8x022', 'cresco8x024', 'cresco8x026', 'cresco8x028', 'cresco8x030', 'cresco8x032', 'cresco8x034', 'cresco8x036', 'cresco8x038', 'cresco8x040', 'cresco8x042', 'cresco8x044', 'cresco8x046', 'cresco8x048', 'cresco8x050', 'cresco8x052']
[DEBUG]: SLURM command is: srun --export=ALL  --nodelist cresco8x022,cresco8x024,cresco8x026,cresco8x028,cresco8x030,cresco8x032,cresco8x034,cresco8x036,cresco8x038,cresco8x040,cresco8x042,cresco8x044,cresco8x046,cresco8x048,cresco8x050,cresco8x052 --cpu-bind=socket -n 16 -N 16 /afs/enea.it/por/user/piarulli/CRAB/benchmarks/blink/bin/noise_incast -msgsize 16777216 -iter 1000000
[DEBUG]: Node List is: ['cresco8x021', 'cresco8x023', 'cresco8x025', 'cresco8x027', 'cresco8x029', 'cresco8x031', 'cresco8x033', 'cresco8x035', 'cresco8x037', 'cresco8x039', 'cresco8x041', 'cresco8x043', 'cresco8x045', 'cresco8x047', 'cresco8x049', 'cresco8x051']
[DEBUG]: SLURM command is: srun --export=ALL  --nodelist cresco8x021,cresco8x023,cresco8x025,cresco8x027,cresco8x029,cresco8x031,cresco8x033,cresco8x035,cresco8x037,cresco8x039,cresco8x041,cresco8x043,cresco8x045,cresco8x047,cresco8x049,cresco8x051 --cpu-bind=socket -n 16 -N 16 /afs/enea.it/por/user/piarulli/CRAB/benchmarks/blink/bin/agtr_comm_only -msgsize 64 -iter 1000
[DEBUG]: Node List is: ['cresco8x021', 'cresco8x023', 'cresco8x025', 'cresco8x027', 'cresco8x029', 'cresco8x031', 'cresco8x033', 'cresco8x035', 'cresco8x037', 'cresco8x039', 'cresco8x041', 'cresco8x043', 'cresco8x045', 'cresco8x047', 'cresco8x049', 'cresco8x051']
[DEBUG]: SLURM command is: srun --export=ALL  --nodelist cresco8x021,cresco8x023,cresco8x025,cresco8x027,cresco8x029,cresco8x031,cresco8x033,cresco8x035,cresco8x037,cresco8x039,cresco8x041,cresco8x043,cresco8x045,cresco8x047,cresco8x049,cresco8x051 --cpu-bind=socket -n 16 -N 16 /afs/enea.it/por/user/piarulli/CRAB/benchmarks/blink/bin/agtr_comm_only -msgsize 512 -iter 1000
[DEBUG]: Node List is: ['cresco8x021', 'cresco8x023', 'cresco8x025', 'cresco8x027', 'cresco8x029', 'cresco8x031', 'cresco8x033', 'cresco8x035', 'cresco8x037', 'cresco8x039', 'cresco8x041', 'cresco8x043', 'cresco8x045', 'cresco8x047', 'cresco8x049', 'cresco8x051']
[DEBUG]: SLURM command is: srun --export=ALL  --nodelist cresco8x021,cresco8x023,cresco8x025,cresco8x027,cresco8x029,cresco8x031,cresco8x033,cresco8x035,cresco8x037,cresco8x039,cresco8x041,cresco8x043,cresco8x045,cresco8x047,cresco8x049,cresco8x051 --cpu-bind=socket -n 16 -N 16 /afs/enea.it/por/user/piarulli/CRAB/benchmarks/blink/bin/agtr_comm_only -msgsize 4096 -iter 1000
[DEBUG]: Node List is: ['cresco8x021', 'cresco8x023', 'cresco8x025', 'cresco8x027', 'cresco8x029', 'cresco8x031', 'cresco8x033', 'cresco8x035', 'cresco8x037', 'cresco8x039', 'cresco8x041', 'cresco8x043', 'cresco8x045', 'cresco8x047', 'cresco8x049', 'cresco8x051']
[DEBUG]: SLURM command is: srun --export=ALL  --nodelist cresco8x021,cresco8x023,cresco8x025,cresco8x027,cresco8x029,cresco8x031,cresco8x033,cresco8x035,cresco8x037,cresco8x039,cresco8x041,cresco8x043,cresco8x045,cresco8x047,cresco8x049,cresco8x051 --cpu-bind=socket -n 16 -N 16 /afs/enea.it/por/user/piarulli/CRAB/benchmarks/blink/bin/agtr_comm_only -msgsize 32768 -iter 1000
[DEBUG]: Node List is: ['cresco8x021', 'cresco8x023', 'cresco8x025', 'cresco8x027', 'cresco8x029', 'cresco8x031', 'cresco8x033', 'cresco8x035', 'cresco8x037', 'cresco8x039', 'cresco8x041', 'cresco8x043', 'cresco8x045', 'cresco8x047', 'cresco8x049', 'cresco8x051']
[DEBUG]: SLURM command is: srun --export=ALL  --nodelist cresco8x021,cresco8x023,cresco8x025,cresco8x027,cresco8x029,cresco8x031,cresco8x033,cresco8x035,cresco8x037,cresco8x039,cresco8x041,cresco8x043,cresco8x045,cresco8x047,cresco8x049,cresco8x051 --cpu-bind=socket -n 16 -N 16 /afs/enea.it/por/user/piarulli/CRAB/benchmarks/blink/bin/agtr_comm_only -msgsize 262144 -iter 1000
[DEBUG]: Node List is: ['cresco8x021', 'cresco8x023', 'cresco8x025', 'cresco8x027', 'cresco8x029', 'cresco8x031', 'cresco8x033', 'cresco8x035', 'cresco8x037', 'cresco8x039', 'cresco8x041', 'cresco8x043', 'cresco8x045', 'cresco8x047', 'cresco8x049', 'cresco8x051']
[DEBUG]: SLURM command is: srun --export=ALL  --nodelist cresco8x021,cresco8x023,cresco8x025,cresco8x027,cresco8x029,cresco8x031,cresco8x033,cresco8x035,cresco8x037,cresco8x039,cresco8x041,cresco8x043,cresco8x045,cresco8x047,cresco8x049,cresco8x051 --cpu-bind=socket -n 16 -N 16 /afs/enea.it/por/user/piarulli/CRAB/benchmarks/blink/bin/agtr_comm_only -msgsize 2097152 -iter 1000
[DEBUG]: Node List is: ['cresco8x021', 'cresco8x023', 'cresco8x025', 'cresco8x027', 'cresco8x029', 'cresco8x031', 'cresco8x033', 'cresco8x035', 'cresco8x037', 'cresco8x039', 'cresco8x041', 'cresco8x043', 'cresco8x045', 'cresco8x047', 'cresco8x049', 'cresco8x051']
[DEBUG]: SLURM command is: srun --export=ALL  --nodelist cresco8x021,cresco8x023,cresco8x025,cresco8x027,cresco8x029,cresco8x031,cresco8x033,cresco8x035,cresco8x037,cresco8x039,cresco8x041,cresco8x043,cresco8x045,cresco8x047,cresco8x049,cresco8x051 --cpu-bind=socket -n 16 -N 16 /afs/enea.it/por/user/piarulli/CRAB/benchmarks/blink/bin/agtr_comm_only -msgsize 16777216 -iter 1000
Ran 1005 iterations. Measured 1000 iterations.
Ran 1005 iterations. Measured 1000 iterations.
Ran 1005 iterations. Measured 1000 iterations.
Ran 1005 iterations. Measured 1000 iterations.
Ran 1005 iterations. Measured 1000 iterations.
Ran 1005 iterations. Measured 1000 iterations.
Ran 1005 iterations. Measured 1000 iterations.
Ran 1005 iterations. Measured 1000 iterations.
--- [WARNING] App 8 ended with return code -9 ---
--- [INFO] Run 1 completata in 11.6337 secondi ---

Logging data...
Dati per App 0 salvati in: ./data/cresco8/2025-12-16_09-14-01-953688/data_app_0.csv
Dati per App 1 salvati in: ./data/cresco8/2025-12-16_09-14-01-953688/data_app_1.csv
Dati per App 2 salvati in: ./data/cresco8/2025-12-16_09-14-01-953688/data_app_2.csv
Dati per App 3 salvati in: ./data/cresco8/2025-12-16_09-14-01-953688/data_app_3.csv
Dati per App 4 salvati in: ./data/cresco8/2025-12-16_09-14-01-953688/data_app_4.csv
Dati per App 5 salvati in: ./data/cresco8/2025-12-16_09-14-01-953688/data_app_5.csv
Dati per App 6 salvati in: ./data/cresco8/2025-12-16_09-14-01-953688/data_app_6.csv
Dati per App 7 salvati in: ./data/cresco8/2025-12-16_09-14-01-953688/data_app_7.csv
--- [WORKER] Engine run finished. ---
