--- [WORKER MODE DETECTED] Work dir: ./data/leonardo/2025-12-14_18-59-40-573614 ---
--- [WORKER] Environment loaded. Starting engine. ---
--- [WORKER] Engine running in WORKER mode. ---
--- [WORKER] Working directory is: ./data/leonardo/2025-12-14_18-59-40-573614 ---
--- [WORKER] Allocating nodes provided by SLURM: lrdn[0028,0116,0124,0137,0191,0212,0221,0231,0242,0255] ---
--- [INFO] Partition 0 (Collect=True): 5 nodes. Rule: '100' ---
--- [INFO] Partition 1 (Collect=False): 5 nodes. Rule: '100' ---

Running Benchmarks...
 Run 1:
[DEBUG]: Node List is: ['lrdn0028', 'lrdn0124', 'lrdn0191', 'lrdn0221', 'lrdn0242']
[DEBUG]: Detected CRAB_SYSTEM=leonardo. Adding SLURM option: --partition=boost_usr_prod
[DEBUG]: SLURM command is: srun --export=ALL --partition=boost_usr_prod --nodelist lrdn0028,lrdn0124,lrdn0191,lrdn0221,lrdn0242 --cpu-bind=socket -n 5 -N 5 /leonardo/home/userexternal/lpiarull/CRAB/benchmarks/blink/bin/agtr_comm_only -msgsize 8 -iter 1000
[DEBUG]: Node List is: ['lrdn0116', 'lrdn0137', 'lrdn0212', 'lrdn0231', 'lrdn0255']
[DEBUG]: Detected CRAB_SYSTEM=leonardo. Adding SLURM option: --partition=boost_usr_prod
[DEBUG]: SLURM command is: srun --export=ALL --partition=boost_usr_prod --nodelist lrdn0116,lrdn0137,lrdn0212,lrdn0231,lrdn0255 --cpu-bind=socket -n 5 -N 5 /leonardo/home/userexternal/lpiarull/CRAB/benchmarks/blink/bin/noise_incast -msgsize 16777216 -iter 1000000
[DEBUG]: Node List is: ['lrdn0028', 'lrdn0124', 'lrdn0191', 'lrdn0221', 'lrdn0242']
[DEBUG]: Detected CRAB_SYSTEM=leonardo. Adding SLURM option: --partition=boost_usr_prod
[DEBUG]: SLURM command is: srun --export=ALL --partition=boost_usr_prod --nodelist lrdn0028,lrdn0124,lrdn0191,lrdn0221,lrdn0242 --cpu-bind=socket -n 5 -N 5 /leonardo/home/userexternal/lpiarull/CRAB/benchmarks/blink/bin/agtr_comm_only -msgsize 64 -iter 1000
[DEBUG]: Node List is: ['lrdn0028', 'lrdn0124', 'lrdn0191', 'lrdn0221', 'lrdn0242']
[DEBUG]: Detected CRAB_SYSTEM=leonardo. Adding SLURM option: --partition=boost_usr_prod
[DEBUG]: SLURM command is: srun --export=ALL --partition=boost_usr_prod --nodelist lrdn0028,lrdn0124,lrdn0191,lrdn0221,lrdn0242 --cpu-bind=socket -n 5 -N 5 /leonardo/home/userexternal/lpiarull/CRAB/benchmarks/blink/bin/agtr_comm_only -msgsize 512 -iter 1000
[DEBUG]: Node List is: ['lrdn0028', 'lrdn0124', 'lrdn0191', 'lrdn0221', 'lrdn0242']
[DEBUG]: Detected CRAB_SYSTEM=leonardo. Adding SLURM option: --partition=boost_usr_prod
[DEBUG]: SLURM command is: srun --export=ALL --partition=boost_usr_prod --nodelist lrdn0028,lrdn0124,lrdn0191,lrdn0221,lrdn0242 --cpu-bind=socket -n 5 -N 5 /leonardo/home/userexternal/lpiarull/CRAB/benchmarks/blink/bin/agtr_comm_only -msgsize 4096 -iter 1000
[DEBUG]: Node List is: ['lrdn0028', 'lrdn0124', 'lrdn0191', 'lrdn0221', 'lrdn0242']
[DEBUG]: Detected CRAB_SYSTEM=leonardo. Adding SLURM option: --partition=boost_usr_prod
[DEBUG]: SLURM command is: srun --export=ALL --partition=boost_usr_prod --nodelist lrdn0028,lrdn0124,lrdn0191,lrdn0221,lrdn0242 --cpu-bind=socket -n 5 -N 5 /leonardo/home/userexternal/lpiarull/CRAB/benchmarks/blink/bin/agtr_comm_only -msgsize 32768 -iter 1000
[DEBUG]: Node List is: ['lrdn0028', 'lrdn0124', 'lrdn0191', 'lrdn0221', 'lrdn0242']
[DEBUG]: Detected CRAB_SYSTEM=leonardo. Adding SLURM option: --partition=boost_usr_prod
[DEBUG]: SLURM command is: srun --export=ALL --partition=boost_usr_prod --nodelist lrdn0028,lrdn0124,lrdn0191,lrdn0221,lrdn0242 --cpu-bind=socket -n 5 -N 5 /leonardo/home/userexternal/lpiarull/CRAB/benchmarks/blink/bin/agtr_comm_only -msgsize 262144 -iter 1000
[DEBUG]: Node List is: ['lrdn0028', 'lrdn0124', 'lrdn0191', 'lrdn0221', 'lrdn0242']
[DEBUG]: Detected CRAB_SYSTEM=leonardo. Adding SLURM option: --partition=boost_usr_prod
[DEBUG]: SLURM command is: srun --export=ALL --partition=boost_usr_prod --nodelist lrdn0028,lrdn0124,lrdn0191,lrdn0221,lrdn0242 --cpu-bind=socket -n 5 -N 5 /leonardo/home/userexternal/lpiarull/CRAB/benchmarks/blink/bin/agtr_comm_only -msgsize 2097152 -iter 1000
[DEBUG]: Node List is: ['lrdn0028', 'lrdn0124', 'lrdn0191', 'lrdn0221', 'lrdn0242']
[DEBUG]: Detected CRAB_SYSTEM=leonardo. Adding SLURM option: --partition=boost_usr_prod
[DEBUG]: SLURM command is: srun --export=ALL --partition=boost_usr_prod --nodelist lrdn0028,lrdn0124,lrdn0191,lrdn0221,lrdn0242 --cpu-bind=socket -n 5 -N 5 /leonardo/home/userexternal/lpiarull/CRAB/benchmarks/blink/bin/agtr_comm_only -msgsize 16777216 -iter 1000
Ran 1005 iterations. Measured 1000 iterations.
Ran 1005 iterations. Measured 1000 iterations.
Ran 1005 iterations. Measured 1000 iterations.
Ran 1005 iterations. Measured 1000 iterations.
Ran 1005 iterations. Measured 1000 iterations.
Ran 1005 iterations. Measured 1000 iterations.
Ran 1005 iterations. Measured 1000 iterations.
Ran 1005 iterations. Measured 1000 iterations.
--- [WARNING] App 8 ended with return code -9 ---
--- [INFO] Run 1 completata in 14.4523 secondi ---

Logging data...
Dati per App 0 salvati in: ./data/leonardo/2025-12-14_18-59-40-573614/data_app_0.csv
Dati per App 1 salvati in: ./data/leonardo/2025-12-14_18-59-40-573614/data_app_1.csv
Dati per App 2 salvati in: ./data/leonardo/2025-12-14_18-59-40-573614/data_app_2.csv
Dati per App 3 salvati in: ./data/leonardo/2025-12-14_18-59-40-573614/data_app_3.csv
Dati per App 4 salvati in: ./data/leonardo/2025-12-14_18-59-40-573614/data_app_4.csv
Dati per App 5 salvati in: ./data/leonardo/2025-12-14_18-59-40-573614/data_app_5.csv
Dati per App 6 salvati in: ./data/leonardo/2025-12-14_18-59-40-573614/data_app_6.csv
Dati per App 7 salvati in: ./data/leonardo/2025-12-14_18-59-40-573614/data_app_7.csv
--- [WORKER] Engine run finished. ---
