--- [WORKER MODE DETECTED] Work dir: ./data/lumi/2025-12-18_23-26-11-046938 ---
--- [WORKER] Environment loaded. Starting engine. ---
--- [WORKER] Engine running in WORKER mode. ---
--- [WORKER] Working directory is: ./data/lumi/2025-12-18_23-26-11-046938 ---
--- [WORKER] Allocating nodes provided by SLURM: nid[005761-005776] ---
--- [INFO] Partition 0 (Collect=True): 8 nodes. Rule: '100' ---
--- [INFO] Partition 1 (Collect=False): 8 nodes. Rule: '100' ---

Running Benchmarks...
 Run 1:
[DEBUG]: Node List is: ['nid005761', 'nid005763', 'nid005765', 'nid005767', 'nid005769', 'nid005771', 'nid005773', 'nid005775']
[DEBUG]: SLURM command is: srun --export=ALL  --nodelist nid005761,nid005763,nid005765,nid005767,nid005769,nid005771,nid005773,nid005775 --cpu-bind=socket -n 8 -N 8 /pfs/lustrep4/users/pasqualo/CRAB/benchmarks/blink/bin/agtr_comm_only -msgsize 8 -iter 1000
[DEBUG]: Node List is: ['nid005761', 'nid005763', 'nid005765', 'nid005767', 'nid005769', 'nid005771', 'nid005773', 'nid005775']
[DEBUG]: SLURM command is: srun --export=ALL  --nodelist nid005761,nid005763,nid005765,nid005767,nid005769,nid005771,nid005773,nid005775 --cpu-bind=socket -n 8 -N 8 /pfs/lustrep4/users/pasqualo/CRAB/benchmarks/blink/bin/agtr_comm_only -msgsize 64 -iter 1000
[DEBUG]: Node List is: ['nid005761', 'nid005763', 'nid005765', 'nid005767', 'nid005769', 'nid005771', 'nid005773', 'nid005775']
[DEBUG]: SLURM command is: srun --export=ALL  --nodelist nid005761,nid005763,nid005765,nid005767,nid005769,nid005771,nid005773,nid005775 --cpu-bind=socket -n 8 -N 8 /pfs/lustrep4/users/pasqualo/CRAB/benchmarks/blink/bin/agtr_comm_only -msgsize 512 -iter 1000
[DEBUG]: Node List is: ['nid005761', 'nid005763', 'nid005765', 'nid005767', 'nid005769', 'nid005771', 'nid005773', 'nid005775']
[DEBUG]: SLURM command is: srun --export=ALL  --nodelist nid005761,nid005763,nid005765,nid005767,nid005769,nid005771,nid005773,nid005775 --cpu-bind=socket -n 8 -N 8 /pfs/lustrep4/users/pasqualo/CRAB/benchmarks/blink/bin/agtr_comm_only -msgsize 4096 -iter 1000
[DEBUG]: Node List is: ['nid005761', 'nid005763', 'nid005765', 'nid005767', 'nid005769', 'nid005771', 'nid005773', 'nid005775']
[DEBUG]: SLURM command is: srun --export=ALL  --nodelist nid005761,nid005763,nid005765,nid005767,nid005769,nid005771,nid005773,nid005775 --cpu-bind=socket -n 8 -N 8 /pfs/lustrep4/users/pasqualo/CRAB/benchmarks/blink/bin/agtr_comm_only -msgsize 32768 -iter 1000
[DEBUG]: Node List is: ['nid005761', 'nid005763', 'nid005765', 'nid005767', 'nid005769', 'nid005771', 'nid005773', 'nid005775']
[DEBUG]: SLURM command is: srun --export=ALL  --nodelist nid005761,nid005763,nid005765,nid005767,nid005769,nid005771,nid005773,nid005775 --cpu-bind=socket -n 8 -N 8 /pfs/lustrep4/users/pasqualo/CRAB/benchmarks/blink/bin/agtr_comm_only -msgsize 262144 -iter 1000
[DEBUG]: Node List is: ['nid005761', 'nid005763', 'nid005765', 'nid005767', 'nid005769', 'nid005771', 'nid005773', 'nid005775']
[DEBUG]: SLURM command is: srun --export=ALL  --nodelist nid005761,nid005763,nid005765,nid005767,nid005769,nid005771,nid005773,nid005775 --cpu-bind=socket -n 8 -N 8 /pfs/lustrep4/users/pasqualo/CRAB/benchmarks/blink/bin/agtr_comm_only -msgsize 2097152 -iter 1000
[DEBUG]: Node List is: ['nid005761', 'nid005763', 'nid005765', 'nid005767', 'nid005769', 'nid005771', 'nid005773', 'nid005775']
[DEBUG]: SLURM command is: srun --export=ALL  --nodelist nid005761,nid005763,nid005765,nid005767,nid005769,nid005771,nid005773,nid005775 --cpu-bind=socket -n 8 -N 8 /pfs/lustrep4/users/pasqualo/CRAB/benchmarks/blink/bin/agtr_comm_only -msgsize 16777216 -iter 1000
[DEBUG]: Node List is: ['nid005761', 'nid005763', 'nid005765', 'nid005767', 'nid005769', 'nid005771', 'nid005773', 'nid005775']
[DEBUG]: SLURM command is: srun --export=ALL  --nodelist nid005761,nid005763,nid005765,nid005767,nid005769,nid005771,nid005773,nid005775 --cpu-bind=socket -n 8 -N 8 /pfs/lustrep4/users/pasqualo/CRAB/benchmarks/blink/bin/agtr_comm_only -msgsize 8 -iter 1000
[DEBUG]: Node List is: ['nid005762', 'nid005764', 'nid005766', 'nid005768', 'nid005770', 'nid005772', 'nid005774', 'nid005776']
[DEBUG]: SLURM command is: srun --export=ALL  --nodelist nid005762,nid005764,nid005766,nid005768,nid005770,nid005772,nid005774,nid005776 --cpu-bind=socket -n 8 -N 8 /pfs/lustrep4/users/pasqualo/CRAB/benchmarks/blink/bin/bursty_noise_incast 0.0001 0.1
[DEBUG]: Node List is: ['nid005761', 'nid005763', 'nid005765', 'nid005767', 'nid005769', 'nid005771', 'nid005773', 'nid005775']
[DEBUG]: SLURM command is: srun --export=ALL  --nodelist nid005761,nid005763,nid005765,nid005767,nid005769,nid005771,nid005773,nid005775 --cpu-bind=socket -n 8 -N 8 /pfs/lustrep4/users/pasqualo/CRAB/benchmarks/blink/bin/agtr_comm_only -msgsize 64 -iter 1000
[DEBUG]: Node List is: ['nid005761', 'nid005763', 'nid005765', 'nid005767', 'nid005769', 'nid005771', 'nid005773', 'nid005775']
[DEBUG]: SLURM command is: srun --export=ALL  --nodelist nid005761,nid005763,nid005765,nid005767,nid005769,nid005771,nid005773,nid005775 --cpu-bind=socket -n 8 -N 8 /pfs/lustrep4/users/pasqualo/CRAB/benchmarks/blink/bin/agtr_comm_only -msgsize 512 -iter 1000
[DEBUG]: Node List is: ['nid005761', 'nid005763', 'nid005765', 'nid005767', 'nid005769', 'nid005771', 'nid005773', 'nid005775']
[DEBUG]: SLURM command is: srun --export=ALL  --nodelist nid005761,nid005763,nid005765,nid005767,nid005769,nid005771,nid005773,nid005775 --cpu-bind=socket -n 8 -N 8 /pfs/lustrep4/users/pasqualo/CRAB/benchmarks/blink/bin/agtr_comm_only -msgsize 4096 -iter 1000
[DEBUG]: Node List is: ['nid005761', 'nid005763', 'nid005765', 'nid005767', 'nid005769', 'nid005771', 'nid005773', 'nid005775']
[DEBUG]: SLURM command is: srun --export=ALL  --nodelist nid005761,nid005763,nid005765,nid005767,nid005769,nid005771,nid005773,nid005775 --cpu-bind=socket -n 8 -N 8 /pfs/lustrep4/users/pasqualo/CRAB/benchmarks/blink/bin/agtr_comm_only -msgsize 32768 -iter 1000
[DEBUG]: Node List is: ['nid005761', 'nid005763', 'nid005765', 'nid005767', 'nid005769', 'nid005771', 'nid005773', 'nid005775']
[DEBUG]: SLURM command is: srun --export=ALL  --nodelist nid005761,nid005763,nid005765,nid005767,nid005769,nid005771,nid005773,nid005775 --cpu-bind=socket -n 8 -N 8 /pfs/lustrep4/users/pasqualo/CRAB/benchmarks/blink/bin/agtr_comm_only -msgsize 262144 -iter 1000
[DEBUG]: Node List is: ['nid005761', 'nid005763', 'nid005765', 'nid005767', 'nid005769', 'nid005771', 'nid005773', 'nid005775']
[DEBUG]: SLURM command is: srun --export=ALL  --nodelist nid005761,nid005763,nid005765,nid005767,nid005769,nid005771,nid005773,nid005775 --cpu-bind=socket -n 8 -N 8 /pfs/lustrep4/users/pasqualo/CRAB/benchmarks/blink/bin/agtr_comm_only -msgsize 2097152 -iter 1000
[DEBUG]: Node List is: ['nid005761', 'nid005763', 'nid005765', 'nid005767', 'nid005769', 'nid005771', 'nid005773', 'nid005775']
[DEBUG]: SLURM command is: srun --export=ALL  --nodelist nid005761,nid005763,nid005765,nid005767,nid005769,nid005771,nid005773,nid005775 --cpu-bind=socket -n 8 -N 8 /pfs/lustrep4/users/pasqualo/CRAB/benchmarks/blink/bin/agtr_comm_only -msgsize 16777216 -iter 1000
--- [WARNING] App 16 ended with return code -9 ---
--- [INFO] Run 1 completata in 16.3483 secondi ---

Logging data...
Dati per App 0 salvati in: ./data/lumi/2025-12-18_23-26-11-046938/data_app_0.csv
Dati per App 1 salvati in: ./data/lumi/2025-12-18_23-26-11-046938/data_app_1.csv
Dati per App 2 salvati in: ./data/lumi/2025-12-18_23-26-11-046938/data_app_2.csv
Dati per App 3 salvati in: ./data/lumi/2025-12-18_23-26-11-046938/data_app_3.csv
Dati per App 4 salvati in: ./data/lumi/2025-12-18_23-26-11-046938/data_app_4.csv
Dati per App 5 salvati in: ./data/lumi/2025-12-18_23-26-11-046938/data_app_5.csv
Dati per App 6 salvati in: ./data/lumi/2025-12-18_23-26-11-046938/data_app_6.csv
Dati per App 7 salvati in: ./data/lumi/2025-12-18_23-26-11-046938/data_app_7.csv
Dati per App 8 salvati in: ./data/lumi/2025-12-18_23-26-11-046938/data_app_8.csv
Dati per App 9 salvati in: ./data/lumi/2025-12-18_23-26-11-046938/data_app_9.csv
Dati per App 10 salvati in: ./data/lumi/2025-12-18_23-26-11-046938/data_app_10.csv
Dati per App 11 salvati in: ./data/lumi/2025-12-18_23-26-11-046938/data_app_11.csv
Dati per App 12 salvati in: ./data/lumi/2025-12-18_23-26-11-046938/data_app_12.csv
Dati per App 13 salvati in: ./data/lumi/2025-12-18_23-26-11-046938/data_app_13.csv
Dati per App 14 salvati in: ./data/lumi/2025-12-18_23-26-11-046938/data_app_14.csv
Dati per App 15 salvati in: ./data/lumi/2025-12-18_23-26-11-046938/data_app_15.csv
--- [WORKER] Engine run finished. ---
