--- [WORKER MODE DETECTED] Work dir: ./data/lumi/2025-12-19_01-30-38-395056 ---
--- [WORKER] Environment loaded. Starting engine. ---
--- [WORKER] Engine running in WORKER mode. ---
--- [WORKER] Working directory is: ./data/lumi/2025-12-19_01-30-38-395056 ---
--- [WORKER] Allocating nodes provided by SLURM: nid[006486-006549] ---
--- [INFO] Partition 0 (Collect=True): 32 nodes. Rule: '100' ---
--- [INFO] Partition 1 (Collect=False): 32 nodes. Rule: '100' ---

Running Benchmarks...
 Run 1:
[DEBUG]: Node List is: ['nid006486', 'nid006488', 'nid006490', 'nid006492', 'nid006494', 'nid006496', 'nid006498', 'nid006500', 'nid006502', 'nid006504', 'nid006506', 'nid006508', 'nid006510', 'nid006512', 'nid006514', 'nid006516', 'nid006518', 'nid006520', 'nid006522', 'nid006524', 'nid006526', 'nid006528', 'nid006530', 'nid006532', 'nid006534', 'nid006536', 'nid006538', 'nid006540', 'nid006542', 'nid006544', 'nid006546', 'nid006548']
[DEBUG]: SLURM command is: srun --export=ALL  --nodelist nid006486,nid006488,nid006490,nid006492,nid006494,nid006496,nid006498,nid006500,nid006502,nid006504,nid006506,nid006508,nid006510,nid006512,nid006514,nid006516,nid006518,nid006520,nid006522,nid006524,nid006526,nid006528,nid006530,nid006532,nid006534,nid006536,nid006538,nid006540,nid006542,nid006544,nid006546,nid006548 --cpu-bind=socket -n 32 -N 32 /pfs/lustrep4/users/pasqualo/CRAB/benchmarks/blink/bin/agtr_comm_only -msgsize 8 -iter 1000
[DEBUG]: Node List is: ['nid006486', 'nid006488', 'nid006490', 'nid006492', 'nid006494', 'nid006496', 'nid006498', 'nid006500', 'nid006502', 'nid006504', 'nid006506', 'nid006508', 'nid006510', 'nid006512', 'nid006514', 'nid006516', 'nid006518', 'nid006520', 'nid006522', 'nid006524', 'nid006526', 'nid006528', 'nid006530', 'nid006532', 'nid006534', 'nid006536', 'nid006538', 'nid006540', 'nid006542', 'nid006544', 'nid006546', 'nid006548']
[DEBUG]: SLURM command is: srun --export=ALL  --nodelist nid006486,nid006488,nid006490,nid006492,nid006494,nid006496,nid006498,nid006500,nid006502,nid006504,nid006506,nid006508,nid006510,nid006512,nid006514,nid006516,nid006518,nid006520,nid006522,nid006524,nid006526,nid006528,nid006530,nid006532,nid006534,nid006536,nid006538,nid006540,nid006542,nid006544,nid006546,nid006548 --cpu-bind=socket -n 32 -N 32 /pfs/lustrep4/users/pasqualo/CRAB/benchmarks/blink/bin/agtr_comm_only -msgsize 64 -iter 1000
[DEBUG]: Node List is: ['nid006486', 'nid006488', 'nid006490', 'nid006492', 'nid006494', 'nid006496', 'nid006498', 'nid006500', 'nid006502', 'nid006504', 'nid006506', 'nid006508', 'nid006510', 'nid006512', 'nid006514', 'nid006516', 'nid006518', 'nid006520', 'nid006522', 'nid006524', 'nid006526', 'nid006528', 'nid006530', 'nid006532', 'nid006534', 'nid006536', 'nid006538', 'nid006540', 'nid006542', 'nid006544', 'nid006546', 'nid006548']
[DEBUG]: SLURM command is: srun --export=ALL  --nodelist nid006486,nid006488,nid006490,nid006492,nid006494,nid006496,nid006498,nid006500,nid006502,nid006504,nid006506,nid006508,nid006510,nid006512,nid006514,nid006516,nid006518,nid006520,nid006522,nid006524,nid006526,nid006528,nid006530,nid006532,nid006534,nid006536,nid006538,nid006540,nid006542,nid006544,nid006546,nid006548 --cpu-bind=socket -n 32 -N 32 /pfs/lustrep4/users/pasqualo/CRAB/benchmarks/blink/bin/agtr_comm_only -msgsize 512 -iter 1000
[DEBUG]: Node List is: ['nid006486', 'nid006488', 'nid006490', 'nid006492', 'nid006494', 'nid006496', 'nid006498', 'nid006500', 'nid006502', 'nid006504', 'nid006506', 'nid006508', 'nid006510', 'nid006512', 'nid006514', 'nid006516', 'nid006518', 'nid006520', 'nid006522', 'nid006524', 'nid006526', 'nid006528', 'nid006530', 'nid006532', 'nid006534', 'nid006536', 'nid006538', 'nid006540', 'nid006542', 'nid006544', 'nid006546', 'nid006548']
[DEBUG]: SLURM command is: srun --export=ALL  --nodelist nid006486,nid006488,nid006490,nid006492,nid006494,nid006496,nid006498,nid006500,nid006502,nid006504,nid006506,nid006508,nid006510,nid006512,nid006514,nid006516,nid006518,nid006520,nid006522,nid006524,nid006526,nid006528,nid006530,nid006532,nid006534,nid006536,nid006538,nid006540,nid006542,nid006544,nid006546,nid006548 --cpu-bind=socket -n 32 -N 32 /pfs/lustrep4/users/pasqualo/CRAB/benchmarks/blink/bin/agtr_comm_only -msgsize 4096 -iter 1000
[DEBUG]: Node List is: ['nid006486', 'nid006488', 'nid006490', 'nid006492', 'nid006494', 'nid006496', 'nid006498', 'nid006500', 'nid006502', 'nid006504', 'nid006506', 'nid006508', 'nid006510', 'nid006512', 'nid006514', 'nid006516', 'nid006518', 'nid006520', 'nid006522', 'nid006524', 'nid006526', 'nid006528', 'nid006530', 'nid006532', 'nid006534', 'nid006536', 'nid006538', 'nid006540', 'nid006542', 'nid006544', 'nid006546', 'nid006548']
[DEBUG]: SLURM command is: srun --export=ALL  --nodelist nid006486,nid006488,nid006490,nid006492,nid006494,nid006496,nid006498,nid006500,nid006502,nid006504,nid006506,nid006508,nid006510,nid006512,nid006514,nid006516,nid006518,nid006520,nid006522,nid006524,nid006526,nid006528,nid006530,nid006532,nid006534,nid006536,nid006538,nid006540,nid006542,nid006544,nid006546,nid006548 --cpu-bind=socket -n 32 -N 32 /pfs/lustrep4/users/pasqualo/CRAB/benchmarks/blink/bin/agtr_comm_only -msgsize 32768 -iter 1000
[DEBUG]: Node List is: ['nid006486', 'nid006488', 'nid006490', 'nid006492', 'nid006494', 'nid006496', 'nid006498', 'nid006500', 'nid006502', 'nid006504', 'nid006506', 'nid006508', 'nid006510', 'nid006512', 'nid006514', 'nid006516', 'nid006518', 'nid006520', 'nid006522', 'nid006524', 'nid006526', 'nid006528', 'nid006530', 'nid006532', 'nid006534', 'nid006536', 'nid006538', 'nid006540', 'nid006542', 'nid006544', 'nid006546', 'nid006548']
[DEBUG]: SLURM command is: srun --export=ALL  --nodelist nid006486,nid006488,nid006490,nid006492,nid006494,nid006496,nid006498,nid006500,nid006502,nid006504,nid006506,nid006508,nid006510,nid006512,nid006514,nid006516,nid006518,nid006520,nid006522,nid006524,nid006526,nid006528,nid006530,nid006532,nid006534,nid006536,nid006538,nid006540,nid006542,nid006544,nid006546,nid006548 --cpu-bind=socket -n 32 -N 32 /pfs/lustrep4/users/pasqualo/CRAB/benchmarks/blink/bin/agtr_comm_only -msgsize 262144 -iter 1000
[DEBUG]: Node List is: ['nid006486', 'nid006488', 'nid006490', 'nid006492', 'nid006494', 'nid006496', 'nid006498', 'nid006500', 'nid006502', 'nid006504', 'nid006506', 'nid006508', 'nid006510', 'nid006512', 'nid006514', 'nid006516', 'nid006518', 'nid006520', 'nid006522', 'nid006524', 'nid006526', 'nid006528', 'nid006530', 'nid006532', 'nid006534', 'nid006536', 'nid006538', 'nid006540', 'nid006542', 'nid006544', 'nid006546', 'nid006548']
[DEBUG]: SLURM command is: srun --export=ALL  --nodelist nid006486,nid006488,nid006490,nid006492,nid006494,nid006496,nid006498,nid006500,nid006502,nid006504,nid006506,nid006508,nid006510,nid006512,nid006514,nid006516,nid006518,nid006520,nid006522,nid006524,nid006526,nid006528,nid006530,nid006532,nid006534,nid006536,nid006538,nid006540,nid006542,nid006544,nid006546,nid006548 --cpu-bind=socket -n 32 -N 32 /pfs/lustrep4/users/pasqualo/CRAB/benchmarks/blink/bin/agtr_comm_only -msgsize 2097152 -iter 1000
[DEBUG]: Node List is: ['nid006486', 'nid006488', 'nid006490', 'nid006492', 'nid006494', 'nid006496', 'nid006498', 'nid006500', 'nid006502', 'nid006504', 'nid006506', 'nid006508', 'nid006510', 'nid006512', 'nid006514', 'nid006516', 'nid006518', 'nid006520', 'nid006522', 'nid006524', 'nid006526', 'nid006528', 'nid006530', 'nid006532', 'nid006534', 'nid006536', 'nid006538', 'nid006540', 'nid006542', 'nid006544', 'nid006546', 'nid006548']
[DEBUG]: SLURM command is: srun --export=ALL  --nodelist nid006486,nid006488,nid006490,nid006492,nid006494,nid006496,nid006498,nid006500,nid006502,nid006504,nid006506,nid006508,nid006510,nid006512,nid006514,nid006516,nid006518,nid006520,nid006522,nid006524,nid006526,nid006528,nid006530,nid006532,nid006534,nid006536,nid006538,nid006540,nid006542,nid006544,nid006546,nid006548 --cpu-bind=socket -n 32 -N 32 /pfs/lustrep4/users/pasqualo/CRAB/benchmarks/blink/bin/agtr_comm_only -msgsize 16777216 -iter 1000
[DEBUG]: Node List is: ['nid006486', 'nid006488', 'nid006490', 'nid006492', 'nid006494', 'nid006496', 'nid006498', 'nid006500', 'nid006502', 'nid006504', 'nid006506', 'nid006508', 'nid006510', 'nid006512', 'nid006514', 'nid006516', 'nid006518', 'nid006520', 'nid006522', 'nid006524', 'nid006526', 'nid006528', 'nid006530', 'nid006532', 'nid006534', 'nid006536', 'nid006538', 'nid006540', 'nid006542', 'nid006544', 'nid006546', 'nid006548']
[DEBUG]: SLURM command is: srun --export=ALL  --nodelist nid006486,nid006488,nid006490,nid006492,nid006494,nid006496,nid006498,nid006500,nid006502,nid006504,nid006506,nid006508,nid006510,nid006512,nid006514,nid006516,nid006518,nid006520,nid006522,nid006524,nid006526,nid006528,nid006530,nid006532,nid006534,nid006536,nid006538,nid006540,nid006542,nid006544,nid006546,nid006548 --cpu-bind=socket -n 32 -N 32 /pfs/lustrep4/users/pasqualo/CRAB/benchmarks/blink/bin/agtr_comm_only -msgsize 8 -iter 1000
[DEBUG]: Node List is: ['nid006487', 'nid006489', 'nid006491', 'nid006493', 'nid006495', 'nid006497', 'nid006499', 'nid006501', 'nid006503', 'nid006505', 'nid006507', 'nid006509', 'nid006511', 'nid006513', 'nid006515', 'nid006517', 'nid006519', 'nid006521', 'nid006523', 'nid006525', 'nid006527', 'nid006529', 'nid006531', 'nid006533', 'nid006535', 'nid006537', 'nid006539', 'nid006541', 'nid006543', 'nid006545', 'nid006547', 'nid006549']
[DEBUG]: SLURM command is: srun --export=ALL  --nodelist nid006487,nid006489,nid006491,nid006493,nid006495,nid006497,nid006499,nid006501,nid006503,nid006505,nid006507,nid006509,nid006511,nid006513,nid006515,nid006517,nid006519,nid006521,nid006523,nid006525,nid006527,nid006529,nid006531,nid006533,nid006535,nid006537,nid006539,nid006541,nid006543,nid006545,nid006547,nid006549 --cpu-bind=socket -n 32 -N 32 /pfs/lustrep4/users/pasqualo/CRAB/benchmarks/blink/bin/bursty_noise_incast 0.000001 0.01
[DEBUG]: Node List is: ['nid006486', 'nid006488', 'nid006490', 'nid006492', 'nid006494', 'nid006496', 'nid006498', 'nid006500', 'nid006502', 'nid006504', 'nid006506', 'nid006508', 'nid006510', 'nid006512', 'nid006514', 'nid006516', 'nid006518', 'nid006520', 'nid006522', 'nid006524', 'nid006526', 'nid006528', 'nid006530', 'nid006532', 'nid006534', 'nid006536', 'nid006538', 'nid006540', 'nid006542', 'nid006544', 'nid006546', 'nid006548']
[DEBUG]: SLURM command is: srun --export=ALL  --nodelist nid006486,nid006488,nid006490,nid006492,nid006494,nid006496,nid006498,nid006500,nid006502,nid006504,nid006506,nid006508,nid006510,nid006512,nid006514,nid006516,nid006518,nid006520,nid006522,nid006524,nid006526,nid006528,nid006530,nid006532,nid006534,nid006536,nid006538,nid006540,nid006542,nid006544,nid006546,nid006548 --cpu-bind=socket -n 32 -N 32 /pfs/lustrep4/users/pasqualo/CRAB/benchmarks/blink/bin/agtr_comm_only -msgsize 64 -iter 1000
[DEBUG]: Node List is: ['nid006486', 'nid006488', 'nid006490', 'nid006492', 'nid006494', 'nid006496', 'nid006498', 'nid006500', 'nid006502', 'nid006504', 'nid006506', 'nid006508', 'nid006510', 'nid006512', 'nid006514', 'nid006516', 'nid006518', 'nid006520', 'nid006522', 'nid006524', 'nid006526', 'nid006528', 'nid006530', 'nid006532', 'nid006534', 'nid006536', 'nid006538', 'nid006540', 'nid006542', 'nid006544', 'nid006546', 'nid006548']
[DEBUG]: SLURM command is: srun --export=ALL  --nodelist nid006486,nid006488,nid006490,nid006492,nid006494,nid006496,nid006498,nid006500,nid006502,nid006504,nid006506,nid006508,nid006510,nid006512,nid006514,nid006516,nid006518,nid006520,nid006522,nid006524,nid006526,nid006528,nid006530,nid006532,nid006534,nid006536,nid006538,nid006540,nid006542,nid006544,nid006546,nid006548 --cpu-bind=socket -n 32 -N 32 /pfs/lustrep4/users/pasqualo/CRAB/benchmarks/blink/bin/agtr_comm_only -msgsize 512 -iter 1000
[DEBUG]: Node List is: ['nid006486', 'nid006488', 'nid006490', 'nid006492', 'nid006494', 'nid006496', 'nid006498', 'nid006500', 'nid006502', 'nid006504', 'nid006506', 'nid006508', 'nid006510', 'nid006512', 'nid006514', 'nid006516', 'nid006518', 'nid006520', 'nid006522', 'nid006524', 'nid006526', 'nid006528', 'nid006530', 'nid006532', 'nid006534', 'nid006536', 'nid006538', 'nid006540', 'nid006542', 'nid006544', 'nid006546', 'nid006548']
[DEBUG]: SLURM command is: srun --export=ALL  --nodelist nid006486,nid006488,nid006490,nid006492,nid006494,nid006496,nid006498,nid006500,nid006502,nid006504,nid006506,nid006508,nid006510,nid006512,nid006514,nid006516,nid006518,nid006520,nid006522,nid006524,nid006526,nid006528,nid006530,nid006532,nid006534,nid006536,nid006538,nid006540,nid006542,nid006544,nid006546,nid006548 --cpu-bind=socket -n 32 -N 32 /pfs/lustrep4/users/pasqualo/CRAB/benchmarks/blink/bin/agtr_comm_only -msgsize 4096 -iter 1000
[DEBUG]: Node List is: ['nid006486', 'nid006488', 'nid006490', 'nid006492', 'nid006494', 'nid006496', 'nid006498', 'nid006500', 'nid006502', 'nid006504', 'nid006506', 'nid006508', 'nid006510', 'nid006512', 'nid006514', 'nid006516', 'nid006518', 'nid006520', 'nid006522', 'nid006524', 'nid006526', 'nid006528', 'nid006530', 'nid006532', 'nid006534', 'nid006536', 'nid006538', 'nid006540', 'nid006542', 'nid006544', 'nid006546', 'nid006548']
[DEBUG]: SLURM command is: srun --export=ALL  --nodelist nid006486,nid006488,nid006490,nid006492,nid006494,nid006496,nid006498,nid006500,nid006502,nid006504,nid006506,nid006508,nid006510,nid006512,nid006514,nid006516,nid006518,nid006520,nid006522,nid006524,nid006526,nid006528,nid006530,nid006532,nid006534,nid006536,nid006538,nid006540,nid006542,nid006544,nid006546,nid006548 --cpu-bind=socket -n 32 -N 32 /pfs/lustrep4/users/pasqualo/CRAB/benchmarks/blink/bin/agtr_comm_only -msgsize 32768 -iter 1000
[DEBUG]: Node List is: ['nid006486', 'nid006488', 'nid006490', 'nid006492', 'nid006494', 'nid006496', 'nid006498', 'nid006500', 'nid006502', 'nid006504', 'nid006506', 'nid006508', 'nid006510', 'nid006512', 'nid006514', 'nid006516', 'nid006518', 'nid006520', 'nid006522', 'nid006524', 'nid006526', 'nid006528', 'nid006530', 'nid006532', 'nid006534', 'nid006536', 'nid006538', 'nid006540', 'nid006542', 'nid006544', 'nid006546', 'nid006548']
[DEBUG]: SLURM command is: srun --export=ALL  --nodelist nid006486,nid006488,nid006490,nid006492,nid006494,nid006496,nid006498,nid006500,nid006502,nid006504,nid006506,nid006508,nid006510,nid006512,nid006514,nid006516,nid006518,nid006520,nid006522,nid006524,nid006526,nid006528,nid006530,nid006532,nid006534,nid006536,nid006538,nid006540,nid006542,nid006544,nid006546,nid006548 --cpu-bind=socket -n 32 -N 32 /pfs/lustrep4/users/pasqualo/CRAB/benchmarks/blink/bin/agtr_comm_only -msgsize 262144 -iter 1000
[DEBUG]: Node List is: ['nid006486', 'nid006488', 'nid006490', 'nid006492', 'nid006494', 'nid006496', 'nid006498', 'nid006500', 'nid006502', 'nid006504', 'nid006506', 'nid006508', 'nid006510', 'nid006512', 'nid006514', 'nid006516', 'nid006518', 'nid006520', 'nid006522', 'nid006524', 'nid006526', 'nid006528', 'nid006530', 'nid006532', 'nid006534', 'nid006536', 'nid006538', 'nid006540', 'nid006542', 'nid006544', 'nid006546', 'nid006548']
[DEBUG]: SLURM command is: srun --export=ALL  --nodelist nid006486,nid006488,nid006490,nid006492,nid006494,nid006496,nid006498,nid006500,nid006502,nid006504,nid006506,nid006508,nid006510,nid006512,nid006514,nid006516,nid006518,nid006520,nid006522,nid006524,nid006526,nid006528,nid006530,nid006532,nid006534,nid006536,nid006538,nid006540,nid006542,nid006544,nid006546,nid006548 --cpu-bind=socket -n 32 -N 32 /pfs/lustrep4/users/pasqualo/CRAB/benchmarks/blink/bin/agtr_comm_only -msgsize 2097152 -iter 1000
[DEBUG]: Node List is: ['nid006486', 'nid006488', 'nid006490', 'nid006492', 'nid006494', 'nid006496', 'nid006498', 'nid006500', 'nid006502', 'nid006504', 'nid006506', 'nid006508', 'nid006510', 'nid006512', 'nid006514', 'nid006516', 'nid006518', 'nid006520', 'nid006522', 'nid006524', 'nid006526', 'nid006528', 'nid006530', 'nid006532', 'nid006534', 'nid006536', 'nid006538', 'nid006540', 'nid006542', 'nid006544', 'nid006546', 'nid006548']
[DEBUG]: SLURM command is: srun --export=ALL  --nodelist nid006486,nid006488,nid006490,nid006492,nid006494,nid006496,nid006498,nid006500,nid006502,nid006504,nid006506,nid006508,nid006510,nid006512,nid006514,nid006516,nid006518,nid006520,nid006522,nid006524,nid006526,nid006528,nid006530,nid006532,nid006534,nid006536,nid006538,nid006540,nid006542,nid006544,nid006546,nid006548 --cpu-bind=socket -n 32 -N 32 /pfs/lustrep4/users/pasqualo/CRAB/benchmarks/blink/bin/agtr_comm_only -msgsize 16777216 -iter 1000
--- [WARNING] App 16 ended with return code -9 ---
--- [INFO] Run 1 completata in 20.0871 secondi ---

Logging data...
Dati per App 0 salvati in: ./data/lumi/2025-12-19_01-30-38-395056/data_app_0.csv
Dati per App 1 salvati in: ./data/lumi/2025-12-19_01-30-38-395056/data_app_1.csv
Dati per App 2 salvati in: ./data/lumi/2025-12-19_01-30-38-395056/data_app_2.csv
Dati per App 3 salvati in: ./data/lumi/2025-12-19_01-30-38-395056/data_app_3.csv
Dati per App 4 salvati in: ./data/lumi/2025-12-19_01-30-38-395056/data_app_4.csv
Dati per App 5 salvati in: ./data/lumi/2025-12-19_01-30-38-395056/data_app_5.csv
Dati per App 6 salvati in: ./data/lumi/2025-12-19_01-30-38-395056/data_app_6.csv
Dati per App 7 salvati in: ./data/lumi/2025-12-19_01-30-38-395056/data_app_7.csv
Dati per App 8 salvati in: ./data/lumi/2025-12-19_01-30-38-395056/data_app_8.csv
Dati per App 9 salvati in: ./data/lumi/2025-12-19_01-30-38-395056/data_app_9.csv
Dati per App 10 salvati in: ./data/lumi/2025-12-19_01-30-38-395056/data_app_10.csv
Dati per App 11 salvati in: ./data/lumi/2025-12-19_01-30-38-395056/data_app_11.csv
Dati per App 12 salvati in: ./data/lumi/2025-12-19_01-30-38-395056/data_app_12.csv
Dati per App 13 salvati in: ./data/lumi/2025-12-19_01-30-38-395056/data_app_13.csv
Dati per App 14 salvati in: ./data/lumi/2025-12-19_01-30-38-395056/data_app_14.csv
Dati per App 15 salvati in: ./data/lumi/2025-12-19_01-30-38-395056/data_app_15.csv
--- [WORKER] Engine run finished. ---
