--- [WORKER MODE DETECTED] Work dir: ./data/cresco8/2025-12-12_15-35-34-553965 ---
--- [WORKER] Environment loaded. Starting engine. ---
--- [WORKER] Engine running in WORKER mode. ---
--- [WORKER] Working directory is: ./data/cresco8/2025-12-12_15-35-34-553965 ---
--- [WORKER] Allocating nodes provided by SLURM: cresco8x[595-674] ---
--- [INFO] Partition 0 (Collect=True): 40 nodes. Rule: '100' ---

Running Benchmarks...
 Run 1:
[DEBUG]: Node List is: ['cresco8x595', 'cresco8x597', 'cresco8x599', 'cresco8x601', 'cresco8x603', 'cresco8x605', 'cresco8x607', 'cresco8x609', 'cresco8x611', 'cresco8x613', 'cresco8x615', 'cresco8x617', 'cresco8x619', 'cresco8x621', 'cresco8x623', 'cresco8x625', 'cresco8x627', 'cresco8x629', 'cresco8x631', 'cresco8x633', 'cresco8x635', 'cresco8x637', 'cresco8x639', 'cresco8x641', 'cresco8x643', 'cresco8x645', 'cresco8x647', 'cresco8x649', 'cresco8x651', 'cresco8x653', 'cresco8x655', 'cresco8x657', 'cresco8x659', 'cresco8x661', 'cresco8x663', 'cresco8x665', 'cresco8x667', 'cresco8x669', 'cresco8x671', 'cresco8x673']
[DEBUG]: SLURM command is: srun --export=ALL  --nodelist cresco8x595,cresco8x597,cresco8x599,cresco8x601,cresco8x603,cresco8x605,cresco8x607,cresco8x609,cresco8x611,cresco8x613,cresco8x615,cresco8x617,cresco8x619,cresco8x621,cresco8x623,cresco8x625,cresco8x627,cresco8x629,cresco8x631,cresco8x633,cresco8x635,cresco8x637,cresco8x639,cresco8x641,cresco8x643,cresco8x645,cresco8x647,cresco8x649,cresco8x651,cresco8x653,cresco8x655,cresco8x657,cresco8x659,cresco8x661,cresco8x663,cresco8x665,cresco8x667,cresco8x669,cresco8x671,cresco8x673 --cpu-bind=socket -n 40 -N 40 /afs/enea.it/por/user/piarulli/CRAB/benchmarks/blink/bin/agtr_comm_only -msgsize 8 -iter 1000
[DEBUG]: Node List is: ['cresco8x595', 'cresco8x597', 'cresco8x599', 'cresco8x601', 'cresco8x603', 'cresco8x605', 'cresco8x607', 'cresco8x609', 'cresco8x611', 'cresco8x613', 'cresco8x615', 'cresco8x617', 'cresco8x619', 'cresco8x621', 'cresco8x623', 'cresco8x625', 'cresco8x627', 'cresco8x629', 'cresco8x631', 'cresco8x633', 'cresco8x635', 'cresco8x637', 'cresco8x639', 'cresco8x641', 'cresco8x643', 'cresco8x645', 'cresco8x647', 'cresco8x649', 'cresco8x651', 'cresco8x653', 'cresco8x655', 'cresco8x657', 'cresco8x659', 'cresco8x661', 'cresco8x663', 'cresco8x665', 'cresco8x667', 'cresco8x669', 'cresco8x671', 'cresco8x673']
[DEBUG]: SLURM command is: srun --export=ALL  --nodelist cresco8x595,cresco8x597,cresco8x599,cresco8x601,cresco8x603,cresco8x605,cresco8x607,cresco8x609,cresco8x611,cresco8x613,cresco8x615,cresco8x617,cresco8x619,cresco8x621,cresco8x623,cresco8x625,cresco8x627,cresco8x629,cresco8x631,cresco8x633,cresco8x635,cresco8x637,cresco8x639,cresco8x641,cresco8x643,cresco8x645,cresco8x647,cresco8x649,cresco8x651,cresco8x653,cresco8x655,cresco8x657,cresco8x659,cresco8x661,cresco8x663,cresco8x665,cresco8x667,cresco8x669,cresco8x671,cresco8x673 --cpu-bind=socket -n 40 -N 40 /afs/enea.it/por/user/piarulli/CRAB/benchmarks/blink/bin/agtr_comm_only -msgsize 64 -iter 1000
[DEBUG]: Node List is: ['cresco8x595', 'cresco8x597', 'cresco8x599', 'cresco8x601', 'cresco8x603', 'cresco8x605', 'cresco8x607', 'cresco8x609', 'cresco8x611', 'cresco8x613', 'cresco8x615', 'cresco8x617', 'cresco8x619', 'cresco8x621', 'cresco8x623', 'cresco8x625', 'cresco8x627', 'cresco8x629', 'cresco8x631', 'cresco8x633', 'cresco8x635', 'cresco8x637', 'cresco8x639', 'cresco8x641', 'cresco8x643', 'cresco8x645', 'cresco8x647', 'cresco8x649', 'cresco8x651', 'cresco8x653', 'cresco8x655', 'cresco8x657', 'cresco8x659', 'cresco8x661', 'cresco8x663', 'cresco8x665', 'cresco8x667', 'cresco8x669', 'cresco8x671', 'cresco8x673']
[DEBUG]: SLURM command is: srun --export=ALL  --nodelist cresco8x595,cresco8x597,cresco8x599,cresco8x601,cresco8x603,cresco8x605,cresco8x607,cresco8x609,cresco8x611,cresco8x613,cresco8x615,cresco8x617,cresco8x619,cresco8x621,cresco8x623,cresco8x625,cresco8x627,cresco8x629,cresco8x631,cresco8x633,cresco8x635,cresco8x637,cresco8x639,cresco8x641,cresco8x643,cresco8x645,cresco8x647,cresco8x649,cresco8x651,cresco8x653,cresco8x655,cresco8x657,cresco8x659,cresco8x661,cresco8x663,cresco8x665,cresco8x667,cresco8x669,cresco8x671,cresco8x673 --cpu-bind=socket -n 40 -N 40 /afs/enea.it/por/user/piarulli/CRAB/benchmarks/blink/bin/agtr_comm_only -msgsize 512 -iter 1000
[DEBUG]: Node List is: ['cresco8x595', 'cresco8x597', 'cresco8x599', 'cresco8x601', 'cresco8x603', 'cresco8x605', 'cresco8x607', 'cresco8x609', 'cresco8x611', 'cresco8x613', 'cresco8x615', 'cresco8x617', 'cresco8x619', 'cresco8x621', 'cresco8x623', 'cresco8x625', 'cresco8x627', 'cresco8x629', 'cresco8x631', 'cresco8x633', 'cresco8x635', 'cresco8x637', 'cresco8x639', 'cresco8x641', 'cresco8x643', 'cresco8x645', 'cresco8x647', 'cresco8x649', 'cresco8x651', 'cresco8x653', 'cresco8x655', 'cresco8x657', 'cresco8x659', 'cresco8x661', 'cresco8x663', 'cresco8x665', 'cresco8x667', 'cresco8x669', 'cresco8x671', 'cresco8x673']
[DEBUG]: SLURM command is: srun --export=ALL  --nodelist cresco8x595,cresco8x597,cresco8x599,cresco8x601,cresco8x603,cresco8x605,cresco8x607,cresco8x609,cresco8x611,cresco8x613,cresco8x615,cresco8x617,cresco8x619,cresco8x621,cresco8x623,cresco8x625,cresco8x627,cresco8x629,cresco8x631,cresco8x633,cresco8x635,cresco8x637,cresco8x639,cresco8x641,cresco8x643,cresco8x645,cresco8x647,cresco8x649,cresco8x651,cresco8x653,cresco8x655,cresco8x657,cresco8x659,cresco8x661,cresco8x663,cresco8x665,cresco8x667,cresco8x669,cresco8x671,cresco8x673 --cpu-bind=socket -n 40 -N 40 /afs/enea.it/por/user/piarulli/CRAB/benchmarks/blink/bin/agtr_comm_only -msgsize 4096 -iter 1000
[DEBUG]: Node List is: ['cresco8x595', 'cresco8x597', 'cresco8x599', 'cresco8x601', 'cresco8x603', 'cresco8x605', 'cresco8x607', 'cresco8x609', 'cresco8x611', 'cresco8x613', 'cresco8x615', 'cresco8x617', 'cresco8x619', 'cresco8x621', 'cresco8x623', 'cresco8x625', 'cresco8x627', 'cresco8x629', 'cresco8x631', 'cresco8x633', 'cresco8x635', 'cresco8x637', 'cresco8x639', 'cresco8x641', 'cresco8x643', 'cresco8x645', 'cresco8x647', 'cresco8x649', 'cresco8x651', 'cresco8x653', 'cresco8x655', 'cresco8x657', 'cresco8x659', 'cresco8x661', 'cresco8x663', 'cresco8x665', 'cresco8x667', 'cresco8x669', 'cresco8x671', 'cresco8x673']
[DEBUG]: SLURM command is: srun --export=ALL  --nodelist cresco8x595,cresco8x597,cresco8x599,cresco8x601,cresco8x603,cresco8x605,cresco8x607,cresco8x609,cresco8x611,cresco8x613,cresco8x615,cresco8x617,cresco8x619,cresco8x621,cresco8x623,cresco8x625,cresco8x627,cresco8x629,cresco8x631,cresco8x633,cresco8x635,cresco8x637,cresco8x639,cresco8x641,cresco8x643,cresco8x645,cresco8x647,cresco8x649,cresco8x651,cresco8x653,cresco8x655,cresco8x657,cresco8x659,cresco8x661,cresco8x663,cresco8x665,cresco8x667,cresco8x669,cresco8x671,cresco8x673 --cpu-bind=socket -n 40 -N 40 /afs/enea.it/por/user/piarulli/CRAB/benchmarks/blink/bin/agtr_comm_only -msgsize 32768 -iter 1000
[DEBUG]: Node List is: ['cresco8x595', 'cresco8x597', 'cresco8x599', 'cresco8x601', 'cresco8x603', 'cresco8x605', 'cresco8x607', 'cresco8x609', 'cresco8x611', 'cresco8x613', 'cresco8x615', 'cresco8x617', 'cresco8x619', 'cresco8x621', 'cresco8x623', 'cresco8x625', 'cresco8x627', 'cresco8x629', 'cresco8x631', 'cresco8x633', 'cresco8x635', 'cresco8x637', 'cresco8x639', 'cresco8x641', 'cresco8x643', 'cresco8x645', 'cresco8x647', 'cresco8x649', 'cresco8x651', 'cresco8x653', 'cresco8x655', 'cresco8x657', 'cresco8x659', 'cresco8x661', 'cresco8x663', 'cresco8x665', 'cresco8x667', 'cresco8x669', 'cresco8x671', 'cresco8x673']
[DEBUG]: SLURM command is: srun --export=ALL  --nodelist cresco8x595,cresco8x597,cresco8x599,cresco8x601,cresco8x603,cresco8x605,cresco8x607,cresco8x609,cresco8x611,cresco8x613,cresco8x615,cresco8x617,cresco8x619,cresco8x621,cresco8x623,cresco8x625,cresco8x627,cresco8x629,cresco8x631,cresco8x633,cresco8x635,cresco8x637,cresco8x639,cresco8x641,cresco8x643,cresco8x645,cresco8x647,cresco8x649,cresco8x651,cresco8x653,cresco8x655,cresco8x657,cresco8x659,cresco8x661,cresco8x663,cresco8x665,cresco8x667,cresco8x669,cresco8x671,cresco8x673 --cpu-bind=socket -n 40 -N 40 /afs/enea.it/por/user/piarulli/CRAB/benchmarks/blink/bin/agtr_comm_only -msgsize 262144 -iter 1000
[DEBUG]: Node List is: ['cresco8x595', 'cresco8x597', 'cresco8x599', 'cresco8x601', 'cresco8x603', 'cresco8x605', 'cresco8x607', 'cresco8x609', 'cresco8x611', 'cresco8x613', 'cresco8x615', 'cresco8x617', 'cresco8x619', 'cresco8x621', 'cresco8x623', 'cresco8x625', 'cresco8x627', 'cresco8x629', 'cresco8x631', 'cresco8x633', 'cresco8x635', 'cresco8x637', 'cresco8x639', 'cresco8x641', 'cresco8x643', 'cresco8x645', 'cresco8x647', 'cresco8x649', 'cresco8x651', 'cresco8x653', 'cresco8x655', 'cresco8x657', 'cresco8x659', 'cresco8x661', 'cresco8x663', 'cresco8x665', 'cresco8x667', 'cresco8x669', 'cresco8x671', 'cresco8x673']
[DEBUG]: SLURM command is: srun --export=ALL  --nodelist cresco8x595,cresco8x597,cresco8x599,cresco8x601,cresco8x603,cresco8x605,cresco8x607,cresco8x609,cresco8x611,cresco8x613,cresco8x615,cresco8x617,cresco8x619,cresco8x621,cresco8x623,cresco8x625,cresco8x627,cresco8x629,cresco8x631,cresco8x633,cresco8x635,cresco8x637,cresco8x639,cresco8x641,cresco8x643,cresco8x645,cresco8x647,cresco8x649,cresco8x651,cresco8x653,cresco8x655,cresco8x657,cresco8x659,cresco8x661,cresco8x663,cresco8x665,cresco8x667,cresco8x669,cresco8x671,cresco8x673 --cpu-bind=socket -n 40 -N 40 /afs/enea.it/por/user/piarulli/CRAB/benchmarks/blink/bin/agtr_comm_only -msgsize 2097152 -iter 1000
[DEBUG]: Node List is: ['cresco8x595', 'cresco8x597', 'cresco8x599', 'cresco8x601', 'cresco8x603', 'cresco8x605', 'cresco8x607', 'cresco8x609', 'cresco8x611', 'cresco8x613', 'cresco8x615', 'cresco8x617', 'cresco8x619', 'cresco8x621', 'cresco8x623', 'cresco8x625', 'cresco8x627', 'cresco8x629', 'cresco8x631', 'cresco8x633', 'cresco8x635', 'cresco8x637', 'cresco8x639', 'cresco8x641', 'cresco8x643', 'cresco8x645', 'cresco8x647', 'cresco8x649', 'cresco8x651', 'cresco8x653', 'cresco8x655', 'cresco8x657', 'cresco8x659', 'cresco8x661', 'cresco8x663', 'cresco8x665', 'cresco8x667', 'cresco8x669', 'cresco8x671', 'cresco8x673']
[DEBUG]: SLURM command is: srun --export=ALL  --nodelist cresco8x595,cresco8x597,cresco8x599,cresco8x601,cresco8x603,cresco8x605,cresco8x607,cresco8x609,cresco8x611,cresco8x613,cresco8x615,cresco8x617,cresco8x619,cresco8x621,cresco8x623,cresco8x625,cresco8x627,cresco8x629,cresco8x631,cresco8x633,cresco8x635,cresco8x637,cresco8x639,cresco8x641,cresco8x643,cresco8x645,cresco8x647,cresco8x649,cresco8x651,cresco8x653,cresco8x655,cresco8x657,cresco8x659,cresco8x661,cresco8x663,cresco8x665,cresco8x667,cresco8x669,cresco8x671,cresco8x673 --cpu-bind=socket -n 40 -N 40 /afs/enea.it/por/user/piarulli/CRAB/benchmarks/blink/bin/agtr_comm_only -msgsize 16777216 -iter 1000
Ran 1005 iterations. Measured 1000 iterations.
Ran 1005 iterations. Measured 1000 iterations.
Ran 1005 iterations. Measured 1000 iterations.
Ran 1005 iterations. Measured 1000 iterations.
Ran 1005 iterations. Measured 1000 iterations.
Ran 1005 iterations. Measured 1000 iterations.
Ran 1005 iterations. Measured 1000 iterations.
Ran 1005 iterations. Measured 1000 iterations.
--- [INFO] Run 1 completata in 13.6693 secondi ---

Logging data...
Dati per App 0 salvati in: ./data/cresco8/2025-12-12_15-35-34-553965/data_app_0.csv
Dati per App 1 salvati in: ./data/cresco8/2025-12-12_15-35-34-553965/data_app_1.csv
Dati per App 2 salvati in: ./data/cresco8/2025-12-12_15-35-34-553965/data_app_2.csv
Dati per App 3 salvati in: ./data/cresco8/2025-12-12_15-35-34-553965/data_app_3.csv
Dati per App 4 salvati in: ./data/cresco8/2025-12-12_15-35-34-553965/data_app_4.csv
Dati per App 5 salvati in: ./data/cresco8/2025-12-12_15-35-34-553965/data_app_5.csv
Dati per App 6 salvati in: ./data/cresco8/2025-12-12_15-35-34-553965/data_app_6.csv
Dati per App 7 salvati in: ./data/cresco8/2025-12-12_15-35-34-553965/data_app_7.csv
--- [WORKER] Engine run finished. ---
