--- [WORKER MODE DETECTED] Work dir: ./data/lumi/2025-12-17_15-56-30-021745 ---
--- [WORKER] Environment loaded. Starting engine. ---
--- [WORKER] Engine running in WORKER mode. ---
--- [WORKER] Working directory is: ./data/lumi/2025-12-17_15-56-30-021745 ---
--- [WORKER] Allocating nodes provided by SLURM: nid[005252-005255,005901-005904] ---
--- [INFO] Partition 0 (Collect=True): 4 nodes. Rule: '100' ---
--- [INFO] Partition 1 (Collect=False): 4 nodes. Rule: '100' ---

Running Benchmarks...
 Run 1:
[DEBUG]: Node List is: ['nid005252', 'nid005254', 'nid005901', 'nid005903']
[DEBUG]: SLURM command is: srun --export=ALL  --nodelist nid005252,nid005254,nid005901,nid005903 --cpu-bind=socket -n 4 -N 4 /pfs/lustrep4/users/pasqualo/CRAB/benchmarks/blink/bin/a2a_comm_only -msgsize 8 -iter 1000
[DEBUG]: Node List is: ['nid005253', 'nid005255', 'nid005902', 'nid005904']
[DEBUG]: SLURM command is: srun --export=ALL  --nodelist nid005253,nid005255,nid005902,nid005904 --cpu-bind=socket -n 4 -N 4 /pfs/lustrep4/users/pasqualo/CRAB/benchmarks/blink/bin/noise_incast -msgsize 16777216 -iter 100000
[DEBUG]: Node List is: ['nid005252', 'nid005254', 'nid005901', 'nid005903']
[DEBUG]: SLURM command is: srun --export=ALL  --nodelist nid005252,nid005254,nid005901,nid005903 --cpu-bind=socket -n 4 -N 4 /pfs/lustrep4/users/pasqualo/CRAB/benchmarks/blink/bin/a2a_comm_only -msgsize 64 -iter 1000
[DEBUG]: Node List is: ['nid005252', 'nid005254', 'nid005901', 'nid005903']
[DEBUG]: SLURM command is: srun --export=ALL  --nodelist nid005252,nid005254,nid005901,nid005903 --cpu-bind=socket -n 4 -N 4 /pfs/lustrep4/users/pasqualo/CRAB/benchmarks/blink/bin/a2a_comm_only -msgsize 512 -iter 1000
[DEBUG]: Node List is: ['nid005252', 'nid005254', 'nid005901', 'nid005903']
[DEBUG]: SLURM command is: srun --export=ALL  --nodelist nid005252,nid005254,nid005901,nid005903 --cpu-bind=socket -n 4 -N 4 /pfs/lustrep4/users/pasqualo/CRAB/benchmarks/blink/bin/a2a_comm_only -msgsize 4096 -iter 1000
[DEBUG]: Node List is: ['nid005252', 'nid005254', 'nid005901', 'nid005903']
[DEBUG]: SLURM command is: srun --export=ALL  --nodelist nid005252,nid005254,nid005901,nid005903 --cpu-bind=socket -n 4 -N 4 /pfs/lustrep4/users/pasqualo/CRAB/benchmarks/blink/bin/a2a_comm_only -msgsize 32768 -iter 1000
[DEBUG]: Node List is: ['nid005252', 'nid005254', 'nid005901', 'nid005903']
[DEBUG]: SLURM command is: srun --export=ALL  --nodelist nid005252,nid005254,nid005901,nid005903 --cpu-bind=socket -n 4 -N 4 /pfs/lustrep4/users/pasqualo/CRAB/benchmarks/blink/bin/a2a_comm_only -msgsize 262144 -iter 1000
[DEBUG]: Node List is: ['nid005252', 'nid005254', 'nid005901', 'nid005903']
[DEBUG]: SLURM command is: srun --export=ALL  --nodelist nid005252,nid005254,nid005901,nid005903 --cpu-bind=socket -n 4 -N 4 /pfs/lustrep4/users/pasqualo/CRAB/benchmarks/blink/bin/a2a_comm_only -msgsize 2097152 -iter 1000
[DEBUG]: Node List is: ['nid005252', 'nid005254', 'nid005901', 'nid005903']
[DEBUG]: SLURM command is: srun --export=ALL  --nodelist nid005252,nid005254,nid005901,nid005903 --cpu-bind=socket -n 4 -N 4 /pfs/lustrep4/users/pasqualo/CRAB/benchmarks/blink/bin/a2a_comm_only -msgsize 16777216 -iter 1000
Ran 1005 iterations. Measured 1000 iterations.
Ran 1005 iterations. Measured 1000 iterations.
Ran 1005 iterations. Measured 1000 iterations.
Ran 1005 iterations. Measured 1000 iterations.
Ran 1005 iterations. Measured 1000 iterations.
Ran 1005 iterations. Measured 1000 iterations.
Ran 1005 iterations. Measured 1000 iterations.
Ran 1005 iterations. Measured 1000 iterations.
--- [WARNING] App 8 ended with return code -9 ---
--- [INFO] Run 1 completata in 14.6536 secondi ---

Logging data...
Dati per App 0 salvati in: ./data/lumi/2025-12-17_15-56-30-021745/data_app_0.csv
Dati per App 1 salvati in: ./data/lumi/2025-12-17_15-56-30-021745/data_app_1.csv
Dati per App 2 salvati in: ./data/lumi/2025-12-17_15-56-30-021745/data_app_2.csv
Dati per App 3 salvati in: ./data/lumi/2025-12-17_15-56-30-021745/data_app_3.csv
Dati per App 4 salvati in: ./data/lumi/2025-12-17_15-56-30-021745/data_app_4.csv
Dati per App 5 salvati in: ./data/lumi/2025-12-17_15-56-30-021745/data_app_5.csv
Dati per App 6 salvati in: ./data/lumi/2025-12-17_15-56-30-021745/data_app_6.csv
Dati per App 7 salvati in: ./data/lumi/2025-12-17_15-56-30-021745/data_app_7.csv
--- [WORKER] Engine run finished. ---
