--- [WORKER MODE DETECTED] Work dir: ./data/leonardo/2025-12-14_20-12-17-585457 ---
--- [WORKER] Environment loaded. Starting engine. ---
--- [WORKER] Engine running in WORKER mode. ---
--- [WORKER] Working directory is: ./data/leonardo/2025-12-14_20-12-17-585457 ---
--- [WORKER] Allocating nodes provided by SLURM: lrdn[1559,1646,2412,2456,2510,2594,2656,2719,2723,2736,2803,2819,2848,2856,2885,2910,2926,2947,2959,2961] ---
--- [INFO] Partition 0 (Collect=True): 10 nodes. Rule: '100' ---
--- [INFO] Partition 1 (Collect=False): 10 nodes. Rule: '100' ---

Running Benchmarks...
 Run 1:
[DEBUG]: Node List is: ['lrdn1559', 'lrdn2412', 'lrdn2510', 'lrdn2656', 'lrdn2723', 'lrdn2803', 'lrdn2848', 'lrdn2885', 'lrdn2926', 'lrdn2959']
[DEBUG]: Detected CRAB_SYSTEM=leonardo. Adding SLURM option: --partition=boost_usr_prod
[DEBUG]: SLURM command is: srun --export=ALL --partition=boost_usr_prod --nodelist lrdn1559,lrdn2412,lrdn2510,lrdn2656,lrdn2723,lrdn2803,lrdn2848,lrdn2885,lrdn2926,lrdn2959 --cpu-bind=socket -n 10 -N 10 /leonardo/home/userexternal/lpiarull/CRAB/benchmarks/blink/bin/a2a_comm_only -msgsize 8 -iter 1000
[DEBUG]: Node List is: ['lrdn1646', 'lrdn2456', 'lrdn2594', 'lrdn2719', 'lrdn2736', 'lrdn2819', 'lrdn2856', 'lrdn2910', 'lrdn2947', 'lrdn2961']
[DEBUG]: Detected CRAB_SYSTEM=leonardo. Adding SLURM option: --partition=boost_usr_prod
[DEBUG]: SLURM command is: srun --export=ALL --partition=boost_usr_prod --nodelist lrdn1646,lrdn2456,lrdn2594,lrdn2719,lrdn2736,lrdn2819,lrdn2856,lrdn2910,lrdn2947,lrdn2961 --cpu-bind=socket -n 10 -N 10 /leonardo/home/userexternal/lpiarull/CRAB/benchmarks/blink/bin/bursty_noise_a2a 0.0001 0.001
[DEBUG]: Node List is: ['lrdn1559', 'lrdn2412', 'lrdn2510', 'lrdn2656', 'lrdn2723', 'lrdn2803', 'lrdn2848', 'lrdn2885', 'lrdn2926', 'lrdn2959']
[DEBUG]: Detected CRAB_SYSTEM=leonardo. Adding SLURM option: --partition=boost_usr_prod
[DEBUG]: SLURM command is: srun --export=ALL --partition=boost_usr_prod --nodelist lrdn1559,lrdn2412,lrdn2510,lrdn2656,lrdn2723,lrdn2803,lrdn2848,lrdn2885,lrdn2926,lrdn2959 --cpu-bind=socket -n 10 -N 10 /leonardo/home/userexternal/lpiarull/CRAB/benchmarks/blink/bin/a2a_comm_only -msgsize 64 -iter 1000
[DEBUG]: Node List is: ['lrdn1559', 'lrdn2412', 'lrdn2510', 'lrdn2656', 'lrdn2723', 'lrdn2803', 'lrdn2848', 'lrdn2885', 'lrdn2926', 'lrdn2959']
[DEBUG]: Detected CRAB_SYSTEM=leonardo. Adding SLURM option: --partition=boost_usr_prod
[DEBUG]: SLURM command is: srun --export=ALL --partition=boost_usr_prod --nodelist lrdn1559,lrdn2412,lrdn2510,lrdn2656,lrdn2723,lrdn2803,lrdn2848,lrdn2885,lrdn2926,lrdn2959 --cpu-bind=socket -n 10 -N 10 /leonardo/home/userexternal/lpiarull/CRAB/benchmarks/blink/bin/a2a_comm_only -msgsize 512 -iter 1000
[DEBUG]: Node List is: ['lrdn1559', 'lrdn2412', 'lrdn2510', 'lrdn2656', 'lrdn2723', 'lrdn2803', 'lrdn2848', 'lrdn2885', 'lrdn2926', 'lrdn2959']
[DEBUG]: Detected CRAB_SYSTEM=leonardo. Adding SLURM option: --partition=boost_usr_prod
[DEBUG]: SLURM command is: srun --export=ALL --partition=boost_usr_prod --nodelist lrdn1559,lrdn2412,lrdn2510,lrdn2656,lrdn2723,lrdn2803,lrdn2848,lrdn2885,lrdn2926,lrdn2959 --cpu-bind=socket -n 10 -N 10 /leonardo/home/userexternal/lpiarull/CRAB/benchmarks/blink/bin/a2a_comm_only -msgsize 4096 -iter 1000
[DEBUG]: Node List is: ['lrdn1559', 'lrdn2412', 'lrdn2510', 'lrdn2656', 'lrdn2723', 'lrdn2803', 'lrdn2848', 'lrdn2885', 'lrdn2926', 'lrdn2959']
[DEBUG]: Detected CRAB_SYSTEM=leonardo. Adding SLURM option: --partition=boost_usr_prod
[DEBUG]: SLURM command is: srun --export=ALL --partition=boost_usr_prod --nodelist lrdn1559,lrdn2412,lrdn2510,lrdn2656,lrdn2723,lrdn2803,lrdn2848,lrdn2885,lrdn2926,lrdn2959 --cpu-bind=socket -n 10 -N 10 /leonardo/home/userexternal/lpiarull/CRAB/benchmarks/blink/bin/a2a_comm_only -msgsize 32768 -iter 1000
[DEBUG]: Node List is: ['lrdn1559', 'lrdn2412', 'lrdn2510', 'lrdn2656', 'lrdn2723', 'lrdn2803', 'lrdn2848', 'lrdn2885', 'lrdn2926', 'lrdn2959']
[DEBUG]: Detected CRAB_SYSTEM=leonardo. Adding SLURM option: --partition=boost_usr_prod
[DEBUG]: SLURM command is: srun --export=ALL --partition=boost_usr_prod --nodelist lrdn1559,lrdn2412,lrdn2510,lrdn2656,lrdn2723,lrdn2803,lrdn2848,lrdn2885,lrdn2926,lrdn2959 --cpu-bind=socket -n 10 -N 10 /leonardo/home/userexternal/lpiarull/CRAB/benchmarks/blink/bin/a2a_comm_only -msgsize 262144 -iter 1000
[DEBUG]: Node List is: ['lrdn1559', 'lrdn2412', 'lrdn2510', 'lrdn2656', 'lrdn2723', 'lrdn2803', 'lrdn2848', 'lrdn2885', 'lrdn2926', 'lrdn2959']
[DEBUG]: Detected CRAB_SYSTEM=leonardo. Adding SLURM option: --partition=boost_usr_prod
[DEBUG]: SLURM command is: srun --export=ALL --partition=boost_usr_prod --nodelist lrdn1559,lrdn2412,lrdn2510,lrdn2656,lrdn2723,lrdn2803,lrdn2848,lrdn2885,lrdn2926,lrdn2959 --cpu-bind=socket -n 10 -N 10 /leonardo/home/userexternal/lpiarull/CRAB/benchmarks/blink/bin/a2a_comm_only -msgsize 2097152 -iter 1000
[DEBUG]: Node List is: ['lrdn1559', 'lrdn2412', 'lrdn2510', 'lrdn2656', 'lrdn2723', 'lrdn2803', 'lrdn2848', 'lrdn2885', 'lrdn2926', 'lrdn2959']
[DEBUG]: Detected CRAB_SYSTEM=leonardo. Adding SLURM option: --partition=boost_usr_prod
[DEBUG]: SLURM command is: srun --export=ALL --partition=boost_usr_prod --nodelist lrdn1559,lrdn2412,lrdn2510,lrdn2656,lrdn2723,lrdn2803,lrdn2848,lrdn2885,lrdn2926,lrdn2959 --cpu-bind=socket -n 10 -N 10 /leonardo/home/userexternal/lpiarull/CRAB/benchmarks/blink/bin/a2a_comm_only -msgsize 16777216 -iter 1000
Ran 1005 iterations. Measured 1000 iterations.
Ran 1005 iterations. Measured 1000 iterations.
Ran 1005 iterations. Measured 1000 iterations.
Ran 1005 iterations. Measured 1000 iterations.
Ran 1005 iterations. Measured 1000 iterations.
Ran 1005 iterations. Measured 1000 iterations.
Ran 1005 iterations. Measured 1000 iterations.
Ran 1005 iterations. Measured 1000 iterations.
--- [WARNING] App 8 ended with return code -9 ---
--- [INFO] Run 1 completata in 20.7871 secondi ---

Logging data...
Dati per App 0 salvati in: ./data/leonardo/2025-12-14_20-12-17-585457/data_app_0.csv
Dati per App 1 salvati in: ./data/leonardo/2025-12-14_20-12-17-585457/data_app_1.csv
Dati per App 2 salvati in: ./data/leonardo/2025-12-14_20-12-17-585457/data_app_2.csv
Dati per App 3 salvati in: ./data/leonardo/2025-12-14_20-12-17-585457/data_app_3.csv
Dati per App 4 salvati in: ./data/leonardo/2025-12-14_20-12-17-585457/data_app_4.csv
Dati per App 5 salvati in: ./data/leonardo/2025-12-14_20-12-17-585457/data_app_5.csv
Dati per App 6 salvati in: ./data/leonardo/2025-12-14_20-12-17-585457/data_app_6.csv
Dati per App 7 salvati in: ./data/leonardo/2025-12-14_20-12-17-585457/data_app_7.csv
--- [WORKER] Engine run finished. ---
