--- [WORKER MODE DETECTED] Work dir: ./data/leonardo/2025-12-14_20-13-51-087476 ---
--- [WORKER] Environment loaded. Starting engine. ---
--- [WORKER] Engine running in WORKER mode. ---
--- [WORKER] Working directory is: ./data/leonardo/2025-12-14_20-13-51-087476 ---
--- [WORKER] Allocating nodes provided by SLURM: lrdn[0039,0099,0125,0129,0144,0152,0188,0203,0228,0244,0260,0264,0276,0280,0297,0313,0315,0331,0340,0345,0389,0393,0402,0411,0426,0432,0442,0451,0462,0474,0488,0490,0502,0514,0525,0550,0574,0625,0634,0647,0670,0811,0831,0922,0938,0940,0967,0982,0992,1000,1006,1024,1030,1041,1055,1062,1066,1091,1102,1114] ---
--- [INFO] Partition 0 (Collect=True): 30 nodes. Rule: '100' ---
--- [INFO] Partition 1 (Collect=False): 30 nodes. Rule: '100' ---

Running Benchmarks...
 Run 1:
[DEBUG]: Node List is: ['lrdn0039', 'lrdn0125', 'lrdn0144', 'lrdn0188', 'lrdn0228', 'lrdn0260', 'lrdn0276', 'lrdn0297', 'lrdn0315', 'lrdn0340', 'lrdn0389', 'lrdn0402', 'lrdn0426', 'lrdn0442', 'lrdn0462', 'lrdn0488', 'lrdn0502', 'lrdn0525', 'lrdn0574', 'lrdn0634', 'lrdn0670', 'lrdn0831', 'lrdn0938', 'lrdn0967', 'lrdn0992', 'lrdn1006', 'lrdn1030', 'lrdn1055', 'lrdn1066', 'lrdn1102']
[DEBUG]: Detected CRAB_SYSTEM=leonardo. Adding SLURM option: --partition=boost_usr_prod
[DEBUG]: SLURM command is: srun --export=ALL --partition=boost_usr_prod --nodelist lrdn0039,lrdn0125,lrdn0144,lrdn0188,lrdn0228,lrdn0260,lrdn0276,lrdn0297,lrdn0315,lrdn0340,lrdn0389,lrdn0402,lrdn0426,lrdn0442,lrdn0462,lrdn0488,lrdn0502,lrdn0525,lrdn0574,lrdn0634,lrdn0670,lrdn0831,lrdn0938,lrdn0967,lrdn0992,lrdn1006,lrdn1030,lrdn1055,lrdn1066,lrdn1102 --cpu-bind=socket -n 30 -N 30 /leonardo/home/userexternal/lpiarull/CRAB/benchmarks/blink/bin/a2a_comm_only -msgsize 8 -iter 1000
[DEBUG]: Node List is: ['lrdn0099', 'lrdn0129', 'lrdn0152', 'lrdn0203', 'lrdn0244', 'lrdn0264', 'lrdn0280', 'lrdn0313', 'lrdn0331', 'lrdn0345', 'lrdn0393', 'lrdn0411', 'lrdn0432', 'lrdn0451', 'lrdn0474', 'lrdn0490', 'lrdn0514', 'lrdn0550', 'lrdn0625', 'lrdn0647', 'lrdn0811', 'lrdn0922', 'lrdn0940', 'lrdn0982', 'lrdn1000', 'lrdn1024', 'lrdn1041', 'lrdn1062', 'lrdn1091', 'lrdn1114']
[DEBUG]: Detected CRAB_SYSTEM=leonardo. Adding SLURM option: --partition=boost_usr_prod
[DEBUG]: SLURM command is: srun --export=ALL --partition=boost_usr_prod --nodelist lrdn0099,lrdn0129,lrdn0152,lrdn0203,lrdn0244,lrdn0264,lrdn0280,lrdn0313,lrdn0331,lrdn0345,lrdn0393,lrdn0411,lrdn0432,lrdn0451,lrdn0474,lrdn0490,lrdn0514,lrdn0550,lrdn0625,lrdn0647,lrdn0811,lrdn0922,lrdn0940,lrdn0982,lrdn1000,lrdn1024,lrdn1041,lrdn1062,lrdn1091,lrdn1114 --cpu-bind=socket -n 30 -N 30 /leonardo/home/userexternal/lpiarull/CRAB/benchmarks/blink/bin/bursty_noise_incast 0.01 0.01
[DEBUG]: Node List is: ['lrdn0039', 'lrdn0125', 'lrdn0144', 'lrdn0188', 'lrdn0228', 'lrdn0260', 'lrdn0276', 'lrdn0297', 'lrdn0315', 'lrdn0340', 'lrdn0389', 'lrdn0402', 'lrdn0426', 'lrdn0442', 'lrdn0462', 'lrdn0488', 'lrdn0502', 'lrdn0525', 'lrdn0574', 'lrdn0634', 'lrdn0670', 'lrdn0831', 'lrdn0938', 'lrdn0967', 'lrdn0992', 'lrdn1006', 'lrdn1030', 'lrdn1055', 'lrdn1066', 'lrdn1102']
[DEBUG]: Detected CRAB_SYSTEM=leonardo. Adding SLURM option: --partition=boost_usr_prod
[DEBUG]: SLURM command is: srun --export=ALL --partition=boost_usr_prod --nodelist lrdn0039,lrdn0125,lrdn0144,lrdn0188,lrdn0228,lrdn0260,lrdn0276,lrdn0297,lrdn0315,lrdn0340,lrdn0389,lrdn0402,lrdn0426,lrdn0442,lrdn0462,lrdn0488,lrdn0502,lrdn0525,lrdn0574,lrdn0634,lrdn0670,lrdn0831,lrdn0938,lrdn0967,lrdn0992,lrdn1006,lrdn1030,lrdn1055,lrdn1066,lrdn1102 --cpu-bind=socket -n 30 -N 30 /leonardo/home/userexternal/lpiarull/CRAB/benchmarks/blink/bin/a2a_comm_only -msgsize 64 -iter 1000
[DEBUG]: Node List is: ['lrdn0039', 'lrdn0125', 'lrdn0144', 'lrdn0188', 'lrdn0228', 'lrdn0260', 'lrdn0276', 'lrdn0297', 'lrdn0315', 'lrdn0340', 'lrdn0389', 'lrdn0402', 'lrdn0426', 'lrdn0442', 'lrdn0462', 'lrdn0488', 'lrdn0502', 'lrdn0525', 'lrdn0574', 'lrdn0634', 'lrdn0670', 'lrdn0831', 'lrdn0938', 'lrdn0967', 'lrdn0992', 'lrdn1006', 'lrdn1030', 'lrdn1055', 'lrdn1066', 'lrdn1102']
[DEBUG]: Detected CRAB_SYSTEM=leonardo. Adding SLURM option: --partition=boost_usr_prod
[DEBUG]: SLURM command is: srun --export=ALL --partition=boost_usr_prod --nodelist lrdn0039,lrdn0125,lrdn0144,lrdn0188,lrdn0228,lrdn0260,lrdn0276,lrdn0297,lrdn0315,lrdn0340,lrdn0389,lrdn0402,lrdn0426,lrdn0442,lrdn0462,lrdn0488,lrdn0502,lrdn0525,lrdn0574,lrdn0634,lrdn0670,lrdn0831,lrdn0938,lrdn0967,lrdn0992,lrdn1006,lrdn1030,lrdn1055,lrdn1066,lrdn1102 --cpu-bind=socket -n 30 -N 30 /leonardo/home/userexternal/lpiarull/CRAB/benchmarks/blink/bin/a2a_comm_only -msgsize 512 -iter 1000
[DEBUG]: Node List is: ['lrdn0039', 'lrdn0125', 'lrdn0144', 'lrdn0188', 'lrdn0228', 'lrdn0260', 'lrdn0276', 'lrdn0297', 'lrdn0315', 'lrdn0340', 'lrdn0389', 'lrdn0402', 'lrdn0426', 'lrdn0442', 'lrdn0462', 'lrdn0488', 'lrdn0502', 'lrdn0525', 'lrdn0574', 'lrdn0634', 'lrdn0670', 'lrdn0831', 'lrdn0938', 'lrdn0967', 'lrdn0992', 'lrdn1006', 'lrdn1030', 'lrdn1055', 'lrdn1066', 'lrdn1102']
[DEBUG]: Detected CRAB_SYSTEM=leonardo. Adding SLURM option: --partition=boost_usr_prod
[DEBUG]: SLURM command is: srun --export=ALL --partition=boost_usr_prod --nodelist lrdn0039,lrdn0125,lrdn0144,lrdn0188,lrdn0228,lrdn0260,lrdn0276,lrdn0297,lrdn0315,lrdn0340,lrdn0389,lrdn0402,lrdn0426,lrdn0442,lrdn0462,lrdn0488,lrdn0502,lrdn0525,lrdn0574,lrdn0634,lrdn0670,lrdn0831,lrdn0938,lrdn0967,lrdn0992,lrdn1006,lrdn1030,lrdn1055,lrdn1066,lrdn1102 --cpu-bind=socket -n 30 -N 30 /leonardo/home/userexternal/lpiarull/CRAB/benchmarks/blink/bin/a2a_comm_only -msgsize 4096 -iter 1000
[DEBUG]: Node List is: ['lrdn0039', 'lrdn0125', 'lrdn0144', 'lrdn0188', 'lrdn0228', 'lrdn0260', 'lrdn0276', 'lrdn0297', 'lrdn0315', 'lrdn0340', 'lrdn0389', 'lrdn0402', 'lrdn0426', 'lrdn0442', 'lrdn0462', 'lrdn0488', 'lrdn0502', 'lrdn0525', 'lrdn0574', 'lrdn0634', 'lrdn0670', 'lrdn0831', 'lrdn0938', 'lrdn0967', 'lrdn0992', 'lrdn1006', 'lrdn1030', 'lrdn1055', 'lrdn1066', 'lrdn1102']
[DEBUG]: Detected CRAB_SYSTEM=leonardo. Adding SLURM option: --partition=boost_usr_prod
[DEBUG]: SLURM command is: srun --export=ALL --partition=boost_usr_prod --nodelist lrdn0039,lrdn0125,lrdn0144,lrdn0188,lrdn0228,lrdn0260,lrdn0276,lrdn0297,lrdn0315,lrdn0340,lrdn0389,lrdn0402,lrdn0426,lrdn0442,lrdn0462,lrdn0488,lrdn0502,lrdn0525,lrdn0574,lrdn0634,lrdn0670,lrdn0831,lrdn0938,lrdn0967,lrdn0992,lrdn1006,lrdn1030,lrdn1055,lrdn1066,lrdn1102 --cpu-bind=socket -n 30 -N 30 /leonardo/home/userexternal/lpiarull/CRAB/benchmarks/blink/bin/a2a_comm_only -msgsize 32768 -iter 1000
[DEBUG]: Node List is: ['lrdn0039', 'lrdn0125', 'lrdn0144', 'lrdn0188', 'lrdn0228', 'lrdn0260', 'lrdn0276', 'lrdn0297', 'lrdn0315', 'lrdn0340', 'lrdn0389', 'lrdn0402', 'lrdn0426', 'lrdn0442', 'lrdn0462', 'lrdn0488', 'lrdn0502', 'lrdn0525', 'lrdn0574', 'lrdn0634', 'lrdn0670', 'lrdn0831', 'lrdn0938', 'lrdn0967', 'lrdn0992', 'lrdn1006', 'lrdn1030', 'lrdn1055', 'lrdn1066', 'lrdn1102']
[DEBUG]: Detected CRAB_SYSTEM=leonardo. Adding SLURM option: --partition=boost_usr_prod
[DEBUG]: SLURM command is: srun --export=ALL --partition=boost_usr_prod --nodelist lrdn0039,lrdn0125,lrdn0144,lrdn0188,lrdn0228,lrdn0260,lrdn0276,lrdn0297,lrdn0315,lrdn0340,lrdn0389,lrdn0402,lrdn0426,lrdn0442,lrdn0462,lrdn0488,lrdn0502,lrdn0525,lrdn0574,lrdn0634,lrdn0670,lrdn0831,lrdn0938,lrdn0967,lrdn0992,lrdn1006,lrdn1030,lrdn1055,lrdn1066,lrdn1102 --cpu-bind=socket -n 30 -N 30 /leonardo/home/userexternal/lpiarull/CRAB/benchmarks/blink/bin/a2a_comm_only -msgsize 262144 -iter 1000
[DEBUG]: Node List is: ['lrdn0039', 'lrdn0125', 'lrdn0144', 'lrdn0188', 'lrdn0228', 'lrdn0260', 'lrdn0276', 'lrdn0297', 'lrdn0315', 'lrdn0340', 'lrdn0389', 'lrdn0402', 'lrdn0426', 'lrdn0442', 'lrdn0462', 'lrdn0488', 'lrdn0502', 'lrdn0525', 'lrdn0574', 'lrdn0634', 'lrdn0670', 'lrdn0831', 'lrdn0938', 'lrdn0967', 'lrdn0992', 'lrdn1006', 'lrdn1030', 'lrdn1055', 'lrdn1066', 'lrdn1102']
[DEBUG]: Detected CRAB_SYSTEM=leonardo. Adding SLURM option: --partition=boost_usr_prod
[DEBUG]: SLURM command is: srun --export=ALL --partition=boost_usr_prod --nodelist lrdn0039,lrdn0125,lrdn0144,lrdn0188,lrdn0228,lrdn0260,lrdn0276,lrdn0297,lrdn0315,lrdn0340,lrdn0389,lrdn0402,lrdn0426,lrdn0442,lrdn0462,lrdn0488,lrdn0502,lrdn0525,lrdn0574,lrdn0634,lrdn0670,lrdn0831,lrdn0938,lrdn0967,lrdn0992,lrdn1006,lrdn1030,lrdn1055,lrdn1066,lrdn1102 --cpu-bind=socket -n 30 -N 30 /leonardo/home/userexternal/lpiarull/CRAB/benchmarks/blink/bin/a2a_comm_only -msgsize 2097152 -iter 1000
[DEBUG]: Node List is: ['lrdn0039', 'lrdn0125', 'lrdn0144', 'lrdn0188', 'lrdn0228', 'lrdn0260', 'lrdn0276', 'lrdn0297', 'lrdn0315', 'lrdn0340', 'lrdn0389', 'lrdn0402', 'lrdn0426', 'lrdn0442', 'lrdn0462', 'lrdn0488', 'lrdn0502', 'lrdn0525', 'lrdn0574', 'lrdn0634', 'lrdn0670', 'lrdn0831', 'lrdn0938', 'lrdn0967', 'lrdn0992', 'lrdn1006', 'lrdn1030', 'lrdn1055', 'lrdn1066', 'lrdn1102']
[DEBUG]: Detected CRAB_SYSTEM=leonardo. Adding SLURM option: --partition=boost_usr_prod
[DEBUG]: SLURM command is: srun --export=ALL --partition=boost_usr_prod --nodelist lrdn0039,lrdn0125,lrdn0144,lrdn0188,lrdn0228,lrdn0260,lrdn0276,lrdn0297,lrdn0315,lrdn0340,lrdn0389,lrdn0402,lrdn0426,lrdn0442,lrdn0462,lrdn0488,lrdn0502,lrdn0525,lrdn0574,lrdn0634,lrdn0670,lrdn0831,lrdn0938,lrdn0967,lrdn0992,lrdn1006,lrdn1030,lrdn1055,lrdn1066,lrdn1102 --cpu-bind=socket -n 30 -N 30 /leonardo/home/userexternal/lpiarull/CRAB/benchmarks/blink/bin/a2a_comm_only -msgsize 16777216 -iter 1000
Ran 1005 iterations. Measured 1000 iterations.
Ran 1005 iterations. Measured 1000 iterations.
Ran 1005 iterations. Measured 1000 iterations.
Ran 1005 iterations. Measured 1000 iterations.
Ran 1005 iterations. Measured 1000 iterations.
Ran 1005 iterations. Measured 1000 iterations.
Ran 1005 iterations. Measured 1000 iterations.
Ran 1005 iterations. Measured 1000 iterations.
--- [WARNING] App 8 ended with return code -9 ---
--- [INFO] Run 1 completata in 42.8787 secondi ---

Logging data...
Dati per App 0 salvati in: ./data/leonardo/2025-12-14_20-13-51-087476/data_app_0.csv
Dati per App 1 salvati in: ./data/leonardo/2025-12-14_20-13-51-087476/data_app_1.csv
Dati per App 2 salvati in: ./data/leonardo/2025-12-14_20-13-51-087476/data_app_2.csv
Dati per App 3 salvati in: ./data/leonardo/2025-12-14_20-13-51-087476/data_app_3.csv
Dati per App 4 salvati in: ./data/leonardo/2025-12-14_20-13-51-087476/data_app_4.csv
Dati per App 5 salvati in: ./data/leonardo/2025-12-14_20-13-51-087476/data_app_5.csv
Dati per App 6 salvati in: ./data/leonardo/2025-12-14_20-13-51-087476/data_app_6.csv
Dati per App 7 salvati in: ./data/leonardo/2025-12-14_20-13-51-087476/data_app_7.csv
--- [WORKER] Engine run finished. ---
