--- [WORKER MODE DETECTED] Work dir: ./data/cresco8/2025-12-12_00-19-01-636714 ---
--- [WORKER] Environment loaded. Starting engine. ---
--- [WORKER] Engine running in WORKER mode. ---
--- [WORKER] Working directory is: ./data/cresco8/2025-12-12_00-19-01-636714 ---
--- [WORKER] Allocating nodes provided by SLURM: cresco8x[312-327] ---
--- [INFO] Partition 0 (Collect=True): 8 nodes. Rule: '100' ---
--- [INFO] Partition 1 (Collect=False): 8 nodes. Rule: '100' ---

Running Benchmarks...
 Run 1:
[DEBUG]: Node List is: ['cresco8x312', 'cresco8x314', 'cresco8x316', 'cresco8x318', 'cresco8x320', 'cresco8x322', 'cresco8x324', 'cresco8x326']
[DEBUG]: SLURM command is: srun --export=ALL  --nodelist cresco8x312,cresco8x314,cresco8x316,cresco8x318,cresco8x320,cresco8x322,cresco8x324,cresco8x326 --cpu-bind=socket -n 8 -N 8 /afs/enea.it/por/user/piarulli/CRAB/benchmarks/blink/bin/a2a_comm_only -msgsize 8 -iter 1000
[DEBUG]: Node List is: ['cresco8x313', 'cresco8x315', 'cresco8x317', 'cresco8x319', 'cresco8x321', 'cresco8x323', 'cresco8x325', 'cresco8x327']
[DEBUG]: SLURM command is: srun --export=ALL  --nodelist cresco8x313,cresco8x315,cresco8x317,cresco8x319,cresco8x321,cresco8x323,cresco8x325,cresco8x327 --cpu-bind=socket -n 8 -N 8 /afs/enea.it/por/user/piarulli/CRAB/benchmarks/blink/bin/noise_incast -msgsize 16777216 -iter 100000
[DEBUG]: Node List is: ['cresco8x312', 'cresco8x314', 'cresco8x316', 'cresco8x318', 'cresco8x320', 'cresco8x322', 'cresco8x324', 'cresco8x326']
[DEBUG]: SLURM command is: srun --export=ALL  --nodelist cresco8x312,cresco8x314,cresco8x316,cresco8x318,cresco8x320,cresco8x322,cresco8x324,cresco8x326 --cpu-bind=socket -n 8 -N 8 /afs/enea.it/por/user/piarulli/CRAB/benchmarks/blink/bin/a2a_comm_only -msgsize 64 -iter 1000
[DEBUG]: Node List is: ['cresco8x312', 'cresco8x314', 'cresco8x316', 'cresco8x318', 'cresco8x320', 'cresco8x322', 'cresco8x324', 'cresco8x326']
[DEBUG]: SLURM command is: srun --export=ALL  --nodelist cresco8x312,cresco8x314,cresco8x316,cresco8x318,cresco8x320,cresco8x322,cresco8x324,cresco8x326 --cpu-bind=socket -n 8 -N 8 /afs/enea.it/por/user/piarulli/CRAB/benchmarks/blink/bin/a2a_comm_only -msgsize 512 -iter 1000
[DEBUG]: Node List is: ['cresco8x312', 'cresco8x314', 'cresco8x316', 'cresco8x318', 'cresco8x320', 'cresco8x322', 'cresco8x324', 'cresco8x326']
[DEBUG]: SLURM command is: srun --export=ALL  --nodelist cresco8x312,cresco8x314,cresco8x316,cresco8x318,cresco8x320,cresco8x322,cresco8x324,cresco8x326 --cpu-bind=socket -n 8 -N 8 /afs/enea.it/por/user/piarulli/CRAB/benchmarks/blink/bin/a2a_comm_only -msgsize 4096 -iter 1000
[DEBUG]: Node List is: ['cresco8x312', 'cresco8x314', 'cresco8x316', 'cresco8x318', 'cresco8x320', 'cresco8x322', 'cresco8x324', 'cresco8x326']
[DEBUG]: SLURM command is: srun --export=ALL  --nodelist cresco8x312,cresco8x314,cresco8x316,cresco8x318,cresco8x320,cresco8x322,cresco8x324,cresco8x326 --cpu-bind=socket -n 8 -N 8 /afs/enea.it/por/user/piarulli/CRAB/benchmarks/blink/bin/a2a_comm_only -msgsize 32768 -iter 1000
[DEBUG]: Node List is: ['cresco8x312', 'cresco8x314', 'cresco8x316', 'cresco8x318', 'cresco8x320', 'cresco8x322', 'cresco8x324', 'cresco8x326']
[DEBUG]: SLURM command is: srun --export=ALL  --nodelist cresco8x312,cresco8x314,cresco8x316,cresco8x318,cresco8x320,cresco8x322,cresco8x324,cresco8x326 --cpu-bind=socket -n 8 -N 8 /afs/enea.it/por/user/piarulli/CRAB/benchmarks/blink/bin/a2a_comm_only -msgsize 262144 -iter 1000
[DEBUG]: Node List is: ['cresco8x312', 'cresco8x314', 'cresco8x316', 'cresco8x318', 'cresco8x320', 'cresco8x322', 'cresco8x324', 'cresco8x326']
[DEBUG]: SLURM command is: srun --export=ALL  --nodelist cresco8x312,cresco8x314,cresco8x316,cresco8x318,cresco8x320,cresco8x322,cresco8x324,cresco8x326 --cpu-bind=socket -n 8 -N 8 /afs/enea.it/por/user/piarulli/CRAB/benchmarks/blink/bin/a2a_comm_only -msgsize 2097152 -iter 1000
[DEBUG]: Node List is: ['cresco8x312', 'cresco8x314', 'cresco8x316', 'cresco8x318', 'cresco8x320', 'cresco8x322', 'cresco8x324', 'cresco8x326']
[DEBUG]: SLURM command is: srun --export=ALL  --nodelist cresco8x312,cresco8x314,cresco8x316,cresco8x318,cresco8x320,cresco8x322,cresco8x324,cresco8x326 --cpu-bind=socket -n 8 -N 8 /afs/enea.it/por/user/piarulli/CRAB/benchmarks/blink/bin/a2a_comm_only -msgsize 16777216 -iter 1000
[DEBUG]: Node List is: ['cresco8x312', 'cresco8x314', 'cresco8x316', 'cresco8x318', 'cresco8x320', 'cresco8x322', 'cresco8x324', 'cresco8x326']
[DEBUG]: SLURM command is: srun --export=ALL  --nodelist cresco8x312,cresco8x314,cresco8x316,cresco8x318,cresco8x320,cresco8x322,cresco8x324,cresco8x326 --cpu-bind=socket -n 8 -N 8 /afs/enea.it/por/user/piarulli/CRAB/benchmarks/blink/bin/a2a_comm_only -msgsize 134217728 -iter 1000
Ran 1005 iterations. Measured 1000 iterations.
Ran 1005 iterations. Measured 1000 iterations.
Ran 1005 iterations. Measured 1000 iterations.
Ran 1005 iterations. Measured 1000 iterations.
Ran 1005 iterations. Measured 1000 iterations.
Ran 1005 iterations. Measured 1000 iterations.
Ran 1005 iterations. Measured 1000 iterations.
Ran 1005 iterations. Measured 1000 iterations.
Ran 1005 iterations. Measured 1000 iterations.
--- [WARNING] App 9 ended with return code -9 ---
--- [INFO] Run 1 completata in 64.8542 secondi ---

Logging data...
Dati per App 0 salvati in: ./data/cresco8/2025-12-12_00-19-01-636714/data_app_0.csv
Dati per App 1 salvati in: ./data/cresco8/2025-12-12_00-19-01-636714/data_app_1.csv
Dati per App 2 salvati in: ./data/cresco8/2025-12-12_00-19-01-636714/data_app_2.csv
Dati per App 3 salvati in: ./data/cresco8/2025-12-12_00-19-01-636714/data_app_3.csv
Dati per App 4 salvati in: ./data/cresco8/2025-12-12_00-19-01-636714/data_app_4.csv
Dati per App 5 salvati in: ./data/cresco8/2025-12-12_00-19-01-636714/data_app_5.csv
Dati per App 6 salvati in: ./data/cresco8/2025-12-12_00-19-01-636714/data_app_6.csv
Dati per App 7 salvati in: ./data/cresco8/2025-12-12_00-19-01-636714/data_app_7.csv
Dati per App 8 salvati in: ./data/cresco8/2025-12-12_00-19-01-636714/data_app_8.csv
--- [WORKER] Engine run finished. ---
