--- [WORKER MODE DETECTED] Work dir: ./data/leonardo/2025-12-14_20-12-34-281465 ---
--- [WORKER] Environment loaded. Starting engine. ---
--- [WORKER] Engine running in WORKER mode. ---
--- [WORKER] Working directory is: ./data/leonardo/2025-12-14_20-12-34-281465 ---
--- [WORKER] Allocating nodes provided by SLURM: lrdn[1537,1551,1559,1587,1591,1607,1674,1691,1702,1958,2005,2038,2270,2379,2383,2403,2409,2415,2438,2446] ---
--- [INFO] Partition 0 (Collect=True): 10 nodes. Rule: '100' ---
--- [INFO] Partition 1 (Collect=False): 10 nodes. Rule: '100' ---

Running Benchmarks...
 Run 1:
[DEBUG]: Node List is: ['lrdn1537', 'lrdn1559', 'lrdn1591', 'lrdn1674', 'lrdn1702', 'lrdn2005', 'lrdn2270', 'lrdn2383', 'lrdn2409', 'lrdn2438']
[DEBUG]: Detected CRAB_SYSTEM=leonardo. Adding SLURM option: --partition=boost_usr_prod
[DEBUG]: SLURM command is: srun --export=ALL --partition=boost_usr_prod --nodelist lrdn1537,lrdn1559,lrdn1591,lrdn1674,lrdn1702,lrdn2005,lrdn2270,lrdn2383,lrdn2409,lrdn2438 --cpu-bind=socket -n 10 -N 10 /leonardo/home/userexternal/lpiarull/CRAB/benchmarks/blink/bin/agtr_comm_only -msgsize 8 -iter 1000
[DEBUG]: Node List is: ['lrdn1551', 'lrdn1587', 'lrdn1607', 'lrdn1691', 'lrdn1958', 'lrdn2038', 'lrdn2379', 'lrdn2403', 'lrdn2415', 'lrdn2446']
[DEBUG]: Detected CRAB_SYSTEM=leonardo. Adding SLURM option: --partition=boost_usr_prod
[DEBUG]: SLURM command is: srun --export=ALL --partition=boost_usr_prod --nodelist lrdn1551,lrdn1587,lrdn1607,lrdn1691,lrdn1958,lrdn2038,lrdn2379,lrdn2403,lrdn2415,lrdn2446 --cpu-bind=socket -n 10 -N 10 /leonardo/home/userexternal/lpiarull/CRAB/benchmarks/blink/bin/bursty_noise_a2a 0.000001 0.001
[DEBUG]: Node List is: ['lrdn1537', 'lrdn1559', 'lrdn1591', 'lrdn1674', 'lrdn1702', 'lrdn2005', 'lrdn2270', 'lrdn2383', 'lrdn2409', 'lrdn2438']
[DEBUG]: Detected CRAB_SYSTEM=leonardo. Adding SLURM option: --partition=boost_usr_prod
[DEBUG]: SLURM command is: srun --export=ALL --partition=boost_usr_prod --nodelist lrdn1537,lrdn1559,lrdn1591,lrdn1674,lrdn1702,lrdn2005,lrdn2270,lrdn2383,lrdn2409,lrdn2438 --cpu-bind=socket -n 10 -N 10 /leonardo/home/userexternal/lpiarull/CRAB/benchmarks/blink/bin/agtr_comm_only -msgsize 64 -iter 1000
[DEBUG]: Node List is: ['lrdn1537', 'lrdn1559', 'lrdn1591', 'lrdn1674', 'lrdn1702', 'lrdn2005', 'lrdn2270', 'lrdn2383', 'lrdn2409', 'lrdn2438']
[DEBUG]: Detected CRAB_SYSTEM=leonardo. Adding SLURM option: --partition=boost_usr_prod
[DEBUG]: SLURM command is: srun --export=ALL --partition=boost_usr_prod --nodelist lrdn1537,lrdn1559,lrdn1591,lrdn1674,lrdn1702,lrdn2005,lrdn2270,lrdn2383,lrdn2409,lrdn2438 --cpu-bind=socket -n 10 -N 10 /leonardo/home/userexternal/lpiarull/CRAB/benchmarks/blink/bin/agtr_comm_only -msgsize 512 -iter 1000
[DEBUG]: Node List is: ['lrdn1537', 'lrdn1559', 'lrdn1591', 'lrdn1674', 'lrdn1702', 'lrdn2005', 'lrdn2270', 'lrdn2383', 'lrdn2409', 'lrdn2438']
[DEBUG]: Detected CRAB_SYSTEM=leonardo. Adding SLURM option: --partition=boost_usr_prod
[DEBUG]: SLURM command is: srun --export=ALL --partition=boost_usr_prod --nodelist lrdn1537,lrdn1559,lrdn1591,lrdn1674,lrdn1702,lrdn2005,lrdn2270,lrdn2383,lrdn2409,lrdn2438 --cpu-bind=socket -n 10 -N 10 /leonardo/home/userexternal/lpiarull/CRAB/benchmarks/blink/bin/agtr_comm_only -msgsize 4096 -iter 1000
[DEBUG]: Node List is: ['lrdn1537', 'lrdn1559', 'lrdn1591', 'lrdn1674', 'lrdn1702', 'lrdn2005', 'lrdn2270', 'lrdn2383', 'lrdn2409', 'lrdn2438']
[DEBUG]: Detected CRAB_SYSTEM=leonardo. Adding SLURM option: --partition=boost_usr_prod
[DEBUG]: SLURM command is: srun --export=ALL --partition=boost_usr_prod --nodelist lrdn1537,lrdn1559,lrdn1591,lrdn1674,lrdn1702,lrdn2005,lrdn2270,lrdn2383,lrdn2409,lrdn2438 --cpu-bind=socket -n 10 -N 10 /leonardo/home/userexternal/lpiarull/CRAB/benchmarks/blink/bin/agtr_comm_only -msgsize 32768 -iter 1000
[DEBUG]: Node List is: ['lrdn1537', 'lrdn1559', 'lrdn1591', 'lrdn1674', 'lrdn1702', 'lrdn2005', 'lrdn2270', 'lrdn2383', 'lrdn2409', 'lrdn2438']
[DEBUG]: Detected CRAB_SYSTEM=leonardo. Adding SLURM option: --partition=boost_usr_prod
[DEBUG]: SLURM command is: srun --export=ALL --partition=boost_usr_prod --nodelist lrdn1537,lrdn1559,lrdn1591,lrdn1674,lrdn1702,lrdn2005,lrdn2270,lrdn2383,lrdn2409,lrdn2438 --cpu-bind=socket -n 10 -N 10 /leonardo/home/userexternal/lpiarull/CRAB/benchmarks/blink/bin/agtr_comm_only -msgsize 262144 -iter 1000
[DEBUG]: Node List is: ['lrdn1537', 'lrdn1559', 'lrdn1591', 'lrdn1674', 'lrdn1702', 'lrdn2005', 'lrdn2270', 'lrdn2383', 'lrdn2409', 'lrdn2438']
[DEBUG]: Detected CRAB_SYSTEM=leonardo. Adding SLURM option: --partition=boost_usr_prod
[DEBUG]: SLURM command is: srun --export=ALL --partition=boost_usr_prod --nodelist lrdn1537,lrdn1559,lrdn1591,lrdn1674,lrdn1702,lrdn2005,lrdn2270,lrdn2383,lrdn2409,lrdn2438 --cpu-bind=socket -n 10 -N 10 /leonardo/home/userexternal/lpiarull/CRAB/benchmarks/blink/bin/agtr_comm_only -msgsize 2097152 -iter 1000
[DEBUG]: Node List is: ['lrdn1537', 'lrdn1559', 'lrdn1591', 'lrdn1674', 'lrdn1702', 'lrdn2005', 'lrdn2270', 'lrdn2383', 'lrdn2409', 'lrdn2438']
[DEBUG]: Detected CRAB_SYSTEM=leonardo. Adding SLURM option: --partition=boost_usr_prod
[DEBUG]: SLURM command is: srun --export=ALL --partition=boost_usr_prod --nodelist lrdn1537,lrdn1559,lrdn1591,lrdn1674,lrdn1702,lrdn2005,lrdn2270,lrdn2383,lrdn2409,lrdn2438 --cpu-bind=socket -n 10 -N 10 /leonardo/home/userexternal/lpiarull/CRAB/benchmarks/blink/bin/agtr_comm_only -msgsize 16777216 -iter 1000
Ran 1005 iterations. Measured 1000 iterations.
Ran 1005 iterations. Measured 1000 iterations.
Ran 1005 iterations. Measured 1000 iterations.
Ran 1005 iterations. Measured 1000 iterations.
Ran 1005 iterations. Measured 1000 iterations.
Ran 1005 iterations. Measured 1000 iterations.
Ran 1005 iterations. Measured 1000 iterations.
Ran 1005 iterations. Measured 1000 iterations.
--- [WARNING] App 8 ended with return code -9 ---
--- [INFO] Run 1 completata in 12.9703 secondi ---

Logging data...
Dati per App 0 salvati in: ./data/leonardo/2025-12-14_20-12-34-281465/data_app_0.csv
Dati per App 1 salvati in: ./data/leonardo/2025-12-14_20-12-34-281465/data_app_1.csv
Dati per App 2 salvati in: ./data/leonardo/2025-12-14_20-12-34-281465/data_app_2.csv
Dati per App 3 salvati in: ./data/leonardo/2025-12-14_20-12-34-281465/data_app_3.csv
Dati per App 4 salvati in: ./data/leonardo/2025-12-14_20-12-34-281465/data_app_4.csv
Dati per App 5 salvati in: ./data/leonardo/2025-12-14_20-12-34-281465/data_app_5.csv
Dati per App 6 salvati in: ./data/leonardo/2025-12-14_20-12-34-281465/data_app_6.csv
Dati per App 7 salvati in: ./data/leonardo/2025-12-14_20-12-34-281465/data_app_7.csv
--- [WORKER] Engine run finished. ---
