--- [WORKER MODE DETECTED] Work dir: ./data/leonardo/2025-12-15_13-35-49-433506 ---
--- [WORKER] Environment loaded. Starting engine. ---
--- [WORKER] Engine running in WORKER mode. ---
--- [WORKER] Working directory is: ./data/leonardo/2025-12-15_13-35-49-433506 ---
--- [WORKER] Allocating nodes provided by SLURM: lrdn[0026,0029,0032,0045,0059,0065,0072,0082,0097,0116,0128,0131,0155,0159,0166,0192,0219,0226,0248,0263,0271,0292,0303,0317,0323,0333,0342,0357,0364,0372,0382,0401,0403,0406,0422,0430,0447,0459,0463,0472,0482,0489,0495,0517,0520,0534,0552-0553,0562,0573,0587,0591,0619,0628,0677,0694,0726,0755,0760,0772,0790,0827,0838,0865] ---
--- [INFO] Partition 0 (Collect=True): 32 nodes. Rule: '100' ---
--- [INFO] Partition 1 (Collect=False): 32 nodes. Rule: '100' ---

Running Benchmarks...
 Run 1:
[DEBUG]: Node List is: ['lrdn0026', 'lrdn0032', 'lrdn0059', 'lrdn0072', 'lrdn0097', 'lrdn0128', 'lrdn0155', 'lrdn0166', 'lrdn0219', 'lrdn0248', 'lrdn0271', 'lrdn0303', 'lrdn0323', 'lrdn0342', 'lrdn0364', 'lrdn0382', 'lrdn0403', 'lrdn0422', 'lrdn0447', 'lrdn0463', 'lrdn0482', 'lrdn0495', 'lrdn0520', 'lrdn0552', 'lrdn0562', 'lrdn0587', 'lrdn0619', 'lrdn0677', 'lrdn0726', 'lrdn0760', 'lrdn0790', 'lrdn0838']
[DEBUG]: Detected CRAB_SYSTEM=leonardo. Adding SLURM option: --partition=boost_usr_prod
[DEBUG]: SLURM command is: srun --export=ALL --partition=boost_usr_prod --nodelist lrdn0026,lrdn0032,lrdn0059,lrdn0072,lrdn0097,lrdn0128,lrdn0155,lrdn0166,lrdn0219,lrdn0248,lrdn0271,lrdn0303,lrdn0323,lrdn0342,lrdn0364,lrdn0382,lrdn0403,lrdn0422,lrdn0447,lrdn0463,lrdn0482,lrdn0495,lrdn0520,lrdn0552,lrdn0562,lrdn0587,lrdn0619,lrdn0677,lrdn0726,lrdn0760,lrdn0790,lrdn0838 --cpu-bind=socket -n 32 -N 32 /leonardo/home/userexternal/lpiarull/CRAB/benchmarks/blink/bin/a2a_comm_only -msgsize 8 -iter 1000
[DEBUG]: Node List is: ['lrdn0029', 'lrdn0045', 'lrdn0065', 'lrdn0082', 'lrdn0116', 'lrdn0131', 'lrdn0159', 'lrdn0192', 'lrdn0226', 'lrdn0263', 'lrdn0292', 'lrdn0317', 'lrdn0333', 'lrdn0357', 'lrdn0372', 'lrdn0401', 'lrdn0406', 'lrdn0430', 'lrdn0459', 'lrdn0472', 'lrdn0489', 'lrdn0517', 'lrdn0534', 'lrdn0553', 'lrdn0573', 'lrdn0591', 'lrdn0628', 'lrdn0694', 'lrdn0755', 'lrdn0772', 'lrdn0827', 'lrdn0865']
[DEBUG]: Detected CRAB_SYSTEM=leonardo. Adding SLURM option: --partition=boost_usr_prod
[DEBUG]: SLURM command is: srun --export=ALL --partition=boost_usr_prod --nodelist lrdn0029,lrdn0045,lrdn0065,lrdn0082,lrdn0116,lrdn0131,lrdn0159,lrdn0192,lrdn0226,lrdn0263,lrdn0292,lrdn0317,lrdn0333,lrdn0357,lrdn0372,lrdn0401,lrdn0406,lrdn0430,lrdn0459,lrdn0472,lrdn0489,lrdn0517,lrdn0534,lrdn0553,lrdn0573,lrdn0591,lrdn0628,lrdn0694,lrdn0755,lrdn0772,lrdn0827,lrdn0865 --cpu-bind=socket -n 32 -N 32 /leonardo/home/userexternal/lpiarull/CRAB/benchmarks/blink/bin/noise_incast
[DEBUG]: Node List is: ['lrdn0026', 'lrdn0032', 'lrdn0059', 'lrdn0072', 'lrdn0097', 'lrdn0128', 'lrdn0155', 'lrdn0166', 'lrdn0219', 'lrdn0248', 'lrdn0271', 'lrdn0303', 'lrdn0323', 'lrdn0342', 'lrdn0364', 'lrdn0382', 'lrdn0403', 'lrdn0422', 'lrdn0447', 'lrdn0463', 'lrdn0482', 'lrdn0495', 'lrdn0520', 'lrdn0552', 'lrdn0562', 'lrdn0587', 'lrdn0619', 'lrdn0677', 'lrdn0726', 'lrdn0760', 'lrdn0790', 'lrdn0838']
[DEBUG]: Detected CRAB_SYSTEM=leonardo. Adding SLURM option: --partition=boost_usr_prod
[DEBUG]: SLURM command is: srun --export=ALL --partition=boost_usr_prod --nodelist lrdn0026,lrdn0032,lrdn0059,lrdn0072,lrdn0097,lrdn0128,lrdn0155,lrdn0166,lrdn0219,lrdn0248,lrdn0271,lrdn0303,lrdn0323,lrdn0342,lrdn0364,lrdn0382,lrdn0403,lrdn0422,lrdn0447,lrdn0463,lrdn0482,lrdn0495,lrdn0520,lrdn0552,lrdn0562,lrdn0587,lrdn0619,lrdn0677,lrdn0726,lrdn0760,lrdn0790,lrdn0838 --cpu-bind=socket -n 32 -N 32 /leonardo/home/userexternal/lpiarull/CRAB/benchmarks/blink/bin/a2a_comm_only -msgsize 64 -iter 1000
[DEBUG]: Node List is: ['lrdn0026', 'lrdn0032', 'lrdn0059', 'lrdn0072', 'lrdn0097', 'lrdn0128', 'lrdn0155', 'lrdn0166', 'lrdn0219', 'lrdn0248', 'lrdn0271', 'lrdn0303', 'lrdn0323', 'lrdn0342', 'lrdn0364', 'lrdn0382', 'lrdn0403', 'lrdn0422', 'lrdn0447', 'lrdn0463', 'lrdn0482', 'lrdn0495', 'lrdn0520', 'lrdn0552', 'lrdn0562', 'lrdn0587', 'lrdn0619', 'lrdn0677', 'lrdn0726', 'lrdn0760', 'lrdn0790', 'lrdn0838']
[DEBUG]: Detected CRAB_SYSTEM=leonardo. Adding SLURM option: --partition=boost_usr_prod
[DEBUG]: SLURM command is: srun --export=ALL --partition=boost_usr_prod --nodelist lrdn0026,lrdn0032,lrdn0059,lrdn0072,lrdn0097,lrdn0128,lrdn0155,lrdn0166,lrdn0219,lrdn0248,lrdn0271,lrdn0303,lrdn0323,lrdn0342,lrdn0364,lrdn0382,lrdn0403,lrdn0422,lrdn0447,lrdn0463,lrdn0482,lrdn0495,lrdn0520,lrdn0552,lrdn0562,lrdn0587,lrdn0619,lrdn0677,lrdn0726,lrdn0760,lrdn0790,lrdn0838 --cpu-bind=socket -n 32 -N 32 /leonardo/home/userexternal/lpiarull/CRAB/benchmarks/blink/bin/a2a_comm_only -msgsize 512 -iter 1000
[DEBUG]: Node List is: ['lrdn0026', 'lrdn0032', 'lrdn0059', 'lrdn0072', 'lrdn0097', 'lrdn0128', 'lrdn0155', 'lrdn0166', 'lrdn0219', 'lrdn0248', 'lrdn0271', 'lrdn0303', 'lrdn0323', 'lrdn0342', 'lrdn0364', 'lrdn0382', 'lrdn0403', 'lrdn0422', 'lrdn0447', 'lrdn0463', 'lrdn0482', 'lrdn0495', 'lrdn0520', 'lrdn0552', 'lrdn0562', 'lrdn0587', 'lrdn0619', 'lrdn0677', 'lrdn0726', 'lrdn0760', 'lrdn0790', 'lrdn0838']
[DEBUG]: Detected CRAB_SYSTEM=leonardo. Adding SLURM option: --partition=boost_usr_prod
[DEBUG]: SLURM command is: srun --export=ALL --partition=boost_usr_prod --nodelist lrdn0026,lrdn0032,lrdn0059,lrdn0072,lrdn0097,lrdn0128,lrdn0155,lrdn0166,lrdn0219,lrdn0248,lrdn0271,lrdn0303,lrdn0323,lrdn0342,lrdn0364,lrdn0382,lrdn0403,lrdn0422,lrdn0447,lrdn0463,lrdn0482,lrdn0495,lrdn0520,lrdn0552,lrdn0562,lrdn0587,lrdn0619,lrdn0677,lrdn0726,lrdn0760,lrdn0790,lrdn0838 --cpu-bind=socket -n 32 -N 32 /leonardo/home/userexternal/lpiarull/CRAB/benchmarks/blink/bin/a2a_comm_only -msgsize 4096 -iter 1000
[DEBUG]: Node List is: ['lrdn0026', 'lrdn0032', 'lrdn0059', 'lrdn0072', 'lrdn0097', 'lrdn0128', 'lrdn0155', 'lrdn0166', 'lrdn0219', 'lrdn0248', 'lrdn0271', 'lrdn0303', 'lrdn0323', 'lrdn0342', 'lrdn0364', 'lrdn0382', 'lrdn0403', 'lrdn0422', 'lrdn0447', 'lrdn0463', 'lrdn0482', 'lrdn0495', 'lrdn0520', 'lrdn0552', 'lrdn0562', 'lrdn0587', 'lrdn0619', 'lrdn0677', 'lrdn0726', 'lrdn0760', 'lrdn0790', 'lrdn0838']
[DEBUG]: Detected CRAB_SYSTEM=leonardo. Adding SLURM option: --partition=boost_usr_prod
[DEBUG]: SLURM command is: srun --export=ALL --partition=boost_usr_prod --nodelist lrdn0026,lrdn0032,lrdn0059,lrdn0072,lrdn0097,lrdn0128,lrdn0155,lrdn0166,lrdn0219,lrdn0248,lrdn0271,lrdn0303,lrdn0323,lrdn0342,lrdn0364,lrdn0382,lrdn0403,lrdn0422,lrdn0447,lrdn0463,lrdn0482,lrdn0495,lrdn0520,lrdn0552,lrdn0562,lrdn0587,lrdn0619,lrdn0677,lrdn0726,lrdn0760,lrdn0790,lrdn0838 --cpu-bind=socket -n 32 -N 32 /leonardo/home/userexternal/lpiarull/CRAB/benchmarks/blink/bin/a2a_comm_only -msgsize 32768 -iter 1000
[DEBUG]: Node List is: ['lrdn0026', 'lrdn0032', 'lrdn0059', 'lrdn0072', 'lrdn0097', 'lrdn0128', 'lrdn0155', 'lrdn0166', 'lrdn0219', 'lrdn0248', 'lrdn0271', 'lrdn0303', 'lrdn0323', 'lrdn0342', 'lrdn0364', 'lrdn0382', 'lrdn0403', 'lrdn0422', 'lrdn0447', 'lrdn0463', 'lrdn0482', 'lrdn0495', 'lrdn0520', 'lrdn0552', 'lrdn0562', 'lrdn0587', 'lrdn0619', 'lrdn0677', 'lrdn0726', 'lrdn0760', 'lrdn0790', 'lrdn0838']
[DEBUG]: Detected CRAB_SYSTEM=leonardo. Adding SLURM option: --partition=boost_usr_prod
[DEBUG]: SLURM command is: srun --export=ALL --partition=boost_usr_prod --nodelist lrdn0026,lrdn0032,lrdn0059,lrdn0072,lrdn0097,lrdn0128,lrdn0155,lrdn0166,lrdn0219,lrdn0248,lrdn0271,lrdn0303,lrdn0323,lrdn0342,lrdn0364,lrdn0382,lrdn0403,lrdn0422,lrdn0447,lrdn0463,lrdn0482,lrdn0495,lrdn0520,lrdn0552,lrdn0562,lrdn0587,lrdn0619,lrdn0677,lrdn0726,lrdn0760,lrdn0790,lrdn0838 --cpu-bind=socket -n 32 -N 32 /leonardo/home/userexternal/lpiarull/CRAB/benchmarks/blink/bin/a2a_comm_only -msgsize 262144 -iter 1000
[DEBUG]: Node List is: ['lrdn0026', 'lrdn0032', 'lrdn0059', 'lrdn0072', 'lrdn0097', 'lrdn0128', 'lrdn0155', 'lrdn0166', 'lrdn0219', 'lrdn0248', 'lrdn0271', 'lrdn0303', 'lrdn0323', 'lrdn0342', 'lrdn0364', 'lrdn0382', 'lrdn0403', 'lrdn0422', 'lrdn0447', 'lrdn0463', 'lrdn0482', 'lrdn0495', 'lrdn0520', 'lrdn0552', 'lrdn0562', 'lrdn0587', 'lrdn0619', 'lrdn0677', 'lrdn0726', 'lrdn0760', 'lrdn0790', 'lrdn0838']
[DEBUG]: Detected CRAB_SYSTEM=leonardo. Adding SLURM option: --partition=boost_usr_prod
[DEBUG]: SLURM command is: srun --export=ALL --partition=boost_usr_prod --nodelist lrdn0026,lrdn0032,lrdn0059,lrdn0072,lrdn0097,lrdn0128,lrdn0155,lrdn0166,lrdn0219,lrdn0248,lrdn0271,lrdn0303,lrdn0323,lrdn0342,lrdn0364,lrdn0382,lrdn0403,lrdn0422,lrdn0447,lrdn0463,lrdn0482,lrdn0495,lrdn0520,lrdn0552,lrdn0562,lrdn0587,lrdn0619,lrdn0677,lrdn0726,lrdn0760,lrdn0790,lrdn0838 --cpu-bind=socket -n 32 -N 32 /leonardo/home/userexternal/lpiarull/CRAB/benchmarks/blink/bin/a2a_comm_only -msgsize 2097152 -iter 1000
[DEBUG]: Node List is: ['lrdn0026', 'lrdn0032', 'lrdn0059', 'lrdn0072', 'lrdn0097', 'lrdn0128', 'lrdn0155', 'lrdn0166', 'lrdn0219', 'lrdn0248', 'lrdn0271', 'lrdn0303', 'lrdn0323', 'lrdn0342', 'lrdn0364', 'lrdn0382', 'lrdn0403', 'lrdn0422', 'lrdn0447', 'lrdn0463', 'lrdn0482', 'lrdn0495', 'lrdn0520', 'lrdn0552', 'lrdn0562', 'lrdn0587', 'lrdn0619', 'lrdn0677', 'lrdn0726', 'lrdn0760', 'lrdn0790', 'lrdn0838']
[DEBUG]: Detected CRAB_SYSTEM=leonardo. Adding SLURM option: --partition=boost_usr_prod
[DEBUG]: SLURM command is: srun --export=ALL --partition=boost_usr_prod --nodelist lrdn0026,lrdn0032,lrdn0059,lrdn0072,lrdn0097,lrdn0128,lrdn0155,lrdn0166,lrdn0219,lrdn0248,lrdn0271,lrdn0303,lrdn0323,lrdn0342,lrdn0364,lrdn0382,lrdn0403,lrdn0422,lrdn0447,lrdn0463,lrdn0482,lrdn0495,lrdn0520,lrdn0552,lrdn0562,lrdn0587,lrdn0619,lrdn0677,lrdn0726,lrdn0760,lrdn0790,lrdn0838 --cpu-bind=socket -n 32 -N 32 /leonardo/home/userexternal/lpiarull/CRAB/benchmarks/blink/bin/a2a_comm_only -msgsize 16777216 -iter 1000
Ran 1005 iterations. Measured 1000 iterations.
Ran 1005 iterations. Measured 1000 iterations.
Ran 1005 iterations. Measured 1000 iterations.
Ran 1005 iterations. Measured 1000 iterations.
Ran 1005 iterations. Measured 1000 iterations.
Ran 1005 iterations. Measured 1000 iterations.
Ran 1005 iterations. Measured 1000 iterations.
Ran 1005 iterations. Measured 1000 iterations.
--- [WARNING] App 8 ended with return code -9 ---
--- [INFO] Run 1 completata in 79.4158 secondi ---

Logging data...
Dati per App 0 salvati in: ./data/leonardo/2025-12-15_13-35-49-433506/data_app_0.csv
Dati per App 1 salvati in: ./data/leonardo/2025-12-15_13-35-49-433506/data_app_1.csv
Dati per App 2 salvati in: ./data/leonardo/2025-12-15_13-35-49-433506/data_app_2.csv
Dati per App 3 salvati in: ./data/leonardo/2025-12-15_13-35-49-433506/data_app_3.csv
Dati per App 4 salvati in: ./data/leonardo/2025-12-15_13-35-49-433506/data_app_4.csv
Dati per App 5 salvati in: ./data/leonardo/2025-12-15_13-35-49-433506/data_app_5.csv
Dati per App 6 salvati in: ./data/leonardo/2025-12-15_13-35-49-433506/data_app_6.csv
Dati per App 7 salvati in: ./data/leonardo/2025-12-15_13-35-49-433506/data_app_7.csv
--- [WORKER] Engine run finished. ---
