--- [WORKER MODE DETECTED] Work dir: ./data/cresco8/2025-12-12_15-35-25-339663 ---
--- [WORKER] Environment loaded. Starting engine. ---
--- [WORKER] Engine running in WORKER mode. ---
--- [WORKER] Working directory is: ./data/cresco8/2025-12-12_15-35-25-339663 ---
--- [WORKER] Allocating nodes provided by SLURM: cresco8x[176-195] ---
--- [INFO] Partition 0 (Collect=True): 10 nodes. Rule: '100' ---
--- [INFO] Partition 1 (Collect=False): 10 nodes. Rule: '100' ---

Running Benchmarks...
 Run 1:
[DEBUG]: Node List is: ['cresco8x176', 'cresco8x178', 'cresco8x180', 'cresco8x182', 'cresco8x184', 'cresco8x186', 'cresco8x188', 'cresco8x190', 'cresco8x192', 'cresco8x194']
[DEBUG]: SLURM command is: srun --export=ALL  --nodelist cresco8x176,cresco8x178,cresco8x180,cresco8x182,cresco8x184,cresco8x186,cresco8x188,cresco8x190,cresco8x192,cresco8x194 --cpu-bind=socket -n 10 -N 10 /afs/enea.it/por/user/piarulli/CRAB/benchmarks/blink/bin/a2a_comm_only -msgsize 8 -iter 1000
[DEBUG]: Node List is: ['cresco8x177', 'cresco8x179', 'cresco8x181', 'cresco8x183', 'cresco8x185', 'cresco8x187', 'cresco8x189', 'cresco8x191', 'cresco8x193', 'cresco8x195']
[DEBUG]: SLURM command is: srun --export=ALL  --nodelist cresco8x177,cresco8x179,cresco8x181,cresco8x183,cresco8x185,cresco8x187,cresco8x189,cresco8x191,cresco8x193,cresco8x195 --cpu-bind=socket -n 10 -N 10 /afs/enea.it/por/user/piarulli/CRAB/benchmarks/blink/bin/noise_a2a -msgsize 16777216 -iter 100000
[DEBUG]: Node List is: ['cresco8x176', 'cresco8x178', 'cresco8x180', 'cresco8x182', 'cresco8x184', 'cresco8x186', 'cresco8x188', 'cresco8x190', 'cresco8x192', 'cresco8x194']
[DEBUG]: SLURM command is: srun --export=ALL  --nodelist cresco8x176,cresco8x178,cresco8x180,cresco8x182,cresco8x184,cresco8x186,cresco8x188,cresco8x190,cresco8x192,cresco8x194 --cpu-bind=socket -n 10 -N 10 /afs/enea.it/por/user/piarulli/CRAB/benchmarks/blink/bin/a2a_comm_only -msgsize 64 -iter 1000
[DEBUG]: Node List is: ['cresco8x176', 'cresco8x178', 'cresco8x180', 'cresco8x182', 'cresco8x184', 'cresco8x186', 'cresco8x188', 'cresco8x190', 'cresco8x192', 'cresco8x194']
[DEBUG]: SLURM command is: srun --export=ALL  --nodelist cresco8x176,cresco8x178,cresco8x180,cresco8x182,cresco8x184,cresco8x186,cresco8x188,cresco8x190,cresco8x192,cresco8x194 --cpu-bind=socket -n 10 -N 10 /afs/enea.it/por/user/piarulli/CRAB/benchmarks/blink/bin/a2a_comm_only -msgsize 512 -iter 1000
[DEBUG]: Node List is: ['cresco8x176', 'cresco8x178', 'cresco8x180', 'cresco8x182', 'cresco8x184', 'cresco8x186', 'cresco8x188', 'cresco8x190', 'cresco8x192', 'cresco8x194']
[DEBUG]: SLURM command is: srun --export=ALL  --nodelist cresco8x176,cresco8x178,cresco8x180,cresco8x182,cresco8x184,cresco8x186,cresco8x188,cresco8x190,cresco8x192,cresco8x194 --cpu-bind=socket -n 10 -N 10 /afs/enea.it/por/user/piarulli/CRAB/benchmarks/blink/bin/a2a_comm_only -msgsize 4096 -iter 1000
[DEBUG]: Node List is: ['cresco8x176', 'cresco8x178', 'cresco8x180', 'cresco8x182', 'cresco8x184', 'cresco8x186', 'cresco8x188', 'cresco8x190', 'cresco8x192', 'cresco8x194']
[DEBUG]: SLURM command is: srun --export=ALL  --nodelist cresco8x176,cresco8x178,cresco8x180,cresco8x182,cresco8x184,cresco8x186,cresco8x188,cresco8x190,cresco8x192,cresco8x194 --cpu-bind=socket -n 10 -N 10 /afs/enea.it/por/user/piarulli/CRAB/benchmarks/blink/bin/a2a_comm_only -msgsize 32768 -iter 1000
[DEBUG]: Node List is: ['cresco8x176', 'cresco8x178', 'cresco8x180', 'cresco8x182', 'cresco8x184', 'cresco8x186', 'cresco8x188', 'cresco8x190', 'cresco8x192', 'cresco8x194']
[DEBUG]: SLURM command is: srun --export=ALL  --nodelist cresco8x176,cresco8x178,cresco8x180,cresco8x182,cresco8x184,cresco8x186,cresco8x188,cresco8x190,cresco8x192,cresco8x194 --cpu-bind=socket -n 10 -N 10 /afs/enea.it/por/user/piarulli/CRAB/benchmarks/blink/bin/a2a_comm_only -msgsize 262144 -iter 1000
[DEBUG]: Node List is: ['cresco8x176', 'cresco8x178', 'cresco8x180', 'cresco8x182', 'cresco8x184', 'cresco8x186', 'cresco8x188', 'cresco8x190', 'cresco8x192', 'cresco8x194']
[DEBUG]: SLURM command is: srun --export=ALL  --nodelist cresco8x176,cresco8x178,cresco8x180,cresco8x182,cresco8x184,cresco8x186,cresco8x188,cresco8x190,cresco8x192,cresco8x194 --cpu-bind=socket -n 10 -N 10 /afs/enea.it/por/user/piarulli/CRAB/benchmarks/blink/bin/a2a_comm_only -msgsize 2097152 -iter 1000
[DEBUG]: Node List is: ['cresco8x176', 'cresco8x178', 'cresco8x180', 'cresco8x182', 'cresco8x184', 'cresco8x186', 'cresco8x188', 'cresco8x190', 'cresco8x192', 'cresco8x194']
[DEBUG]: SLURM command is: srun --export=ALL  --nodelist cresco8x176,cresco8x178,cresco8x180,cresco8x182,cresco8x184,cresco8x186,cresco8x188,cresco8x190,cresco8x192,cresco8x194 --cpu-bind=socket -n 10 -N 10 /afs/enea.it/por/user/piarulli/CRAB/benchmarks/blink/bin/a2a_comm_only -msgsize 16777216 -iter 1000
Ran 1005 iterations. Measured 1000 iterations.
Ran 1005 iterations. Measured 1000 iterations.
Ran 1005 iterations. Measured 1000 iterations.
Ran 1005 iterations. Measured 1000 iterations.
Ran 1005 iterations. Measured 1000 iterations.
Ran 1005 iterations. Measured 1000 iterations.
Ran 1005 iterations. Measured 1000 iterations.
Ran 1005 iterations. Measured 1000 iterations.
--- [WARNING] App 8 ended with return code -9 ---
--- [INFO] Run 1 completata in 16.5421 secondi ---

Logging data...
Dati per App 0 salvati in: ./data/cresco8/2025-12-12_15-35-25-339663/data_app_0.csv
Dati per App 1 salvati in: ./data/cresco8/2025-12-12_15-35-25-339663/data_app_1.csv
Dati per App 2 salvati in: ./data/cresco8/2025-12-12_15-35-25-339663/data_app_2.csv
Dati per App 3 salvati in: ./data/cresco8/2025-12-12_15-35-25-339663/data_app_3.csv
Dati per App 4 salvati in: ./data/cresco8/2025-12-12_15-35-25-339663/data_app_4.csv
Dati per App 5 salvati in: ./data/cresco8/2025-12-12_15-35-25-339663/data_app_5.csv
Dati per App 6 salvati in: ./data/cresco8/2025-12-12_15-35-25-339663/data_app_6.csv
Dati per App 7 salvati in: ./data/cresco8/2025-12-12_15-35-25-339663/data_app_7.csv
--- [WORKER] Engine run finished. ---
