--- [WORKER MODE DETECTED] Work dir: ./data/leonardo/2025-12-14_20-11-44-669077 ---
--- [WORKER] Environment loaded. Starting engine. ---
--- [WORKER] Engine running in WORKER mode. ---
--- [WORKER] Working directory is: ./data/leonardo/2025-12-14_20-11-44-669077 ---
--- [WORKER] Allocating nodes provided by SLURM: lrdn[0190,0358,0385,0402,0418,0429,0446,0451,0473,0535,1514,1533,1748,1921,2122,2138,2185,2396,2735,2902] ---
--- [INFO] Partition 0 (Collect=True): 10 nodes. Rule: '100' ---
--- [INFO] Partition 1 (Collect=False): 10 nodes. Rule: '100' ---

Running Benchmarks...
 Run 1:
[DEBUG]: Node List is: ['lrdn0190', 'lrdn0385', 'lrdn0418', 'lrdn0446', 'lrdn0473', 'lrdn1514', 'lrdn1748', 'lrdn2122', 'lrdn2185', 'lrdn2735']
[DEBUG]: Detected CRAB_SYSTEM=leonardo. Adding SLURM option: --partition=boost_usr_prod
[DEBUG]: SLURM command is: srun --export=ALL --partition=boost_usr_prod --nodelist lrdn0190,lrdn0385,lrdn0418,lrdn0446,lrdn0473,lrdn1514,lrdn1748,lrdn2122,lrdn2185,lrdn2735 --cpu-bind=socket -n 10 -N 10 /leonardo/home/userexternal/lpiarull/CRAB/benchmarks/blink/bin/a2a_comm_only -msgsize 8 -iter 1000
[DEBUG]: Node List is: ['lrdn0358', 'lrdn0402', 'lrdn0429', 'lrdn0451', 'lrdn0535', 'lrdn1533', 'lrdn1921', 'lrdn2138', 'lrdn2396', 'lrdn2902']
[DEBUG]: Detected CRAB_SYSTEM=leonardo. Adding SLURM option: --partition=boost_usr_prod
[DEBUG]: SLURM command is: srun --export=ALL --partition=boost_usr_prod --nodelist lrdn0358,lrdn0402,lrdn0429,lrdn0451,lrdn0535,lrdn1533,lrdn1921,lrdn2138,lrdn2396,lrdn2902 --cpu-bind=socket -n 10 -N 10 /leonardo/home/userexternal/lpiarull/CRAB/benchmarks/blink/bin/bursty_noise_a2a 0.01 0.1
[DEBUG]: Node List is: ['lrdn0190', 'lrdn0385', 'lrdn0418', 'lrdn0446', 'lrdn0473', 'lrdn1514', 'lrdn1748', 'lrdn2122', 'lrdn2185', 'lrdn2735']
[DEBUG]: Detected CRAB_SYSTEM=leonardo. Adding SLURM option: --partition=boost_usr_prod
[DEBUG]: SLURM command is: srun --export=ALL --partition=boost_usr_prod --nodelist lrdn0190,lrdn0385,lrdn0418,lrdn0446,lrdn0473,lrdn1514,lrdn1748,lrdn2122,lrdn2185,lrdn2735 --cpu-bind=socket -n 10 -N 10 /leonardo/home/userexternal/lpiarull/CRAB/benchmarks/blink/bin/a2a_comm_only -msgsize 64 -iter 1000
[DEBUG]: Node List is: ['lrdn0190', 'lrdn0385', 'lrdn0418', 'lrdn0446', 'lrdn0473', 'lrdn1514', 'lrdn1748', 'lrdn2122', 'lrdn2185', 'lrdn2735']
[DEBUG]: Detected CRAB_SYSTEM=leonardo. Adding SLURM option: --partition=boost_usr_prod
[DEBUG]: SLURM command is: srun --export=ALL --partition=boost_usr_prod --nodelist lrdn0190,lrdn0385,lrdn0418,lrdn0446,lrdn0473,lrdn1514,lrdn1748,lrdn2122,lrdn2185,lrdn2735 --cpu-bind=socket -n 10 -N 10 /leonardo/home/userexternal/lpiarull/CRAB/benchmarks/blink/bin/a2a_comm_only -msgsize 512 -iter 1000
[DEBUG]: Node List is: ['lrdn0190', 'lrdn0385', 'lrdn0418', 'lrdn0446', 'lrdn0473', 'lrdn1514', 'lrdn1748', 'lrdn2122', 'lrdn2185', 'lrdn2735']
[DEBUG]: Detected CRAB_SYSTEM=leonardo. Adding SLURM option: --partition=boost_usr_prod
[DEBUG]: SLURM command is: srun --export=ALL --partition=boost_usr_prod --nodelist lrdn0190,lrdn0385,lrdn0418,lrdn0446,lrdn0473,lrdn1514,lrdn1748,lrdn2122,lrdn2185,lrdn2735 --cpu-bind=socket -n 10 -N 10 /leonardo/home/userexternal/lpiarull/CRAB/benchmarks/blink/bin/a2a_comm_only -msgsize 4096 -iter 1000
[DEBUG]: Node List is: ['lrdn0190', 'lrdn0385', 'lrdn0418', 'lrdn0446', 'lrdn0473', 'lrdn1514', 'lrdn1748', 'lrdn2122', 'lrdn2185', 'lrdn2735']
[DEBUG]: Detected CRAB_SYSTEM=leonardo. Adding SLURM option: --partition=boost_usr_prod
[DEBUG]: SLURM command is: srun --export=ALL --partition=boost_usr_prod --nodelist lrdn0190,lrdn0385,lrdn0418,lrdn0446,lrdn0473,lrdn1514,lrdn1748,lrdn2122,lrdn2185,lrdn2735 --cpu-bind=socket -n 10 -N 10 /leonardo/home/userexternal/lpiarull/CRAB/benchmarks/blink/bin/a2a_comm_only -msgsize 32768 -iter 1000
[DEBUG]: Node List is: ['lrdn0190', 'lrdn0385', 'lrdn0418', 'lrdn0446', 'lrdn0473', 'lrdn1514', 'lrdn1748', 'lrdn2122', 'lrdn2185', 'lrdn2735']
[DEBUG]: Detected CRAB_SYSTEM=leonardo. Adding SLURM option: --partition=boost_usr_prod
[DEBUG]: SLURM command is: srun --export=ALL --partition=boost_usr_prod --nodelist lrdn0190,lrdn0385,lrdn0418,lrdn0446,lrdn0473,lrdn1514,lrdn1748,lrdn2122,lrdn2185,lrdn2735 --cpu-bind=socket -n 10 -N 10 /leonardo/home/userexternal/lpiarull/CRAB/benchmarks/blink/bin/a2a_comm_only -msgsize 262144 -iter 1000
[DEBUG]: Node List is: ['lrdn0190', 'lrdn0385', 'lrdn0418', 'lrdn0446', 'lrdn0473', 'lrdn1514', 'lrdn1748', 'lrdn2122', 'lrdn2185', 'lrdn2735']
[DEBUG]: Detected CRAB_SYSTEM=leonardo. Adding SLURM option: --partition=boost_usr_prod
[DEBUG]: SLURM command is: srun --export=ALL --partition=boost_usr_prod --nodelist lrdn0190,lrdn0385,lrdn0418,lrdn0446,lrdn0473,lrdn1514,lrdn1748,lrdn2122,lrdn2185,lrdn2735 --cpu-bind=socket -n 10 -N 10 /leonardo/home/userexternal/lpiarull/CRAB/benchmarks/blink/bin/a2a_comm_only -msgsize 2097152 -iter 1000
[DEBUG]: Node List is: ['lrdn0190', 'lrdn0385', 'lrdn0418', 'lrdn0446', 'lrdn0473', 'lrdn1514', 'lrdn1748', 'lrdn2122', 'lrdn2185', 'lrdn2735']
[DEBUG]: Detected CRAB_SYSTEM=leonardo. Adding SLURM option: --partition=boost_usr_prod
[DEBUG]: SLURM command is: srun --export=ALL --partition=boost_usr_prod --nodelist lrdn0190,lrdn0385,lrdn0418,lrdn0446,lrdn0473,lrdn1514,lrdn1748,lrdn2122,lrdn2185,lrdn2735 --cpu-bind=socket -n 10 -N 10 /leonardo/home/userexternal/lpiarull/CRAB/benchmarks/blink/bin/a2a_comm_only -msgsize 16777216 -iter 1000
Ran 1005 iterations. Measured 1000 iterations.
Ran 1005 iterations. Measured 1000 iterations.
Ran 1005 iterations. Measured 1000 iterations.
Ran 1005 iterations. Measured 1000 iterations.
Ran 1005 iterations. Measured 1000 iterations.
Ran 1005 iterations. Measured 1000 iterations.
Ran 1005 iterations. Measured 1000 iterations.
Ran 1005 iterations. Measured 1000 iterations.
--- [WARNING] App 8 ended with return code -9 ---
--- [INFO] Run 1 completata in 20.7347 secondi ---

Logging data...
Dati per App 0 salvati in: ./data/leonardo/2025-12-14_20-11-44-669077/data_app_0.csv
Dati per App 1 salvati in: ./data/leonardo/2025-12-14_20-11-44-669077/data_app_1.csv
Dati per App 2 salvati in: ./data/leonardo/2025-12-14_20-11-44-669077/data_app_2.csv
Dati per App 3 salvati in: ./data/leonardo/2025-12-14_20-11-44-669077/data_app_3.csv
Dati per App 4 salvati in: ./data/leonardo/2025-12-14_20-11-44-669077/data_app_4.csv
Dati per App 5 salvati in: ./data/leonardo/2025-12-14_20-11-44-669077/data_app_5.csv
Dati per App 6 salvati in: ./data/leonardo/2025-12-14_20-11-44-669077/data_app_6.csv
Dati per App 7 salvati in: ./data/leonardo/2025-12-14_20-11-44-669077/data_app_7.csv
--- [WORKER] Engine run finished. ---
