--- [WORKER MODE DETECTED] Work dir: ./data/leonardo/2025-12-15_14-50-34-214946 ---
--- [WORKER] Environment loaded. Starting engine. ---
--- [WORKER] Engine running in WORKER mode. ---
--- [WORKER] Working directory is: ./data/leonardo/2025-12-15_14-50-34-214946 ---
--- [WORKER] Allocating nodes provided by SLURM: lrdn[0292,0434,0459,0471,0486,0499,0506,0517] ---
--- [INFO] Partition 0 (Collect=True): 4 nodes. Rule: '100' ---
--- [INFO] Partition 1 (Collect=False): 4 nodes. Rule: '100' ---

Running Benchmarks...
 Run 1:
[DEBUG]: Node List is: ['lrdn0292', 'lrdn0459', 'lrdn0486', 'lrdn0506']
[DEBUG]: Detected CRAB_SYSTEM=leonardo. Adding SLURM option: --partition=boost_usr_prod
[DEBUG]: SLURM command is: srun --export=ALL --partition=boost_usr_prod --nodelist lrdn0292,lrdn0459,lrdn0486,lrdn0506 --cpu-bind=socket -n 4 -N 4 /leonardo/home/userexternal/lpiarull/CRAB/benchmarks/blink/bin/a2a_comm_only -msgsize 8 -iter 1000
[DEBUG]: Node List is: ['lrdn0434', 'lrdn0471', 'lrdn0499', 'lrdn0517']
[DEBUG]: Detected CRAB_SYSTEM=leonardo. Adding SLURM option: --partition=boost_usr_prod
[DEBUG]: SLURM command is: srun --export=ALL --partition=boost_usr_prod --nodelist lrdn0434,lrdn0471,lrdn0499,lrdn0517 --cpu-bind=socket -n 4 -N 4 /leonardo/home/userexternal/lpiarull/CRAB/benchmarks/blink/bin/bursty_noise_a2a 0.000001 0.1
[DEBUG]: Node List is: ['lrdn0292', 'lrdn0459', 'lrdn0486', 'lrdn0506']
[DEBUG]: Detected CRAB_SYSTEM=leonardo. Adding SLURM option: --partition=boost_usr_prod
[DEBUG]: SLURM command is: srun --export=ALL --partition=boost_usr_prod --nodelist lrdn0292,lrdn0459,lrdn0486,lrdn0506 --cpu-bind=socket -n 4 -N 4 /leonardo/home/userexternal/lpiarull/CRAB/benchmarks/blink/bin/a2a_comm_only -msgsize 64 -iter 1000
[DEBUG]: Node List is: ['lrdn0292', 'lrdn0459', 'lrdn0486', 'lrdn0506']
[DEBUG]: Detected CRAB_SYSTEM=leonardo. Adding SLURM option: --partition=boost_usr_prod
[DEBUG]: SLURM command is: srun --export=ALL --partition=boost_usr_prod --nodelist lrdn0292,lrdn0459,lrdn0486,lrdn0506 --cpu-bind=socket -n 4 -N 4 /leonardo/home/userexternal/lpiarull/CRAB/benchmarks/blink/bin/a2a_comm_only -msgsize 512 -iter 1000
[DEBUG]: Node List is: ['lrdn0292', 'lrdn0459', 'lrdn0486', 'lrdn0506']
[DEBUG]: Detected CRAB_SYSTEM=leonardo. Adding SLURM option: --partition=boost_usr_prod
[DEBUG]: SLURM command is: srun --export=ALL --partition=boost_usr_prod --nodelist lrdn0292,lrdn0459,lrdn0486,lrdn0506 --cpu-bind=socket -n 4 -N 4 /leonardo/home/userexternal/lpiarull/CRAB/benchmarks/blink/bin/a2a_comm_only -msgsize 4096 -iter 1000
[DEBUG]: Node List is: ['lrdn0292', 'lrdn0459', 'lrdn0486', 'lrdn0506']
[DEBUG]: Detected CRAB_SYSTEM=leonardo. Adding SLURM option: --partition=boost_usr_prod
[DEBUG]: SLURM command is: srun --export=ALL --partition=boost_usr_prod --nodelist lrdn0292,lrdn0459,lrdn0486,lrdn0506 --cpu-bind=socket -n 4 -N 4 /leonardo/home/userexternal/lpiarull/CRAB/benchmarks/blink/bin/a2a_comm_only -msgsize 32768 -iter 1000
[DEBUG]: Node List is: ['lrdn0292', 'lrdn0459', 'lrdn0486', 'lrdn0506']
[DEBUG]: Detected CRAB_SYSTEM=leonardo. Adding SLURM option: --partition=boost_usr_prod
[DEBUG]: SLURM command is: srun --export=ALL --partition=boost_usr_prod --nodelist lrdn0292,lrdn0459,lrdn0486,lrdn0506 --cpu-bind=socket -n 4 -N 4 /leonardo/home/userexternal/lpiarull/CRAB/benchmarks/blink/bin/a2a_comm_only -msgsize 262144 -iter 1000
[DEBUG]: Node List is: ['lrdn0292', 'lrdn0459', 'lrdn0486', 'lrdn0506']
[DEBUG]: Detected CRAB_SYSTEM=leonardo. Adding SLURM option: --partition=boost_usr_prod
[DEBUG]: SLURM command is: srun --export=ALL --partition=boost_usr_prod --nodelist lrdn0292,lrdn0459,lrdn0486,lrdn0506 --cpu-bind=socket -n 4 -N 4 /leonardo/home/userexternal/lpiarull/CRAB/benchmarks/blink/bin/a2a_comm_only -msgsize 2097152 -iter 1000
[DEBUG]: Node List is: ['lrdn0292', 'lrdn0459', 'lrdn0486', 'lrdn0506']
[DEBUG]: Detected CRAB_SYSTEM=leonardo. Adding SLURM option: --partition=boost_usr_prod
[DEBUG]: SLURM command is: srun --export=ALL --partition=boost_usr_prod --nodelist lrdn0292,lrdn0459,lrdn0486,lrdn0506 --cpu-bind=socket -n 4 -N 4 /leonardo/home/userexternal/lpiarull/CRAB/benchmarks/blink/bin/a2a_comm_only -msgsize 16777216 -iter 1000
Ran 1005 iterations. Measured 1000 iterations.
Ran 1005 iterations. Measured 1000 iterations.
Ran 1005 iterations. Measured 1000 iterations.
Ran 1005 iterations. Measured 1000 iterations.
Ran 1005 iterations. Measured 1000 iterations.
Ran 1005 iterations. Measured 1000 iterations.
Ran 1005 iterations. Measured 1000 iterations.
Ran 1005 iterations. Measured 1000 iterations.
--- [WARNING] App 8 ended with return code -9 ---
--- [INFO] Run 1 completata in 19.6123 secondi ---

Logging data...
Dati per App 0 salvati in: ./data/leonardo/2025-12-15_14-50-34-214946/data_app_0.csv
Dati per App 1 salvati in: ./data/leonardo/2025-12-15_14-50-34-214946/data_app_1.csv
Dati per App 2 salvati in: ./data/leonardo/2025-12-15_14-50-34-214946/data_app_2.csv
Dati per App 3 salvati in: ./data/leonardo/2025-12-15_14-50-34-214946/data_app_3.csv
Dati per App 4 salvati in: ./data/leonardo/2025-12-15_14-50-34-214946/data_app_4.csv
Dati per App 5 salvati in: ./data/leonardo/2025-12-15_14-50-34-214946/data_app_5.csv
Dati per App 6 salvati in: ./data/leonardo/2025-12-15_14-50-34-214946/data_app_6.csv
Dati per App 7 salvati in: ./data/leonardo/2025-12-15_14-50-34-214946/data_app_7.csv
--- [WORKER] Engine run finished. ---
