--- [WORKER MODE DETECTED] Work dir: ./data/lumi/2025-12-18_15-45-20-270479 ---
--- [WORKER] Environment loaded. Starting engine. ---
--- [WORKER] Engine running in WORKER mode. ---
--- [WORKER] Working directory is: ./data/lumi/2025-12-18_15-45-20-270479 ---
--- [WORKER] Allocating nodes provided by SLURM: nid[005976-006029,006172-006181] ---
--- [INFO] Partition 0 (Collect=True): 32 nodes. Rule: '100' ---
--- [INFO] Partition 1 (Collect=False): 32 nodes. Rule: '100' ---

Running Benchmarks...
 Run 1:
[DEBUG]: Node List is: ['nid005976', 'nid005978', 'nid005980', 'nid005982', 'nid005984', 'nid005986', 'nid005988', 'nid005990', 'nid005992', 'nid005994', 'nid005996', 'nid005998', 'nid006000', 'nid006002', 'nid006004', 'nid006006', 'nid006008', 'nid006010', 'nid006012', 'nid006014', 'nid006016', 'nid006018', 'nid006020', 'nid006022', 'nid006024', 'nid006026', 'nid006028', 'nid006172', 'nid006174', 'nid006176', 'nid006178', 'nid006180']
[DEBUG]: SLURM command is: srun --export=ALL  --nodelist nid005976,nid005978,nid005980,nid005982,nid005984,nid005986,nid005988,nid005990,nid005992,nid005994,nid005996,nid005998,nid006000,nid006002,nid006004,nid006006,nid006008,nid006010,nid006012,nid006014,nid006016,nid006018,nid006020,nid006022,nid006024,nid006026,nid006028,nid006172,nid006174,nid006176,nid006178,nid006180 --cpu-bind=socket -n 32 -N 32 /pfs/lustrep4/users/pasqualo/CRAB/benchmarks/blink/bin/agtr_comm_only -msgsize 8 -iter 1000
[DEBUG]: Node List is: ['nid005977', 'nid005979', 'nid005981', 'nid005983', 'nid005985', 'nid005987', 'nid005989', 'nid005991', 'nid005993', 'nid005995', 'nid005997', 'nid005999', 'nid006001', 'nid006003', 'nid006005', 'nid006007', 'nid006009', 'nid006011', 'nid006013', 'nid006015', 'nid006017', 'nid006019', 'nid006021', 'nid006023', 'nid006025', 'nid006027', 'nid006029', 'nid006173', 'nid006175', 'nid006177', 'nid006179', 'nid006181']
[DEBUG]: SLURM command is: srun --export=ALL  --nodelist nid005977,nid005979,nid005981,nid005983,nid005985,nid005987,nid005989,nid005991,nid005993,nid005995,nid005997,nid005999,nid006001,nid006003,nid006005,nid006007,nid006009,nid006011,nid006013,nid006015,nid006017,nid006019,nid006021,nid006023,nid006025,nid006027,nid006029,nid006173,nid006175,nid006177,nid006179,nid006181 --cpu-bind=socket -n 32 -N 32 /pfs/lustrep4/users/pasqualo/CRAB/benchmarks/blink/bin/noise_incast -msgsize 16777216 -iter 1000000
[DEBUG]: Node List is: ['nid005976', 'nid005978', 'nid005980', 'nid005982', 'nid005984', 'nid005986', 'nid005988', 'nid005990', 'nid005992', 'nid005994', 'nid005996', 'nid005998', 'nid006000', 'nid006002', 'nid006004', 'nid006006', 'nid006008', 'nid006010', 'nid006012', 'nid006014', 'nid006016', 'nid006018', 'nid006020', 'nid006022', 'nid006024', 'nid006026', 'nid006028', 'nid006172', 'nid006174', 'nid006176', 'nid006178', 'nid006180']
[DEBUG]: SLURM command is: srun --export=ALL  --nodelist nid005976,nid005978,nid005980,nid005982,nid005984,nid005986,nid005988,nid005990,nid005992,nid005994,nid005996,nid005998,nid006000,nid006002,nid006004,nid006006,nid006008,nid006010,nid006012,nid006014,nid006016,nid006018,nid006020,nid006022,nid006024,nid006026,nid006028,nid006172,nid006174,nid006176,nid006178,nid006180 --cpu-bind=socket -n 32 -N 32 /pfs/lustrep4/users/pasqualo/CRAB/benchmarks/blink/bin/agtr_comm_only -msgsize 64 -iter 1000
[DEBUG]: Node List is: ['nid005976', 'nid005978', 'nid005980', 'nid005982', 'nid005984', 'nid005986', 'nid005988', 'nid005990', 'nid005992', 'nid005994', 'nid005996', 'nid005998', 'nid006000', 'nid006002', 'nid006004', 'nid006006', 'nid006008', 'nid006010', 'nid006012', 'nid006014', 'nid006016', 'nid006018', 'nid006020', 'nid006022', 'nid006024', 'nid006026', 'nid006028', 'nid006172', 'nid006174', 'nid006176', 'nid006178', 'nid006180']
[DEBUG]: SLURM command is: srun --export=ALL  --nodelist nid005976,nid005978,nid005980,nid005982,nid005984,nid005986,nid005988,nid005990,nid005992,nid005994,nid005996,nid005998,nid006000,nid006002,nid006004,nid006006,nid006008,nid006010,nid006012,nid006014,nid006016,nid006018,nid006020,nid006022,nid006024,nid006026,nid006028,nid006172,nid006174,nid006176,nid006178,nid006180 --cpu-bind=socket -n 32 -N 32 /pfs/lustrep4/users/pasqualo/CRAB/benchmarks/blink/bin/agtr_comm_only -msgsize 512 -iter 1000
[DEBUG]: Node List is: ['nid005976', 'nid005978', 'nid005980', 'nid005982', 'nid005984', 'nid005986', 'nid005988', 'nid005990', 'nid005992', 'nid005994', 'nid005996', 'nid005998', 'nid006000', 'nid006002', 'nid006004', 'nid006006', 'nid006008', 'nid006010', 'nid006012', 'nid006014', 'nid006016', 'nid006018', 'nid006020', 'nid006022', 'nid006024', 'nid006026', 'nid006028', 'nid006172', 'nid006174', 'nid006176', 'nid006178', 'nid006180']
[DEBUG]: SLURM command is: srun --export=ALL  --nodelist nid005976,nid005978,nid005980,nid005982,nid005984,nid005986,nid005988,nid005990,nid005992,nid005994,nid005996,nid005998,nid006000,nid006002,nid006004,nid006006,nid006008,nid006010,nid006012,nid006014,nid006016,nid006018,nid006020,nid006022,nid006024,nid006026,nid006028,nid006172,nid006174,nid006176,nid006178,nid006180 --cpu-bind=socket -n 32 -N 32 /pfs/lustrep4/users/pasqualo/CRAB/benchmarks/blink/bin/agtr_comm_only -msgsize 4096 -iter 1000
[DEBUG]: Node List is: ['nid005976', 'nid005978', 'nid005980', 'nid005982', 'nid005984', 'nid005986', 'nid005988', 'nid005990', 'nid005992', 'nid005994', 'nid005996', 'nid005998', 'nid006000', 'nid006002', 'nid006004', 'nid006006', 'nid006008', 'nid006010', 'nid006012', 'nid006014', 'nid006016', 'nid006018', 'nid006020', 'nid006022', 'nid006024', 'nid006026', 'nid006028', 'nid006172', 'nid006174', 'nid006176', 'nid006178', 'nid006180']
[DEBUG]: SLURM command is: srun --export=ALL  --nodelist nid005976,nid005978,nid005980,nid005982,nid005984,nid005986,nid005988,nid005990,nid005992,nid005994,nid005996,nid005998,nid006000,nid006002,nid006004,nid006006,nid006008,nid006010,nid006012,nid006014,nid006016,nid006018,nid006020,nid006022,nid006024,nid006026,nid006028,nid006172,nid006174,nid006176,nid006178,nid006180 --cpu-bind=socket -n 32 -N 32 /pfs/lustrep4/users/pasqualo/CRAB/benchmarks/blink/bin/agtr_comm_only -msgsize 32768 -iter 1000
[DEBUG]: Node List is: ['nid005976', 'nid005978', 'nid005980', 'nid005982', 'nid005984', 'nid005986', 'nid005988', 'nid005990', 'nid005992', 'nid005994', 'nid005996', 'nid005998', 'nid006000', 'nid006002', 'nid006004', 'nid006006', 'nid006008', 'nid006010', 'nid006012', 'nid006014', 'nid006016', 'nid006018', 'nid006020', 'nid006022', 'nid006024', 'nid006026', 'nid006028', 'nid006172', 'nid006174', 'nid006176', 'nid006178', 'nid006180']
[DEBUG]: SLURM command is: srun --export=ALL  --nodelist nid005976,nid005978,nid005980,nid005982,nid005984,nid005986,nid005988,nid005990,nid005992,nid005994,nid005996,nid005998,nid006000,nid006002,nid006004,nid006006,nid006008,nid006010,nid006012,nid006014,nid006016,nid006018,nid006020,nid006022,nid006024,nid006026,nid006028,nid006172,nid006174,nid006176,nid006178,nid006180 --cpu-bind=socket -n 32 -N 32 /pfs/lustrep4/users/pasqualo/CRAB/benchmarks/blink/bin/agtr_comm_only -msgsize 262144 -iter 1000
[DEBUG]: Node List is: ['nid005976', 'nid005978', 'nid005980', 'nid005982', 'nid005984', 'nid005986', 'nid005988', 'nid005990', 'nid005992', 'nid005994', 'nid005996', 'nid005998', 'nid006000', 'nid006002', 'nid006004', 'nid006006', 'nid006008', 'nid006010', 'nid006012', 'nid006014', 'nid006016', 'nid006018', 'nid006020', 'nid006022', 'nid006024', 'nid006026', 'nid006028', 'nid006172', 'nid006174', 'nid006176', 'nid006178', 'nid006180']
[DEBUG]: SLURM command is: srun --export=ALL  --nodelist nid005976,nid005978,nid005980,nid005982,nid005984,nid005986,nid005988,nid005990,nid005992,nid005994,nid005996,nid005998,nid006000,nid006002,nid006004,nid006006,nid006008,nid006010,nid006012,nid006014,nid006016,nid006018,nid006020,nid006022,nid006024,nid006026,nid006028,nid006172,nid006174,nid006176,nid006178,nid006180 --cpu-bind=socket -n 32 -N 32 /pfs/lustrep4/users/pasqualo/CRAB/benchmarks/blink/bin/agtr_comm_only -msgsize 2097152 -iter 1000
[DEBUG]: Node List is: ['nid005976', 'nid005978', 'nid005980', 'nid005982', 'nid005984', 'nid005986', 'nid005988', 'nid005990', 'nid005992', 'nid005994', 'nid005996', 'nid005998', 'nid006000', 'nid006002', 'nid006004', 'nid006006', 'nid006008', 'nid006010', 'nid006012', 'nid006014', 'nid006016', 'nid006018', 'nid006020', 'nid006022', 'nid006024', 'nid006026', 'nid006028', 'nid006172', 'nid006174', 'nid006176', 'nid006178', 'nid006180']
[DEBUG]: SLURM command is: srun --export=ALL  --nodelist nid005976,nid005978,nid005980,nid005982,nid005984,nid005986,nid005988,nid005990,nid005992,nid005994,nid005996,nid005998,nid006000,nid006002,nid006004,nid006006,nid006008,nid006010,nid006012,nid006014,nid006016,nid006018,nid006020,nid006022,nid006024,nid006026,nid006028,nid006172,nid006174,nid006176,nid006178,nid006180 --cpu-bind=socket -n 32 -N 32 /pfs/lustrep4/users/pasqualo/CRAB/benchmarks/blink/bin/agtr_comm_only -msgsize 16777216 -iter 1000
--- [WARNING] App 8 ended with return code -9 ---
--- [INFO] Run 1 completata in 11.3572 secondi ---

Logging data...
Dati per App 0 salvati in: ./data/lumi/2025-12-18_15-45-20-270479/data_app_0.csv
Dati per App 1 salvati in: ./data/lumi/2025-12-18_15-45-20-270479/data_app_1.csv
Dati per App 2 salvati in: ./data/lumi/2025-12-18_15-45-20-270479/data_app_2.csv
Dati per App 3 salvati in: ./data/lumi/2025-12-18_15-45-20-270479/data_app_3.csv
Dati per App 4 salvati in: ./data/lumi/2025-12-18_15-45-20-270479/data_app_4.csv
Dati per App 5 salvati in: ./data/lumi/2025-12-18_15-45-20-270479/data_app_5.csv
Dati per App 6 salvati in: ./data/lumi/2025-12-18_15-45-20-270479/data_app_6.csv
Dati per App 7 salvati in: ./data/lumi/2025-12-18_15-45-20-270479/data_app_7.csv
--- [WORKER] Engine run finished. ---
