--- [WORKER MODE DETECTED] Work dir: ./data/leonardo/2025-12-14_20-13-11-682150 ---
--- [WORKER] Environment loaded. Starting engine. ---
--- [WORKER] Engine running in WORKER mode. ---
--- [WORKER] Working directory is: ./data/leonardo/2025-12-14_20-13-11-682150 ---
--- [WORKER] Allocating nodes provided by SLURM: lrdn[0002,0034,0042,0077,0118,0147,0228,0238,0254,0260,0297,0309,0313,0323,0340,0366,0402,0411,0432,0442,0462,0502,0514,0543,0572,0579,0585,0609,0627,0634,0652,0684,0723,0743,0767,0776,0786,0791,0801,0811] ---
--- [INFO] Partition 0 (Collect=True): 20 nodes. Rule: '100' ---
--- [INFO] Partition 1 (Collect=False): 20 nodes. Rule: '100' ---

Running Benchmarks...
 Run 1:
[DEBUG]: Node List is: ['lrdn0002', 'lrdn0042', 'lrdn0118', 'lrdn0228', 'lrdn0254', 'lrdn0297', 'lrdn0313', 'lrdn0340', 'lrdn0402', 'lrdn0432', 'lrdn0462', 'lrdn0514', 'lrdn0572', 'lrdn0585', 'lrdn0627', 'lrdn0652', 'lrdn0723', 'lrdn0767', 'lrdn0786', 'lrdn0801']
[DEBUG]: Detected CRAB_SYSTEM=leonardo. Adding SLURM option: --partition=boost_usr_prod
[DEBUG]: SLURM command is: srun --export=ALL --partition=boost_usr_prod --nodelist lrdn0002,lrdn0042,lrdn0118,lrdn0228,lrdn0254,lrdn0297,lrdn0313,lrdn0340,lrdn0402,lrdn0432,lrdn0462,lrdn0514,lrdn0572,lrdn0585,lrdn0627,lrdn0652,lrdn0723,lrdn0767,lrdn0786,lrdn0801 --cpu-bind=socket -n 20 -N 20 /leonardo/home/userexternal/lpiarull/CRAB/benchmarks/blink/bin/a2a_comm_only -msgsize 8 -iter 1000
[DEBUG]: Node List is: ['lrdn0034', 'lrdn0077', 'lrdn0147', 'lrdn0238', 'lrdn0260', 'lrdn0309', 'lrdn0323', 'lrdn0366', 'lrdn0411', 'lrdn0442', 'lrdn0502', 'lrdn0543', 'lrdn0579', 'lrdn0609', 'lrdn0634', 'lrdn0684', 'lrdn0743', 'lrdn0776', 'lrdn0791', 'lrdn0811']
[DEBUG]: Detected CRAB_SYSTEM=leonardo. Adding SLURM option: --partition=boost_usr_prod
[DEBUG]: SLURM command is: srun --export=ALL --partition=boost_usr_prod --nodelist lrdn0034,lrdn0077,lrdn0147,lrdn0238,lrdn0260,lrdn0309,lrdn0323,lrdn0366,lrdn0411,lrdn0442,lrdn0502,lrdn0543,lrdn0579,lrdn0609,lrdn0634,lrdn0684,lrdn0743,lrdn0776,lrdn0791,lrdn0811 --cpu-bind=socket -n 20 -N 20 /leonardo/home/userexternal/lpiarull/CRAB/benchmarks/blink/bin/bursty_noise_incast 0.0001 0.01
[DEBUG]: Node List is: ['lrdn0002', 'lrdn0042', 'lrdn0118', 'lrdn0228', 'lrdn0254', 'lrdn0297', 'lrdn0313', 'lrdn0340', 'lrdn0402', 'lrdn0432', 'lrdn0462', 'lrdn0514', 'lrdn0572', 'lrdn0585', 'lrdn0627', 'lrdn0652', 'lrdn0723', 'lrdn0767', 'lrdn0786', 'lrdn0801']
[DEBUG]: Detected CRAB_SYSTEM=leonardo. Adding SLURM option: --partition=boost_usr_prod
[DEBUG]: SLURM command is: srun --export=ALL --partition=boost_usr_prod --nodelist lrdn0002,lrdn0042,lrdn0118,lrdn0228,lrdn0254,lrdn0297,lrdn0313,lrdn0340,lrdn0402,lrdn0432,lrdn0462,lrdn0514,lrdn0572,lrdn0585,lrdn0627,lrdn0652,lrdn0723,lrdn0767,lrdn0786,lrdn0801 --cpu-bind=socket -n 20 -N 20 /leonardo/home/userexternal/lpiarull/CRAB/benchmarks/blink/bin/a2a_comm_only -msgsize 64 -iter 1000
[DEBUG]: Node List is: ['lrdn0002', 'lrdn0042', 'lrdn0118', 'lrdn0228', 'lrdn0254', 'lrdn0297', 'lrdn0313', 'lrdn0340', 'lrdn0402', 'lrdn0432', 'lrdn0462', 'lrdn0514', 'lrdn0572', 'lrdn0585', 'lrdn0627', 'lrdn0652', 'lrdn0723', 'lrdn0767', 'lrdn0786', 'lrdn0801']
[DEBUG]: Detected CRAB_SYSTEM=leonardo. Adding SLURM option: --partition=boost_usr_prod
[DEBUG]: SLURM command is: srun --export=ALL --partition=boost_usr_prod --nodelist lrdn0002,lrdn0042,lrdn0118,lrdn0228,lrdn0254,lrdn0297,lrdn0313,lrdn0340,lrdn0402,lrdn0432,lrdn0462,lrdn0514,lrdn0572,lrdn0585,lrdn0627,lrdn0652,lrdn0723,lrdn0767,lrdn0786,lrdn0801 --cpu-bind=socket -n 20 -N 20 /leonardo/home/userexternal/lpiarull/CRAB/benchmarks/blink/bin/a2a_comm_only -msgsize 512 -iter 1000
[DEBUG]: Node List is: ['lrdn0002', 'lrdn0042', 'lrdn0118', 'lrdn0228', 'lrdn0254', 'lrdn0297', 'lrdn0313', 'lrdn0340', 'lrdn0402', 'lrdn0432', 'lrdn0462', 'lrdn0514', 'lrdn0572', 'lrdn0585', 'lrdn0627', 'lrdn0652', 'lrdn0723', 'lrdn0767', 'lrdn0786', 'lrdn0801']
[DEBUG]: Detected CRAB_SYSTEM=leonardo. Adding SLURM option: --partition=boost_usr_prod
[DEBUG]: SLURM command is: srun --export=ALL --partition=boost_usr_prod --nodelist lrdn0002,lrdn0042,lrdn0118,lrdn0228,lrdn0254,lrdn0297,lrdn0313,lrdn0340,lrdn0402,lrdn0432,lrdn0462,lrdn0514,lrdn0572,lrdn0585,lrdn0627,lrdn0652,lrdn0723,lrdn0767,lrdn0786,lrdn0801 --cpu-bind=socket -n 20 -N 20 /leonardo/home/userexternal/lpiarull/CRAB/benchmarks/blink/bin/a2a_comm_only -msgsize 4096 -iter 1000
[DEBUG]: Node List is: ['lrdn0002', 'lrdn0042', 'lrdn0118', 'lrdn0228', 'lrdn0254', 'lrdn0297', 'lrdn0313', 'lrdn0340', 'lrdn0402', 'lrdn0432', 'lrdn0462', 'lrdn0514', 'lrdn0572', 'lrdn0585', 'lrdn0627', 'lrdn0652', 'lrdn0723', 'lrdn0767', 'lrdn0786', 'lrdn0801']
[DEBUG]: Detected CRAB_SYSTEM=leonardo. Adding SLURM option: --partition=boost_usr_prod
[DEBUG]: SLURM command is: srun --export=ALL --partition=boost_usr_prod --nodelist lrdn0002,lrdn0042,lrdn0118,lrdn0228,lrdn0254,lrdn0297,lrdn0313,lrdn0340,lrdn0402,lrdn0432,lrdn0462,lrdn0514,lrdn0572,lrdn0585,lrdn0627,lrdn0652,lrdn0723,lrdn0767,lrdn0786,lrdn0801 --cpu-bind=socket -n 20 -N 20 /leonardo/home/userexternal/lpiarull/CRAB/benchmarks/blink/bin/a2a_comm_only -msgsize 32768 -iter 1000
[DEBUG]: Node List is: ['lrdn0002', 'lrdn0042', 'lrdn0118', 'lrdn0228', 'lrdn0254', 'lrdn0297', 'lrdn0313', 'lrdn0340', 'lrdn0402', 'lrdn0432', 'lrdn0462', 'lrdn0514', 'lrdn0572', 'lrdn0585', 'lrdn0627', 'lrdn0652', 'lrdn0723', 'lrdn0767', 'lrdn0786', 'lrdn0801']
[DEBUG]: Detected CRAB_SYSTEM=leonardo. Adding SLURM option: --partition=boost_usr_prod
[DEBUG]: SLURM command is: srun --export=ALL --partition=boost_usr_prod --nodelist lrdn0002,lrdn0042,lrdn0118,lrdn0228,lrdn0254,lrdn0297,lrdn0313,lrdn0340,lrdn0402,lrdn0432,lrdn0462,lrdn0514,lrdn0572,lrdn0585,lrdn0627,lrdn0652,lrdn0723,lrdn0767,lrdn0786,lrdn0801 --cpu-bind=socket -n 20 -N 20 /leonardo/home/userexternal/lpiarull/CRAB/benchmarks/blink/bin/a2a_comm_only -msgsize 262144 -iter 1000
[DEBUG]: Node List is: ['lrdn0002', 'lrdn0042', 'lrdn0118', 'lrdn0228', 'lrdn0254', 'lrdn0297', 'lrdn0313', 'lrdn0340', 'lrdn0402', 'lrdn0432', 'lrdn0462', 'lrdn0514', 'lrdn0572', 'lrdn0585', 'lrdn0627', 'lrdn0652', 'lrdn0723', 'lrdn0767', 'lrdn0786', 'lrdn0801']
[DEBUG]: Detected CRAB_SYSTEM=leonardo. Adding SLURM option: --partition=boost_usr_prod
[DEBUG]: SLURM command is: srun --export=ALL --partition=boost_usr_prod --nodelist lrdn0002,lrdn0042,lrdn0118,lrdn0228,lrdn0254,lrdn0297,lrdn0313,lrdn0340,lrdn0402,lrdn0432,lrdn0462,lrdn0514,lrdn0572,lrdn0585,lrdn0627,lrdn0652,lrdn0723,lrdn0767,lrdn0786,lrdn0801 --cpu-bind=socket -n 20 -N 20 /leonardo/home/userexternal/lpiarull/CRAB/benchmarks/blink/bin/a2a_comm_only -msgsize 2097152 -iter 1000
[DEBUG]: Node List is: ['lrdn0002', 'lrdn0042', 'lrdn0118', 'lrdn0228', 'lrdn0254', 'lrdn0297', 'lrdn0313', 'lrdn0340', 'lrdn0402', 'lrdn0432', 'lrdn0462', 'lrdn0514', 'lrdn0572', 'lrdn0585', 'lrdn0627', 'lrdn0652', 'lrdn0723', 'lrdn0767', 'lrdn0786', 'lrdn0801']
[DEBUG]: Detected CRAB_SYSTEM=leonardo. Adding SLURM option: --partition=boost_usr_prod
[DEBUG]: SLURM command is: srun --export=ALL --partition=boost_usr_prod --nodelist lrdn0002,lrdn0042,lrdn0118,lrdn0228,lrdn0254,lrdn0297,lrdn0313,lrdn0340,lrdn0402,lrdn0432,lrdn0462,lrdn0514,lrdn0572,lrdn0585,lrdn0627,lrdn0652,lrdn0723,lrdn0767,lrdn0786,lrdn0801 --cpu-bind=socket -n 20 -N 20 /leonardo/home/userexternal/lpiarull/CRAB/benchmarks/blink/bin/a2a_comm_only -msgsize 16777216 -iter 1000
Ran 1005 iterations. Measured 1000 iterations.
Ran 1005 iterations. Measured 1000 iterations.
Ran 1005 iterations. Measured 1000 iterations.
Ran 1005 iterations. Measured 1000 iterations.
Ran 1005 iterations. Measured 1000 iterations.
Ran 1005 iterations. Measured 1000 iterations.
Ran 1005 iterations. Measured 1000 iterations.
Ran 1005 iterations. Measured 1000 iterations.
--- [WARNING] App 8 ended with return code -9 ---
--- [INFO] Run 1 completata in 32.7528 secondi ---

Logging data...
Dati per App 0 salvati in: ./data/leonardo/2025-12-14_20-13-11-682150/data_app_0.csv
Dati per App 1 salvati in: ./data/leonardo/2025-12-14_20-13-11-682150/data_app_1.csv
Dati per App 2 salvati in: ./data/leonardo/2025-12-14_20-13-11-682150/data_app_2.csv
Dati per App 3 salvati in: ./data/leonardo/2025-12-14_20-13-11-682150/data_app_3.csv
Dati per App 4 salvati in: ./data/leonardo/2025-12-14_20-13-11-682150/data_app_4.csv
Dati per App 5 salvati in: ./data/leonardo/2025-12-14_20-13-11-682150/data_app_5.csv
Dati per App 6 salvati in: ./data/leonardo/2025-12-14_20-13-11-682150/data_app_6.csv
Dati per App 7 salvati in: ./data/leonardo/2025-12-14_20-13-11-682150/data_app_7.csv
--- [WORKER] Engine run finished. ---
