--- [WORKER MODE DETECTED] Work dir: ./data/lumi/2025-12-17_15-57-13-920700 ---
--- [WORKER] Environment loaded. Starting engine. ---
--- [WORKER] Engine running in WORKER mode. ---
--- [WORKER] Working directory is: ./data/lumi/2025-12-17_15-57-13-920700 ---
--- [WORKER] Allocating nodes provided by SLURM: nid[005312-005319,005471-005480,005615-005622,005813-005818,005890-005899,006130-006133,006338-006347,006614-006621] ---
--- [INFO] Partition 0 (Collect=True): 32 nodes. Rule: '100' ---
--- [INFO] Partition 1 (Collect=False): 32 nodes. Rule: '100' ---

Running Benchmarks...
 Run 1:
[DEBUG]: Node List is: ['nid005312', 'nid005314', 'nid005316', 'nid005318', 'nid005471', 'nid005473', 'nid005475', 'nid005477', 'nid005479', 'nid005615', 'nid005617', 'nid005619', 'nid005621', 'nid005813', 'nid005815', 'nid005817', 'nid005890', 'nid005892', 'nid005894', 'nid005896', 'nid005898', 'nid006130', 'nid006132', 'nid006338', 'nid006340', 'nid006342', 'nid006344', 'nid006346', 'nid006614', 'nid006616', 'nid006618', 'nid006620']
[DEBUG]: SLURM command is: srun --export=ALL  --nodelist nid005312,nid005314,nid005316,nid005318,nid005471,nid005473,nid005475,nid005477,nid005479,nid005615,nid005617,nid005619,nid005621,nid005813,nid005815,nid005817,nid005890,nid005892,nid005894,nid005896,nid005898,nid006130,nid006132,nid006338,nid006340,nid006342,nid006344,nid006346,nid006614,nid006616,nid006618,nid006620 --cpu-bind=socket -n 32 -N 32 /pfs/lustrep4/users/pasqualo/CRAB/benchmarks/blink/bin/agtr_comm_only -msgsize 8 -iter 1000
[DEBUG]: Node List is: ['nid005313', 'nid005315', 'nid005317', 'nid005319', 'nid005472', 'nid005474', 'nid005476', 'nid005478', 'nid005480', 'nid005616', 'nid005618', 'nid005620', 'nid005622', 'nid005814', 'nid005816', 'nid005818', 'nid005891', 'nid005893', 'nid005895', 'nid005897', 'nid005899', 'nid006131', 'nid006133', 'nid006339', 'nid006341', 'nid006343', 'nid006345', 'nid006347', 'nid006615', 'nid006617', 'nid006619', 'nid006621']
[DEBUG]: SLURM command is: srun --export=ALL  --nodelist nid005313,nid005315,nid005317,nid005319,nid005472,nid005474,nid005476,nid005478,nid005480,nid005616,nid005618,nid005620,nid005622,nid005814,nid005816,nid005818,nid005891,nid005893,nid005895,nid005897,nid005899,nid006131,nid006133,nid006339,nid006341,nid006343,nid006345,nid006347,nid006615,nid006617,nid006619,nid006621 --cpu-bind=socket -n 32 -N 32 /pfs/lustrep4/users/pasqualo/CRAB/benchmarks/blink/bin/noise_incast -msgsize 16777216 -iter 1000000
[DEBUG]: Node List is: ['nid005312', 'nid005314', 'nid005316', 'nid005318', 'nid005471', 'nid005473', 'nid005475', 'nid005477', 'nid005479', 'nid005615', 'nid005617', 'nid005619', 'nid005621', 'nid005813', 'nid005815', 'nid005817', 'nid005890', 'nid005892', 'nid005894', 'nid005896', 'nid005898', 'nid006130', 'nid006132', 'nid006338', 'nid006340', 'nid006342', 'nid006344', 'nid006346', 'nid006614', 'nid006616', 'nid006618', 'nid006620']
[DEBUG]: SLURM command is: srun --export=ALL  --nodelist nid005312,nid005314,nid005316,nid005318,nid005471,nid005473,nid005475,nid005477,nid005479,nid005615,nid005617,nid005619,nid005621,nid005813,nid005815,nid005817,nid005890,nid005892,nid005894,nid005896,nid005898,nid006130,nid006132,nid006338,nid006340,nid006342,nid006344,nid006346,nid006614,nid006616,nid006618,nid006620 --cpu-bind=socket -n 32 -N 32 /pfs/lustrep4/users/pasqualo/CRAB/benchmarks/blink/bin/agtr_comm_only -msgsize 64 -iter 1000
[DEBUG]: Node List is: ['nid005312', 'nid005314', 'nid005316', 'nid005318', 'nid005471', 'nid005473', 'nid005475', 'nid005477', 'nid005479', 'nid005615', 'nid005617', 'nid005619', 'nid005621', 'nid005813', 'nid005815', 'nid005817', 'nid005890', 'nid005892', 'nid005894', 'nid005896', 'nid005898', 'nid006130', 'nid006132', 'nid006338', 'nid006340', 'nid006342', 'nid006344', 'nid006346', 'nid006614', 'nid006616', 'nid006618', 'nid006620']
[DEBUG]: SLURM command is: srun --export=ALL  --nodelist nid005312,nid005314,nid005316,nid005318,nid005471,nid005473,nid005475,nid005477,nid005479,nid005615,nid005617,nid005619,nid005621,nid005813,nid005815,nid005817,nid005890,nid005892,nid005894,nid005896,nid005898,nid006130,nid006132,nid006338,nid006340,nid006342,nid006344,nid006346,nid006614,nid006616,nid006618,nid006620 --cpu-bind=socket -n 32 -N 32 /pfs/lustrep4/users/pasqualo/CRAB/benchmarks/blink/bin/agtr_comm_only -msgsize 512 -iter 1000
[DEBUG]: Node List is: ['nid005312', 'nid005314', 'nid005316', 'nid005318', 'nid005471', 'nid005473', 'nid005475', 'nid005477', 'nid005479', 'nid005615', 'nid005617', 'nid005619', 'nid005621', 'nid005813', 'nid005815', 'nid005817', 'nid005890', 'nid005892', 'nid005894', 'nid005896', 'nid005898', 'nid006130', 'nid006132', 'nid006338', 'nid006340', 'nid006342', 'nid006344', 'nid006346', 'nid006614', 'nid006616', 'nid006618', 'nid006620']
[DEBUG]: SLURM command is: srun --export=ALL  --nodelist nid005312,nid005314,nid005316,nid005318,nid005471,nid005473,nid005475,nid005477,nid005479,nid005615,nid005617,nid005619,nid005621,nid005813,nid005815,nid005817,nid005890,nid005892,nid005894,nid005896,nid005898,nid006130,nid006132,nid006338,nid006340,nid006342,nid006344,nid006346,nid006614,nid006616,nid006618,nid006620 --cpu-bind=socket -n 32 -N 32 /pfs/lustrep4/users/pasqualo/CRAB/benchmarks/blink/bin/agtr_comm_only -msgsize 4096 -iter 1000
[DEBUG]: Node List is: ['nid005312', 'nid005314', 'nid005316', 'nid005318', 'nid005471', 'nid005473', 'nid005475', 'nid005477', 'nid005479', 'nid005615', 'nid005617', 'nid005619', 'nid005621', 'nid005813', 'nid005815', 'nid005817', 'nid005890', 'nid005892', 'nid005894', 'nid005896', 'nid005898', 'nid006130', 'nid006132', 'nid006338', 'nid006340', 'nid006342', 'nid006344', 'nid006346', 'nid006614', 'nid006616', 'nid006618', 'nid006620']
[DEBUG]: SLURM command is: srun --export=ALL  --nodelist nid005312,nid005314,nid005316,nid005318,nid005471,nid005473,nid005475,nid005477,nid005479,nid005615,nid005617,nid005619,nid005621,nid005813,nid005815,nid005817,nid005890,nid005892,nid005894,nid005896,nid005898,nid006130,nid006132,nid006338,nid006340,nid006342,nid006344,nid006346,nid006614,nid006616,nid006618,nid006620 --cpu-bind=socket -n 32 -N 32 /pfs/lustrep4/users/pasqualo/CRAB/benchmarks/blink/bin/agtr_comm_only -msgsize 32768 -iter 1000
[DEBUG]: Node List is: ['nid005312', 'nid005314', 'nid005316', 'nid005318', 'nid005471', 'nid005473', 'nid005475', 'nid005477', 'nid005479', 'nid005615', 'nid005617', 'nid005619', 'nid005621', 'nid005813', 'nid005815', 'nid005817', 'nid005890', 'nid005892', 'nid005894', 'nid005896', 'nid005898', 'nid006130', 'nid006132', 'nid006338', 'nid006340', 'nid006342', 'nid006344', 'nid006346', 'nid006614', 'nid006616', 'nid006618', 'nid006620']
[DEBUG]: SLURM command is: srun --export=ALL  --nodelist nid005312,nid005314,nid005316,nid005318,nid005471,nid005473,nid005475,nid005477,nid005479,nid005615,nid005617,nid005619,nid005621,nid005813,nid005815,nid005817,nid005890,nid005892,nid005894,nid005896,nid005898,nid006130,nid006132,nid006338,nid006340,nid006342,nid006344,nid006346,nid006614,nid006616,nid006618,nid006620 --cpu-bind=socket -n 32 -N 32 /pfs/lustrep4/users/pasqualo/CRAB/benchmarks/blink/bin/agtr_comm_only -msgsize 262144 -iter 1000
[DEBUG]: Node List is: ['nid005312', 'nid005314', 'nid005316', 'nid005318', 'nid005471', 'nid005473', 'nid005475', 'nid005477', 'nid005479', 'nid005615', 'nid005617', 'nid005619', 'nid005621', 'nid005813', 'nid005815', 'nid005817', 'nid005890', 'nid005892', 'nid005894', 'nid005896', 'nid005898', 'nid006130', 'nid006132', 'nid006338', 'nid006340', 'nid006342', 'nid006344', 'nid006346', 'nid006614', 'nid006616', 'nid006618', 'nid006620']
[DEBUG]: SLURM command is: srun --export=ALL  --nodelist nid005312,nid005314,nid005316,nid005318,nid005471,nid005473,nid005475,nid005477,nid005479,nid005615,nid005617,nid005619,nid005621,nid005813,nid005815,nid005817,nid005890,nid005892,nid005894,nid005896,nid005898,nid006130,nid006132,nid006338,nid006340,nid006342,nid006344,nid006346,nid006614,nid006616,nid006618,nid006620 --cpu-bind=socket -n 32 -N 32 /pfs/lustrep4/users/pasqualo/CRAB/benchmarks/blink/bin/agtr_comm_only -msgsize 2097152 -iter 1000
[DEBUG]: Node List is: ['nid005312', 'nid005314', 'nid005316', 'nid005318', 'nid005471', 'nid005473', 'nid005475', 'nid005477', 'nid005479', 'nid005615', 'nid005617', 'nid005619', 'nid005621', 'nid005813', 'nid005815', 'nid005817', 'nid005890', 'nid005892', 'nid005894', 'nid005896', 'nid005898', 'nid006130', 'nid006132', 'nid006338', 'nid006340', 'nid006342', 'nid006344', 'nid006346', 'nid006614', 'nid006616', 'nid006618', 'nid006620']
[DEBUG]: SLURM command is: srun --export=ALL  --nodelist nid005312,nid005314,nid005316,nid005318,nid005471,nid005473,nid005475,nid005477,nid005479,nid005615,nid005617,nid005619,nid005621,nid005813,nid005815,nid005817,nid005890,nid005892,nid005894,nid005896,nid005898,nid006130,nid006132,nid006338,nid006340,nid006342,nid006344,nid006346,nid006614,nid006616,nid006618,nid006620 --cpu-bind=socket -n 32 -N 32 /pfs/lustrep4/users/pasqualo/CRAB/benchmarks/blink/bin/agtr_comm_only -msgsize 16777216 -iter 1000
Ran 1005 iterations. Measured 1000 iterations.
Ran 1005 iterations. Measured 1000 iterations.
Ran 1005 iterations. Measured 1000 iterations.
Ran 1005 iterations. Measured 1000 iterations.
Ran 1005 iterations. Measured 1000 iterations.
Ran 1005 iterations. Measured 1000 iterations.
Ran 1005 iterations. Measured 1000 iterations.
Ran 1005 iterations. Measured 1000 iterations.
--- [WARNING] App 8 ended with return code -9 ---
--- [INFO] Run 1 completata in 11.1879 secondi ---

Logging data...
Dati per App 0 salvati in: ./data/lumi/2025-12-17_15-57-13-920700/data_app_0.csv
Dati per App 1 salvati in: ./data/lumi/2025-12-17_15-57-13-920700/data_app_1.csv
Dati per App 2 salvati in: ./data/lumi/2025-12-17_15-57-13-920700/data_app_2.csv
Dati per App 3 salvati in: ./data/lumi/2025-12-17_15-57-13-920700/data_app_3.csv
Dati per App 4 salvati in: ./data/lumi/2025-12-17_15-57-13-920700/data_app_4.csv
Dati per App 5 salvati in: ./data/lumi/2025-12-17_15-57-13-920700/data_app_5.csv
Dati per App 6 salvati in: ./data/lumi/2025-12-17_15-57-13-920700/data_app_6.csv
Dati per App 7 salvati in: ./data/lumi/2025-12-17_15-57-13-920700/data_app_7.csv
--- [WORKER] Engine run finished. ---
