--- [WORKER MODE DETECTED] Work dir: ./data/leonardo/2025-12-14_20-12-40-771874 ---
--- [WORKER] Environment loaded. Starting engine. ---
--- [WORKER] Engine running in WORKER mode. ---
--- [WORKER] Working directory is: ./data/leonardo/2025-12-14_20-12-40-771874 ---
--- [WORKER] Allocating nodes provided by SLURM: lrdn[1551,1977,1999,2002,2018,2028,2046,2090,2182,2208,2226,2414,2594,2707,2716,2720,2787,2835,3248,3264] ---
--- [INFO] Partition 0 (Collect=True): 10 nodes. Rule: '100' ---
--- [INFO] Partition 1 (Collect=False): 10 nodes. Rule: '100' ---

Running Benchmarks...
 Run 1:
[DEBUG]: Node List is: ['lrdn1551', 'lrdn1999', 'lrdn2018', 'lrdn2046', 'lrdn2182', 'lrdn2226', 'lrdn2594', 'lrdn2716', 'lrdn2787', 'lrdn3248']
[DEBUG]: Detected CRAB_SYSTEM=leonardo. Adding SLURM option: --partition=boost_usr_prod
[DEBUG]: SLURM command is: srun --export=ALL --partition=boost_usr_prod --nodelist lrdn1551,lrdn1999,lrdn2018,lrdn2046,lrdn2182,lrdn2226,lrdn2594,lrdn2716,lrdn2787,lrdn3248 --cpu-bind=socket -n 10 -N 10 /leonardo/home/userexternal/lpiarull/CRAB/benchmarks/blink/bin/agtr_comm_only -msgsize 8 -iter 1000
[DEBUG]: Node List is: ['lrdn1977', 'lrdn2002', 'lrdn2028', 'lrdn2090', 'lrdn2208', 'lrdn2414', 'lrdn2707', 'lrdn2720', 'lrdn2835', 'lrdn3264']
[DEBUG]: Detected CRAB_SYSTEM=leonardo. Adding SLURM option: --partition=boost_usr_prod
[DEBUG]: SLURM command is: srun --export=ALL --partition=boost_usr_prod --nodelist lrdn1977,lrdn2002,lrdn2028,lrdn2090,lrdn2208,lrdn2414,lrdn2707,lrdn2720,lrdn2835,lrdn3264 --cpu-bind=socket -n 10 -N 10 /leonardo/home/userexternal/lpiarull/CRAB/benchmarks/blink/bin/bursty_noise_a2a 0.000001 0.001
[DEBUG]: Node List is: ['lrdn1551', 'lrdn1999', 'lrdn2018', 'lrdn2046', 'lrdn2182', 'lrdn2226', 'lrdn2594', 'lrdn2716', 'lrdn2787', 'lrdn3248']
[DEBUG]: Detected CRAB_SYSTEM=leonardo. Adding SLURM option: --partition=boost_usr_prod
[DEBUG]: SLURM command is: srun --export=ALL --partition=boost_usr_prod --nodelist lrdn1551,lrdn1999,lrdn2018,lrdn2046,lrdn2182,lrdn2226,lrdn2594,lrdn2716,lrdn2787,lrdn3248 --cpu-bind=socket -n 10 -N 10 /leonardo/home/userexternal/lpiarull/CRAB/benchmarks/blink/bin/agtr_comm_only -msgsize 64 -iter 1000
[DEBUG]: Node List is: ['lrdn1551', 'lrdn1999', 'lrdn2018', 'lrdn2046', 'lrdn2182', 'lrdn2226', 'lrdn2594', 'lrdn2716', 'lrdn2787', 'lrdn3248']
[DEBUG]: Detected CRAB_SYSTEM=leonardo. Adding SLURM option: --partition=boost_usr_prod
[DEBUG]: SLURM command is: srun --export=ALL --partition=boost_usr_prod --nodelist lrdn1551,lrdn1999,lrdn2018,lrdn2046,lrdn2182,lrdn2226,lrdn2594,lrdn2716,lrdn2787,lrdn3248 --cpu-bind=socket -n 10 -N 10 /leonardo/home/userexternal/lpiarull/CRAB/benchmarks/blink/bin/agtr_comm_only -msgsize 512 -iter 1000
[DEBUG]: Node List is: ['lrdn1551', 'lrdn1999', 'lrdn2018', 'lrdn2046', 'lrdn2182', 'lrdn2226', 'lrdn2594', 'lrdn2716', 'lrdn2787', 'lrdn3248']
[DEBUG]: Detected CRAB_SYSTEM=leonardo. Adding SLURM option: --partition=boost_usr_prod
[DEBUG]: SLURM command is: srun --export=ALL --partition=boost_usr_prod --nodelist lrdn1551,lrdn1999,lrdn2018,lrdn2046,lrdn2182,lrdn2226,lrdn2594,lrdn2716,lrdn2787,lrdn3248 --cpu-bind=socket -n 10 -N 10 /leonardo/home/userexternal/lpiarull/CRAB/benchmarks/blink/bin/agtr_comm_only -msgsize 4096 -iter 1000
[DEBUG]: Node List is: ['lrdn1551', 'lrdn1999', 'lrdn2018', 'lrdn2046', 'lrdn2182', 'lrdn2226', 'lrdn2594', 'lrdn2716', 'lrdn2787', 'lrdn3248']
[DEBUG]: Detected CRAB_SYSTEM=leonardo. Adding SLURM option: --partition=boost_usr_prod
[DEBUG]: SLURM command is: srun --export=ALL --partition=boost_usr_prod --nodelist lrdn1551,lrdn1999,lrdn2018,lrdn2046,lrdn2182,lrdn2226,lrdn2594,lrdn2716,lrdn2787,lrdn3248 --cpu-bind=socket -n 10 -N 10 /leonardo/home/userexternal/lpiarull/CRAB/benchmarks/blink/bin/agtr_comm_only -msgsize 32768 -iter 1000
[DEBUG]: Node List is: ['lrdn1551', 'lrdn1999', 'lrdn2018', 'lrdn2046', 'lrdn2182', 'lrdn2226', 'lrdn2594', 'lrdn2716', 'lrdn2787', 'lrdn3248']
[DEBUG]: Detected CRAB_SYSTEM=leonardo. Adding SLURM option: --partition=boost_usr_prod
[DEBUG]: SLURM command is: srun --export=ALL --partition=boost_usr_prod --nodelist lrdn1551,lrdn1999,lrdn2018,lrdn2046,lrdn2182,lrdn2226,lrdn2594,lrdn2716,lrdn2787,lrdn3248 --cpu-bind=socket -n 10 -N 10 /leonardo/home/userexternal/lpiarull/CRAB/benchmarks/blink/bin/agtr_comm_only -msgsize 262144 -iter 1000
[DEBUG]: Node List is: ['lrdn1551', 'lrdn1999', 'lrdn2018', 'lrdn2046', 'lrdn2182', 'lrdn2226', 'lrdn2594', 'lrdn2716', 'lrdn2787', 'lrdn3248']
[DEBUG]: Detected CRAB_SYSTEM=leonardo. Adding SLURM option: --partition=boost_usr_prod
[DEBUG]: SLURM command is: srun --export=ALL --partition=boost_usr_prod --nodelist lrdn1551,lrdn1999,lrdn2018,lrdn2046,lrdn2182,lrdn2226,lrdn2594,lrdn2716,lrdn2787,lrdn3248 --cpu-bind=socket -n 10 -N 10 /leonardo/home/userexternal/lpiarull/CRAB/benchmarks/blink/bin/agtr_comm_only -msgsize 2097152 -iter 1000
[DEBUG]: Node List is: ['lrdn1551', 'lrdn1999', 'lrdn2018', 'lrdn2046', 'lrdn2182', 'lrdn2226', 'lrdn2594', 'lrdn2716', 'lrdn2787', 'lrdn3248']
[DEBUG]: Detected CRAB_SYSTEM=leonardo. Adding SLURM option: --partition=boost_usr_prod
[DEBUG]: SLURM command is: srun --export=ALL --partition=boost_usr_prod --nodelist lrdn1551,lrdn1999,lrdn2018,lrdn2046,lrdn2182,lrdn2226,lrdn2594,lrdn2716,lrdn2787,lrdn3248 --cpu-bind=socket -n 10 -N 10 /leonardo/home/userexternal/lpiarull/CRAB/benchmarks/blink/bin/agtr_comm_only -msgsize 16777216 -iter 1000
Ran 1005 iterations. Measured 1000 iterations.
Ran 1005 iterations. Measured 1000 iterations.
Ran 1005 iterations. Measured 1000 iterations.
Ran 1005 iterations. Measured 1000 iterations.
Ran 1005 iterations. Measured 1000 iterations.
Ran 1005 iterations. Measured 1000 iterations.
Ran 1005 iterations. Measured 1000 iterations.
Ran 1005 iterations. Measured 1000 iterations.
--- [WARNING] App 8 ended with return code -9 ---
--- [INFO] Run 1 completata in 13.1710 secondi ---

Logging data...
Dati per App 0 salvati in: ./data/leonardo/2025-12-14_20-12-40-771874/data_app_0.csv
Dati per App 1 salvati in: ./data/leonardo/2025-12-14_20-12-40-771874/data_app_1.csv
Dati per App 2 salvati in: ./data/leonardo/2025-12-14_20-12-40-771874/data_app_2.csv
Dati per App 3 salvati in: ./data/leonardo/2025-12-14_20-12-40-771874/data_app_3.csv
Dati per App 4 salvati in: ./data/leonardo/2025-12-14_20-12-40-771874/data_app_4.csv
Dati per App 5 salvati in: ./data/leonardo/2025-12-14_20-12-40-771874/data_app_5.csv
Dati per App 6 salvati in: ./data/leonardo/2025-12-14_20-12-40-771874/data_app_6.csv
Dati per App 7 salvati in: ./data/leonardo/2025-12-14_20-12-40-771874/data_app_7.csv
--- [WORKER] Engine run finished. ---
