--- [WORKER MODE DETECTED] Work dir: ./data/leonardo/2025-12-14_19-04-33-974941 ---
--- [WORKER] Environment loaded. Starting engine. ---
--- [WORKER] Engine running in WORKER mode. ---
--- [WORKER] Working directory is: ./data/leonardo/2025-12-14_19-04-33-974941 ---
--- [WORKER] Allocating nodes provided by SLURM: lrdn[0016,0019,0031,0041,0056,0064,0079,0081,0116,0124,0137,0146,0191,0212,0221,0231,0242,0250,0255,0272,0285,0306,0326,0336,0357,0360,0379,0386,0458,0474,0479,0590,0596,0609,0627,0684,0767,0811,0831,0859,0883,0905,0929,0947,0981,0993,1118,1122,1131,1143,1171,1219,1247,1279,1306,1325,1332,1360,1395,1434] ---
--- [INFO] Partition 0 (Collect=True): 30 nodes. Rule: '100' ---

Running Benchmarks...
 Run 1:
[DEBUG]: Node List is: ['lrdn0016', 'lrdn0031', 'lrdn0056', 'lrdn0079', 'lrdn0116', 'lrdn0137', 'lrdn0191', 'lrdn0221', 'lrdn0242', 'lrdn0255', 'lrdn0285', 'lrdn0326', 'lrdn0357', 'lrdn0379', 'lrdn0458', 'lrdn0479', 'lrdn0596', 'lrdn0627', 'lrdn0767', 'lrdn0831', 'lrdn0883', 'lrdn0929', 'lrdn0981', 'lrdn1118', 'lrdn1131', 'lrdn1171', 'lrdn1247', 'lrdn1306', 'lrdn1332', 'lrdn1395']
[DEBUG]: Detected CRAB_SYSTEM=leonardo. Adding SLURM option: --partition=boost_usr_prod
[DEBUG]: SLURM command is: srun --export=ALL --partition=boost_usr_prod --nodelist lrdn0016,lrdn0031,lrdn0056,lrdn0079,lrdn0116,lrdn0137,lrdn0191,lrdn0221,lrdn0242,lrdn0255,lrdn0285,lrdn0326,lrdn0357,lrdn0379,lrdn0458,lrdn0479,lrdn0596,lrdn0627,lrdn0767,lrdn0831,lrdn0883,lrdn0929,lrdn0981,lrdn1118,lrdn1131,lrdn1171,lrdn1247,lrdn1306,lrdn1332,lrdn1395 --cpu-bind=socket -n 30 -N 30 /leonardo/home/userexternal/lpiarull/CRAB/benchmarks/blink/bin/a2a_comm_only -msgsize 8 -iter 1000
[DEBUG]: Node List is: ['lrdn0016', 'lrdn0031', 'lrdn0056', 'lrdn0079', 'lrdn0116', 'lrdn0137', 'lrdn0191', 'lrdn0221', 'lrdn0242', 'lrdn0255', 'lrdn0285', 'lrdn0326', 'lrdn0357', 'lrdn0379', 'lrdn0458', 'lrdn0479', 'lrdn0596', 'lrdn0627', 'lrdn0767', 'lrdn0831', 'lrdn0883', 'lrdn0929', 'lrdn0981', 'lrdn1118', 'lrdn1131', 'lrdn1171', 'lrdn1247', 'lrdn1306', 'lrdn1332', 'lrdn1395']
[DEBUG]: Detected CRAB_SYSTEM=leonardo. Adding SLURM option: --partition=boost_usr_prod
[DEBUG]: SLURM command is: srun --export=ALL --partition=boost_usr_prod --nodelist lrdn0016,lrdn0031,lrdn0056,lrdn0079,lrdn0116,lrdn0137,lrdn0191,lrdn0221,lrdn0242,lrdn0255,lrdn0285,lrdn0326,lrdn0357,lrdn0379,lrdn0458,lrdn0479,lrdn0596,lrdn0627,lrdn0767,lrdn0831,lrdn0883,lrdn0929,lrdn0981,lrdn1118,lrdn1131,lrdn1171,lrdn1247,lrdn1306,lrdn1332,lrdn1395 --cpu-bind=socket -n 30 -N 30 /leonardo/home/userexternal/lpiarull/CRAB/benchmarks/blink/bin/a2a_comm_only -msgsize 64 -iter 1000
[DEBUG]: Node List is: ['lrdn0016', 'lrdn0031', 'lrdn0056', 'lrdn0079', 'lrdn0116', 'lrdn0137', 'lrdn0191', 'lrdn0221', 'lrdn0242', 'lrdn0255', 'lrdn0285', 'lrdn0326', 'lrdn0357', 'lrdn0379', 'lrdn0458', 'lrdn0479', 'lrdn0596', 'lrdn0627', 'lrdn0767', 'lrdn0831', 'lrdn0883', 'lrdn0929', 'lrdn0981', 'lrdn1118', 'lrdn1131', 'lrdn1171', 'lrdn1247', 'lrdn1306', 'lrdn1332', 'lrdn1395']
[DEBUG]: Detected CRAB_SYSTEM=leonardo. Adding SLURM option: --partition=boost_usr_prod
[DEBUG]: SLURM command is: srun --export=ALL --partition=boost_usr_prod --nodelist lrdn0016,lrdn0031,lrdn0056,lrdn0079,lrdn0116,lrdn0137,lrdn0191,lrdn0221,lrdn0242,lrdn0255,lrdn0285,lrdn0326,lrdn0357,lrdn0379,lrdn0458,lrdn0479,lrdn0596,lrdn0627,lrdn0767,lrdn0831,lrdn0883,lrdn0929,lrdn0981,lrdn1118,lrdn1131,lrdn1171,lrdn1247,lrdn1306,lrdn1332,lrdn1395 --cpu-bind=socket -n 30 -N 30 /leonardo/home/userexternal/lpiarull/CRAB/benchmarks/blink/bin/a2a_comm_only -msgsize 512 -iter 1000
[DEBUG]: Node List is: ['lrdn0016', 'lrdn0031', 'lrdn0056', 'lrdn0079', 'lrdn0116', 'lrdn0137', 'lrdn0191', 'lrdn0221', 'lrdn0242', 'lrdn0255', 'lrdn0285', 'lrdn0326', 'lrdn0357', 'lrdn0379', 'lrdn0458', 'lrdn0479', 'lrdn0596', 'lrdn0627', 'lrdn0767', 'lrdn0831', 'lrdn0883', 'lrdn0929', 'lrdn0981', 'lrdn1118', 'lrdn1131', 'lrdn1171', 'lrdn1247', 'lrdn1306', 'lrdn1332', 'lrdn1395']
[DEBUG]: Detected CRAB_SYSTEM=leonardo. Adding SLURM option: --partition=boost_usr_prod
[DEBUG]: SLURM command is: srun --export=ALL --partition=boost_usr_prod --nodelist lrdn0016,lrdn0031,lrdn0056,lrdn0079,lrdn0116,lrdn0137,lrdn0191,lrdn0221,lrdn0242,lrdn0255,lrdn0285,lrdn0326,lrdn0357,lrdn0379,lrdn0458,lrdn0479,lrdn0596,lrdn0627,lrdn0767,lrdn0831,lrdn0883,lrdn0929,lrdn0981,lrdn1118,lrdn1131,lrdn1171,lrdn1247,lrdn1306,lrdn1332,lrdn1395 --cpu-bind=socket -n 30 -N 30 /leonardo/home/userexternal/lpiarull/CRAB/benchmarks/blink/bin/a2a_comm_only -msgsize 4096 -iter 1000
[DEBUG]: Node List is: ['lrdn0016', 'lrdn0031', 'lrdn0056', 'lrdn0079', 'lrdn0116', 'lrdn0137', 'lrdn0191', 'lrdn0221', 'lrdn0242', 'lrdn0255', 'lrdn0285', 'lrdn0326', 'lrdn0357', 'lrdn0379', 'lrdn0458', 'lrdn0479', 'lrdn0596', 'lrdn0627', 'lrdn0767', 'lrdn0831', 'lrdn0883', 'lrdn0929', 'lrdn0981', 'lrdn1118', 'lrdn1131', 'lrdn1171', 'lrdn1247', 'lrdn1306', 'lrdn1332', 'lrdn1395']
[DEBUG]: Detected CRAB_SYSTEM=leonardo. Adding SLURM option: --partition=boost_usr_prod
[DEBUG]: SLURM command is: srun --export=ALL --partition=boost_usr_prod --nodelist lrdn0016,lrdn0031,lrdn0056,lrdn0079,lrdn0116,lrdn0137,lrdn0191,lrdn0221,lrdn0242,lrdn0255,lrdn0285,lrdn0326,lrdn0357,lrdn0379,lrdn0458,lrdn0479,lrdn0596,lrdn0627,lrdn0767,lrdn0831,lrdn0883,lrdn0929,lrdn0981,lrdn1118,lrdn1131,lrdn1171,lrdn1247,lrdn1306,lrdn1332,lrdn1395 --cpu-bind=socket -n 30 -N 30 /leonardo/home/userexternal/lpiarull/CRAB/benchmarks/blink/bin/a2a_comm_only -msgsize 32768 -iter 1000
[DEBUG]: Node List is: ['lrdn0016', 'lrdn0031', 'lrdn0056', 'lrdn0079', 'lrdn0116', 'lrdn0137', 'lrdn0191', 'lrdn0221', 'lrdn0242', 'lrdn0255', 'lrdn0285', 'lrdn0326', 'lrdn0357', 'lrdn0379', 'lrdn0458', 'lrdn0479', 'lrdn0596', 'lrdn0627', 'lrdn0767', 'lrdn0831', 'lrdn0883', 'lrdn0929', 'lrdn0981', 'lrdn1118', 'lrdn1131', 'lrdn1171', 'lrdn1247', 'lrdn1306', 'lrdn1332', 'lrdn1395']
[DEBUG]: Detected CRAB_SYSTEM=leonardo. Adding SLURM option: --partition=boost_usr_prod
[DEBUG]: SLURM command is: srun --export=ALL --partition=boost_usr_prod --nodelist lrdn0016,lrdn0031,lrdn0056,lrdn0079,lrdn0116,lrdn0137,lrdn0191,lrdn0221,lrdn0242,lrdn0255,lrdn0285,lrdn0326,lrdn0357,lrdn0379,lrdn0458,lrdn0479,lrdn0596,lrdn0627,lrdn0767,lrdn0831,lrdn0883,lrdn0929,lrdn0981,lrdn1118,lrdn1131,lrdn1171,lrdn1247,lrdn1306,lrdn1332,lrdn1395 --cpu-bind=socket -n 30 -N 30 /leonardo/home/userexternal/lpiarull/CRAB/benchmarks/blink/bin/a2a_comm_only -msgsize 262144 -iter 1000
[DEBUG]: Node List is: ['lrdn0016', 'lrdn0031', 'lrdn0056', 'lrdn0079', 'lrdn0116', 'lrdn0137', 'lrdn0191', 'lrdn0221', 'lrdn0242', 'lrdn0255', 'lrdn0285', 'lrdn0326', 'lrdn0357', 'lrdn0379', 'lrdn0458', 'lrdn0479', 'lrdn0596', 'lrdn0627', 'lrdn0767', 'lrdn0831', 'lrdn0883', 'lrdn0929', 'lrdn0981', 'lrdn1118', 'lrdn1131', 'lrdn1171', 'lrdn1247', 'lrdn1306', 'lrdn1332', 'lrdn1395']
[DEBUG]: Detected CRAB_SYSTEM=leonardo. Adding SLURM option: --partition=boost_usr_prod
[DEBUG]: SLURM command is: srun --export=ALL --partition=boost_usr_prod --nodelist lrdn0016,lrdn0031,lrdn0056,lrdn0079,lrdn0116,lrdn0137,lrdn0191,lrdn0221,lrdn0242,lrdn0255,lrdn0285,lrdn0326,lrdn0357,lrdn0379,lrdn0458,lrdn0479,lrdn0596,lrdn0627,lrdn0767,lrdn0831,lrdn0883,lrdn0929,lrdn0981,lrdn1118,lrdn1131,lrdn1171,lrdn1247,lrdn1306,lrdn1332,lrdn1395 --cpu-bind=socket -n 30 -N 30 /leonardo/home/userexternal/lpiarull/CRAB/benchmarks/blink/bin/a2a_comm_only -msgsize 2097152 -iter 1000
[DEBUG]: Node List is: ['lrdn0016', 'lrdn0031', 'lrdn0056', 'lrdn0079', 'lrdn0116', 'lrdn0137', 'lrdn0191', 'lrdn0221', 'lrdn0242', 'lrdn0255', 'lrdn0285', 'lrdn0326', 'lrdn0357', 'lrdn0379', 'lrdn0458', 'lrdn0479', 'lrdn0596', 'lrdn0627', 'lrdn0767', 'lrdn0831', 'lrdn0883', 'lrdn0929', 'lrdn0981', 'lrdn1118', 'lrdn1131', 'lrdn1171', 'lrdn1247', 'lrdn1306', 'lrdn1332', 'lrdn1395']
[DEBUG]: Detected CRAB_SYSTEM=leonardo. Adding SLURM option: --partition=boost_usr_prod
[DEBUG]: SLURM command is: srun --export=ALL --partition=boost_usr_prod --nodelist lrdn0016,lrdn0031,lrdn0056,lrdn0079,lrdn0116,lrdn0137,lrdn0191,lrdn0221,lrdn0242,lrdn0255,lrdn0285,lrdn0326,lrdn0357,lrdn0379,lrdn0458,lrdn0479,lrdn0596,lrdn0627,lrdn0767,lrdn0831,lrdn0883,lrdn0929,lrdn0981,lrdn1118,lrdn1131,lrdn1171,lrdn1247,lrdn1306,lrdn1332,lrdn1395 --cpu-bind=socket -n 30 -N 30 /leonardo/home/userexternal/lpiarull/CRAB/benchmarks/blink/bin/a2a_comm_only -msgsize 16777216 -iter 1000
Ran 1005 iterations. Measured 1000 iterations.
Ran 1005 iterations. Measured 1000 iterations.
Ran 1005 iterations. Measured 1000 iterations.
Ran 1005 iterations. Measured 1000 iterations.
Ran 1005 iterations. Measured 1000 iterations.
Ran 1005 iterations. Measured 1000 iterations.
Ran 1005 iterations. Measured 1000 iterations.
Ran 1005 iterations. Measured 1000 iterations.
--- [INFO] Run 1 completata in 39.9127 secondi ---

Logging data...
Dati per App 0 salvati in: ./data/leonardo/2025-12-14_19-04-33-974941/data_app_0.csv
Dati per App 1 salvati in: ./data/leonardo/2025-12-14_19-04-33-974941/data_app_1.csv
Dati per App 2 salvati in: ./data/leonardo/2025-12-14_19-04-33-974941/data_app_2.csv
Dati per App 3 salvati in: ./data/leonardo/2025-12-14_19-04-33-974941/data_app_3.csv
Dati per App 4 salvati in: ./data/leonardo/2025-12-14_19-04-33-974941/data_app_4.csv
Dati per App 5 salvati in: ./data/leonardo/2025-12-14_19-04-33-974941/data_app_5.csv
Dati per App 6 salvati in: ./data/leonardo/2025-12-14_19-04-33-974941/data_app_6.csv
Dati per App 7 salvati in: ./data/leonardo/2025-12-14_19-04-33-974941/data_app_7.csv
--- [WORKER] Engine run finished. ---
