--- [WORKER MODE DETECTED] Work dir: ./data/leonardo/2025-12-14_20-12-45-684480 ---
--- [WORKER] Environment loaded. Starting engine. ---
--- [WORKER] Engine running in WORKER mode. ---
--- [WORKER] Working directory is: ./data/leonardo/2025-12-14_20-12-45-684480 ---
--- [WORKER] Allocating nodes provided by SLURM: lrdn[0017,0134,0471,0774,0854,0870,0996,1123,1306,1323,1332,1355,1360,1395,1410,1429,1451,1484,1537,1551,1559,1569,1587,1591,1605,1607,1683,1702,2018,2028,2046,2090,2182,2208,2226,2311,2328,2383,2393,2401] ---
--- [INFO] Partition 0 (Collect=True): 20 nodes. Rule: '100' ---
--- [INFO] Partition 1 (Collect=False): 20 nodes. Rule: '100' ---

Running Benchmarks...
 Run 1:
[DEBUG]: Node List is: ['lrdn0017', 'lrdn0471', 'lrdn0854', 'lrdn0996', 'lrdn1306', 'lrdn1332', 'lrdn1360', 'lrdn1410', 'lrdn1451', 'lrdn1537', 'lrdn1559', 'lrdn1587', 'lrdn1605', 'lrdn1683', 'lrdn2018', 'lrdn2046', 'lrdn2182', 'lrdn2226', 'lrdn2328', 'lrdn2393']
[DEBUG]: Detected CRAB_SYSTEM=leonardo. Adding SLURM option: --partition=boost_usr_prod
[DEBUG]: SLURM command is: srun --export=ALL --partition=boost_usr_prod --nodelist lrdn0017,lrdn0471,lrdn0854,lrdn0996,lrdn1306,lrdn1332,lrdn1360,lrdn1410,lrdn1451,lrdn1537,lrdn1559,lrdn1587,lrdn1605,lrdn1683,lrdn2018,lrdn2046,lrdn2182,lrdn2226,lrdn2328,lrdn2393 --cpu-bind=socket -n 20 -N 20 /leonardo/home/userexternal/lpiarull/CRAB/benchmarks/blink/bin/a2a_comm_only -msgsize 8 -iter 1000
[DEBUG]: Node List is: ['lrdn0134', 'lrdn0774', 'lrdn0870', 'lrdn1123', 'lrdn1323', 'lrdn1355', 'lrdn1395', 'lrdn1429', 'lrdn1484', 'lrdn1551', 'lrdn1569', 'lrdn1591', 'lrdn1607', 'lrdn1702', 'lrdn2028', 'lrdn2090', 'lrdn2208', 'lrdn2311', 'lrdn2383', 'lrdn2401']
[DEBUG]: Detected CRAB_SYSTEM=leonardo. Adding SLURM option: --partition=boost_usr_prod
[DEBUG]: SLURM command is: srun --export=ALL --partition=boost_usr_prod --nodelist lrdn0134,lrdn0774,lrdn0870,lrdn1123,lrdn1323,lrdn1355,lrdn1395,lrdn1429,lrdn1484,lrdn1551,lrdn1569,lrdn1591,lrdn1607,lrdn1702,lrdn2028,lrdn2090,lrdn2208,lrdn2311,lrdn2383,lrdn2401 --cpu-bind=socket -n 20 -N 20 /leonardo/home/userexternal/lpiarull/CRAB/benchmarks/blink/bin/bursty_noise_incast 0.01 0.1
[DEBUG]: Node List is: ['lrdn0017', 'lrdn0471', 'lrdn0854', 'lrdn0996', 'lrdn1306', 'lrdn1332', 'lrdn1360', 'lrdn1410', 'lrdn1451', 'lrdn1537', 'lrdn1559', 'lrdn1587', 'lrdn1605', 'lrdn1683', 'lrdn2018', 'lrdn2046', 'lrdn2182', 'lrdn2226', 'lrdn2328', 'lrdn2393']
[DEBUG]: Detected CRAB_SYSTEM=leonardo. Adding SLURM option: --partition=boost_usr_prod
[DEBUG]: SLURM command is: srun --export=ALL --partition=boost_usr_prod --nodelist lrdn0017,lrdn0471,lrdn0854,lrdn0996,lrdn1306,lrdn1332,lrdn1360,lrdn1410,lrdn1451,lrdn1537,lrdn1559,lrdn1587,lrdn1605,lrdn1683,lrdn2018,lrdn2046,lrdn2182,lrdn2226,lrdn2328,lrdn2393 --cpu-bind=socket -n 20 -N 20 /leonardo/home/userexternal/lpiarull/CRAB/benchmarks/blink/bin/a2a_comm_only -msgsize 64 -iter 1000
[DEBUG]: Node List is: ['lrdn0017', 'lrdn0471', 'lrdn0854', 'lrdn0996', 'lrdn1306', 'lrdn1332', 'lrdn1360', 'lrdn1410', 'lrdn1451', 'lrdn1537', 'lrdn1559', 'lrdn1587', 'lrdn1605', 'lrdn1683', 'lrdn2018', 'lrdn2046', 'lrdn2182', 'lrdn2226', 'lrdn2328', 'lrdn2393']
[DEBUG]: Detected CRAB_SYSTEM=leonardo. Adding SLURM option: --partition=boost_usr_prod
[DEBUG]: SLURM command is: srun --export=ALL --partition=boost_usr_prod --nodelist lrdn0017,lrdn0471,lrdn0854,lrdn0996,lrdn1306,lrdn1332,lrdn1360,lrdn1410,lrdn1451,lrdn1537,lrdn1559,lrdn1587,lrdn1605,lrdn1683,lrdn2018,lrdn2046,lrdn2182,lrdn2226,lrdn2328,lrdn2393 --cpu-bind=socket -n 20 -N 20 /leonardo/home/userexternal/lpiarull/CRAB/benchmarks/blink/bin/a2a_comm_only -msgsize 512 -iter 1000
[DEBUG]: Node List is: ['lrdn0017', 'lrdn0471', 'lrdn0854', 'lrdn0996', 'lrdn1306', 'lrdn1332', 'lrdn1360', 'lrdn1410', 'lrdn1451', 'lrdn1537', 'lrdn1559', 'lrdn1587', 'lrdn1605', 'lrdn1683', 'lrdn2018', 'lrdn2046', 'lrdn2182', 'lrdn2226', 'lrdn2328', 'lrdn2393']
[DEBUG]: Detected CRAB_SYSTEM=leonardo. Adding SLURM option: --partition=boost_usr_prod
[DEBUG]: SLURM command is: srun --export=ALL --partition=boost_usr_prod --nodelist lrdn0017,lrdn0471,lrdn0854,lrdn0996,lrdn1306,lrdn1332,lrdn1360,lrdn1410,lrdn1451,lrdn1537,lrdn1559,lrdn1587,lrdn1605,lrdn1683,lrdn2018,lrdn2046,lrdn2182,lrdn2226,lrdn2328,lrdn2393 --cpu-bind=socket -n 20 -N 20 /leonardo/home/userexternal/lpiarull/CRAB/benchmarks/blink/bin/a2a_comm_only -msgsize 4096 -iter 1000
[DEBUG]: Node List is: ['lrdn0017', 'lrdn0471', 'lrdn0854', 'lrdn0996', 'lrdn1306', 'lrdn1332', 'lrdn1360', 'lrdn1410', 'lrdn1451', 'lrdn1537', 'lrdn1559', 'lrdn1587', 'lrdn1605', 'lrdn1683', 'lrdn2018', 'lrdn2046', 'lrdn2182', 'lrdn2226', 'lrdn2328', 'lrdn2393']
[DEBUG]: Detected CRAB_SYSTEM=leonardo. Adding SLURM option: --partition=boost_usr_prod
[DEBUG]: SLURM command is: srun --export=ALL --partition=boost_usr_prod --nodelist lrdn0017,lrdn0471,lrdn0854,lrdn0996,lrdn1306,lrdn1332,lrdn1360,lrdn1410,lrdn1451,lrdn1537,lrdn1559,lrdn1587,lrdn1605,lrdn1683,lrdn2018,lrdn2046,lrdn2182,lrdn2226,lrdn2328,lrdn2393 --cpu-bind=socket -n 20 -N 20 /leonardo/home/userexternal/lpiarull/CRAB/benchmarks/blink/bin/a2a_comm_only -msgsize 32768 -iter 1000
[DEBUG]: Node List is: ['lrdn0017', 'lrdn0471', 'lrdn0854', 'lrdn0996', 'lrdn1306', 'lrdn1332', 'lrdn1360', 'lrdn1410', 'lrdn1451', 'lrdn1537', 'lrdn1559', 'lrdn1587', 'lrdn1605', 'lrdn1683', 'lrdn2018', 'lrdn2046', 'lrdn2182', 'lrdn2226', 'lrdn2328', 'lrdn2393']
[DEBUG]: Detected CRAB_SYSTEM=leonardo. Adding SLURM option: --partition=boost_usr_prod
[DEBUG]: SLURM command is: srun --export=ALL --partition=boost_usr_prod --nodelist lrdn0017,lrdn0471,lrdn0854,lrdn0996,lrdn1306,lrdn1332,lrdn1360,lrdn1410,lrdn1451,lrdn1537,lrdn1559,lrdn1587,lrdn1605,lrdn1683,lrdn2018,lrdn2046,lrdn2182,lrdn2226,lrdn2328,lrdn2393 --cpu-bind=socket -n 20 -N 20 /leonardo/home/userexternal/lpiarull/CRAB/benchmarks/blink/bin/a2a_comm_only -msgsize 262144 -iter 1000
[DEBUG]: Node List is: ['lrdn0017', 'lrdn0471', 'lrdn0854', 'lrdn0996', 'lrdn1306', 'lrdn1332', 'lrdn1360', 'lrdn1410', 'lrdn1451', 'lrdn1537', 'lrdn1559', 'lrdn1587', 'lrdn1605', 'lrdn1683', 'lrdn2018', 'lrdn2046', 'lrdn2182', 'lrdn2226', 'lrdn2328', 'lrdn2393']
[DEBUG]: Detected CRAB_SYSTEM=leonardo. Adding SLURM option: --partition=boost_usr_prod
[DEBUG]: SLURM command is: srun --export=ALL --partition=boost_usr_prod --nodelist lrdn0017,lrdn0471,lrdn0854,lrdn0996,lrdn1306,lrdn1332,lrdn1360,lrdn1410,lrdn1451,lrdn1537,lrdn1559,lrdn1587,lrdn1605,lrdn1683,lrdn2018,lrdn2046,lrdn2182,lrdn2226,lrdn2328,lrdn2393 --cpu-bind=socket -n 20 -N 20 /leonardo/home/userexternal/lpiarull/CRAB/benchmarks/blink/bin/a2a_comm_only -msgsize 2097152 -iter 1000
[DEBUG]: Node List is: ['lrdn0017', 'lrdn0471', 'lrdn0854', 'lrdn0996', 'lrdn1306', 'lrdn1332', 'lrdn1360', 'lrdn1410', 'lrdn1451', 'lrdn1537', 'lrdn1559', 'lrdn1587', 'lrdn1605', 'lrdn1683', 'lrdn2018', 'lrdn2046', 'lrdn2182', 'lrdn2226', 'lrdn2328', 'lrdn2393']
[DEBUG]: Detected CRAB_SYSTEM=leonardo. Adding SLURM option: --partition=boost_usr_prod
[DEBUG]: SLURM command is: srun --export=ALL --partition=boost_usr_prod --nodelist lrdn0017,lrdn0471,lrdn0854,lrdn0996,lrdn1306,lrdn1332,lrdn1360,lrdn1410,lrdn1451,lrdn1537,lrdn1559,lrdn1587,lrdn1605,lrdn1683,lrdn2018,lrdn2046,lrdn2182,lrdn2226,lrdn2328,lrdn2393 --cpu-bind=socket -n 20 -N 20 /leonardo/home/userexternal/lpiarull/CRAB/benchmarks/blink/bin/a2a_comm_only -msgsize 16777216 -iter 1000
Ran 1005 iterations. Measured 1000 iterations.
Ran 1005 iterations. Measured 1000 iterations.
Ran 1005 iterations. Measured 1000 iterations.
Ran 1005 iterations. Measured 1000 iterations.
Ran 1005 iterations. Measured 1000 iterations.
Ran 1005 iterations. Measured 1000 iterations.
Ran 1005 iterations. Measured 1000 iterations.
Ran 1005 iterations. Measured 1000 iterations.
--- [WARNING] App 8 ended with return code -9 ---
--- [INFO] Run 1 completata in 32.0072 secondi ---

Logging data...
Dati per App 0 salvati in: ./data/leonardo/2025-12-14_20-12-45-684480/data_app_0.csv
Dati per App 1 salvati in: ./data/leonardo/2025-12-14_20-12-45-684480/data_app_1.csv
Dati per App 2 salvati in: ./data/leonardo/2025-12-14_20-12-45-684480/data_app_2.csv
Dati per App 3 salvati in: ./data/leonardo/2025-12-14_20-12-45-684480/data_app_3.csv
Dati per App 4 salvati in: ./data/leonardo/2025-12-14_20-12-45-684480/data_app_4.csv
Dati per App 5 salvati in: ./data/leonardo/2025-12-14_20-12-45-684480/data_app_5.csv
Dati per App 6 salvati in: ./data/leonardo/2025-12-14_20-12-45-684480/data_app_6.csv
Dati per App 7 salvati in: ./data/leonardo/2025-12-14_20-12-45-684480/data_app_7.csv
--- [WORKER] Engine run finished. ---
