--- [WORKER MODE DETECTED] Work dir: ./data/lumi/2025-12-17_15-56-46-178421 ---
--- [WORKER] Environment loaded. Starting engine. ---
--- [WORKER] Engine running in WORKER mode. ---
--- [WORKER] Working directory is: ./data/lumi/2025-12-17_15-56-46-178421 ---
--- [WORKER] Allocating nodes provided by SLURM: nid[005779-005794] ---
--- [INFO] Partition 0 (Collect=True): 8 nodes. Rule: '100' ---

Running Benchmarks...
 Run 1:
[DEBUG]: Node List is: ['nid005779', 'nid005781', 'nid005783', 'nid005785', 'nid005787', 'nid005789', 'nid005791', 'nid005793']
[DEBUG]: SLURM command is: srun --export=ALL  --nodelist nid005779,nid005781,nid005783,nid005785,nid005787,nid005789,nid005791,nid005793 --cpu-bind=socket -n 8 -N 8 /pfs/lustrep4/users/pasqualo/CRAB/benchmarks/blink/bin/agtr_comm_only -msgsize 8 -iter 1000
[DEBUG]: Node List is: ['nid005779', 'nid005781', 'nid005783', 'nid005785', 'nid005787', 'nid005789', 'nid005791', 'nid005793']
[DEBUG]: SLURM command is: srun --export=ALL  --nodelist nid005779,nid005781,nid005783,nid005785,nid005787,nid005789,nid005791,nid005793 --cpu-bind=socket -n 8 -N 8 /pfs/lustrep4/users/pasqualo/CRAB/benchmarks/blink/bin/agtr_comm_only -msgsize 64 -iter 1000
[DEBUG]: Node List is: ['nid005779', 'nid005781', 'nid005783', 'nid005785', 'nid005787', 'nid005789', 'nid005791', 'nid005793']
[DEBUG]: SLURM command is: srun --export=ALL  --nodelist nid005779,nid005781,nid005783,nid005785,nid005787,nid005789,nid005791,nid005793 --cpu-bind=socket -n 8 -N 8 /pfs/lustrep4/users/pasqualo/CRAB/benchmarks/blink/bin/agtr_comm_only -msgsize 512 -iter 1000
[DEBUG]: Node List is: ['nid005779', 'nid005781', 'nid005783', 'nid005785', 'nid005787', 'nid005789', 'nid005791', 'nid005793']
[DEBUG]: SLURM command is: srun --export=ALL  --nodelist nid005779,nid005781,nid005783,nid005785,nid005787,nid005789,nid005791,nid005793 --cpu-bind=socket -n 8 -N 8 /pfs/lustrep4/users/pasqualo/CRAB/benchmarks/blink/bin/agtr_comm_only -msgsize 4096 -iter 1000
[DEBUG]: Node List is: ['nid005779', 'nid005781', 'nid005783', 'nid005785', 'nid005787', 'nid005789', 'nid005791', 'nid005793']
[DEBUG]: SLURM command is: srun --export=ALL  --nodelist nid005779,nid005781,nid005783,nid005785,nid005787,nid005789,nid005791,nid005793 --cpu-bind=socket -n 8 -N 8 /pfs/lustrep4/users/pasqualo/CRAB/benchmarks/blink/bin/agtr_comm_only -msgsize 32768 -iter 1000
[DEBUG]: Node List is: ['nid005779', 'nid005781', 'nid005783', 'nid005785', 'nid005787', 'nid005789', 'nid005791', 'nid005793']
[DEBUG]: SLURM command is: srun --export=ALL  --nodelist nid005779,nid005781,nid005783,nid005785,nid005787,nid005789,nid005791,nid005793 --cpu-bind=socket -n 8 -N 8 /pfs/lustrep4/users/pasqualo/CRAB/benchmarks/blink/bin/agtr_comm_only -msgsize 262144 -iter 1000
[DEBUG]: Node List is: ['nid005779', 'nid005781', 'nid005783', 'nid005785', 'nid005787', 'nid005789', 'nid005791', 'nid005793']
[DEBUG]: SLURM command is: srun --export=ALL  --nodelist nid005779,nid005781,nid005783,nid005785,nid005787,nid005789,nid005791,nid005793 --cpu-bind=socket -n 8 -N 8 /pfs/lustrep4/users/pasqualo/CRAB/benchmarks/blink/bin/agtr_comm_only -msgsize 2097152 -iter 1000
[DEBUG]: Node List is: ['nid005779', 'nid005781', 'nid005783', 'nid005785', 'nid005787', 'nid005789', 'nid005791', 'nid005793']
[DEBUG]: SLURM command is: srun --export=ALL  --nodelist nid005779,nid005781,nid005783,nid005785,nid005787,nid005789,nid005791,nid005793 --cpu-bind=socket -n 8 -N 8 /pfs/lustrep4/users/pasqualo/CRAB/benchmarks/blink/bin/agtr_comm_only -msgsize 16777216 -iter 1000
Ran 1005 iterations. Measured 1000 iterations.
Ran 1005 iterations. Measured 1000 iterations.
Ran 1005 iterations. Measured 1000 iterations.
Ran 1005 iterations. Measured 1000 iterations.
Ran 1005 iterations. Measured 1000 iterations.

