--- [WORKER MODE DETECTED] Work dir: ./data/lumi/2025-12-19_01-30-09-132207 ---
--- [WORKER] Environment loaded. Starting engine. ---
--- [WORKER] Engine running in WORKER mode. ---
--- [WORKER] Working directory is: ./data/lumi/2025-12-19_01-30-09-132207 ---
--- [WORKER] Allocating nodes provided by SLURM: nid[007595-007658] ---
--- [INFO] Partition 0 (Collect=True): 32 nodes. Rule: '100' ---
--- [INFO] Partition 1 (Collect=False): 32 nodes. Rule: '100' ---

Running Benchmarks...
 Run 1:
[DEBUG]: Node List is: ['nid007595', 'nid007597', 'nid007599', 'nid007601', 'nid007603', 'nid007605', 'nid007607', 'nid007609', 'nid007611', 'nid007613', 'nid007615', 'nid007617', 'nid007619', 'nid007621', 'nid007623', 'nid007625', 'nid007627', 'nid007629', 'nid007631', 'nid007633', 'nid007635', 'nid007637', 'nid007639', 'nid007641', 'nid007643', 'nid007645', 'nid007647', 'nid007649', 'nid007651', 'nid007653', 'nid007655', 'nid007657']
[DEBUG]: SLURM command is: srun --export=ALL  --nodelist nid007595,nid007597,nid007599,nid007601,nid007603,nid007605,nid007607,nid007609,nid007611,nid007613,nid007615,nid007617,nid007619,nid007621,nid007623,nid007625,nid007627,nid007629,nid007631,nid007633,nid007635,nid007637,nid007639,nid007641,nid007643,nid007645,nid007647,nid007649,nid007651,nid007653,nid007655,nid007657 --cpu-bind=socket -n 32 -N 32 /pfs/lustrep4/users/pasqualo/CRAB/benchmarks/blink/bin/a2a_comm_only -msgsize 8 -iter 1000
[DEBUG]: Node List is: ['nid007595', 'nid007597', 'nid007599', 'nid007601', 'nid007603', 'nid007605', 'nid007607', 'nid007609', 'nid007611', 'nid007613', 'nid007615', 'nid007617', 'nid007619', 'nid007621', 'nid007623', 'nid007625', 'nid007627', 'nid007629', 'nid007631', 'nid007633', 'nid007635', 'nid007637', 'nid007639', 'nid007641', 'nid007643', 'nid007645', 'nid007647', 'nid007649', 'nid007651', 'nid007653', 'nid007655', 'nid007657']
[DEBUG]: SLURM command is: srun --export=ALL  --nodelist nid007595,nid007597,nid007599,nid007601,nid007603,nid007605,nid007607,nid007609,nid007611,nid007613,nid007615,nid007617,nid007619,nid007621,nid007623,nid007625,nid007627,nid007629,nid007631,nid007633,nid007635,nid007637,nid007639,nid007641,nid007643,nid007645,nid007647,nid007649,nid007651,nid007653,nid007655,nid007657 --cpu-bind=socket -n 32 -N 32 /pfs/lustrep4/users/pasqualo/CRAB/benchmarks/blink/bin/a2a_comm_only -msgsize 64 -iter 1000
[DEBUG]: Node List is: ['nid007595', 'nid007597', 'nid007599', 'nid007601', 'nid007603', 'nid007605', 'nid007607', 'nid007609', 'nid007611', 'nid007613', 'nid007615', 'nid007617', 'nid007619', 'nid007621', 'nid007623', 'nid007625', 'nid007627', 'nid007629', 'nid007631', 'nid007633', 'nid007635', 'nid007637', 'nid007639', 'nid007641', 'nid007643', 'nid007645', 'nid007647', 'nid007649', 'nid007651', 'nid007653', 'nid007655', 'nid007657']
[DEBUG]: SLURM command is: srun --export=ALL  --nodelist nid007595,nid007597,nid007599,nid007601,nid007603,nid007605,nid007607,nid007609,nid007611,nid007613,nid007615,nid007617,nid007619,nid007621,nid007623,nid007625,nid007627,nid007629,nid007631,nid007633,nid007635,nid007637,nid007639,nid007641,nid007643,nid007645,nid007647,nid007649,nid007651,nid007653,nid007655,nid007657 --cpu-bind=socket -n 32 -N 32 /pfs/lustrep4/users/pasqualo/CRAB/benchmarks/blink/bin/a2a_comm_only -msgsize 512 -iter 1000
[DEBUG]: Node List is: ['nid007595', 'nid007597', 'nid007599', 'nid007601', 'nid007603', 'nid007605', 'nid007607', 'nid007609', 'nid007611', 'nid007613', 'nid007615', 'nid007617', 'nid007619', 'nid007621', 'nid007623', 'nid007625', 'nid007627', 'nid007629', 'nid007631', 'nid007633', 'nid007635', 'nid007637', 'nid007639', 'nid007641', 'nid007643', 'nid007645', 'nid007647', 'nid007649', 'nid007651', 'nid007653', 'nid007655', 'nid007657']
[DEBUG]: SLURM command is: srun --export=ALL  --nodelist nid007595,nid007597,nid007599,nid007601,nid007603,nid007605,nid007607,nid007609,nid007611,nid007613,nid007615,nid007617,nid007619,nid007621,nid007623,nid007625,nid007627,nid007629,nid007631,nid007633,nid007635,nid007637,nid007639,nid007641,nid007643,nid007645,nid007647,nid007649,nid007651,nid007653,nid007655,nid007657 --cpu-bind=socket -n 32 -N 32 /pfs/lustrep4/users/pasqualo/CRAB/benchmarks/blink/bin/a2a_comm_only -msgsize 4096 -iter 1000
[DEBUG]: Node List is: ['nid007595', 'nid007597', 'nid007599', 'nid007601', 'nid007603', 'nid007605', 'nid007607', 'nid007609', 'nid007611', 'nid007613', 'nid007615', 'nid007617', 'nid007619', 'nid007621', 'nid007623', 'nid007625', 'nid007627', 'nid007629', 'nid007631', 'nid007633', 'nid007635', 'nid007637', 'nid007639', 'nid007641', 'nid007643', 'nid007645', 'nid007647', 'nid007649', 'nid007651', 'nid007653', 'nid007655', 'nid007657']
[DEBUG]: SLURM command is: srun --export=ALL  --nodelist nid007595,nid007597,nid007599,nid007601,nid007603,nid007605,nid007607,nid007609,nid007611,nid007613,nid007615,nid007617,nid007619,nid007621,nid007623,nid007625,nid007627,nid007629,nid007631,nid007633,nid007635,nid007637,nid007639,nid007641,nid007643,nid007645,nid007647,nid007649,nid007651,nid007653,nid007655,nid007657 --cpu-bind=socket -n 32 -N 32 /pfs/lustrep4/users/pasqualo/CRAB/benchmarks/blink/bin/a2a_comm_only -msgsize 32768 -iter 1000
[DEBUG]: Node List is: ['nid007595', 'nid007597', 'nid007599', 'nid007601', 'nid007603', 'nid007605', 'nid007607', 'nid007609', 'nid007611', 'nid007613', 'nid007615', 'nid007617', 'nid007619', 'nid007621', 'nid007623', 'nid007625', 'nid007627', 'nid007629', 'nid007631', 'nid007633', 'nid007635', 'nid007637', 'nid007639', 'nid007641', 'nid007643', 'nid007645', 'nid007647', 'nid007649', 'nid007651', 'nid007653', 'nid007655', 'nid007657']
[DEBUG]: SLURM command is: srun --export=ALL  --nodelist nid007595,nid007597,nid007599,nid007601,nid007603,nid007605,nid007607,nid007609,nid007611,nid007613,nid007615,nid007617,nid007619,nid007621,nid007623,nid007625,nid007627,nid007629,nid007631,nid007633,nid007635,nid007637,nid007639,nid007641,nid007643,nid007645,nid007647,nid007649,nid007651,nid007653,nid007655,nid007657 --cpu-bind=socket -n 32 -N 32 /pfs/lustrep4/users/pasqualo/CRAB/benchmarks/blink/bin/a2a_comm_only -msgsize 262144 -iter 1000
[DEBUG]: Node List is: ['nid007595', 'nid007597', 'nid007599', 'nid007601', 'nid007603', 'nid007605', 'nid007607', 'nid007609', 'nid007611', 'nid007613', 'nid007615', 'nid007617', 'nid007619', 'nid007621', 'nid007623', 'nid007625', 'nid007627', 'nid007629', 'nid007631', 'nid007633', 'nid007635', 'nid007637', 'nid007639', 'nid007641', 'nid007643', 'nid007645', 'nid007647', 'nid007649', 'nid007651', 'nid007653', 'nid007655', 'nid007657']
[DEBUG]: SLURM command is: srun --export=ALL  --nodelist nid007595,nid007597,nid007599,nid007601,nid007603,nid007605,nid007607,nid007609,nid007611,nid007613,nid007615,nid007617,nid007619,nid007621,nid007623,nid007625,nid007627,nid007629,nid007631,nid007633,nid007635,nid007637,nid007639,nid007641,nid007643,nid007645,nid007647,nid007649,nid007651,nid007653,nid007655,nid007657 --cpu-bind=socket -n 32 -N 32 /pfs/lustrep4/users/pasqualo/CRAB/benchmarks/blink/bin/a2a_comm_only -msgsize 2097152 -iter 1000
[DEBUG]: Node List is: ['nid007595', 'nid007597', 'nid007599', 'nid007601', 'nid007603', 'nid007605', 'nid007607', 'nid007609', 'nid007611', 'nid007613', 'nid007615', 'nid007617', 'nid007619', 'nid007621', 'nid007623', 'nid007625', 'nid007627', 'nid007629', 'nid007631', 'nid007633', 'nid007635', 'nid007637', 'nid007639', 'nid007641', 'nid007643', 'nid007645', 'nid007647', 'nid007649', 'nid007651', 'nid007653', 'nid007655', 'nid007657']
[DEBUG]: SLURM command is: srun --export=ALL  --nodelist nid007595,nid007597,nid007599,nid007601,nid007603,nid007605,nid007607,nid007609,nid007611,nid007613,nid007615,nid007617,nid007619,nid007621,nid007623,nid007625,nid007627,nid007629,nid007631,nid007633,nid007635,nid007637,nid007639,nid007641,nid007643,nid007645,nid007647,nid007649,nid007651,nid007653,nid007655,nid007657 --cpu-bind=socket -n 32 -N 32 /pfs/lustrep4/users/pasqualo/CRAB/benchmarks/blink/bin/a2a_comm_only -msgsize 16777216 -iter 1000
[DEBUG]: Node List is: ['nid007595', 'nid007597', 'nid007599', 'nid007601', 'nid007603', 'nid007605', 'nid007607', 'nid007609', 'nid007611', 'nid007613', 'nid007615', 'nid007617', 'nid007619', 'nid007621', 'nid007623', 'nid007625', 'nid007627', 'nid007629', 'nid007631', 'nid007633', 'nid007635', 'nid007637', 'nid007639', 'nid007641', 'nid007643', 'nid007645', 'nid007647', 'nid007649', 'nid007651', 'nid007653', 'nid007655', 'nid007657']
[DEBUG]: SLURM command is: srun --export=ALL  --nodelist nid007595,nid007597,nid007599,nid007601,nid007603,nid007605,nid007607,nid007609,nid007611,nid007613,nid007615,nid007617,nid007619,nid007621,nid007623,nid007625,nid007627,nid007629,nid007631,nid007633,nid007635,nid007637,nid007639,nid007641,nid007643,nid007645,nid007647,nid007649,nid007651,nid007653,nid007655,nid007657 --cpu-bind=socket -n 32 -N 32 /pfs/lustrep4/users/pasqualo/CRAB/benchmarks/blink/bin/a2a_comm_only -msgsize 8 -iter 1000
[DEBUG]: Node List is: ['nid007596', 'nid007598', 'nid007600', 'nid007602', 'nid007604', 'nid007606', 'nid007608', 'nid007610', 'nid007612', 'nid007614', 'nid007616', 'nid007618', 'nid007620', 'nid007622', 'nid007624', 'nid007626', 'nid007628', 'nid007630', 'nid007632', 'nid007634', 'nid007636', 'nid007638', 'nid007640', 'nid007642', 'nid007644', 'nid007646', 'nid007648', 'nid007650', 'nid007652', 'nid007654', 'nid007656', 'nid007658']
[DEBUG]: SLURM command is: srun --export=ALL  --nodelist nid007596,nid007598,nid007600,nid007602,nid007604,nid007606,nid007608,nid007610,nid007612,nid007614,nid007616,nid007618,nid007620,nid007622,nid007624,nid007626,nid007628,nid007630,nid007632,nid007634,nid007636,nid007638,nid007640,nid007642,nid007644,nid007646,nid007648,nid007650,nid007652,nid007654,nid007656,nid007658 --cpu-bind=socket -n 32 -N 32 /pfs/lustrep4/users/pasqualo/CRAB/benchmarks/blink/bin/bursty_noise_a2a 0.0001 0.01
[DEBUG]: Node List is: ['nid007595', 'nid007597', 'nid007599', 'nid007601', 'nid007603', 'nid007605', 'nid007607', 'nid007609', 'nid007611', 'nid007613', 'nid007615', 'nid007617', 'nid007619', 'nid007621', 'nid007623', 'nid007625', 'nid007627', 'nid007629', 'nid007631', 'nid007633', 'nid007635', 'nid007637', 'nid007639', 'nid007641', 'nid007643', 'nid007645', 'nid007647', 'nid007649', 'nid007651', 'nid007653', 'nid007655', 'nid007657']
[DEBUG]: SLURM command is: srun --export=ALL  --nodelist nid007595,nid007597,nid007599,nid007601,nid007603,nid007605,nid007607,nid007609,nid007611,nid007613,nid007615,nid007617,nid007619,nid007621,nid007623,nid007625,nid007627,nid007629,nid007631,nid007633,nid007635,nid007637,nid007639,nid007641,nid007643,nid007645,nid007647,nid007649,nid007651,nid007653,nid007655,nid007657 --cpu-bind=socket -n 32 -N 32 /pfs/lustrep4/users/pasqualo/CRAB/benchmarks/blink/bin/a2a_comm_only -msgsize 64 -iter 1000
[DEBUG]: Node List is: ['nid007595', 'nid007597', 'nid007599', 'nid007601', 'nid007603', 'nid007605', 'nid007607', 'nid007609', 'nid007611', 'nid007613', 'nid007615', 'nid007617', 'nid007619', 'nid007621', 'nid007623', 'nid007625', 'nid007627', 'nid007629', 'nid007631', 'nid007633', 'nid007635', 'nid007637', 'nid007639', 'nid007641', 'nid007643', 'nid007645', 'nid007647', 'nid007649', 'nid007651', 'nid007653', 'nid007655', 'nid007657']
[DEBUG]: SLURM command is: srun --export=ALL  --nodelist nid007595,nid007597,nid007599,nid007601,nid007603,nid007605,nid007607,nid007609,nid007611,nid007613,nid007615,nid007617,nid007619,nid007621,nid007623,nid007625,nid007627,nid007629,nid007631,nid007633,nid007635,nid007637,nid007639,nid007641,nid007643,nid007645,nid007647,nid007649,nid007651,nid007653,nid007655,nid007657 --cpu-bind=socket -n 32 -N 32 /pfs/lustrep4/users/pasqualo/CRAB/benchmarks/blink/bin/a2a_comm_only -msgsize 512 -iter 1000
[DEBUG]: Node List is: ['nid007595', 'nid007597', 'nid007599', 'nid007601', 'nid007603', 'nid007605', 'nid007607', 'nid007609', 'nid007611', 'nid007613', 'nid007615', 'nid007617', 'nid007619', 'nid007621', 'nid007623', 'nid007625', 'nid007627', 'nid007629', 'nid007631', 'nid007633', 'nid007635', 'nid007637', 'nid007639', 'nid007641', 'nid007643', 'nid007645', 'nid007647', 'nid007649', 'nid007651', 'nid007653', 'nid007655', 'nid007657']
[DEBUG]: SLURM command is: srun --export=ALL  --nodelist nid007595,nid007597,nid007599,nid007601,nid007603,nid007605,nid007607,nid007609,nid007611,nid007613,nid007615,nid007617,nid007619,nid007621,nid007623,nid007625,nid007627,nid007629,nid007631,nid007633,nid007635,nid007637,nid007639,nid007641,nid007643,nid007645,nid007647,nid007649,nid007651,nid007653,nid007655,nid007657 --cpu-bind=socket -n 32 -N 32 /pfs/lustrep4/users/pasqualo/CRAB/benchmarks/blink/bin/a2a_comm_only -msgsize 4096 -iter 1000
[DEBUG]: Node List is: ['nid007595', 'nid007597', 'nid007599', 'nid007601', 'nid007603', 'nid007605', 'nid007607', 'nid007609', 'nid007611', 'nid007613', 'nid007615', 'nid007617', 'nid007619', 'nid007621', 'nid007623', 'nid007625', 'nid007627', 'nid007629', 'nid007631', 'nid007633', 'nid007635', 'nid007637', 'nid007639', 'nid007641', 'nid007643', 'nid007645', 'nid007647', 'nid007649', 'nid007651', 'nid007653', 'nid007655', 'nid007657']
[DEBUG]: SLURM command is: srun --export=ALL  --nodelist nid007595,nid007597,nid007599,nid007601,nid007603,nid007605,nid007607,nid007609,nid007611,nid007613,nid007615,nid007617,nid007619,nid007621,nid007623,nid007625,nid007627,nid007629,nid007631,nid007633,nid007635,nid007637,nid007639,nid007641,nid007643,nid007645,nid007647,nid007649,nid007651,nid007653,nid007655,nid007657 --cpu-bind=socket -n 32 -N 32 /pfs/lustrep4/users/pasqualo/CRAB/benchmarks/blink/bin/a2a_comm_only -msgsize 32768 -iter 1000
[DEBUG]: Node List is: ['nid007595', 'nid007597', 'nid007599', 'nid007601', 'nid007603', 'nid007605', 'nid007607', 'nid007609', 'nid007611', 'nid007613', 'nid007615', 'nid007617', 'nid007619', 'nid007621', 'nid007623', 'nid007625', 'nid007627', 'nid007629', 'nid007631', 'nid007633', 'nid007635', 'nid007637', 'nid007639', 'nid007641', 'nid007643', 'nid007645', 'nid007647', 'nid007649', 'nid007651', 'nid007653', 'nid007655', 'nid007657']
[DEBUG]: SLURM command is: srun --export=ALL  --nodelist nid007595,nid007597,nid007599,nid007601,nid007603,nid007605,nid007607,nid007609,nid007611,nid007613,nid007615,nid007617,nid007619,nid007621,nid007623,nid007625,nid007627,nid007629,nid007631,nid007633,nid007635,nid007637,nid007639,nid007641,nid007643,nid007645,nid007647,nid007649,nid007651,nid007653,nid007655,nid007657 --cpu-bind=socket -n 32 -N 32 /pfs/lustrep4/users/pasqualo/CRAB/benchmarks/blink/bin/a2a_comm_only -msgsize 262144 -iter 1000
[DEBUG]: Node List is: ['nid007595', 'nid007597', 'nid007599', 'nid007601', 'nid007603', 'nid007605', 'nid007607', 'nid007609', 'nid007611', 'nid007613', 'nid007615', 'nid007617', 'nid007619', 'nid007621', 'nid007623', 'nid007625', 'nid007627', 'nid007629', 'nid007631', 'nid007633', 'nid007635', 'nid007637', 'nid007639', 'nid007641', 'nid007643', 'nid007645', 'nid007647', 'nid007649', 'nid007651', 'nid007653', 'nid007655', 'nid007657']
[DEBUG]: SLURM command is: srun --export=ALL  --nodelist nid007595,nid007597,nid007599,nid007601,nid007603,nid007605,nid007607,nid007609,nid007611,nid007613,nid007615,nid007617,nid007619,nid007621,nid007623,nid007625,nid007627,nid007629,nid007631,nid007633,nid007635,nid007637,nid007639,nid007641,nid007643,nid007645,nid007647,nid007649,nid007651,nid007653,nid007655,nid007657 --cpu-bind=socket -n 32 -N 32 /pfs/lustrep4/users/pasqualo/CRAB/benchmarks/blink/bin/a2a_comm_only -msgsize 2097152 -iter 1000
[DEBUG]: Node List is: ['nid007595', 'nid007597', 'nid007599', 'nid007601', 'nid007603', 'nid007605', 'nid007607', 'nid007609', 'nid007611', 'nid007613', 'nid007615', 'nid007617', 'nid007619', 'nid007621', 'nid007623', 'nid007625', 'nid007627', 'nid007629', 'nid007631', 'nid007633', 'nid007635', 'nid007637', 'nid007639', 'nid007641', 'nid007643', 'nid007645', 'nid007647', 'nid007649', 'nid007651', 'nid007653', 'nid007655', 'nid007657']
[DEBUG]: SLURM command is: srun --export=ALL  --nodelist nid007595,nid007597,nid007599,nid007601,nid007603,nid007605,nid007607,nid007609,nid007611,nid007613,nid007615,nid007617,nid007619,nid007621,nid007623,nid007625,nid007627,nid007629,nid007631,nid007633,nid007635,nid007637,nid007639,nid007641,nid007643,nid007645,nid007647,nid007649,nid007651,nid007653,nid007655,nid007657 --cpu-bind=socket -n 32 -N 32 /pfs/lustrep4/users/pasqualo/CRAB/benchmarks/blink/bin/a2a_comm_only -msgsize 16777216 -iter 1000
--- [WARNING] App 16 ended with return code -9 ---
--- [INFO] Run 1 completata in 181.0252 secondi ---

Logging data...
Dati per App 0 salvati in: ./data/lumi/2025-12-19_01-30-09-132207/data_app_0.csv
Dati per App 1 salvati in: ./data/lumi/2025-12-19_01-30-09-132207/data_app_1.csv
Dati per App 2 salvati in: ./data/lumi/2025-12-19_01-30-09-132207/data_app_2.csv
Dati per App 3 salvati in: ./data/lumi/2025-12-19_01-30-09-132207/data_app_3.csv
Dati per App 4 salvati in: ./data/lumi/2025-12-19_01-30-09-132207/data_app_4.csv
Dati per App 5 salvati in: ./data/lumi/2025-12-19_01-30-09-132207/data_app_5.csv
Dati per App 6 salvati in: ./data/lumi/2025-12-19_01-30-09-132207/data_app_6.csv
Dati per App 7 salvati in: ./data/lumi/2025-12-19_01-30-09-132207/data_app_7.csv
Dati per App 8 salvati in: ./data/lumi/2025-12-19_01-30-09-132207/data_app_8.csv
Dati per App 9 salvati in: ./data/lumi/2025-12-19_01-30-09-132207/data_app_9.csv
Dati per App 10 salvati in: ./data/lumi/2025-12-19_01-30-09-132207/data_app_10.csv
Dati per App 11 salvati in: ./data/lumi/2025-12-19_01-30-09-132207/data_app_11.csv
Dati per App 12 salvati in: ./data/lumi/2025-12-19_01-30-09-132207/data_app_12.csv
Dati per App 13 salvati in: ./data/lumi/2025-12-19_01-30-09-132207/data_app_13.csv
Dati per App 14 salvati in: ./data/lumi/2025-12-19_01-30-09-132207/data_app_14.csv
Dati per App 15 salvati in: ./data/lumi/2025-12-19_01-30-09-132207/data_app_15.csv
--- [WORKER] Engine run finished. ---
