--- [WORKER MODE DETECTED] Work dir: ./data/leonardo/2025-12-01_12-36-47-312179 ---
--- [WORKER] Environment loaded. Starting engine. ---
--- [WORKER] Engine running in WORKER mode. ---
--- [WORKER] Working directory is: ./data/leonardo/2025-12-01_12-36-47-312179 ---
--- [WORKER] Allocating nodes provided by SLURM: lrdn[3241-3247,3253] ---
Split list: [50.0, 50.0]
Split_a: 4
Splits: [4, 4]

Running Benchmarks...
 Run 1:
[DEBUG]: Node List is: ['lrdn3241', 'lrdn3243', 'lrdn3245', 'lrdn3247']
[DEBUG]: Detected CRAB_SYSTEM=leonardo. Adding SLURM option: --partition=boost_usr_prod
[DEBUG]: SLURM command is: srun --export=ALL --partition=boost_usr_prod --nodelist lrdn3241,lrdn3243,lrdn3245,lrdn3247 --cpu-bind=socket -n 4 -N 4 bash -c '
        module purge >&2
        module load openmpi >&2
        module list >&2
        /leonardo/home/userexternal/lpiarull/CRAB/benchmarks/blink/bin/a2a_b -msgsize 512 -iter 1000
        '
[DEBUG]: Node List is: ['lrdn3242', 'lrdn3244', 'lrdn3246', 'lrdn3253']
[DEBUG]: Detected CRAB_SYSTEM=leonardo. Adding SLURM option: --partition=boost_usr_prod
[DEBUG]: SLURM command is: srun --export=ALL --partition=boost_usr_prod --nodelist lrdn3242,lrdn3244,lrdn3246,lrdn3253 --cpu-bind=socket -n 4 -N 4 bash -c '
        module purge >&2
        module load openmpi >&2
        module list >&2
        /leonardo/home/userexternal/lpiarull/CRAB/benchmarks/blink/bin/a2a_nb -msgsize 67108864 -iter 5000
        '
[INFO] Application 1 was intentionally terminated (exit code: -9). This is expected.
Ran 1005 iterations. Measured 1000 iterations.
--- [INFO] Run 1 completata in 15.0041 secondi ---
 Run 2:
[DEBUG]: Node List is: ['lrdn3241', 'lrdn3243', 'lrdn3245', 'lrdn3247']
[DEBUG]: Detected CRAB_SYSTEM=leonardo. Adding SLURM option: --partition=boost_usr_prod
[DEBUG]: SLURM command is: srun --export=ALL --partition=boost_usr_prod --nodelist lrdn3241,lrdn3243,lrdn3245,lrdn3247 --cpu-bind=socket -n 4 -N 4 bash -c '
        module purge >&2
        module load openmpi >&2
        module list >&2
        /leonardo/home/userexternal/lpiarull/CRAB/benchmarks/blink/bin/a2a_b -msgsize 512 -iter 1000
        '
[DEBUG]: Node List is: ['lrdn3242', 'lrdn3244', 'lrdn3246', 'lrdn3253']
[DEBUG]: Detected CRAB_SYSTEM=leonardo. Adding SLURM option: --partition=boost_usr_prod
[DEBUG]: SLURM command is: srun --export=ALL --partition=boost_usr_prod --nodelist lrdn3242,lrdn3244,lrdn3246,lrdn3253 --cpu-bind=socket -n 4 -N 4 bash -c '
        module purge >&2
        module load openmpi >&2
        module list >&2
        /leonardo/home/userexternal/lpiarull/CRAB/benchmarks/blink/bin/a2a_nb -msgsize 67108864 -iter 5000
        '
[INFO] Application 1 was intentionally terminated (exit code: -9). This is expected.
Ran 1005 iterations. Measured 1000 iterations.
--- [INFO] Run 2 completata in 15.0030 secondi ---
 Run 3:
[DEBUG]: Node List is: ['lrdn3241', 'lrdn3243', 'lrdn3245', 'lrdn3247']
[DEBUG]: Detected CRAB_SYSTEM=leonardo. Adding SLURM option: --partition=boost_usr_prod
[DEBUG]: SLURM command is: srun --export=ALL --partition=boost_usr_prod --nodelist lrdn3241,lrdn3243,lrdn3245,lrdn3247 --cpu-bind=socket -n 4 -N 4 bash -c '
        module purge >&2
        module load openmpi >&2
        module list >&2
        /leonardo/home/userexternal/lpiarull/CRAB/benchmarks/blink/bin/a2a_b -msgsize 512 -iter 1000
        '
[DEBUG]: Node List is: ['lrdn3242', 'lrdn3244', 'lrdn3246', 'lrdn3253']
[DEBUG]: Detected CRAB_SYSTEM=leonardo. Adding SLURM option: --partition=boost_usr_prod
[DEBUG]: SLURM command is: srun --export=ALL --partition=boost_usr_prod --nodelist lrdn3242,lrdn3244,lrdn3246,lrdn3253 --cpu-bind=socket -n 4 -N 4 bash -c '
        module purge >&2
        module load openmpi >&2
        module list >&2
        /leonardo/home/userexternal/lpiarull/CRAB/benchmarks/blink/bin/a2a_nb -msgsize 67108864 -iter 5000
        '
[INFO] Application 1 was intentionally terminated (exit code: -9). This is expected.
Ran 1005 iterations. Measured 1000 iterations.
--- [INFO] Run 3 completata in 15.0028 secondi ---
 Run 4:
[DEBUG]: Node List is: ['lrdn3241', 'lrdn3243', 'lrdn3245', 'lrdn3247']
[DEBUG]: Detected CRAB_SYSTEM=leonardo. Adding SLURM option: --partition=boost_usr_prod
[DEBUG]: SLURM command is: srun --export=ALL --partition=boost_usr_prod --nodelist lrdn3241,lrdn3243,lrdn3245,lrdn3247 --cpu-bind=socket -n 4 -N 4 bash -c '
        module purge >&2
        module load openmpi >&2
        module list >&2
        /leonardo/home/userexternal/lpiarull/CRAB/benchmarks/blink/bin/a2a_b -msgsize 512 -iter 1000
        '
[DEBUG]: Node List is: ['lrdn3242', 'lrdn3244', 'lrdn3246', 'lrdn3253']
[DEBUG]: Detected CRAB_SYSTEM=leonardo. Adding SLURM option: --partition=boost_usr_prod
[DEBUG]: SLURM command is: srun --export=ALL --partition=boost_usr_prod --nodelist lrdn3242,lrdn3244,lrdn3246,lrdn3253 --cpu-bind=socket -n 4 -N 4 bash -c '
        module purge >&2
        module load openmpi >&2
        module list >&2
        /leonardo/home/userexternal/lpiarull/CRAB/benchmarks/blink/bin/a2a_nb -msgsize 67108864 -iter 5000
        '
[INFO] Application 1 was intentionally terminated (exit code: -9). This is expected.
Ran 1005 iterations. Measured 1000 iterations.
--- [INFO] Run 4 completata in 15.0231 secondi ---
 Run 5:
[DEBUG]: Node List is: ['lrdn3241', 'lrdn3243', 'lrdn3245', 'lrdn3247']
[DEBUG]: Detected CRAB_SYSTEM=leonardo. Adding SLURM option: --partition=boost_usr_prod
[DEBUG]: SLURM command is: srun --export=ALL --partition=boost_usr_prod --nodelist lrdn3241,lrdn3243,lrdn3245,lrdn3247 --cpu-bind=socket -n 4 -N 4 bash -c '
        module purge >&2
        module load openmpi >&2
        module list >&2
        /leonardo/home/userexternal/lpiarull/CRAB/benchmarks/blink/bin/a2a_b -msgsize 512 -iter 1000
        '
[DEBUG]: Node List is: ['lrdn3242', 'lrdn3244', 'lrdn3246', 'lrdn3253']
[DEBUG]: Detected CRAB_SYSTEM=leonardo. Adding SLURM option: --partition=boost_usr_prod
[DEBUG]: SLURM command is: srun --export=ALL --partition=boost_usr_prod --nodelist lrdn3242,lrdn3244,lrdn3246,lrdn3253 --cpu-bind=socket -n 4 -N 4 bash -c '
        module purge >&2
        module load openmpi >&2
        module list >&2
        /leonardo/home/userexternal/lpiarull/CRAB/benchmarks/blink/bin/a2a_nb -msgsize 67108864 -iter 5000
        '
[INFO] Application 1 was intentionally terminated (exit code: -9). This is expected.
Ran 1005 iterations. Measured 1000 iterations.
--- [INFO] Run 5 completata in 36.7134 secondi ---
 Run 6:
[DEBUG]: Node List is: ['lrdn3241', 'lrdn3243', 'lrdn3245', 'lrdn3247']
[DEBUG]: Detected CRAB_SYSTEM=leonardo. Adding SLURM option: --partition=boost_usr_prod
[DEBUG]: SLURM command is: srun --export=ALL --partition=boost_usr_prod --nodelist lrdn3241,lrdn3243,lrdn3245,lrdn3247 --cpu-bind=socket -n 4 -N 4 bash -c '
        module purge >&2
        module load openmpi >&2
        module list >&2
        /leonardo/home/userexternal/lpiarull/CRAB/benchmarks/blink/bin/a2a_b -msgsize 512 -iter 1000
        '
[DEBUG]: Node List is: ['lrdn3242', 'lrdn3244', 'lrdn3246', 'lrdn3253']
[DEBUG]: Detected CRAB_SYSTEM=leonardo. Adding SLURM option: --partition=boost_usr_prod
[DEBUG]: SLURM command is: srun --export=ALL --partition=boost_usr_prod --nodelist lrdn3242,lrdn3244,lrdn3246,lrdn3253 --cpu-bind=socket -n 4 -N 4 bash -c '
        module purge >&2
        module load openmpi >&2
        module list >&2
        /leonardo/home/userexternal/lpiarull/CRAB/benchmarks/blink/bin/a2a_nb -msgsize 67108864 -iter 5000
        '
[INFO] Application 1 was intentionally terminated (exit code: -9). This is expected.
Ran 1005 iterations. Measured 1000 iterations.
--- [INFO] Run 6 completata in 15.0030 secondi ---
 Run 7:
[DEBUG]: Node List is: ['lrdn3241', 'lrdn3243', 'lrdn3245', 'lrdn3247']
[DEBUG]: Detected CRAB_SYSTEM=leonardo. Adding SLURM option: --partition=boost_usr_prod
[DEBUG]: SLURM command is: srun --export=ALL --partition=boost_usr_prod --nodelist lrdn3241,lrdn3243,lrdn3245,lrdn3247 --cpu-bind=socket -n 4 -N 4 bash -c '
        module purge >&2
        module load openmpi >&2
        module list >&2
        /leonardo/home/userexternal/lpiarull/CRAB/benchmarks/blink/bin/a2a_b -msgsize 512 -iter 1000
        '
[DEBUG]: Node List is: ['lrdn3242', 'lrdn3244', 'lrdn3246', 'lrdn3253']
[DEBUG]: Detected CRAB_SYSTEM=leonardo. Adding SLURM option: --partition=boost_usr_prod
[DEBUG]: SLURM command is: srun --export=ALL --partition=boost_usr_prod --nodelist lrdn3242,lrdn3244,lrdn3246,lrdn3253 --cpu-bind=socket -n 4 -N 4 bash -c '
        module purge >&2
        module load openmpi >&2
        module list >&2
        /leonardo/home/userexternal/lpiarull/CRAB/benchmarks/blink/bin/a2a_nb -msgsize 67108864 -iter 5000
        '
[INFO] Application 1 was intentionally terminated (exit code: -9). This is expected.
Ran 1005 iterations. Measured 1000 iterations.
--- [INFO] Run 7 completata in 44.9261 secondi ---
 Run 8:
[DEBUG]: Node List is: ['lrdn3241', 'lrdn3243', 'lrdn3245', 'lrdn3247']
[DEBUG]: Detected CRAB_SYSTEM=leonardo. Adding SLURM option: --partition=boost_usr_prod
[DEBUG]: SLURM command is: srun --export=ALL --partition=boost_usr_prod --nodelist lrdn3241,lrdn3243,lrdn3245,lrdn3247 --cpu-bind=socket -n 4 -N 4 bash -c '
        module purge >&2
        module load openmpi >&2
        module list >&2
        /leonardo/home/userexternal/lpiarull/CRAB/benchmarks/blink/bin/a2a_b -msgsize 512 -iter 1000
        '
[DEBUG]: Node List is: ['lrdn3242', 'lrdn3244', 'lrdn3246', 'lrdn3253']
[DEBUG]: Detected CRAB_SYSTEM=leonardo. Adding SLURM option: --partition=boost_usr_prod
[DEBUG]: SLURM command is: srun --export=ALL --partition=boost_usr_prod --nodelist lrdn3242,lrdn3244,lrdn3246,lrdn3253 --cpu-bind=socket -n 4 -N 4 bash -c '
        module purge >&2
        module load openmpi >&2
        module list >&2
        /leonardo/home/userexternal/lpiarull/CRAB/benchmarks/blink/bin/a2a_nb -msgsize 67108864 -iter 5000
        '
[INFO] Application 1 was intentionally terminated (exit code: -9). This is expected.
Ran 1005 iterations. Measured 1000 iterations.
--- [INFO] Run 8 completata in 15.0030 secondi ---
 Run 9:
[DEBUG]: Node List is: ['lrdn3241', 'lrdn3243', 'lrdn3245', 'lrdn3247']
[DEBUG]: Detected CRAB_SYSTEM=leonardo. Adding SLURM option: --partition=boost_usr_prod
[DEBUG]: SLURM command is: srun --export=ALL --partition=boost_usr_prod --nodelist lrdn3241,lrdn3243,lrdn3245,lrdn3247 --cpu-bind=socket -n 4 -N 4 bash -c '
        module purge >&2
        module load openmpi >&2
        module list >&2
        /leonardo/home/userexternal/lpiarull/CRAB/benchmarks/blink/bin/a2a_b -msgsize 512 -iter 1000
        '
[DEBUG]: Node List is: ['lrdn3242', 'lrdn3244', 'lrdn3246', 'lrdn3253']
[DEBUG]: Detected CRAB_SYSTEM=leonardo. Adding SLURM option: --partition=boost_usr_prod
[DEBUG]: SLURM command is: srun --export=ALL --partition=boost_usr_prod --nodelist lrdn3242,lrdn3244,lrdn3246,lrdn3253 --cpu-bind=socket -n 4 -N 4 bash -c '
        module purge >&2
        module load openmpi >&2
        module list >&2
        /leonardo/home/userexternal/lpiarull/CRAB/benchmarks/blink/bin/a2a_nb -msgsize 67108864 -iter 5000
        '
[INFO] Application 1 was intentionally terminated (exit code: -9). This is expected.
Ran 1005 iterations. Measured 1000 iterations.
--- [INFO] Run 9 completata in 15.0030 secondi ---
 Run 10:
[DEBUG]: Node List is: ['lrdn3241', 'lrdn3243', 'lrdn3245', 'lrdn3247']
[DEBUG]: Detected CRAB_SYSTEM=leonardo. Adding SLURM option: --partition=boost_usr_prod
[DEBUG]: SLURM command is: srun --export=ALL --partition=boost_usr_prod --nodelist lrdn3241,lrdn3243,lrdn3245,lrdn3247 --cpu-bind=socket -n 4 -N 4 bash -c '
        module purge >&2
        module load openmpi >&2
        module list >&2
        /leonardo/home/userexternal/lpiarull/CRAB/benchmarks/blink/bin/a2a_b -msgsize 512 -iter 1000
        '
[DEBUG]: Node List is: ['lrdn3242', 'lrdn3244', 'lrdn3246', 'lrdn3253']
[DEBUG]: Detected CRAB_SYSTEM=leonardo. Adding SLURM option: --partition=boost_usr_prod
[DEBUG]: SLURM command is: srun --export=ALL --partition=boost_usr_prod --nodelist lrdn3242,lrdn3244,lrdn3246,lrdn3253 --cpu-bind=socket -n 4 -N 4 bash -c '
        module purge >&2
        module load openmpi >&2
        module list >&2
        /leonardo/home/userexternal/lpiarull/CRAB/benchmarks/blink/bin/a2a_nb -msgsize 67108864 -iter 5000
        '
[INFO] Application 1 was intentionally terminated (exit code: -9). This is expected.
Ran 1005 iterations. Measured 1000 iterations.
--- [INFO] Run 10 completata in 15.0050 secondi ---

Logging data...
Dati per App 0 salvati in: ./data/leonardo/2025-12-01_12-36-47-312179/data_app_0.csv
--- [WORKER] Engine run finished. ---
