--- [WORKER MODE DETECTED] Work dir: ./data/cresco8/2025-12-16_09-15-19-081607 ---
--- [WORKER] Environment loaded. Starting engine. ---
--- [WORKER] Engine running in WORKER mode. ---
--- [WORKER] Working directory is: ./data/cresco8/2025-12-16_09-15-19-081607 ---
--- [WORKER] Allocating nodes provided by SLURM: cresco8x[348-379] ---
--- [INFO] Partition 0 (Collect=True): 16 nodes. Rule: '100' ---
--- [INFO] Partition 1 (Collect=False): 16 nodes. Rule: '100' ---

Running Benchmarks...
 Run 1:
[DEBUG]: Node List is: ['cresco8x348', 'cresco8x350', 'cresco8x352', 'cresco8x354', 'cresco8x356', 'cresco8x358', 'cresco8x360', 'cresco8x362', 'cresco8x364', 'cresco8x366', 'cresco8x368', 'cresco8x370', 'cresco8x372', 'cresco8x374', 'cresco8x376', 'cresco8x378']
[DEBUG]: SLURM command is: srun --export=ALL  --nodelist cresco8x348,cresco8x350,cresco8x352,cresco8x354,cresco8x356,cresco8x358,cresco8x360,cresco8x362,cresco8x364,cresco8x366,cresco8x368,cresco8x370,cresco8x372,cresco8x374,cresco8x376,cresco8x378 --cpu-bind=socket -n 16 -N 16 /afs/enea.it/por/user/piarulli/CRAB/benchmarks/blink/bin/a2a_comm_only -msgsize 8 -iter 1000
[DEBUG]: Node List is: ['cresco8x349', 'cresco8x351', 'cresco8x353', 'cresco8x355', 'cresco8x357', 'cresco8x359', 'cresco8x361', 'cresco8x363', 'cresco8x365', 'cresco8x367', 'cresco8x369', 'cresco8x371', 'cresco8x373', 'cresco8x375', 'cresco8x377', 'cresco8x379']
[DEBUG]: SLURM command is: srun --export=ALL  --nodelist cresco8x349,cresco8x351,cresco8x353,cresco8x355,cresco8x357,cresco8x359,cresco8x361,cresco8x363,cresco8x365,cresco8x367,cresco8x369,cresco8x371,cresco8x373,cresco8x375,cresco8x377,cresco8x379 --cpu-bind=socket -n 16 -N 16 /afs/enea.it/por/user/piarulli/CRAB/benchmarks/blink/bin/bursty_noise_a2a 0.000001 0.001
[DEBUG]: Node List is: ['cresco8x348', 'cresco8x350', 'cresco8x352', 'cresco8x354', 'cresco8x356', 'cresco8x358', 'cresco8x360', 'cresco8x362', 'cresco8x364', 'cresco8x366', 'cresco8x368', 'cresco8x370', 'cresco8x372', 'cresco8x374', 'cresco8x376', 'cresco8x378']
[DEBUG]: SLURM command is: srun --export=ALL  --nodelist cresco8x348,cresco8x350,cresco8x352,cresco8x354,cresco8x356,cresco8x358,cresco8x360,cresco8x362,cresco8x364,cresco8x366,cresco8x368,cresco8x370,cresco8x372,cresco8x374,cresco8x376,cresco8x378 --cpu-bind=socket -n 16 -N 16 /afs/enea.it/por/user/piarulli/CRAB/benchmarks/blink/bin/a2a_comm_only -msgsize 64 -iter 1000
[DEBUG]: Node List is: ['cresco8x348', 'cresco8x350', 'cresco8x352', 'cresco8x354', 'cresco8x356', 'cresco8x358', 'cresco8x360', 'cresco8x362', 'cresco8x364', 'cresco8x366', 'cresco8x368', 'cresco8x370', 'cresco8x372', 'cresco8x374', 'cresco8x376', 'cresco8x378']
[DEBUG]: SLURM command is: srun --export=ALL  --nodelist cresco8x348,cresco8x350,cresco8x352,cresco8x354,cresco8x356,cresco8x358,cresco8x360,cresco8x362,cresco8x364,cresco8x366,cresco8x368,cresco8x370,cresco8x372,cresco8x374,cresco8x376,cresco8x378 --cpu-bind=socket -n 16 -N 16 /afs/enea.it/por/user/piarulli/CRAB/benchmarks/blink/bin/a2a_comm_only -msgsize 512 -iter 1000
[DEBUG]: Node List is: ['cresco8x348', 'cresco8x350', 'cresco8x352', 'cresco8x354', 'cresco8x356', 'cresco8x358', 'cresco8x360', 'cresco8x362', 'cresco8x364', 'cresco8x366', 'cresco8x368', 'cresco8x370', 'cresco8x372', 'cresco8x374', 'cresco8x376', 'cresco8x378']
[DEBUG]: SLURM command is: srun --export=ALL  --nodelist cresco8x348,cresco8x350,cresco8x352,cresco8x354,cresco8x356,cresco8x358,cresco8x360,cresco8x362,cresco8x364,cresco8x366,cresco8x368,cresco8x370,cresco8x372,cresco8x374,cresco8x376,cresco8x378 --cpu-bind=socket -n 16 -N 16 /afs/enea.it/por/user/piarulli/CRAB/benchmarks/blink/bin/a2a_comm_only -msgsize 4096 -iter 1000
[DEBUG]: Node List is: ['cresco8x348', 'cresco8x350', 'cresco8x352', 'cresco8x354', 'cresco8x356', 'cresco8x358', 'cresco8x360', 'cresco8x362', 'cresco8x364', 'cresco8x366', 'cresco8x368', 'cresco8x370', 'cresco8x372', 'cresco8x374', 'cresco8x376', 'cresco8x378']
[DEBUG]: SLURM command is: srun --export=ALL  --nodelist cresco8x348,cresco8x350,cresco8x352,cresco8x354,cresco8x356,cresco8x358,cresco8x360,cresco8x362,cresco8x364,cresco8x366,cresco8x368,cresco8x370,cresco8x372,cresco8x374,cresco8x376,cresco8x378 --cpu-bind=socket -n 16 -N 16 /afs/enea.it/por/user/piarulli/CRAB/benchmarks/blink/bin/a2a_comm_only -msgsize 32768 -iter 1000
[DEBUG]: Node List is: ['cresco8x348', 'cresco8x350', 'cresco8x352', 'cresco8x354', 'cresco8x356', 'cresco8x358', 'cresco8x360', 'cresco8x362', 'cresco8x364', 'cresco8x366', 'cresco8x368', 'cresco8x370', 'cresco8x372', 'cresco8x374', 'cresco8x376', 'cresco8x378']
[DEBUG]: SLURM command is: srun --export=ALL  --nodelist cresco8x348,cresco8x350,cresco8x352,cresco8x354,cresco8x356,cresco8x358,cresco8x360,cresco8x362,cresco8x364,cresco8x366,cresco8x368,cresco8x370,cresco8x372,cresco8x374,cresco8x376,cresco8x378 --cpu-bind=socket -n 16 -N 16 /afs/enea.it/por/user/piarulli/CRAB/benchmarks/blink/bin/a2a_comm_only -msgsize 262144 -iter 1000
[DEBUG]: Node List is: ['cresco8x348', 'cresco8x350', 'cresco8x352', 'cresco8x354', 'cresco8x356', 'cresco8x358', 'cresco8x360', 'cresco8x362', 'cresco8x364', 'cresco8x366', 'cresco8x368', 'cresco8x370', 'cresco8x372', 'cresco8x374', 'cresco8x376', 'cresco8x378']
[DEBUG]: SLURM command is: srun --export=ALL  --nodelist cresco8x348,cresco8x350,cresco8x352,cresco8x354,cresco8x356,cresco8x358,cresco8x360,cresco8x362,cresco8x364,cresco8x366,cresco8x368,cresco8x370,cresco8x372,cresco8x374,cresco8x376,cresco8x378 --cpu-bind=socket -n 16 -N 16 /afs/enea.it/por/user/piarulli/CRAB/benchmarks/blink/bin/a2a_comm_only -msgsize 2097152 -iter 1000
[DEBUG]: Node List is: ['cresco8x348', 'cresco8x350', 'cresco8x352', 'cresco8x354', 'cresco8x356', 'cresco8x358', 'cresco8x360', 'cresco8x362', 'cresco8x364', 'cresco8x366', 'cresco8x368', 'cresco8x370', 'cresco8x372', 'cresco8x374', 'cresco8x376', 'cresco8x378']
[DEBUG]: SLURM command is: srun --export=ALL  --nodelist cresco8x348,cresco8x350,cresco8x352,cresco8x354,cresco8x356,cresco8x358,cresco8x360,cresco8x362,cresco8x364,cresco8x366,cresco8x368,cresco8x370,cresco8x372,cresco8x374,cresco8x376,cresco8x378 --cpu-bind=socket -n 16 -N 16 /afs/enea.it/por/user/piarulli/CRAB/benchmarks/blink/bin/a2a_comm_only -msgsize 16777216 -iter 1000
Ran 1005 iterations. Measured 1000 iterations.
Ran 1005 iterations. Measured 1000 iterations.
Ran 1005 iterations. Measured 1000 iterations.
Ran 1005 iterations. Measured 1000 iterations.
Ran 1005 iterations. Measured 1000 iterations.
Ran 1005 iterations. Measured 1000 iterations.
Ran 1005 iterations. Measured 1000 iterations.
Ran 1005 iterations. Measured 1000 iterations.
--- [WARNING] App 8 ended with return code -9 ---
--- [INFO] Run 1 completata in 26.1258 secondi ---

Logging data...
Dati per App 0 salvati in: ./data/cresco8/2025-12-16_09-15-19-081607/data_app_0.csv
Dati per App 1 salvati in: ./data/cresco8/2025-12-16_09-15-19-081607/data_app_1.csv
Dati per App 2 salvati in: ./data/cresco8/2025-12-16_09-15-19-081607/data_app_2.csv
Dati per App 3 salvati in: ./data/cresco8/2025-12-16_09-15-19-081607/data_app_3.csv
Dati per App 4 salvati in: ./data/cresco8/2025-12-16_09-15-19-081607/data_app_4.csv
Dati per App 5 salvati in: ./data/cresco8/2025-12-16_09-15-19-081607/data_app_5.csv
Dati per App 6 salvati in: ./data/cresco8/2025-12-16_09-15-19-081607/data_app_6.csv
Dati per App 7 salvati in: ./data/cresco8/2025-12-16_09-15-19-081607/data_app_7.csv
--- [WORKER] Engine run finished. ---
