--- [WORKER MODE DETECTED] Work dir: ./data/lumi/2025-12-17_15-57-07-614854 ---
--- [WORKER] Environment loaded. Starting engine. ---
--- [WORKER] Engine running in WORKER mode. ---
--- [WORKER] Working directory is: ./data/lumi/2025-12-17_15-57-07-614854 ---
--- [WORKER] Allocating nodes provided by SLURM: nid[005476-005480,005615-005622,005813-005818,005890-005899,006130-006134,006338-006347,006376-006380,006386-006390,006614-006621,006885-006886] ---
--- [INFO] Partition 0 (Collect=True): 32 nodes. Rule: '100' ---
--- [INFO] Partition 1 (Collect=False): 32 nodes. Rule: '100' ---

Running Benchmarks...
 Run 1:
[DEBUG]: Node List is: ['nid005476', 'nid005478', 'nid005480', 'nid005616', 'nid005618', 'nid005620', 'nid005622', 'nid005814', 'nid005816', 'nid005818', 'nid005891', 'nid005893', 'nid005895', 'nid005897', 'nid005899', 'nid006131', 'nid006133', 'nid006338', 'nid006340', 'nid006342', 'nid006344', 'nid006346', 'nid006376', 'nid006378', 'nid006380', 'nid006387', 'nid006389', 'nid006614', 'nid006616', 'nid006618', 'nid006620', 'nid006885']
[DEBUG]: SLURM command is: srun --export=ALL  --nodelist nid005476,nid005478,nid005480,nid005616,nid005618,nid005620,nid005622,nid005814,nid005816,nid005818,nid005891,nid005893,nid005895,nid005897,nid005899,nid006131,nid006133,nid006338,nid006340,nid006342,nid006344,nid006346,nid006376,nid006378,nid006380,nid006387,nid006389,nid006614,nid006616,nid006618,nid006620,nid006885 --cpu-bind=socket -n 32 -N 32 /pfs/lustrep4/users/pasqualo/CRAB/benchmarks/blink/bin/a2a_comm_only -msgsize 8 -iter 1000
[DEBUG]: Node List is: ['nid005477', 'nid005479', 'nid005615', 'nid005617', 'nid005619', 'nid005621', 'nid005813', 'nid005815', 'nid005817', 'nid005890', 'nid005892', 'nid005894', 'nid005896', 'nid005898', 'nid006130', 'nid006132', 'nid006134', 'nid006339', 'nid006341', 'nid006343', 'nid006345', 'nid006347', 'nid006377', 'nid006379', 'nid006386', 'nid006388', 'nid006390', 'nid006615', 'nid006617', 'nid006619', 'nid006621', 'nid006886']
[DEBUG]: SLURM command is: srun --export=ALL  --nodelist nid005477,nid005479,nid005615,nid005617,nid005619,nid005621,nid005813,nid005815,nid005817,nid005890,nid005892,nid005894,nid005896,nid005898,nid006130,nid006132,nid006134,nid006339,nid006341,nid006343,nid006345,nid006347,nid006377,nid006379,nid006386,nid006388,nid006390,nid006615,nid006617,nid006619,nid006621,nid006886 --cpu-bind=socket -n 32 -N 32 /pfs/lustrep4/users/pasqualo/CRAB/benchmarks/blink/bin/noise_incast -msgsize 16777216 -iter 100000
[DEBUG]: Node List is: ['nid005476', 'nid005478', 'nid005480', 'nid005616', 'nid005618', 'nid005620', 'nid005622', 'nid005814', 'nid005816', 'nid005818', 'nid005891', 'nid005893', 'nid005895', 'nid005897', 'nid005899', 'nid006131', 'nid006133', 'nid006338', 'nid006340', 'nid006342', 'nid006344', 'nid006346', 'nid006376', 'nid006378', 'nid006380', 'nid006387', 'nid006389', 'nid006614', 'nid006616', 'nid006618', 'nid006620', 'nid006885']
[DEBUG]: SLURM command is: srun --export=ALL  --nodelist nid005476,nid005478,nid005480,nid005616,nid005618,nid005620,nid005622,nid005814,nid005816,nid005818,nid005891,nid005893,nid005895,nid005897,nid005899,nid006131,nid006133,nid006338,nid006340,nid006342,nid006344,nid006346,nid006376,nid006378,nid006380,nid006387,nid006389,nid006614,nid006616,nid006618,nid006620,nid006885 --cpu-bind=socket -n 32 -N 32 /pfs/lustrep4/users/pasqualo/CRAB/benchmarks/blink/bin/a2a_comm_only -msgsize 64 -iter 1000
[DEBUG]: Node List is: ['nid005476', 'nid005478', 'nid005480', 'nid005616', 'nid005618', 'nid005620', 'nid005622', 'nid005814', 'nid005816', 'nid005818', 'nid005891', 'nid005893', 'nid005895', 'nid005897', 'nid005899', 'nid006131', 'nid006133', 'nid006338', 'nid006340', 'nid006342', 'nid006344', 'nid006346', 'nid006376', 'nid006378', 'nid006380', 'nid006387', 'nid006389', 'nid006614', 'nid006616', 'nid006618', 'nid006620', 'nid006885']
[DEBUG]: SLURM command is: srun --export=ALL  --nodelist nid005476,nid005478,nid005480,nid005616,nid005618,nid005620,nid005622,nid005814,nid005816,nid005818,nid005891,nid005893,nid005895,nid005897,nid005899,nid006131,nid006133,nid006338,nid006340,nid006342,nid006344,nid006346,nid006376,nid006378,nid006380,nid006387,nid006389,nid006614,nid006616,nid006618,nid006620,nid006885 --cpu-bind=socket -n 32 -N 32 /pfs/lustrep4/users/pasqualo/CRAB/benchmarks/blink/bin/a2a_comm_only -msgsize 512 -iter 1000
[DEBUG]: Node List is: ['nid005476', 'nid005478', 'nid005480', 'nid005616', 'nid005618', 'nid005620', 'nid005622', 'nid005814', 'nid005816', 'nid005818', 'nid005891', 'nid005893', 'nid005895', 'nid005897', 'nid005899', 'nid006131', 'nid006133', 'nid006338', 'nid006340', 'nid006342', 'nid006344', 'nid006346', 'nid006376', 'nid006378', 'nid006380', 'nid006387', 'nid006389', 'nid006614', 'nid006616', 'nid006618', 'nid006620', 'nid006885']
[DEBUG]: SLURM command is: srun --export=ALL  --nodelist nid005476,nid005478,nid005480,nid005616,nid005618,nid005620,nid005622,nid005814,nid005816,nid005818,nid005891,nid005893,nid005895,nid005897,nid005899,nid006131,nid006133,nid006338,nid006340,nid006342,nid006344,nid006346,nid006376,nid006378,nid006380,nid006387,nid006389,nid006614,nid006616,nid006618,nid006620,nid006885 --cpu-bind=socket -n 32 -N 32 /pfs/lustrep4/users/pasqualo/CRAB/benchmarks/blink/bin/a2a_comm_only -msgsize 4096 -iter 1000
[DEBUG]: Node List is: ['nid005476', 'nid005478', 'nid005480', 'nid005616', 'nid005618', 'nid005620', 'nid005622', 'nid005814', 'nid005816', 'nid005818', 'nid005891', 'nid005893', 'nid005895', 'nid005897', 'nid005899', 'nid006131', 'nid006133', 'nid006338', 'nid006340', 'nid006342', 'nid006344', 'nid006346', 'nid006376', 'nid006378', 'nid006380', 'nid006387', 'nid006389', 'nid006614', 'nid006616', 'nid006618', 'nid006620', 'nid006885']
[DEBUG]: SLURM command is: srun --export=ALL  --nodelist nid005476,nid005478,nid005480,nid005616,nid005618,nid005620,nid005622,nid005814,nid005816,nid005818,nid005891,nid005893,nid005895,nid005897,nid005899,nid006131,nid006133,nid006338,nid006340,nid006342,nid006344,nid006346,nid006376,nid006378,nid006380,nid006387,nid006389,nid006614,nid006616,nid006618,nid006620,nid006885 --cpu-bind=socket -n 32 -N 32 /pfs/lustrep4/users/pasqualo/CRAB/benchmarks/blink/bin/a2a_comm_only -msgsize 32768 -iter 1000
[DEBUG]: Node List is: ['nid005476', 'nid005478', 'nid005480', 'nid005616', 'nid005618', 'nid005620', 'nid005622', 'nid005814', 'nid005816', 'nid005818', 'nid005891', 'nid005893', 'nid005895', 'nid005897', 'nid005899', 'nid006131', 'nid006133', 'nid006338', 'nid006340', 'nid006342', 'nid006344', 'nid006346', 'nid006376', 'nid006378', 'nid006380', 'nid006387', 'nid006389', 'nid006614', 'nid006616', 'nid006618', 'nid006620', 'nid006885']
[DEBUG]: SLURM command is: srun --export=ALL  --nodelist nid005476,nid005478,nid005480,nid005616,nid005618,nid005620,nid005622,nid005814,nid005816,nid005818,nid005891,nid005893,nid005895,nid005897,nid005899,nid006131,nid006133,nid006338,nid006340,nid006342,nid006344,nid006346,nid006376,nid006378,nid006380,nid006387,nid006389,nid006614,nid006616,nid006618,nid006620,nid006885 --cpu-bind=socket -n 32 -N 32 /pfs/lustrep4/users/pasqualo/CRAB/benchmarks/blink/bin/a2a_comm_only -msgsize 262144 -iter 1000
[DEBUG]: Node List is: ['nid005476', 'nid005478', 'nid005480', 'nid005616', 'nid005618', 'nid005620', 'nid005622', 'nid005814', 'nid005816', 'nid005818', 'nid005891', 'nid005893', 'nid005895', 'nid005897', 'nid005899', 'nid006131', 'nid006133', 'nid006338', 'nid006340', 'nid006342', 'nid006344', 'nid006346', 'nid006376', 'nid006378', 'nid006380', 'nid006387', 'nid006389', 'nid006614', 'nid006616', 'nid006618', 'nid006620', 'nid006885']
[DEBUG]: SLURM command is: srun --export=ALL  --nodelist nid005476,nid005478,nid005480,nid005616,nid005618,nid005620,nid005622,nid005814,nid005816,nid005818,nid005891,nid005893,nid005895,nid005897,nid005899,nid006131,nid006133,nid006338,nid006340,nid006342,nid006344,nid006346,nid006376,nid006378,nid006380,nid006387,nid006389,nid006614,nid006616,nid006618,nid006620,nid006885 --cpu-bind=socket -n 32 -N 32 /pfs/lustrep4/users/pasqualo/CRAB/benchmarks/blink/bin/a2a_comm_only -msgsize 2097152 -iter 1000
[DEBUG]: Node List is: ['nid005476', 'nid005478', 'nid005480', 'nid005616', 'nid005618', 'nid005620', 'nid005622', 'nid005814', 'nid005816', 'nid005818', 'nid005891', 'nid005893', 'nid005895', 'nid005897', 'nid005899', 'nid006131', 'nid006133', 'nid006338', 'nid006340', 'nid006342', 'nid006344', 'nid006346', 'nid006376', 'nid006378', 'nid006380', 'nid006387', 'nid006389', 'nid006614', 'nid006616', 'nid006618', 'nid006620', 'nid006885']
[DEBUG]: SLURM command is: srun --export=ALL  --nodelist nid005476,nid005478,nid005480,nid005616,nid005618,nid005620,nid005622,nid005814,nid005816,nid005818,nid005891,nid005893,nid005895,nid005897,nid005899,nid006131,nid006133,nid006338,nid006340,nid006342,nid006344,nid006346,nid006376,nid006378,nid006380,nid006387,nid006389,nid006614,nid006616,nid006618,nid006620,nid006885 --cpu-bind=socket -n 32 -N 32 /pfs/lustrep4/users/pasqualo/CRAB/benchmarks/blink/bin/a2a_comm_only -msgsize 16777216 -iter 1000
Ran 1005 iterations. Measured 1000 iterations.
Ran 1005 iterations. Measured 1000 iterations.
Ran 1005 iterations. Measured 1000 iterations.
Ran 1005 iterations. Measured 1000 iterations.
Ran 1005 iterations. Measured 1000 iterations.

