--- [WORKER MODE DETECTED] Work dir: ./data/leonardo/2025-12-14_20-12-09-578428 ---
--- [WORKER] Environment loaded. Starting engine. ---
--- [WORKER] Engine running in WORKER mode. ---
--- [WORKER] Working directory is: ./data/leonardo/2025-12-14_20-12-09-578428 ---
--- [WORKER] Allocating nodes provided by SLURM: lrdn[0080,0190,0296,0407,0418,0441,0785,0860,0921,1130,1143,1171,1192,1224,1344,1406,1468,1522,1633,1890] ---
--- [INFO] Partition 0 (Collect=True): 10 nodes. Rule: '100' ---
--- [INFO] Partition 1 (Collect=False): 10 nodes. Rule: '100' ---

Running Benchmarks...
 Run 1:
[DEBUG]: Node List is: ['lrdn0080', 'lrdn0296', 'lrdn0418', 'lrdn0785', 'lrdn0921', 'lrdn1143', 'lrdn1192', 'lrdn1344', 'lrdn1468', 'lrdn1633']
[DEBUG]: Detected CRAB_SYSTEM=leonardo. Adding SLURM option: --partition=boost_usr_prod
[DEBUG]: SLURM command is: srun --export=ALL --partition=boost_usr_prod --nodelist lrdn0080,lrdn0296,lrdn0418,lrdn0785,lrdn0921,lrdn1143,lrdn1192,lrdn1344,lrdn1468,lrdn1633 --cpu-bind=socket -n 10 -N 10 /leonardo/home/userexternal/lpiarull/CRAB/benchmarks/blink/bin/agtr_comm_only -msgsize 8 -iter 1000
[DEBUG]: Node List is: ['lrdn0190', 'lrdn0407', 'lrdn0441', 'lrdn0860', 'lrdn1130', 'lrdn1171', 'lrdn1224', 'lrdn1406', 'lrdn1522', 'lrdn1890']
[DEBUG]: Detected CRAB_SYSTEM=leonardo. Adding SLURM option: --partition=boost_usr_prod
[DEBUG]: SLURM command is: srun --export=ALL --partition=boost_usr_prod --nodelist lrdn0190,lrdn0407,lrdn0441,lrdn0860,lrdn1130,lrdn1171,lrdn1224,lrdn1406,lrdn1522,lrdn1890 --cpu-bind=socket -n 10 -N 10 /leonardo/home/userexternal/lpiarull/CRAB/benchmarks/blink/bin/bursty_noise_incast 0.0001 0.1
[DEBUG]: Node List is: ['lrdn0080', 'lrdn0296', 'lrdn0418', 'lrdn0785', 'lrdn0921', 'lrdn1143', 'lrdn1192', 'lrdn1344', 'lrdn1468', 'lrdn1633']
[DEBUG]: Detected CRAB_SYSTEM=leonardo. Adding SLURM option: --partition=boost_usr_prod
[DEBUG]: SLURM command is: srun --export=ALL --partition=boost_usr_prod --nodelist lrdn0080,lrdn0296,lrdn0418,lrdn0785,lrdn0921,lrdn1143,lrdn1192,lrdn1344,lrdn1468,lrdn1633 --cpu-bind=socket -n 10 -N 10 /leonardo/home/userexternal/lpiarull/CRAB/benchmarks/blink/bin/agtr_comm_only -msgsize 64 -iter 1000
[DEBUG]: Node List is: ['lrdn0080', 'lrdn0296', 'lrdn0418', 'lrdn0785', 'lrdn0921', 'lrdn1143', 'lrdn1192', 'lrdn1344', 'lrdn1468', 'lrdn1633']
[DEBUG]: Detected CRAB_SYSTEM=leonardo. Adding SLURM option: --partition=boost_usr_prod
[DEBUG]: SLURM command is: srun --export=ALL --partition=boost_usr_prod --nodelist lrdn0080,lrdn0296,lrdn0418,lrdn0785,lrdn0921,lrdn1143,lrdn1192,lrdn1344,lrdn1468,lrdn1633 --cpu-bind=socket -n 10 -N 10 /leonardo/home/userexternal/lpiarull/CRAB/benchmarks/blink/bin/agtr_comm_only -msgsize 512 -iter 1000
[DEBUG]: Node List is: ['lrdn0080', 'lrdn0296', 'lrdn0418', 'lrdn0785', 'lrdn0921', 'lrdn1143', 'lrdn1192', 'lrdn1344', 'lrdn1468', 'lrdn1633']
[DEBUG]: Detected CRAB_SYSTEM=leonardo. Adding SLURM option: --partition=boost_usr_prod
[DEBUG]: SLURM command is: srun --export=ALL --partition=boost_usr_prod --nodelist lrdn0080,lrdn0296,lrdn0418,lrdn0785,lrdn0921,lrdn1143,lrdn1192,lrdn1344,lrdn1468,lrdn1633 --cpu-bind=socket -n 10 -N 10 /leonardo/home/userexternal/lpiarull/CRAB/benchmarks/blink/bin/agtr_comm_only -msgsize 4096 -iter 1000
[DEBUG]: Node List is: ['lrdn0080', 'lrdn0296', 'lrdn0418', 'lrdn0785', 'lrdn0921', 'lrdn1143', 'lrdn1192', 'lrdn1344', 'lrdn1468', 'lrdn1633']
[DEBUG]: Detected CRAB_SYSTEM=leonardo. Adding SLURM option: --partition=boost_usr_prod
[DEBUG]: SLURM command is: srun --export=ALL --partition=boost_usr_prod --nodelist lrdn0080,lrdn0296,lrdn0418,lrdn0785,lrdn0921,lrdn1143,lrdn1192,lrdn1344,lrdn1468,lrdn1633 --cpu-bind=socket -n 10 -N 10 /leonardo/home/userexternal/lpiarull/CRAB/benchmarks/blink/bin/agtr_comm_only -msgsize 32768 -iter 1000
[DEBUG]: Node List is: ['lrdn0080', 'lrdn0296', 'lrdn0418', 'lrdn0785', 'lrdn0921', 'lrdn1143', 'lrdn1192', 'lrdn1344', 'lrdn1468', 'lrdn1633']
[DEBUG]: Detected CRAB_SYSTEM=leonardo. Adding SLURM option: --partition=boost_usr_prod
[DEBUG]: SLURM command is: srun --export=ALL --partition=boost_usr_prod --nodelist lrdn0080,lrdn0296,lrdn0418,lrdn0785,lrdn0921,lrdn1143,lrdn1192,lrdn1344,lrdn1468,lrdn1633 --cpu-bind=socket -n 10 -N 10 /leonardo/home/userexternal/lpiarull/CRAB/benchmarks/blink/bin/agtr_comm_only -msgsize 262144 -iter 1000
[DEBUG]: Node List is: ['lrdn0080', 'lrdn0296', 'lrdn0418', 'lrdn0785', 'lrdn0921', 'lrdn1143', 'lrdn1192', 'lrdn1344', 'lrdn1468', 'lrdn1633']
[DEBUG]: Detected CRAB_SYSTEM=leonardo. Adding SLURM option: --partition=boost_usr_prod
[DEBUG]: SLURM command is: srun --export=ALL --partition=boost_usr_prod --nodelist lrdn0080,lrdn0296,lrdn0418,lrdn0785,lrdn0921,lrdn1143,lrdn1192,lrdn1344,lrdn1468,lrdn1633 --cpu-bind=socket -n 10 -N 10 /leonardo/home/userexternal/lpiarull/CRAB/benchmarks/blink/bin/agtr_comm_only -msgsize 2097152 -iter 1000
[DEBUG]: Node List is: ['lrdn0080', 'lrdn0296', 'lrdn0418', 'lrdn0785', 'lrdn0921', 'lrdn1143', 'lrdn1192', 'lrdn1344', 'lrdn1468', 'lrdn1633']
[DEBUG]: Detected CRAB_SYSTEM=leonardo. Adding SLURM option: --partition=boost_usr_prod
[DEBUG]: SLURM command is: srun --export=ALL --partition=boost_usr_prod --nodelist lrdn0080,lrdn0296,lrdn0418,lrdn0785,lrdn0921,lrdn1143,lrdn1192,lrdn1344,lrdn1468,lrdn1633 --cpu-bind=socket -n 10 -N 10 /leonardo/home/userexternal/lpiarull/CRAB/benchmarks/blink/bin/agtr_comm_only -msgsize 16777216 -iter 1000
Ran 1005 iterations. Measured 1000 iterations.
Ran 1005 iterations. Measured 1000 iterations.
Ran 1005 iterations. Measured 1000 iterations.
Ran 1005 iterations. Measured 1000 iterations.
Ran 1005 iterations. Measured 1000 iterations.
Ran 1005 iterations. Measured 1000 iterations.
Ran 1005 iterations. Measured 1000 iterations.
Ran 1005 iterations. Measured 1000 iterations.
--- [WARNING] App 8 ended with return code -9 ---
--- [INFO] Run 1 completata in 13.9765 secondi ---

Logging data...
Dati per App 0 salvati in: ./data/leonardo/2025-12-14_20-12-09-578428/data_app_0.csv
Dati per App 1 salvati in: ./data/leonardo/2025-12-14_20-12-09-578428/data_app_1.csv
Dati per App 2 salvati in: ./data/leonardo/2025-12-14_20-12-09-578428/data_app_2.csv
Dati per App 3 salvati in: ./data/leonardo/2025-12-14_20-12-09-578428/data_app_3.csv
Dati per App 4 salvati in: ./data/leonardo/2025-12-14_20-12-09-578428/data_app_4.csv
Dati per App 5 salvati in: ./data/leonardo/2025-12-14_20-12-09-578428/data_app_5.csv
Dati per App 6 salvati in: ./data/leonardo/2025-12-14_20-12-09-578428/data_app_6.csv
Dati per App 7 salvati in: ./data/leonardo/2025-12-14_20-12-09-578428/data_app_7.csv
--- [WORKER] Engine run finished. ---
