--- [WORKER MODE DETECTED] Work dir: ./data/lumi/2025-12-18_15-44-28-869922 ---
--- [WORKER] Environment loaded. Starting engine. ---
--- [WORKER] Engine running in WORKER mode. ---
--- [WORKER] Working directory is: ./data/lumi/2025-12-18_15-44-28-869922 ---
--- [WORKER] Allocating nodes provided by SLURM: nid[005655-005662] ---
--- [INFO] Partition 0 (Collect=True): 4 nodes. Rule: '100' ---
--- [INFO] Partition 1 (Collect=False): 4 nodes. Rule: '100' ---

Running Benchmarks...
 Run 1:
[DEBUG]: Node List is: ['nid005655', 'nid005657', 'nid005659', 'nid005661']
[DEBUG]: SLURM command is: srun --export=ALL  --nodelist nid005655,nid005657,nid005659,nid005661 --cpu-bind=socket -n 4 -N 4 /pfs/lustrep4/users/pasqualo/CRAB/benchmarks/blink/bin/a2a_comm_only -msgsize 8 -iter 1000
[DEBUG]: Node List is: ['nid005656', 'nid005658', 'nid005660', 'nid005662']
[DEBUG]: SLURM command is: srun --export=ALL  --nodelist nid005656,nid005658,nid005660,nid005662 --cpu-bind=socket -n 4 -N 4 /pfs/lustrep4/users/pasqualo/CRAB/benchmarks/blink/bin/noise_incast -msgsize 16777216 -iter 100000
[DEBUG]: Node List is: ['nid005655', 'nid005657', 'nid005659', 'nid005661']
[DEBUG]: SLURM command is: srun --export=ALL  --nodelist nid005655,nid005657,nid005659,nid005661 --cpu-bind=socket -n 4 -N 4 /pfs/lustrep4/users/pasqualo/CRAB/benchmarks/blink/bin/a2a_comm_only -msgsize 64 -iter 1000
[DEBUG]: Node List is: ['nid005655', 'nid005657', 'nid005659', 'nid005661']
[DEBUG]: SLURM command is: srun --export=ALL  --nodelist nid005655,nid005657,nid005659,nid005661 --cpu-bind=socket -n 4 -N 4 /pfs/lustrep4/users/pasqualo/CRAB/benchmarks/blink/bin/a2a_comm_only -msgsize 512 -iter 1000
[DEBUG]: Node List is: ['nid005655', 'nid005657', 'nid005659', 'nid005661']
[DEBUG]: SLURM command is: srun --export=ALL  --nodelist nid005655,nid005657,nid005659,nid005661 --cpu-bind=socket -n 4 -N 4 /pfs/lustrep4/users/pasqualo/CRAB/benchmarks/blink/bin/a2a_comm_only -msgsize 4096 -iter 1000
[DEBUG]: Node List is: ['nid005655', 'nid005657', 'nid005659', 'nid005661']
[DEBUG]: SLURM command is: srun --export=ALL  --nodelist nid005655,nid005657,nid005659,nid005661 --cpu-bind=socket -n 4 -N 4 /pfs/lustrep4/users/pasqualo/CRAB/benchmarks/blink/bin/a2a_comm_only -msgsize 32768 -iter 1000
[DEBUG]: Node List is: ['nid005655', 'nid005657', 'nid005659', 'nid005661']
[DEBUG]: SLURM command is: srun --export=ALL  --nodelist nid005655,nid005657,nid005659,nid005661 --cpu-bind=socket -n 4 -N 4 /pfs/lustrep4/users/pasqualo/CRAB/benchmarks/blink/bin/a2a_comm_only -msgsize 262144 -iter 1000
[DEBUG]: Node List is: ['nid005655', 'nid005657', 'nid005659', 'nid005661']
[DEBUG]: SLURM command is: srun --export=ALL  --nodelist nid005655,nid005657,nid005659,nid005661 --cpu-bind=socket -n 4 -N 4 /pfs/lustrep4/users/pasqualo/CRAB/benchmarks/blink/bin/a2a_comm_only -msgsize 2097152 -iter 1000
[DEBUG]: Node List is: ['nid005655', 'nid005657', 'nid005659', 'nid005661']
[DEBUG]: SLURM command is: srun --export=ALL  --nodelist nid005655,nid005657,nid005659,nid005661 --cpu-bind=socket -n 4 -N 4 /pfs/lustrep4/users/pasqualo/CRAB/benchmarks/blink/bin/a2a_comm_only -msgsize 16777216 -iter 1000
--- [WARNING] App 8 ended with return code -9 ---
--- [INFO] Run 1 completata in 12.0590 secondi ---

Logging data...
Dati per App 0 salvati in: ./data/lumi/2025-12-18_15-44-28-869922/data_app_0.csv
Dati per App 1 salvati in: ./data/lumi/2025-12-18_15-44-28-869922/data_app_1.csv
Dati per App 2 salvati in: ./data/lumi/2025-12-18_15-44-28-869922/data_app_2.csv
Dati per App 3 salvati in: ./data/lumi/2025-12-18_15-44-28-869922/data_app_3.csv
Dati per App 4 salvati in: ./data/lumi/2025-12-18_15-44-28-869922/data_app_4.csv
Dati per App 5 salvati in: ./data/lumi/2025-12-18_15-44-28-869922/data_app_5.csv
Dati per App 6 salvati in: ./data/lumi/2025-12-18_15-44-28-869922/data_app_6.csv
Dati per App 7 salvati in: ./data/lumi/2025-12-18_15-44-28-869922/data_app_7.csv
--- [WORKER] Engine run finished. ---
