--- [WORKER MODE DETECTED] Work dir: ./data/lumi/2025-12-19_20-47-41-900318 ---
--- [WORKER] Environment loaded. Starting engine. ---
--- [WORKER] Engine running in WORKER mode. ---
--- [WORKER] Working directory is: ./data/lumi/2025-12-19_20-47-41-900318 ---
--- [WORKER] Allocating nodes provided by SLURM: nid[005955-005969,006121-006169] ---
--- [INFO] Partition 0 (Collect=True): 32 nodes. Rule: '100' ---
--- [INFO] Partition 1 (Collect=False): 32 nodes. Rule: '100' ---

Running Benchmarks...
 Run 1:
[DEBUG]: Node List is: ['nid005955', 'nid005957', 'nid005959', 'nid005961', 'nid005963', 'nid005965', 'nid005967', 'nid005969', 'nid006122', 'nid006124', 'nid006126', 'nid006128', 'nid006130', 'nid006132', 'nid006134', 'nid006136', 'nid006138', 'nid006140', 'nid006142', 'nid006144', 'nid006146', 'nid006148', 'nid006150', 'nid006152', 'nid006154', 'nid006156', 'nid006158', 'nid006160', 'nid006162', 'nid006164', 'nid006166', 'nid006168']
[DEBUG]: SLURM command is: srun --export=ALL  --nodelist nid005955,nid005957,nid005959,nid005961,nid005963,nid005965,nid005967,nid005969,nid006122,nid006124,nid006126,nid006128,nid006130,nid006132,nid006134,nid006136,nid006138,nid006140,nid006142,nid006144,nid006146,nid006148,nid006150,nid006152,nid006154,nid006156,nid006158,nid006160,nid006162,nid006164,nid006166,nid006168 --cpu-bind=socket -n 32 -N 32 /pfs/lustrep4/users/pasqualo/CRAB/benchmarks/blink/bin/agtr_comm_only -msgsize 8 -iter 1000
[DEBUG]: Node List is: ['nid005956', 'nid005958', 'nid005960', 'nid005962', 'nid005964', 'nid005966', 'nid005968', 'nid006121', 'nid006123', 'nid006125', 'nid006127', 'nid006129', 'nid006131', 'nid006133', 'nid006135', 'nid006137', 'nid006139', 'nid006141', 'nid006143', 'nid006145', 'nid006147', 'nid006149', 'nid006151', 'nid006153', 'nid006155', 'nid006157', 'nid006159', 'nid006161', 'nid006163', 'nid006165', 'nid006167', 'nid006169']
[DEBUG]: SLURM command is: srun --export=ALL  --nodelist nid005956,nid005958,nid005960,nid005962,nid005964,nid005966,nid005968,nid006121,nid006123,nid006125,nid006127,nid006129,nid006131,nid006133,nid006135,nid006137,nid006139,nid006141,nid006143,nid006145,nid006147,nid006149,nid006151,nid006153,nid006155,nid006157,nid006159,nid006161,nid006163,nid006165,nid006167,nid006169 --cpu-bind=socket -n 32 -N 32 /pfs/lustrep4/users/pasqualo/CRAB/benchmarks/blink/bin/bursty_noise_incast 0.01 0.01
[DEBUG]: Node List is: ['nid005955', 'nid005957', 'nid005959', 'nid005961', 'nid005963', 'nid005965', 'nid005967', 'nid005969', 'nid006122', 'nid006124', 'nid006126', 'nid006128', 'nid006130', 'nid006132', 'nid006134', 'nid006136', 'nid006138', 'nid006140', 'nid006142', 'nid006144', 'nid006146', 'nid006148', 'nid006150', 'nid006152', 'nid006154', 'nid006156', 'nid006158', 'nid006160', 'nid006162', 'nid006164', 'nid006166', 'nid006168']
[DEBUG]: SLURM command is: srun --export=ALL  --nodelist nid005955,nid005957,nid005959,nid005961,nid005963,nid005965,nid005967,nid005969,nid006122,nid006124,nid006126,nid006128,nid006130,nid006132,nid006134,nid006136,nid006138,nid006140,nid006142,nid006144,nid006146,nid006148,nid006150,nid006152,nid006154,nid006156,nid006158,nid006160,nid006162,nid006164,nid006166,nid006168 --cpu-bind=socket -n 32 -N 32 /pfs/lustrep4/users/pasqualo/CRAB/benchmarks/blink/bin/agtr_comm_only -msgsize 64 -iter 1000
[DEBUG]: Node List is: ['nid005955', 'nid005957', 'nid005959', 'nid005961', 'nid005963', 'nid005965', 'nid005967', 'nid005969', 'nid006122', 'nid006124', 'nid006126', 'nid006128', 'nid006130', 'nid006132', 'nid006134', 'nid006136', 'nid006138', 'nid006140', 'nid006142', 'nid006144', 'nid006146', 'nid006148', 'nid006150', 'nid006152', 'nid006154', 'nid006156', 'nid006158', 'nid006160', 'nid006162', 'nid006164', 'nid006166', 'nid006168']
[DEBUG]: SLURM command is: srun --export=ALL  --nodelist nid005955,nid005957,nid005959,nid005961,nid005963,nid005965,nid005967,nid005969,nid006122,nid006124,nid006126,nid006128,nid006130,nid006132,nid006134,nid006136,nid006138,nid006140,nid006142,nid006144,nid006146,nid006148,nid006150,nid006152,nid006154,nid006156,nid006158,nid006160,nid006162,nid006164,nid006166,nid006168 --cpu-bind=socket -n 32 -N 32 /pfs/lustrep4/users/pasqualo/CRAB/benchmarks/blink/bin/agtr_comm_only -msgsize 512 -iter 1000
[DEBUG]: Node List is: ['nid005955', 'nid005957', 'nid005959', 'nid005961', 'nid005963', 'nid005965', 'nid005967', 'nid005969', 'nid006122', 'nid006124', 'nid006126', 'nid006128', 'nid006130', 'nid006132', 'nid006134', 'nid006136', 'nid006138', 'nid006140', 'nid006142', 'nid006144', 'nid006146', 'nid006148', 'nid006150', 'nid006152', 'nid006154', 'nid006156', 'nid006158', 'nid006160', 'nid006162', 'nid006164', 'nid006166', 'nid006168']
[DEBUG]: SLURM command is: srun --export=ALL  --nodelist nid005955,nid005957,nid005959,nid005961,nid005963,nid005965,nid005967,nid005969,nid006122,nid006124,nid006126,nid006128,nid006130,nid006132,nid006134,nid006136,nid006138,nid006140,nid006142,nid006144,nid006146,nid006148,nid006150,nid006152,nid006154,nid006156,nid006158,nid006160,nid006162,nid006164,nid006166,nid006168 --cpu-bind=socket -n 32 -N 32 /pfs/lustrep4/users/pasqualo/CRAB/benchmarks/blink/bin/agtr_comm_only -msgsize 4096 -iter 1000
[DEBUG]: Node List is: ['nid005955', 'nid005957', 'nid005959', 'nid005961', 'nid005963', 'nid005965', 'nid005967', 'nid005969', 'nid006122', 'nid006124', 'nid006126', 'nid006128', 'nid006130', 'nid006132', 'nid006134', 'nid006136', 'nid006138', 'nid006140', 'nid006142', 'nid006144', 'nid006146', 'nid006148', 'nid006150', 'nid006152', 'nid006154', 'nid006156', 'nid006158', 'nid006160', 'nid006162', 'nid006164', 'nid006166', 'nid006168']
[DEBUG]: SLURM command is: srun --export=ALL  --nodelist nid005955,nid005957,nid005959,nid005961,nid005963,nid005965,nid005967,nid005969,nid006122,nid006124,nid006126,nid006128,nid006130,nid006132,nid006134,nid006136,nid006138,nid006140,nid006142,nid006144,nid006146,nid006148,nid006150,nid006152,nid006154,nid006156,nid006158,nid006160,nid006162,nid006164,nid006166,nid006168 --cpu-bind=socket -n 32 -N 32 /pfs/lustrep4/users/pasqualo/CRAB/benchmarks/blink/bin/agtr_comm_only -msgsize 32768 -iter 1000
[DEBUG]: Node List is: ['nid005955', 'nid005957', 'nid005959', 'nid005961', 'nid005963', 'nid005965', 'nid005967', 'nid005969', 'nid006122', 'nid006124', 'nid006126', 'nid006128', 'nid006130', 'nid006132', 'nid006134', 'nid006136', 'nid006138', 'nid006140', 'nid006142', 'nid006144', 'nid006146', 'nid006148', 'nid006150', 'nid006152', 'nid006154', 'nid006156', 'nid006158', 'nid006160', 'nid006162', 'nid006164', 'nid006166', 'nid006168']
[DEBUG]: SLURM command is: srun --export=ALL  --nodelist nid005955,nid005957,nid005959,nid005961,nid005963,nid005965,nid005967,nid005969,nid006122,nid006124,nid006126,nid006128,nid006130,nid006132,nid006134,nid006136,nid006138,nid006140,nid006142,nid006144,nid006146,nid006148,nid006150,nid006152,nid006154,nid006156,nid006158,nid006160,nid006162,nid006164,nid006166,nid006168 --cpu-bind=socket -n 32 -N 32 /pfs/lustrep4/users/pasqualo/CRAB/benchmarks/blink/bin/agtr_comm_only -msgsize 262144 -iter 1000
[DEBUG]: Node List is: ['nid005955', 'nid005957', 'nid005959', 'nid005961', 'nid005963', 'nid005965', 'nid005967', 'nid005969', 'nid006122', 'nid006124', 'nid006126', 'nid006128', 'nid006130', 'nid006132', 'nid006134', 'nid006136', 'nid006138', 'nid006140', 'nid006142', 'nid006144', 'nid006146', 'nid006148', 'nid006150', 'nid006152', 'nid006154', 'nid006156', 'nid006158', 'nid006160', 'nid006162', 'nid006164', 'nid006166', 'nid006168']
[DEBUG]: SLURM command is: srun --export=ALL  --nodelist nid005955,nid005957,nid005959,nid005961,nid005963,nid005965,nid005967,nid005969,nid006122,nid006124,nid006126,nid006128,nid006130,nid006132,nid006134,nid006136,nid006138,nid006140,nid006142,nid006144,nid006146,nid006148,nid006150,nid006152,nid006154,nid006156,nid006158,nid006160,nid006162,nid006164,nid006166,nid006168 --cpu-bind=socket -n 32 -N 32 /pfs/lustrep4/users/pasqualo/CRAB/benchmarks/blink/bin/agtr_comm_only -msgsize 2097152 -iter 1000
[DEBUG]: Node List is: ['nid005955', 'nid005957', 'nid005959', 'nid005961', 'nid005963', 'nid005965', 'nid005967', 'nid005969', 'nid006122', 'nid006124', 'nid006126', 'nid006128', 'nid006130', 'nid006132', 'nid006134', 'nid006136', 'nid006138', 'nid006140', 'nid006142', 'nid006144', 'nid006146', 'nid006148', 'nid006150', 'nid006152', 'nid006154', 'nid006156', 'nid006158', 'nid006160', 'nid006162', 'nid006164', 'nid006166', 'nid006168']
[DEBUG]: SLURM command is: srun --export=ALL  --nodelist nid005955,nid005957,nid005959,nid005961,nid005963,nid005965,nid005967,nid005969,nid006122,nid006124,nid006126,nid006128,nid006130,nid006132,nid006134,nid006136,nid006138,nid006140,nid006142,nid006144,nid006146,nid006148,nid006150,nid006152,nid006154,nid006156,nid006158,nid006160,nid006162,nid006164,nid006166,nid006168 --cpu-bind=socket -n 32 -N 32 /pfs/lustrep4/users/pasqualo/CRAB/benchmarks/blink/bin/agtr_comm_only -msgsize 16777216 -iter 1000
--- [WARNING] App 8 ended with return code -9 ---
--- [INFO] Run 1 completata in 10.6577 secondi ---

Logging data...
Dati per App 0 salvati in: ./data/lumi/2025-12-19_20-47-41-900318/data_app_0.csv
Dati per App 1 salvati in: ./data/lumi/2025-12-19_20-47-41-900318/data_app_1.csv
Dati per App 2 salvati in: ./data/lumi/2025-12-19_20-47-41-900318/data_app_2.csv
Dati per App 3 salvati in: ./data/lumi/2025-12-19_20-47-41-900318/data_app_3.csv
Dati per App 4 salvati in: ./data/lumi/2025-12-19_20-47-41-900318/data_app_4.csv
Dati per App 5 salvati in: ./data/lumi/2025-12-19_20-47-41-900318/data_app_5.csv
Dati per App 6 salvati in: ./data/lumi/2025-12-19_20-47-41-900318/data_app_6.csv
Dati per App 7 salvati in: ./data/lumi/2025-12-19_20-47-41-900318/data_app_7.csv
--- [WORKER] Engine run finished. ---
