--- [WORKER MODE DETECTED] Work dir: ./data/leonardo/2025-12-15_13-35-23-407809 ---
--- [WORKER] Environment loaded. Starting engine. ---
--- [WORKER] Engine running in WORKER mode. ---
--- [WORKER] Working directory is: ./data/leonardo/2025-12-15_13-35-23-407809 ---
--- [WORKER] Allocating nodes provided by SLURM: lrdn[0062,0069,0093,0101,0121,0137,0176,0194,0206,0249,0253,0286,0314,0368,0387,0398] ---
--- [INFO] Partition 0 (Collect=True): 8 nodes. Rule: '100' ---
--- [INFO] Partition 1 (Collect=False): 8 nodes. Rule: '100' ---

Running Benchmarks...
 Run 1:
[DEBUG]: Node List is: ['lrdn0062', 'lrdn0093', 'lrdn0121', 'lrdn0176', 'lrdn0206', 'lrdn0253', 'lrdn0314', 'lrdn0387']
[DEBUG]: Detected CRAB_SYSTEM=leonardo. Adding SLURM option: --partition=boost_usr_prod
[DEBUG]: SLURM command is: srun --export=ALL --partition=boost_usr_prod --nodelist lrdn0062,lrdn0093,lrdn0121,lrdn0176,lrdn0206,lrdn0253,lrdn0314,lrdn0387 --cpu-bind=socket -n 8 -N 8 /leonardo/home/userexternal/lpiarull/CRAB/benchmarks/blink/bin/a2a_comm_only -msgsize 8 -iter 1000
[DEBUG]: Node List is: ['lrdn0069', 'lrdn0101', 'lrdn0137', 'lrdn0194', 'lrdn0249', 'lrdn0286', 'lrdn0368', 'lrdn0398']
[DEBUG]: Detected CRAB_SYSTEM=leonardo. Adding SLURM option: --partition=boost_usr_prod
[DEBUG]: SLURM command is: srun --export=ALL --partition=boost_usr_prod --nodelist lrdn0069,lrdn0101,lrdn0137,lrdn0194,lrdn0249,lrdn0286,lrdn0368,lrdn0398 --cpu-bind=socket -n 8 -N 8 /leonardo/home/userexternal/lpiarull/CRAB/benchmarks/blink/bin/noise_incast
[DEBUG]: Node List is: ['lrdn0062', 'lrdn0093', 'lrdn0121', 'lrdn0176', 'lrdn0206', 'lrdn0253', 'lrdn0314', 'lrdn0387']
[DEBUG]: Detected CRAB_SYSTEM=leonardo. Adding SLURM option: --partition=boost_usr_prod
[DEBUG]: SLURM command is: srun --export=ALL --partition=boost_usr_prod --nodelist lrdn0062,lrdn0093,lrdn0121,lrdn0176,lrdn0206,lrdn0253,lrdn0314,lrdn0387 --cpu-bind=socket -n 8 -N 8 /leonardo/home/userexternal/lpiarull/CRAB/benchmarks/blink/bin/a2a_comm_only -msgsize 64 -iter 1000
[DEBUG]: Node List is: ['lrdn0062', 'lrdn0093', 'lrdn0121', 'lrdn0176', 'lrdn0206', 'lrdn0253', 'lrdn0314', 'lrdn0387']
[DEBUG]: Detected CRAB_SYSTEM=leonardo. Adding SLURM option: --partition=boost_usr_prod
[DEBUG]: SLURM command is: srun --export=ALL --partition=boost_usr_prod --nodelist lrdn0062,lrdn0093,lrdn0121,lrdn0176,lrdn0206,lrdn0253,lrdn0314,lrdn0387 --cpu-bind=socket -n 8 -N 8 /leonardo/home/userexternal/lpiarull/CRAB/benchmarks/blink/bin/a2a_comm_only -msgsize 512 -iter 1000
[DEBUG]: Node List is: ['lrdn0062', 'lrdn0093', 'lrdn0121', 'lrdn0176', 'lrdn0206', 'lrdn0253', 'lrdn0314', 'lrdn0387']
[DEBUG]: Detected CRAB_SYSTEM=leonardo. Adding SLURM option: --partition=boost_usr_prod
[DEBUG]: SLURM command is: srun --export=ALL --partition=boost_usr_prod --nodelist lrdn0062,lrdn0093,lrdn0121,lrdn0176,lrdn0206,lrdn0253,lrdn0314,lrdn0387 --cpu-bind=socket -n 8 -N 8 /leonardo/home/userexternal/lpiarull/CRAB/benchmarks/blink/bin/a2a_comm_only -msgsize 4096 -iter 1000
[DEBUG]: Node List is: ['lrdn0062', 'lrdn0093', 'lrdn0121', 'lrdn0176', 'lrdn0206', 'lrdn0253', 'lrdn0314', 'lrdn0387']
[DEBUG]: Detected CRAB_SYSTEM=leonardo. Adding SLURM option: --partition=boost_usr_prod
[DEBUG]: SLURM command is: srun --export=ALL --partition=boost_usr_prod --nodelist lrdn0062,lrdn0093,lrdn0121,lrdn0176,lrdn0206,lrdn0253,lrdn0314,lrdn0387 --cpu-bind=socket -n 8 -N 8 /leonardo/home/userexternal/lpiarull/CRAB/benchmarks/blink/bin/a2a_comm_only -msgsize 32768 -iter 1000
[DEBUG]: Node List is: ['lrdn0062', 'lrdn0093', 'lrdn0121', 'lrdn0176', 'lrdn0206', 'lrdn0253', 'lrdn0314', 'lrdn0387']
[DEBUG]: Detected CRAB_SYSTEM=leonardo. Adding SLURM option: --partition=boost_usr_prod
[DEBUG]: SLURM command is: srun --export=ALL --partition=boost_usr_prod --nodelist lrdn0062,lrdn0093,lrdn0121,lrdn0176,lrdn0206,lrdn0253,lrdn0314,lrdn0387 --cpu-bind=socket -n 8 -N 8 /leonardo/home/userexternal/lpiarull/CRAB/benchmarks/blink/bin/a2a_comm_only -msgsize 262144 -iter 1000
[DEBUG]: Node List is: ['lrdn0062', 'lrdn0093', 'lrdn0121', 'lrdn0176', 'lrdn0206', 'lrdn0253', 'lrdn0314', 'lrdn0387']
[DEBUG]: Detected CRAB_SYSTEM=leonardo. Adding SLURM option: --partition=boost_usr_prod
[DEBUG]: SLURM command is: srun --export=ALL --partition=boost_usr_prod --nodelist lrdn0062,lrdn0093,lrdn0121,lrdn0176,lrdn0206,lrdn0253,lrdn0314,lrdn0387 --cpu-bind=socket -n 8 -N 8 /leonardo/home/userexternal/lpiarull/CRAB/benchmarks/blink/bin/a2a_comm_only -msgsize 2097152 -iter 1000
[DEBUG]: Node List is: ['lrdn0062', 'lrdn0093', 'lrdn0121', 'lrdn0176', 'lrdn0206', 'lrdn0253', 'lrdn0314', 'lrdn0387']
[DEBUG]: Detected CRAB_SYSTEM=leonardo. Adding SLURM option: --partition=boost_usr_prod
[DEBUG]: SLURM command is: srun --export=ALL --partition=boost_usr_prod --nodelist lrdn0062,lrdn0093,lrdn0121,lrdn0176,lrdn0206,lrdn0253,lrdn0314,lrdn0387 --cpu-bind=socket -n 8 -N 8 /leonardo/home/userexternal/lpiarull/CRAB/benchmarks/blink/bin/a2a_comm_only -msgsize 16777216 -iter 1000
Ran 1005 iterations. Measured 1000 iterations.
Ran 1005 iterations. Measured 1000 iterations.
Ran 1005 iterations. Measured 1000 iterations.
Ran 1005 iterations. Measured 1000 iterations.
Ran 1005 iterations. Measured 1000 iterations.
Ran 1005 iterations. Measured 1000 iterations.
Ran 1005 iterations. Measured 1000 iterations.
Ran 1005 iterations. Measured 1000 iterations.
--- [WARNING] App 8 ended with return code -9 ---
--- [INFO] Run 1 completata in 23.2694 secondi ---

Logging data...
Dati per App 0 salvati in: ./data/leonardo/2025-12-15_13-35-23-407809/data_app_0.csv
Dati per App 1 salvati in: ./data/leonardo/2025-12-15_13-35-23-407809/data_app_1.csv
Dati per App 2 salvati in: ./data/leonardo/2025-12-15_13-35-23-407809/data_app_2.csv
Dati per App 3 salvati in: ./data/leonardo/2025-12-15_13-35-23-407809/data_app_3.csv
Dati per App 4 salvati in: ./data/leonardo/2025-12-15_13-35-23-407809/data_app_4.csv
Dati per App 5 salvati in: ./data/leonardo/2025-12-15_13-35-23-407809/data_app_5.csv
Dati per App 6 salvati in: ./data/leonardo/2025-12-15_13-35-23-407809/data_app_6.csv
Dati per App 7 salvati in: ./data/leonardo/2025-12-15_13-35-23-407809/data_app_7.csv
--- [WORKER] Engine run finished. ---
