--- [WORKER MODE DETECTED] Work dir: ./data/leonardo/2025-12-14_20-12-37-484967 ---
--- [WORKER] Environment loaded. Starting engine. ---
--- [WORKER] Engine running in WORKER mode. ---
--- [WORKER] Working directory is: ./data/leonardo/2025-12-14_20-12-37-484967 ---
--- [WORKER] Allocating nodes provided by SLURM: lrdn[1529,1551,1674,1999,2002,2035,2046,2074,2090-2091,2332,2414-2415,2448,2463,2510,2591,2594,2627,3110] ---
--- [INFO] Partition 0 (Collect=True): 10 nodes. Rule: '100' ---
--- [INFO] Partition 1 (Collect=False): 10 nodes. Rule: '100' ---

Running Benchmarks...
 Run 1:
[DEBUG]: Node List is: ['lrdn1529', 'lrdn1674', 'lrdn2002', 'lrdn2046', 'lrdn2090', 'lrdn2332', 'lrdn2415', 'lrdn2463', 'lrdn2591', 'lrdn2627']
[DEBUG]: Detected CRAB_SYSTEM=leonardo. Adding SLURM option: --partition=boost_usr_prod
[DEBUG]: SLURM command is: srun --export=ALL --partition=boost_usr_prod --nodelist lrdn1529,lrdn1674,lrdn2002,lrdn2046,lrdn2090,lrdn2332,lrdn2415,lrdn2463,lrdn2591,lrdn2627 --cpu-bind=socket -n 10 -N 10 /leonardo/home/userexternal/lpiarull/CRAB/benchmarks/blink/bin/a2a_comm_only -msgsize 8 -iter 1000
[DEBUG]: Node List is: ['lrdn1551', 'lrdn1999', 'lrdn2035', 'lrdn2074', 'lrdn2091', 'lrdn2414', 'lrdn2448', 'lrdn2510', 'lrdn2594', 'lrdn3110']
[DEBUG]: Detected CRAB_SYSTEM=leonardo. Adding SLURM option: --partition=boost_usr_prod
[DEBUG]: SLURM command is: srun --export=ALL --partition=boost_usr_prod --nodelist lrdn1551,lrdn1999,lrdn2035,lrdn2074,lrdn2091,lrdn2414,lrdn2448,lrdn2510,lrdn2594,lrdn3110 --cpu-bind=socket -n 10 -N 10 /leonardo/home/userexternal/lpiarull/CRAB/benchmarks/blink/bin/bursty_noise_a2a 0.000001 0.001
[DEBUG]: Node List is: ['lrdn1529', 'lrdn1674', 'lrdn2002', 'lrdn2046', 'lrdn2090', 'lrdn2332', 'lrdn2415', 'lrdn2463', 'lrdn2591', 'lrdn2627']
[DEBUG]: Detected CRAB_SYSTEM=leonardo. Adding SLURM option: --partition=boost_usr_prod
[DEBUG]: SLURM command is: srun --export=ALL --partition=boost_usr_prod --nodelist lrdn1529,lrdn1674,lrdn2002,lrdn2046,lrdn2090,lrdn2332,lrdn2415,lrdn2463,lrdn2591,lrdn2627 --cpu-bind=socket -n 10 -N 10 /leonardo/home/userexternal/lpiarull/CRAB/benchmarks/blink/bin/a2a_comm_only -msgsize 64 -iter 1000
[DEBUG]: Node List is: ['lrdn1529', 'lrdn1674', 'lrdn2002', 'lrdn2046', 'lrdn2090', 'lrdn2332', 'lrdn2415', 'lrdn2463', 'lrdn2591', 'lrdn2627']
[DEBUG]: Detected CRAB_SYSTEM=leonardo. Adding SLURM option: --partition=boost_usr_prod
[DEBUG]: SLURM command is: srun --export=ALL --partition=boost_usr_prod --nodelist lrdn1529,lrdn1674,lrdn2002,lrdn2046,lrdn2090,lrdn2332,lrdn2415,lrdn2463,lrdn2591,lrdn2627 --cpu-bind=socket -n 10 -N 10 /leonardo/home/userexternal/lpiarull/CRAB/benchmarks/blink/bin/a2a_comm_only -msgsize 512 -iter 1000
[DEBUG]: Node List is: ['lrdn1529', 'lrdn1674', 'lrdn2002', 'lrdn2046', 'lrdn2090', 'lrdn2332', 'lrdn2415', 'lrdn2463', 'lrdn2591', 'lrdn2627']
[DEBUG]: Detected CRAB_SYSTEM=leonardo. Adding SLURM option: --partition=boost_usr_prod
[DEBUG]: SLURM command is: srun --export=ALL --partition=boost_usr_prod --nodelist lrdn1529,lrdn1674,lrdn2002,lrdn2046,lrdn2090,lrdn2332,lrdn2415,lrdn2463,lrdn2591,lrdn2627 --cpu-bind=socket -n 10 -N 10 /leonardo/home/userexternal/lpiarull/CRAB/benchmarks/blink/bin/a2a_comm_only -msgsize 4096 -iter 1000
[DEBUG]: Node List is: ['lrdn1529', 'lrdn1674', 'lrdn2002', 'lrdn2046', 'lrdn2090', 'lrdn2332', 'lrdn2415', 'lrdn2463', 'lrdn2591', 'lrdn2627']
[DEBUG]: Detected CRAB_SYSTEM=leonardo. Adding SLURM option: --partition=boost_usr_prod
[DEBUG]: SLURM command is: srun --export=ALL --partition=boost_usr_prod --nodelist lrdn1529,lrdn1674,lrdn2002,lrdn2046,lrdn2090,lrdn2332,lrdn2415,lrdn2463,lrdn2591,lrdn2627 --cpu-bind=socket -n 10 -N 10 /leonardo/home/userexternal/lpiarull/CRAB/benchmarks/blink/bin/a2a_comm_only -msgsize 32768 -iter 1000
[DEBUG]: Node List is: ['lrdn1529', 'lrdn1674', 'lrdn2002', 'lrdn2046', 'lrdn2090', 'lrdn2332', 'lrdn2415', 'lrdn2463', 'lrdn2591', 'lrdn2627']
[DEBUG]: Detected CRAB_SYSTEM=leonardo. Adding SLURM option: --partition=boost_usr_prod
[DEBUG]: SLURM command is: srun --export=ALL --partition=boost_usr_prod --nodelist lrdn1529,lrdn1674,lrdn2002,lrdn2046,lrdn2090,lrdn2332,lrdn2415,lrdn2463,lrdn2591,lrdn2627 --cpu-bind=socket -n 10 -N 10 /leonardo/home/userexternal/lpiarull/CRAB/benchmarks/blink/bin/a2a_comm_only -msgsize 262144 -iter 1000
[DEBUG]: Node List is: ['lrdn1529', 'lrdn1674', 'lrdn2002', 'lrdn2046', 'lrdn2090', 'lrdn2332', 'lrdn2415', 'lrdn2463', 'lrdn2591', 'lrdn2627']
[DEBUG]: Detected CRAB_SYSTEM=leonardo. Adding SLURM option: --partition=boost_usr_prod
[DEBUG]: SLURM command is: srun --export=ALL --partition=boost_usr_prod --nodelist lrdn1529,lrdn1674,lrdn2002,lrdn2046,lrdn2090,lrdn2332,lrdn2415,lrdn2463,lrdn2591,lrdn2627 --cpu-bind=socket -n 10 -N 10 /leonardo/home/userexternal/lpiarull/CRAB/benchmarks/blink/bin/a2a_comm_only -msgsize 2097152 -iter 1000
[DEBUG]: Node List is: ['lrdn1529', 'lrdn1674', 'lrdn2002', 'lrdn2046', 'lrdn2090', 'lrdn2332', 'lrdn2415', 'lrdn2463', 'lrdn2591', 'lrdn2627']
[DEBUG]: Detected CRAB_SYSTEM=leonardo. Adding SLURM option: --partition=boost_usr_prod
[DEBUG]: SLURM command is: srun --export=ALL --partition=boost_usr_prod --nodelist lrdn1529,lrdn1674,lrdn2002,lrdn2046,lrdn2090,lrdn2332,lrdn2415,lrdn2463,lrdn2591,lrdn2627 --cpu-bind=socket -n 10 -N 10 /leonardo/home/userexternal/lpiarull/CRAB/benchmarks/blink/bin/a2a_comm_only -msgsize 16777216 -iter 1000
Ran 1005 iterations. Measured 1000 iterations.
Ran 1005 iterations. Measured 1000 iterations.
Ran 1005 iterations. Measured 1000 iterations.
Ran 1005 iterations. Measured 1000 iterations.
Ran 1005 iterations. Measured 1000 iterations.
Ran 1005 iterations. Measured 1000 iterations.
Ran 1005 iterations. Measured 1000 iterations.
Ran 1005 iterations. Measured 1000 iterations.
--- [WARNING] App 8 ended with return code -9 ---
--- [INFO] Run 1 completata in 20.7044 secondi ---

Logging data...
Dati per App 0 salvati in: ./data/leonardo/2025-12-14_20-12-37-484967/data_app_0.csv
Dati per App 1 salvati in: ./data/leonardo/2025-12-14_20-12-37-484967/data_app_1.csv
Dati per App 2 salvati in: ./data/leonardo/2025-12-14_20-12-37-484967/data_app_2.csv
Dati per App 3 salvati in: ./data/leonardo/2025-12-14_20-12-37-484967/data_app_3.csv
Dati per App 4 salvati in: ./data/leonardo/2025-12-14_20-12-37-484967/data_app_4.csv
Dati per App 5 salvati in: ./data/leonardo/2025-12-14_20-12-37-484967/data_app_5.csv
Dati per App 6 salvati in: ./data/leonardo/2025-12-14_20-12-37-484967/data_app_6.csv
Dati per App 7 salvati in: ./data/leonardo/2025-12-14_20-12-37-484967/data_app_7.csv
--- [WORKER] Engine run finished. ---
