--- [WORKER MODE DETECTED] Work dir: ./data/lumi/2025-12-18_15-44-41-637565 ---
--- [WORKER] Environment loaded. Starting engine. ---
--- [WORKER] Engine running in WORKER mode. ---
--- [WORKER] Working directory is: ./data/lumi/2025-12-18_15-44-41-637565 ---
--- [WORKER] Allocating nodes provided by SLURM: nid[006715-006730] ---
--- [INFO] Partition 0 (Collect=True): 8 nodes. Rule: '100' ---
--- [INFO] Partition 1 (Collect=False): 8 nodes. Rule: '100' ---

Running Benchmarks...
 Run 1:
[DEBUG]: Node List is: ['nid006715', 'nid006717', 'nid006719', 'nid006721', 'nid006723', 'nid006725', 'nid006727', 'nid006729']
[DEBUG]: SLURM command is: srun --export=ALL  --nodelist nid006715,nid006717,nid006719,nid006721,nid006723,nid006725,nid006727,nid006729 --cpu-bind=socket -n 8 -N 8 /pfs/lustrep4/users/pasqualo/CRAB/benchmarks/blink/bin/a2a_comm_only -msgsize 8 -iter 1000
[DEBUG]: Node List is: ['nid006716', 'nid006718', 'nid006720', 'nid006722', 'nid006724', 'nid006726', 'nid006728', 'nid006730']
[DEBUG]: SLURM command is: srun --export=ALL  --nodelist nid006716,nid006718,nid006720,nid006722,nid006724,nid006726,nid006728,nid006730 --cpu-bind=socket -n 8 -N 8 /pfs/lustrep4/users/pasqualo/CRAB/benchmarks/blink/bin/noise_incast -msgsize 16777216 -iter 100000
[DEBUG]: Node List is: ['nid006715', 'nid006717', 'nid006719', 'nid006721', 'nid006723', 'nid006725', 'nid006727', 'nid006729']
[DEBUG]: SLURM command is: srun --export=ALL  --nodelist nid006715,nid006717,nid006719,nid006721,nid006723,nid006725,nid006727,nid006729 --cpu-bind=socket -n 8 -N 8 /pfs/lustrep4/users/pasqualo/CRAB/benchmarks/blink/bin/a2a_comm_only -msgsize 64 -iter 1000
[DEBUG]: Node List is: ['nid006715', 'nid006717', 'nid006719', 'nid006721', 'nid006723', 'nid006725', 'nid006727', 'nid006729']
[DEBUG]: SLURM command is: srun --export=ALL  --nodelist nid006715,nid006717,nid006719,nid006721,nid006723,nid006725,nid006727,nid006729 --cpu-bind=socket -n 8 -N 8 /pfs/lustrep4/users/pasqualo/CRAB/benchmarks/blink/bin/a2a_comm_only -msgsize 512 -iter 1000
[DEBUG]: Node List is: ['nid006715', 'nid006717', 'nid006719', 'nid006721', 'nid006723', 'nid006725', 'nid006727', 'nid006729']
[DEBUG]: SLURM command is: srun --export=ALL  --nodelist nid006715,nid006717,nid006719,nid006721,nid006723,nid006725,nid006727,nid006729 --cpu-bind=socket -n 8 -N 8 /pfs/lustrep4/users/pasqualo/CRAB/benchmarks/blink/bin/a2a_comm_only -msgsize 4096 -iter 1000
[DEBUG]: Node List is: ['nid006715', 'nid006717', 'nid006719', 'nid006721', 'nid006723', 'nid006725', 'nid006727', 'nid006729']
[DEBUG]: SLURM command is: srun --export=ALL  --nodelist nid006715,nid006717,nid006719,nid006721,nid006723,nid006725,nid006727,nid006729 --cpu-bind=socket -n 8 -N 8 /pfs/lustrep4/users/pasqualo/CRAB/benchmarks/blink/bin/a2a_comm_only -msgsize 32768 -iter 1000
[DEBUG]: Node List is: ['nid006715', 'nid006717', 'nid006719', 'nid006721', 'nid006723', 'nid006725', 'nid006727', 'nid006729']
[DEBUG]: SLURM command is: srun --export=ALL  --nodelist nid006715,nid006717,nid006719,nid006721,nid006723,nid006725,nid006727,nid006729 --cpu-bind=socket -n 8 -N 8 /pfs/lustrep4/users/pasqualo/CRAB/benchmarks/blink/bin/a2a_comm_only -msgsize 262144 -iter 1000
[DEBUG]: Node List is: ['nid006715', 'nid006717', 'nid006719', 'nid006721', 'nid006723', 'nid006725', 'nid006727', 'nid006729']
[DEBUG]: SLURM command is: srun --export=ALL  --nodelist nid006715,nid006717,nid006719,nid006721,nid006723,nid006725,nid006727,nid006729 --cpu-bind=socket -n 8 -N 8 /pfs/lustrep4/users/pasqualo/CRAB/benchmarks/blink/bin/a2a_comm_only -msgsize 2097152 -iter 1000
[DEBUG]: Node List is: ['nid006715', 'nid006717', 'nid006719', 'nid006721', 'nid006723', 'nid006725', 'nid006727', 'nid006729']
[DEBUG]: SLURM command is: srun --export=ALL  --nodelist nid006715,nid006717,nid006719,nid006721,nid006723,nid006725,nid006727,nid006729 --cpu-bind=socket -n 8 -N 8 /pfs/lustrep4/users/pasqualo/CRAB/benchmarks/blink/bin/a2a_comm_only -msgsize 16777216 -iter 1000
--- [WARNING] App 8 ended with return code -9 ---
--- [INFO] Run 1 completata in 21.5301 secondi ---

Logging data...
Dati per App 0 salvati in: ./data/lumi/2025-12-18_15-44-41-637565/data_app_0.csv
Dati per App 1 salvati in: ./data/lumi/2025-12-18_15-44-41-637565/data_app_1.csv
Dati per App 2 salvati in: ./data/lumi/2025-12-18_15-44-41-637565/data_app_2.csv
Dati per App 3 salvati in: ./data/lumi/2025-12-18_15-44-41-637565/data_app_3.csv
Dati per App 4 salvati in: ./data/lumi/2025-12-18_15-44-41-637565/data_app_4.csv
Dati per App 5 salvati in: ./data/lumi/2025-12-18_15-44-41-637565/data_app_5.csv
Dati per App 6 salvati in: ./data/lumi/2025-12-18_15-44-41-637565/data_app_6.csv
Dati per App 7 salvati in: ./data/lumi/2025-12-18_15-44-41-637565/data_app_7.csv
--- [WORKER] Engine run finished. ---
