--- [WORKER MODE DETECTED] Work dir: ./data/leonardo/2025-12-15_14-53-18-325426 ---
--- [WORKER] Environment loaded. Starting engine. ---
--- [WORKER] Engine running in WORKER mode. ---
--- [WORKER] Working directory is: ./data/leonardo/2025-12-15_14-53-18-325426 ---
--- [WORKER] Allocating nodes provided by SLURM: lrdn[1432,1439,1446,1473,1490,1517,1558,1590,1594,1612,1619,1656,1687,1692,1745,1767,1783,1796,1884,1944,1953,1968,2035,2047,2069,2095,2189,2244,2369,2377,2387,2422] ---
--- [INFO] Partition 0 (Collect=True): 16 nodes. Rule: '100' ---
--- [INFO] Partition 1 (Collect=False): 16 nodes. Rule: '100' ---

Running Benchmarks...
 Run 1:
[DEBUG]: Node List is: ['lrdn1432', 'lrdn1446', 'lrdn1490', 'lrdn1558', 'lrdn1594', 'lrdn1619', 'lrdn1687', 'lrdn1745', 'lrdn1783', 'lrdn1884', 'lrdn1953', 'lrdn2035', 'lrdn2069', 'lrdn2189', 'lrdn2369', 'lrdn2387']
[DEBUG]: Detected CRAB_SYSTEM=leonardo. Adding SLURM option: --partition=boost_usr_prod
[DEBUG]: SLURM command is: srun --export=ALL --partition=boost_usr_prod --nodelist lrdn1432,lrdn1446,lrdn1490,lrdn1558,lrdn1594,lrdn1619,lrdn1687,lrdn1745,lrdn1783,lrdn1884,lrdn1953,lrdn2035,lrdn2069,lrdn2189,lrdn2369,lrdn2387 --cpu-bind=socket -n 16 -N 16 /leonardo/home/userexternal/lpiarull/CRAB/benchmarks/blink/bin/a2a_comm_only -msgsize 8 -iter 1000
[DEBUG]: Node List is: ['lrdn1439', 'lrdn1473', 'lrdn1517', 'lrdn1590', 'lrdn1612', 'lrdn1656', 'lrdn1692', 'lrdn1767', 'lrdn1796', 'lrdn1944', 'lrdn1968', 'lrdn2047', 'lrdn2095', 'lrdn2244', 'lrdn2377', 'lrdn2422']
[DEBUG]: Detected CRAB_SYSTEM=leonardo. Adding SLURM option: --partition=boost_usr_prod
[DEBUG]: SLURM command is: srun --export=ALL --partition=boost_usr_prod --nodelist lrdn1439,lrdn1473,lrdn1517,lrdn1590,lrdn1612,lrdn1656,lrdn1692,lrdn1767,lrdn1796,lrdn1944,lrdn1968,lrdn2047,lrdn2095,lrdn2244,lrdn2377,lrdn2422 --cpu-bind=socket -n 16 -N 16 /leonardo/home/userexternal/lpiarull/CRAB/benchmarks/blink/bin/bursty_noise_a2a 0.000001 0.01
[DEBUG]: Node List is: ['lrdn1432', 'lrdn1446', 'lrdn1490', 'lrdn1558', 'lrdn1594', 'lrdn1619', 'lrdn1687', 'lrdn1745', 'lrdn1783', 'lrdn1884', 'lrdn1953', 'lrdn2035', 'lrdn2069', 'lrdn2189', 'lrdn2369', 'lrdn2387']
[DEBUG]: Detected CRAB_SYSTEM=leonardo. Adding SLURM option: --partition=boost_usr_prod
[DEBUG]: SLURM command is: srun --export=ALL --partition=boost_usr_prod --nodelist lrdn1432,lrdn1446,lrdn1490,lrdn1558,lrdn1594,lrdn1619,lrdn1687,lrdn1745,lrdn1783,lrdn1884,lrdn1953,lrdn2035,lrdn2069,lrdn2189,lrdn2369,lrdn2387 --cpu-bind=socket -n 16 -N 16 /leonardo/home/userexternal/lpiarull/CRAB/benchmarks/blink/bin/a2a_comm_only -msgsize 64 -iter 1000
[DEBUG]: Node List is: ['lrdn1432', 'lrdn1446', 'lrdn1490', 'lrdn1558', 'lrdn1594', 'lrdn1619', 'lrdn1687', 'lrdn1745', 'lrdn1783', 'lrdn1884', 'lrdn1953', 'lrdn2035', 'lrdn2069', 'lrdn2189', 'lrdn2369', 'lrdn2387']
[DEBUG]: Detected CRAB_SYSTEM=leonardo. Adding SLURM option: --partition=boost_usr_prod
[DEBUG]: SLURM command is: srun --export=ALL --partition=boost_usr_prod --nodelist lrdn1432,lrdn1446,lrdn1490,lrdn1558,lrdn1594,lrdn1619,lrdn1687,lrdn1745,lrdn1783,lrdn1884,lrdn1953,lrdn2035,lrdn2069,lrdn2189,lrdn2369,lrdn2387 --cpu-bind=socket -n 16 -N 16 /leonardo/home/userexternal/lpiarull/CRAB/benchmarks/blink/bin/a2a_comm_only -msgsize 512 -iter 1000
[DEBUG]: Node List is: ['lrdn1432', 'lrdn1446', 'lrdn1490', 'lrdn1558', 'lrdn1594', 'lrdn1619', 'lrdn1687', 'lrdn1745', 'lrdn1783', 'lrdn1884', 'lrdn1953', 'lrdn2035', 'lrdn2069', 'lrdn2189', 'lrdn2369', 'lrdn2387']
[DEBUG]: Detected CRAB_SYSTEM=leonardo. Adding SLURM option: --partition=boost_usr_prod
[DEBUG]: SLURM command is: srun --export=ALL --partition=boost_usr_prod --nodelist lrdn1432,lrdn1446,lrdn1490,lrdn1558,lrdn1594,lrdn1619,lrdn1687,lrdn1745,lrdn1783,lrdn1884,lrdn1953,lrdn2035,lrdn2069,lrdn2189,lrdn2369,lrdn2387 --cpu-bind=socket -n 16 -N 16 /leonardo/home/userexternal/lpiarull/CRAB/benchmarks/blink/bin/a2a_comm_only -msgsize 4096 -iter 1000
[DEBUG]: Node List is: ['lrdn1432', 'lrdn1446', 'lrdn1490', 'lrdn1558', 'lrdn1594', 'lrdn1619', 'lrdn1687', 'lrdn1745', 'lrdn1783', 'lrdn1884', 'lrdn1953', 'lrdn2035', 'lrdn2069', 'lrdn2189', 'lrdn2369', 'lrdn2387']
[DEBUG]: Detected CRAB_SYSTEM=leonardo. Adding SLURM option: --partition=boost_usr_prod
[DEBUG]: SLURM command is: srun --export=ALL --partition=boost_usr_prod --nodelist lrdn1432,lrdn1446,lrdn1490,lrdn1558,lrdn1594,lrdn1619,lrdn1687,lrdn1745,lrdn1783,lrdn1884,lrdn1953,lrdn2035,lrdn2069,lrdn2189,lrdn2369,lrdn2387 --cpu-bind=socket -n 16 -N 16 /leonardo/home/userexternal/lpiarull/CRAB/benchmarks/blink/bin/a2a_comm_only -msgsize 32768 -iter 1000
[DEBUG]: Node List is: ['lrdn1432', 'lrdn1446', 'lrdn1490', 'lrdn1558', 'lrdn1594', 'lrdn1619', 'lrdn1687', 'lrdn1745', 'lrdn1783', 'lrdn1884', 'lrdn1953', 'lrdn2035', 'lrdn2069', 'lrdn2189', 'lrdn2369', 'lrdn2387']
[DEBUG]: Detected CRAB_SYSTEM=leonardo. Adding SLURM option: --partition=boost_usr_prod
[DEBUG]: SLURM command is: srun --export=ALL --partition=boost_usr_prod --nodelist lrdn1432,lrdn1446,lrdn1490,lrdn1558,lrdn1594,lrdn1619,lrdn1687,lrdn1745,lrdn1783,lrdn1884,lrdn1953,lrdn2035,lrdn2069,lrdn2189,lrdn2369,lrdn2387 --cpu-bind=socket -n 16 -N 16 /leonardo/home/userexternal/lpiarull/CRAB/benchmarks/blink/bin/a2a_comm_only -msgsize 262144 -iter 1000
[DEBUG]: Node List is: ['lrdn1432', 'lrdn1446', 'lrdn1490', 'lrdn1558', 'lrdn1594', 'lrdn1619', 'lrdn1687', 'lrdn1745', 'lrdn1783', 'lrdn1884', 'lrdn1953', 'lrdn2035', 'lrdn2069', 'lrdn2189', 'lrdn2369', 'lrdn2387']
[DEBUG]: Detected CRAB_SYSTEM=leonardo. Adding SLURM option: --partition=boost_usr_prod
[DEBUG]: SLURM command is: srun --export=ALL --partition=boost_usr_prod --nodelist lrdn1432,lrdn1446,lrdn1490,lrdn1558,lrdn1594,lrdn1619,lrdn1687,lrdn1745,lrdn1783,lrdn1884,lrdn1953,lrdn2035,lrdn2069,lrdn2189,lrdn2369,lrdn2387 --cpu-bind=socket -n 16 -N 16 /leonardo/home/userexternal/lpiarull/CRAB/benchmarks/blink/bin/a2a_comm_only -msgsize 2097152 -iter 1000
[DEBUG]: Node List is: ['lrdn1432', 'lrdn1446', 'lrdn1490', 'lrdn1558', 'lrdn1594', 'lrdn1619', 'lrdn1687', 'lrdn1745', 'lrdn1783', 'lrdn1884', 'lrdn1953', 'lrdn2035', 'lrdn2069', 'lrdn2189', 'lrdn2369', 'lrdn2387']
[DEBUG]: Detected CRAB_SYSTEM=leonardo. Adding SLURM option: --partition=boost_usr_prod
[DEBUG]: SLURM command is: srun --export=ALL --partition=boost_usr_prod --nodelist lrdn1432,lrdn1446,lrdn1490,lrdn1558,lrdn1594,lrdn1619,lrdn1687,lrdn1745,lrdn1783,lrdn1884,lrdn1953,lrdn2035,lrdn2069,lrdn2189,lrdn2369,lrdn2387 --cpu-bind=socket -n 16 -N 16 /leonardo/home/userexternal/lpiarull/CRAB/benchmarks/blink/bin/a2a_comm_only -msgsize 16777216 -iter 1000
Ran 1005 iterations. Measured 1000 iterations.
Ran 1005 iterations. Measured 1000 iterations.
Ran 1005 iterations. Measured 1000 iterations.
Ran 1005 iterations. Measured 1000 iterations.
Ran 1005 iterations. Measured 1000 iterations.
Ran 1005 iterations. Measured 1000 iterations.
Ran 1005 iterations. Measured 1000 iterations.
Ran 1005 iterations. Measured 1000 iterations.
--- [WARNING] App 8 ended with return code -9 ---
--- [INFO] Run 1 completata in 29.6190 secondi ---

Logging data...
Dati per App 0 salvati in: ./data/leonardo/2025-12-15_14-53-18-325426/data_app_0.csv
Dati per App 1 salvati in: ./data/leonardo/2025-12-15_14-53-18-325426/data_app_1.csv
Dati per App 2 salvati in: ./data/leonardo/2025-12-15_14-53-18-325426/data_app_2.csv
Dati per App 3 salvati in: ./data/leonardo/2025-12-15_14-53-18-325426/data_app_3.csv
Dati per App 4 salvati in: ./data/leonardo/2025-12-15_14-53-18-325426/data_app_4.csv
Dati per App 5 salvati in: ./data/leonardo/2025-12-15_14-53-18-325426/data_app_5.csv
Dati per App 6 salvati in: ./data/leonardo/2025-12-15_14-53-18-325426/data_app_6.csv
Dati per App 7 salvati in: ./data/leonardo/2025-12-15_14-53-18-325426/data_app_7.csv
--- [WORKER] Engine run finished. ---
