--- [WORKER MODE DETECTED] Work dir: ./data/cresco8/2025-12-15_09-45-09-345842 ---
--- [WORKER] Environment loaded. Starting engine. ---
--- [WORKER] Engine running in WORKER mode. ---
--- [WORKER] Working directory is: ./data/cresco8/2025-12-15_09-45-09-345842 ---
--- [WORKER] Allocating nodes provided by SLURM: cresco8x[453-532] ---
--- [INFO] Partition 0 (Collect=True): 40 nodes. Rule: '100' ---
--- [INFO] Partition 1 (Collect=False): 40 nodes. Rule: '100' ---

Running Benchmarks...
 Run 1:
[DEBUG]: Node List is: ['cresco8x453', 'cresco8x455', 'cresco8x457', 'cresco8x459', 'cresco8x461', 'cresco8x463', 'cresco8x465', 'cresco8x467', 'cresco8x469', 'cresco8x471', 'cresco8x473', 'cresco8x475', 'cresco8x477', 'cresco8x479', 'cresco8x481', 'cresco8x483', 'cresco8x485', 'cresco8x487', 'cresco8x489', 'cresco8x491', 'cresco8x493', 'cresco8x495', 'cresco8x497', 'cresco8x499', 'cresco8x501', 'cresco8x503', 'cresco8x505', 'cresco8x507', 'cresco8x509', 'cresco8x511', 'cresco8x513', 'cresco8x515', 'cresco8x517', 'cresco8x519', 'cresco8x521', 'cresco8x523', 'cresco8x525', 'cresco8x527', 'cresco8x529', 'cresco8x531']
[DEBUG]: SLURM command is: srun --export=ALL  --nodelist cresco8x453,cresco8x455,cresco8x457,cresco8x459,cresco8x461,cresco8x463,cresco8x465,cresco8x467,cresco8x469,cresco8x471,cresco8x473,cresco8x475,cresco8x477,cresco8x479,cresco8x481,cresco8x483,cresco8x485,cresco8x487,cresco8x489,cresco8x491,cresco8x493,cresco8x495,cresco8x497,cresco8x499,cresco8x501,cresco8x503,cresco8x505,cresco8x507,cresco8x509,cresco8x511,cresco8x513,cresco8x515,cresco8x517,cresco8x519,cresco8x521,cresco8x523,cresco8x525,cresco8x527,cresco8x529,cresco8x531 --cpu-bind=socket -n 40 -N 40 /afs/enea.it/por/user/piarulli/CRAB/benchmarks/blink/bin/agtr_comm_only -msgsize 8 -iter 1000
[DEBUG]: Node List is: ['cresco8x454', 'cresco8x456', 'cresco8x458', 'cresco8x460', 'cresco8x462', 'cresco8x464', 'cresco8x466', 'cresco8x468', 'cresco8x470', 'cresco8x472', 'cresco8x474', 'cresco8x476', 'cresco8x478', 'cresco8x480', 'cresco8x482', 'cresco8x484', 'cresco8x486', 'cresco8x488', 'cresco8x490', 'cresco8x492', 'cresco8x494', 'cresco8x496', 'cresco8x498', 'cresco8x500', 'cresco8x502', 'cresco8x504', 'cresco8x506', 'cresco8x508', 'cresco8x510', 'cresco8x512', 'cresco8x514', 'cresco8x516', 'cresco8x518', 'cresco8x520', 'cresco8x522', 'cresco8x524', 'cresco8x526', 'cresco8x528', 'cresco8x530', 'cresco8x532']
[DEBUG]: SLURM command is: srun --export=ALL  --nodelist cresco8x454,cresco8x456,cresco8x458,cresco8x460,cresco8x462,cresco8x464,cresco8x466,cresco8x468,cresco8x470,cresco8x472,cresco8x474,cresco8x476,cresco8x478,cresco8x480,cresco8x482,cresco8x484,cresco8x486,cresco8x488,cresco8x490,cresco8x492,cresco8x494,cresco8x496,cresco8x498,cresco8x500,cresco8x502,cresco8x504,cresco8x506,cresco8x508,cresco8x510,cresco8x512,cresco8x514,cresco8x516,cresco8x518,cresco8x520,cresco8x522,cresco8x524,cresco8x526,cresco8x528,cresco8x530,cresco8x532 --cpu-bind=socket -n 40 -N 40 /afs/enea.it/por/user/piarulli/CRAB/benchmarks/blink/bin/bursty_noise_a2a 0.000001 0.001
[DEBUG]: Node List is: ['cresco8x453', 'cresco8x455', 'cresco8x457', 'cresco8x459', 'cresco8x461', 'cresco8x463', 'cresco8x465', 'cresco8x467', 'cresco8x469', 'cresco8x471', 'cresco8x473', 'cresco8x475', 'cresco8x477', 'cresco8x479', 'cresco8x481', 'cresco8x483', 'cresco8x485', 'cresco8x487', 'cresco8x489', 'cresco8x491', 'cresco8x493', 'cresco8x495', 'cresco8x497', 'cresco8x499', 'cresco8x501', 'cresco8x503', 'cresco8x505', 'cresco8x507', 'cresco8x509', 'cresco8x511', 'cresco8x513', 'cresco8x515', 'cresco8x517', 'cresco8x519', 'cresco8x521', 'cresco8x523', 'cresco8x525', 'cresco8x527', 'cresco8x529', 'cresco8x531']
[DEBUG]: SLURM command is: srun --export=ALL  --nodelist cresco8x453,cresco8x455,cresco8x457,cresco8x459,cresco8x461,cresco8x463,cresco8x465,cresco8x467,cresco8x469,cresco8x471,cresco8x473,cresco8x475,cresco8x477,cresco8x479,cresco8x481,cresco8x483,cresco8x485,cresco8x487,cresco8x489,cresco8x491,cresco8x493,cresco8x495,cresco8x497,cresco8x499,cresco8x501,cresco8x503,cresco8x505,cresco8x507,cresco8x509,cresco8x511,cresco8x513,cresco8x515,cresco8x517,cresco8x519,cresco8x521,cresco8x523,cresco8x525,cresco8x527,cresco8x529,cresco8x531 --cpu-bind=socket -n 40 -N 40 /afs/enea.it/por/user/piarulli/CRAB/benchmarks/blink/bin/agtr_comm_only -msgsize 64 -iter 1000
[DEBUG]: Node List is: ['cresco8x453', 'cresco8x455', 'cresco8x457', 'cresco8x459', 'cresco8x461', 'cresco8x463', 'cresco8x465', 'cresco8x467', 'cresco8x469', 'cresco8x471', 'cresco8x473', 'cresco8x475', 'cresco8x477', 'cresco8x479', 'cresco8x481', 'cresco8x483', 'cresco8x485', 'cresco8x487', 'cresco8x489', 'cresco8x491', 'cresco8x493', 'cresco8x495', 'cresco8x497', 'cresco8x499', 'cresco8x501', 'cresco8x503', 'cresco8x505', 'cresco8x507', 'cresco8x509', 'cresco8x511', 'cresco8x513', 'cresco8x515', 'cresco8x517', 'cresco8x519', 'cresco8x521', 'cresco8x523', 'cresco8x525', 'cresco8x527', 'cresco8x529', 'cresco8x531']
[DEBUG]: SLURM command is: srun --export=ALL  --nodelist cresco8x453,cresco8x455,cresco8x457,cresco8x459,cresco8x461,cresco8x463,cresco8x465,cresco8x467,cresco8x469,cresco8x471,cresco8x473,cresco8x475,cresco8x477,cresco8x479,cresco8x481,cresco8x483,cresco8x485,cresco8x487,cresco8x489,cresco8x491,cresco8x493,cresco8x495,cresco8x497,cresco8x499,cresco8x501,cresco8x503,cresco8x505,cresco8x507,cresco8x509,cresco8x511,cresco8x513,cresco8x515,cresco8x517,cresco8x519,cresco8x521,cresco8x523,cresco8x525,cresco8x527,cresco8x529,cresco8x531 --cpu-bind=socket -n 40 -N 40 /afs/enea.it/por/user/piarulli/CRAB/benchmarks/blink/bin/agtr_comm_only -msgsize 512 -iter 1000
[DEBUG]: Node List is: ['cresco8x453', 'cresco8x455', 'cresco8x457', 'cresco8x459', 'cresco8x461', 'cresco8x463', 'cresco8x465', 'cresco8x467', 'cresco8x469', 'cresco8x471', 'cresco8x473', 'cresco8x475', 'cresco8x477', 'cresco8x479', 'cresco8x481', 'cresco8x483', 'cresco8x485', 'cresco8x487', 'cresco8x489', 'cresco8x491', 'cresco8x493', 'cresco8x495', 'cresco8x497', 'cresco8x499', 'cresco8x501', 'cresco8x503', 'cresco8x505', 'cresco8x507', 'cresco8x509', 'cresco8x511', 'cresco8x513', 'cresco8x515', 'cresco8x517', 'cresco8x519', 'cresco8x521', 'cresco8x523', 'cresco8x525', 'cresco8x527', 'cresco8x529', 'cresco8x531']
[DEBUG]: SLURM command is: srun --export=ALL  --nodelist cresco8x453,cresco8x455,cresco8x457,cresco8x459,cresco8x461,cresco8x463,cresco8x465,cresco8x467,cresco8x469,cresco8x471,cresco8x473,cresco8x475,cresco8x477,cresco8x479,cresco8x481,cresco8x483,cresco8x485,cresco8x487,cresco8x489,cresco8x491,cresco8x493,cresco8x495,cresco8x497,cresco8x499,cresco8x501,cresco8x503,cresco8x505,cresco8x507,cresco8x509,cresco8x511,cresco8x513,cresco8x515,cresco8x517,cresco8x519,cresco8x521,cresco8x523,cresco8x525,cresco8x527,cresco8x529,cresco8x531 --cpu-bind=socket -n 40 -N 40 /afs/enea.it/por/user/piarulli/CRAB/benchmarks/blink/bin/agtr_comm_only -msgsize 4096 -iter 1000
[DEBUG]: Node List is: ['cresco8x453', 'cresco8x455', 'cresco8x457', 'cresco8x459', 'cresco8x461', 'cresco8x463', 'cresco8x465', 'cresco8x467', 'cresco8x469', 'cresco8x471', 'cresco8x473', 'cresco8x475', 'cresco8x477', 'cresco8x479', 'cresco8x481', 'cresco8x483', 'cresco8x485', 'cresco8x487', 'cresco8x489', 'cresco8x491', 'cresco8x493', 'cresco8x495', 'cresco8x497', 'cresco8x499', 'cresco8x501', 'cresco8x503', 'cresco8x505', 'cresco8x507', 'cresco8x509', 'cresco8x511', 'cresco8x513', 'cresco8x515', 'cresco8x517', 'cresco8x519', 'cresco8x521', 'cresco8x523', 'cresco8x525', 'cresco8x527', 'cresco8x529', 'cresco8x531']
[DEBUG]: SLURM command is: srun --export=ALL  --nodelist cresco8x453,cresco8x455,cresco8x457,cresco8x459,cresco8x461,cresco8x463,cresco8x465,cresco8x467,cresco8x469,cresco8x471,cresco8x473,cresco8x475,cresco8x477,cresco8x479,cresco8x481,cresco8x483,cresco8x485,cresco8x487,cresco8x489,cresco8x491,cresco8x493,cresco8x495,cresco8x497,cresco8x499,cresco8x501,cresco8x503,cresco8x505,cresco8x507,cresco8x509,cresco8x511,cresco8x513,cresco8x515,cresco8x517,cresco8x519,cresco8x521,cresco8x523,cresco8x525,cresco8x527,cresco8x529,cresco8x531 --cpu-bind=socket -n 40 -N 40 /afs/enea.it/por/user/piarulli/CRAB/benchmarks/blink/bin/agtr_comm_only -msgsize 32768 -iter 1000
[DEBUG]: Node List is: ['cresco8x453', 'cresco8x455', 'cresco8x457', 'cresco8x459', 'cresco8x461', 'cresco8x463', 'cresco8x465', 'cresco8x467', 'cresco8x469', 'cresco8x471', 'cresco8x473', 'cresco8x475', 'cresco8x477', 'cresco8x479', 'cresco8x481', 'cresco8x483', 'cresco8x485', 'cresco8x487', 'cresco8x489', 'cresco8x491', 'cresco8x493', 'cresco8x495', 'cresco8x497', 'cresco8x499', 'cresco8x501', 'cresco8x503', 'cresco8x505', 'cresco8x507', 'cresco8x509', 'cresco8x511', 'cresco8x513', 'cresco8x515', 'cresco8x517', 'cresco8x519', 'cresco8x521', 'cresco8x523', 'cresco8x525', 'cresco8x527', 'cresco8x529', 'cresco8x531']
[DEBUG]: SLURM command is: srun --export=ALL  --nodelist cresco8x453,cresco8x455,cresco8x457,cresco8x459,cresco8x461,cresco8x463,cresco8x465,cresco8x467,cresco8x469,cresco8x471,cresco8x473,cresco8x475,cresco8x477,cresco8x479,cresco8x481,cresco8x483,cresco8x485,cresco8x487,cresco8x489,cresco8x491,cresco8x493,cresco8x495,cresco8x497,cresco8x499,cresco8x501,cresco8x503,cresco8x505,cresco8x507,cresco8x509,cresco8x511,cresco8x513,cresco8x515,cresco8x517,cresco8x519,cresco8x521,cresco8x523,cresco8x525,cresco8x527,cresco8x529,cresco8x531 --cpu-bind=socket -n 40 -N 40 /afs/enea.it/por/user/piarulli/CRAB/benchmarks/blink/bin/agtr_comm_only -msgsize 262144 -iter 1000
[DEBUG]: Node List is: ['cresco8x453', 'cresco8x455', 'cresco8x457', 'cresco8x459', 'cresco8x461', 'cresco8x463', 'cresco8x465', 'cresco8x467', 'cresco8x469', 'cresco8x471', 'cresco8x473', 'cresco8x475', 'cresco8x477', 'cresco8x479', 'cresco8x481', 'cresco8x483', 'cresco8x485', 'cresco8x487', 'cresco8x489', 'cresco8x491', 'cresco8x493', 'cresco8x495', 'cresco8x497', 'cresco8x499', 'cresco8x501', 'cresco8x503', 'cresco8x505', 'cresco8x507', 'cresco8x509', 'cresco8x511', 'cresco8x513', 'cresco8x515', 'cresco8x517', 'cresco8x519', 'cresco8x521', 'cresco8x523', 'cresco8x525', 'cresco8x527', 'cresco8x529', 'cresco8x531']
[DEBUG]: SLURM command is: srun --export=ALL  --nodelist cresco8x453,cresco8x455,cresco8x457,cresco8x459,cresco8x461,cresco8x463,cresco8x465,cresco8x467,cresco8x469,cresco8x471,cresco8x473,cresco8x475,cresco8x477,cresco8x479,cresco8x481,cresco8x483,cresco8x485,cresco8x487,cresco8x489,cresco8x491,cresco8x493,cresco8x495,cresco8x497,cresco8x499,cresco8x501,cresco8x503,cresco8x505,cresco8x507,cresco8x509,cresco8x511,cresco8x513,cresco8x515,cresco8x517,cresco8x519,cresco8x521,cresco8x523,cresco8x525,cresco8x527,cresco8x529,cresco8x531 --cpu-bind=socket -n 40 -N 40 /afs/enea.it/por/user/piarulli/CRAB/benchmarks/blink/bin/agtr_comm_only -msgsize 2097152 -iter 1000
[DEBUG]: Node List is: ['cresco8x453', 'cresco8x455', 'cresco8x457', 'cresco8x459', 'cresco8x461', 'cresco8x463', 'cresco8x465', 'cresco8x467', 'cresco8x469', 'cresco8x471', 'cresco8x473', 'cresco8x475', 'cresco8x477', 'cresco8x479', 'cresco8x481', 'cresco8x483', 'cresco8x485', 'cresco8x487', 'cresco8x489', 'cresco8x491', 'cresco8x493', 'cresco8x495', 'cresco8x497', 'cresco8x499', 'cresco8x501', 'cresco8x503', 'cresco8x505', 'cresco8x507', 'cresco8x509', 'cresco8x511', 'cresco8x513', 'cresco8x515', 'cresco8x517', 'cresco8x519', 'cresco8x521', 'cresco8x523', 'cresco8x525', 'cresco8x527', 'cresco8x529', 'cresco8x531']
[DEBUG]: SLURM command is: srun --export=ALL  --nodelist cresco8x453,cresco8x455,cresco8x457,cresco8x459,cresco8x461,cresco8x463,cresco8x465,cresco8x467,cresco8x469,cresco8x471,cresco8x473,cresco8x475,cresco8x477,cresco8x479,cresco8x481,cresco8x483,cresco8x485,cresco8x487,cresco8x489,cresco8x491,cresco8x493,cresco8x495,cresco8x497,cresco8x499,cresco8x501,cresco8x503,cresco8x505,cresco8x507,cresco8x509,cresco8x511,cresco8x513,cresco8x515,cresco8x517,cresco8x519,cresco8x521,cresco8x523,cresco8x525,cresco8x527,cresco8x529,cresco8x531 --cpu-bind=socket -n 40 -N 40 /afs/enea.it/por/user/piarulli/CRAB/benchmarks/blink/bin/agtr_comm_only -msgsize 16777216 -iter 1000
Ran 1005 iterations. Measured 1000 iterations.
Ran 1005 iterations. Measured 1000 iterations.
Ran 1005 iterations. Measured 1000 iterations.
Ran 1005 iterations. Measured 1000 iterations.
Ran 1005 iterations. Measured 1000 iterations.
Ran 1005 iterations. Measured 1000 iterations.
Ran 1005 iterations. Measured 1000 iterations.
Ran 1005 iterations. Measured 1000 iterations.
--- [WARNING] App 8 ended with return code -9 ---
--- [INFO] Run 1 completata in 16.3892 secondi ---

Logging data...
Dati per App 0 salvati in: ./data/cresco8/2025-12-15_09-45-09-345842/data_app_0.csv
Dati per App 1 salvati in: ./data/cresco8/2025-12-15_09-45-09-345842/data_app_1.csv
Dati per App 2 salvati in: ./data/cresco8/2025-12-15_09-45-09-345842/data_app_2.csv
Dati per App 3 salvati in: ./data/cresco8/2025-12-15_09-45-09-345842/data_app_3.csv
Dati per App 4 salvati in: ./data/cresco8/2025-12-15_09-45-09-345842/data_app_4.csv
Dati per App 5 salvati in: ./data/cresco8/2025-12-15_09-45-09-345842/data_app_5.csv
Dati per App 6 salvati in: ./data/cresco8/2025-12-15_09-45-09-345842/data_app_6.csv
Dati per App 7 salvati in: ./data/cresco8/2025-12-15_09-45-09-345842/data_app_7.csv
--- [WORKER] Engine run finished. ---
