--- [WORKER MODE DETECTED] Work dir: ./data/cresco8/2025-12-16_09-15-26-504785 ---
--- [WORKER] Environment loaded. Starting engine. ---
--- [WORKER] Engine running in WORKER mode. ---
--- [WORKER] Working directory is: ./data/cresco8/2025-12-16_09-15-26-504785 ---
--- [WORKER] Allocating nodes provided by SLURM: cresco8x[343-406] ---
--- [INFO] Partition 0 (Collect=True): 32 nodes. Rule: '100' ---
--- [INFO] Partition 1 (Collect=False): 32 nodes. Rule: '100' ---

Running Benchmarks...
 Run 1:
[DEBUG]: Node List is: ['cresco8x343', 'cresco8x345', 'cresco8x347', 'cresco8x349', 'cresco8x351', 'cresco8x353', 'cresco8x355', 'cresco8x357', 'cresco8x359', 'cresco8x361', 'cresco8x363', 'cresco8x365', 'cresco8x367', 'cresco8x369', 'cresco8x371', 'cresco8x373', 'cresco8x375', 'cresco8x377', 'cresco8x379', 'cresco8x381', 'cresco8x383', 'cresco8x385', 'cresco8x387', 'cresco8x389', 'cresco8x391', 'cresco8x393', 'cresco8x395', 'cresco8x397', 'cresco8x399', 'cresco8x401', 'cresco8x403', 'cresco8x405']
[DEBUG]: SLURM command is: srun --export=ALL  --nodelist cresco8x343,cresco8x345,cresco8x347,cresco8x349,cresco8x351,cresco8x353,cresco8x355,cresco8x357,cresco8x359,cresco8x361,cresco8x363,cresco8x365,cresco8x367,cresco8x369,cresco8x371,cresco8x373,cresco8x375,cresco8x377,cresco8x379,cresco8x381,cresco8x383,cresco8x385,cresco8x387,cresco8x389,cresco8x391,cresco8x393,cresco8x395,cresco8x397,cresco8x399,cresco8x401,cresco8x403,cresco8x405 --cpu-bind=socket -n 32 -N 32 /afs/enea.it/por/user/piarulli/CRAB/benchmarks/blink/bin/agtr_comm_only -msgsize 8 -iter 1000
[DEBUG]: Node List is: ['cresco8x344', 'cresco8x346', 'cresco8x348', 'cresco8x350', 'cresco8x352', 'cresco8x354', 'cresco8x356', 'cresco8x358', 'cresco8x360', 'cresco8x362', 'cresco8x364', 'cresco8x366', 'cresco8x368', 'cresco8x370', 'cresco8x372', 'cresco8x374', 'cresco8x376', 'cresco8x378', 'cresco8x380', 'cresco8x382', 'cresco8x384', 'cresco8x386', 'cresco8x388', 'cresco8x390', 'cresco8x392', 'cresco8x394', 'cresco8x396', 'cresco8x398', 'cresco8x400', 'cresco8x402', 'cresco8x404', 'cresco8x406']
[DEBUG]: SLURM command is: srun --export=ALL  --nodelist cresco8x344,cresco8x346,cresco8x348,cresco8x350,cresco8x352,cresco8x354,cresco8x356,cresco8x358,cresco8x360,cresco8x362,cresco8x364,cresco8x366,cresco8x368,cresco8x370,cresco8x372,cresco8x374,cresco8x376,cresco8x378,cresco8x380,cresco8x382,cresco8x384,cresco8x386,cresco8x388,cresco8x390,cresco8x392,cresco8x394,cresco8x396,cresco8x398,cresco8x400,cresco8x402,cresco8x404,cresco8x406 --cpu-bind=socket -n 32 -N 32 /afs/enea.it/por/user/piarulli/CRAB/benchmarks/blink/bin/bursty_noise_incast 0.01 0.01
[DEBUG]: Node List is: ['cresco8x343', 'cresco8x345', 'cresco8x347', 'cresco8x349', 'cresco8x351', 'cresco8x353', 'cresco8x355', 'cresco8x357', 'cresco8x359', 'cresco8x361', 'cresco8x363', 'cresco8x365', 'cresco8x367', 'cresco8x369', 'cresco8x371', 'cresco8x373', 'cresco8x375', 'cresco8x377', 'cresco8x379', 'cresco8x381', 'cresco8x383', 'cresco8x385', 'cresco8x387', 'cresco8x389', 'cresco8x391', 'cresco8x393', 'cresco8x395', 'cresco8x397', 'cresco8x399', 'cresco8x401', 'cresco8x403', 'cresco8x405']
[DEBUG]: SLURM command is: srun --export=ALL  --nodelist cresco8x343,cresco8x345,cresco8x347,cresco8x349,cresco8x351,cresco8x353,cresco8x355,cresco8x357,cresco8x359,cresco8x361,cresco8x363,cresco8x365,cresco8x367,cresco8x369,cresco8x371,cresco8x373,cresco8x375,cresco8x377,cresco8x379,cresco8x381,cresco8x383,cresco8x385,cresco8x387,cresco8x389,cresco8x391,cresco8x393,cresco8x395,cresco8x397,cresco8x399,cresco8x401,cresco8x403,cresco8x405 --cpu-bind=socket -n 32 -N 32 /afs/enea.it/por/user/piarulli/CRAB/benchmarks/blink/bin/agtr_comm_only -msgsize 64 -iter 1000
[DEBUG]: Node List is: ['cresco8x343', 'cresco8x345', 'cresco8x347', 'cresco8x349', 'cresco8x351', 'cresco8x353', 'cresco8x355', 'cresco8x357', 'cresco8x359', 'cresco8x361', 'cresco8x363', 'cresco8x365', 'cresco8x367', 'cresco8x369', 'cresco8x371', 'cresco8x373', 'cresco8x375', 'cresco8x377', 'cresco8x379', 'cresco8x381', 'cresco8x383', 'cresco8x385', 'cresco8x387', 'cresco8x389', 'cresco8x391', 'cresco8x393', 'cresco8x395', 'cresco8x397', 'cresco8x399', 'cresco8x401', 'cresco8x403', 'cresco8x405']
[DEBUG]: SLURM command is: srun --export=ALL  --nodelist cresco8x343,cresco8x345,cresco8x347,cresco8x349,cresco8x351,cresco8x353,cresco8x355,cresco8x357,cresco8x359,cresco8x361,cresco8x363,cresco8x365,cresco8x367,cresco8x369,cresco8x371,cresco8x373,cresco8x375,cresco8x377,cresco8x379,cresco8x381,cresco8x383,cresco8x385,cresco8x387,cresco8x389,cresco8x391,cresco8x393,cresco8x395,cresco8x397,cresco8x399,cresco8x401,cresco8x403,cresco8x405 --cpu-bind=socket -n 32 -N 32 /afs/enea.it/por/user/piarulli/CRAB/benchmarks/blink/bin/agtr_comm_only -msgsize 512 -iter 1000
[DEBUG]: Node List is: ['cresco8x343', 'cresco8x345', 'cresco8x347', 'cresco8x349', 'cresco8x351', 'cresco8x353', 'cresco8x355', 'cresco8x357', 'cresco8x359', 'cresco8x361', 'cresco8x363', 'cresco8x365', 'cresco8x367', 'cresco8x369', 'cresco8x371', 'cresco8x373', 'cresco8x375', 'cresco8x377', 'cresco8x379', 'cresco8x381', 'cresco8x383', 'cresco8x385', 'cresco8x387', 'cresco8x389', 'cresco8x391', 'cresco8x393', 'cresco8x395', 'cresco8x397', 'cresco8x399', 'cresco8x401', 'cresco8x403', 'cresco8x405']
[DEBUG]: SLURM command is: srun --export=ALL  --nodelist cresco8x343,cresco8x345,cresco8x347,cresco8x349,cresco8x351,cresco8x353,cresco8x355,cresco8x357,cresco8x359,cresco8x361,cresco8x363,cresco8x365,cresco8x367,cresco8x369,cresco8x371,cresco8x373,cresco8x375,cresco8x377,cresco8x379,cresco8x381,cresco8x383,cresco8x385,cresco8x387,cresco8x389,cresco8x391,cresco8x393,cresco8x395,cresco8x397,cresco8x399,cresco8x401,cresco8x403,cresco8x405 --cpu-bind=socket -n 32 -N 32 /afs/enea.it/por/user/piarulli/CRAB/benchmarks/blink/bin/agtr_comm_only -msgsize 4096 -iter 1000
[DEBUG]: Node List is: ['cresco8x343', 'cresco8x345', 'cresco8x347', 'cresco8x349', 'cresco8x351', 'cresco8x353', 'cresco8x355', 'cresco8x357', 'cresco8x359', 'cresco8x361', 'cresco8x363', 'cresco8x365', 'cresco8x367', 'cresco8x369', 'cresco8x371', 'cresco8x373', 'cresco8x375', 'cresco8x377', 'cresco8x379', 'cresco8x381', 'cresco8x383', 'cresco8x385', 'cresco8x387', 'cresco8x389', 'cresco8x391', 'cresco8x393', 'cresco8x395', 'cresco8x397', 'cresco8x399', 'cresco8x401', 'cresco8x403', 'cresco8x405']
[DEBUG]: SLURM command is: srun --export=ALL  --nodelist cresco8x343,cresco8x345,cresco8x347,cresco8x349,cresco8x351,cresco8x353,cresco8x355,cresco8x357,cresco8x359,cresco8x361,cresco8x363,cresco8x365,cresco8x367,cresco8x369,cresco8x371,cresco8x373,cresco8x375,cresco8x377,cresco8x379,cresco8x381,cresco8x383,cresco8x385,cresco8x387,cresco8x389,cresco8x391,cresco8x393,cresco8x395,cresco8x397,cresco8x399,cresco8x401,cresco8x403,cresco8x405 --cpu-bind=socket -n 32 -N 32 /afs/enea.it/por/user/piarulli/CRAB/benchmarks/blink/bin/agtr_comm_only -msgsize 32768 -iter 1000
[DEBUG]: Node List is: ['cresco8x343', 'cresco8x345', 'cresco8x347', 'cresco8x349', 'cresco8x351', 'cresco8x353', 'cresco8x355', 'cresco8x357', 'cresco8x359', 'cresco8x361', 'cresco8x363', 'cresco8x365', 'cresco8x367', 'cresco8x369', 'cresco8x371', 'cresco8x373', 'cresco8x375', 'cresco8x377', 'cresco8x379', 'cresco8x381', 'cresco8x383', 'cresco8x385', 'cresco8x387', 'cresco8x389', 'cresco8x391', 'cresco8x393', 'cresco8x395', 'cresco8x397', 'cresco8x399', 'cresco8x401', 'cresco8x403', 'cresco8x405']
[DEBUG]: SLURM command is: srun --export=ALL  --nodelist cresco8x343,cresco8x345,cresco8x347,cresco8x349,cresco8x351,cresco8x353,cresco8x355,cresco8x357,cresco8x359,cresco8x361,cresco8x363,cresco8x365,cresco8x367,cresco8x369,cresco8x371,cresco8x373,cresco8x375,cresco8x377,cresco8x379,cresco8x381,cresco8x383,cresco8x385,cresco8x387,cresco8x389,cresco8x391,cresco8x393,cresco8x395,cresco8x397,cresco8x399,cresco8x401,cresco8x403,cresco8x405 --cpu-bind=socket -n 32 -N 32 /afs/enea.it/por/user/piarulli/CRAB/benchmarks/blink/bin/agtr_comm_only -msgsize 262144 -iter 1000
[DEBUG]: Node List is: ['cresco8x343', 'cresco8x345', 'cresco8x347', 'cresco8x349', 'cresco8x351', 'cresco8x353', 'cresco8x355', 'cresco8x357', 'cresco8x359', 'cresco8x361', 'cresco8x363', 'cresco8x365', 'cresco8x367', 'cresco8x369', 'cresco8x371', 'cresco8x373', 'cresco8x375', 'cresco8x377', 'cresco8x379', 'cresco8x381', 'cresco8x383', 'cresco8x385', 'cresco8x387', 'cresco8x389', 'cresco8x391', 'cresco8x393', 'cresco8x395', 'cresco8x397', 'cresco8x399', 'cresco8x401', 'cresco8x403', 'cresco8x405']
[DEBUG]: SLURM command is: srun --export=ALL  --nodelist cresco8x343,cresco8x345,cresco8x347,cresco8x349,cresco8x351,cresco8x353,cresco8x355,cresco8x357,cresco8x359,cresco8x361,cresco8x363,cresco8x365,cresco8x367,cresco8x369,cresco8x371,cresco8x373,cresco8x375,cresco8x377,cresco8x379,cresco8x381,cresco8x383,cresco8x385,cresco8x387,cresco8x389,cresco8x391,cresco8x393,cresco8x395,cresco8x397,cresco8x399,cresco8x401,cresco8x403,cresco8x405 --cpu-bind=socket -n 32 -N 32 /afs/enea.it/por/user/piarulli/CRAB/benchmarks/blink/bin/agtr_comm_only -msgsize 2097152 -iter 1000
[DEBUG]: Node List is: ['cresco8x343', 'cresco8x345', 'cresco8x347', 'cresco8x349', 'cresco8x351', 'cresco8x353', 'cresco8x355', 'cresco8x357', 'cresco8x359', 'cresco8x361', 'cresco8x363', 'cresco8x365', 'cresco8x367', 'cresco8x369', 'cresco8x371', 'cresco8x373', 'cresco8x375', 'cresco8x377', 'cresco8x379', 'cresco8x381', 'cresco8x383', 'cresco8x385', 'cresco8x387', 'cresco8x389', 'cresco8x391', 'cresco8x393', 'cresco8x395', 'cresco8x397', 'cresco8x399', 'cresco8x401', 'cresco8x403', 'cresco8x405']
[DEBUG]: SLURM command is: srun --export=ALL  --nodelist cresco8x343,cresco8x345,cresco8x347,cresco8x349,cresco8x351,cresco8x353,cresco8x355,cresco8x357,cresco8x359,cresco8x361,cresco8x363,cresco8x365,cresco8x367,cresco8x369,cresco8x371,cresco8x373,cresco8x375,cresco8x377,cresco8x379,cresco8x381,cresco8x383,cresco8x385,cresco8x387,cresco8x389,cresco8x391,cresco8x393,cresco8x395,cresco8x397,cresco8x399,cresco8x401,cresco8x403,cresco8x405 --cpu-bind=socket -n 32 -N 32 /afs/enea.it/por/user/piarulli/CRAB/benchmarks/blink/bin/agtr_comm_only -msgsize 16777216 -iter 1000
Ran 1005 iterations. Measured 1000 iterations.
Ran 1005 iterations. Measured 1000 iterations.
Ran 1005 iterations. Measured 1000 iterations.
Ran 1005 iterations. Measured 1000 iterations.
Ran 1005 iterations. Measured 1000 iterations.
Ran 1005 iterations. Measured 1000 iterations.
Ran 1005 iterations. Measured 1000 iterations.
Ran 1005 iterations. Measured 1000 iterations.
--- [WARNING] App 8 ended with return code -9 ---
--- [INFO] Run 1 completata in 15.8238 secondi ---

Logging data...
Dati per App 0 salvati in: ./data/cresco8/2025-12-16_09-15-26-504785/data_app_0.csv
Dati per App 1 salvati in: ./data/cresco8/2025-12-16_09-15-26-504785/data_app_1.csv
Dati per App 2 salvati in: ./data/cresco8/2025-12-16_09-15-26-504785/data_app_2.csv
Dati per App 3 salvati in: ./data/cresco8/2025-12-16_09-15-26-504785/data_app_3.csv
Dati per App 4 salvati in: ./data/cresco8/2025-12-16_09-15-26-504785/data_app_4.csv
Dati per App 5 salvati in: ./data/cresco8/2025-12-16_09-15-26-504785/data_app_5.csv
Dati per App 6 salvati in: ./data/cresco8/2025-12-16_09-15-26-504785/data_app_6.csv
Dati per App 7 salvati in: ./data/cresco8/2025-12-16_09-15-26-504785/data_app_7.csv
--- [WORKER] Engine run finished. ---
